<?xml version="1.0" encoding="utf-8" standalone="no"?>
<test-results xmlns:xsi="http://www.w3.org/2001/XMLSchema-instance" xsi:noNamespaceSchemaLocation="nunit_schema_2.5.xsd" name="Pester" total="34" errors="0" failures="4" not-run="0" inconclusive="0" ignored="0" skipped="0" invalid="0" date="2025-07-09" time="05:53:30">
  <environment platform="Linux" machine-name="codespaces-6c6eb1" clr-version="9.0.4" nunit-version="2.5.8.0" os-version="6.8.0-1027-azure" user="codespace" user-domain="" cwd="/workspaces/AitherZero" />
  <culture-info current-culture="" current-uiculture="" />
  <test-suite type="TestFixture" name="Pester" executed="True" result="Failure" success="False" time="2.9491" asserts="0" description="Pester">
    <results>
      <test-suite type="TestFixture" name="/workspaces/AitherZero/aither-core/modules/Logging/tests/Logging.Tests.ps1" executed="True" result="Failure" success="False" time="2.9491" asserts="0" description="/workspaces/AitherZero/aither-core/modules/Logging/tests/Logging.Tests.ps1">
        <results>
          <test-suite type="TestFixture" name="Logging Module v2.1.0 - Core Functionality" executed="True" result="Failure" success="False" time="1.9884" asserts="0" description="Logging Module v2.1.0 - Core Functionality">
            <results>
              <test-suite type="TestFixture" name="Logging Module v2.1.0 - Core Functionality.Module Import and Structure" executed="True" result="Success" success="True" time="0.1717" asserts="0" description="Logging Module v2.1.0 - Core Functionality.Module Import and Structure">
                <results>
                  <test-case description="Should export all required functions" name="Logging Module v2.1.0 - Core Functionality.Module Import and Structure.Should export all required functions" time="0.1149" asserts="0" success="True" result="Success" executed="True" />
                  <test-case description="Should have correct module version" name="Logging Module v2.1.0 - Core Functionality.Module Import and Structure.Should have correct module version" time="0.0247" asserts="0" success="True" result="Success" executed="True" />
                  <test-case description="Should require PowerShell 7.0 or higher" name="Logging Module v2.1.0 - Core Functionality.Module Import and Structure.Should require PowerShell 7.0 or higher" time="0.0063" asserts="0" success="True" result="Success" executed="True" />
                </results>
              </test-suite>
              <test-suite type="TestFixture" name="Logging Module v2.1.0 - Core Functionality.Basic Logging Operations" executed="True" result="Success" success="True" time="0.2823" asserts="0" description="Logging Module v2.1.0 - Core Functionality.Basic Logging Operations">
                <results>
                  <test-case description="Should write log messages without errors" name="Logging Module v2.1.0 - Core Functionality.Basic Logging Operations.Should write log messages without errors" time="0.041" asserts="0" success="True" result="Success" executed="True" />
                  <test-case description="Should handle all log levels" name="Logging Module v2.1.0 - Core Functionality.Basic Logging Operations.Should handle all log levels" time="0.022" asserts="0" success="True" result="Success" executed="True" />
                  <test-case description="Should write to both console and file by default" name="Logging Module v2.1.0 - Core Functionality.Basic Logging Operations.Should write to both console and file by default" time="0.0193" asserts="0" success="True" result="Success" executed="True" />
                  <test-case description="Should include context information" name="Logging Module v2.1.0 - Core Functionality.Basic Logging Operations.Should include context information" time="0.0123" asserts="0" success="True" result="Success" executed="True" />
                  <test-case description="Should handle NoConsole and NoFile switches" name="Logging Module v2.1.0 - Core Functionality.Basic Logging Operations.Should handle NoConsole and NoFile switches" time="0.0094" asserts="0" success="True" result="Success" executed="True" />
                </results>
              </test-suite>
              <test-suite type="TestFixture" name="Logging Module v2.1.0 - Core Functionality.Exception Handling (Enhanced in v2.1.0)" executed="True" result="Success" success="True" time="0.3536" asserts="0" description="Logging Module v2.1.0 - Core Functionality.Exception Handling (Enhanced in v2.1.0)">
                <results>
                  <test-case description="Should log exceptions with enhanced details" name="Logging Module v2.1.0 - Core Functionality.Exception Handling (Enhanced in v2.1.0).Should log exceptions with enhanced details" time="0.0321" asserts="0" success="True" result="Success" executed="True" />
                  <test-case description="Should handle nested exception chains" name="Logging Module v2.1.0 - Core Functionality.Exception Handling (Enhanced in v2.1.0).Should handle nested exception chains" time="0.0333" asserts="0" success="True" result="Success" executed="True" />
                </results>
              </test-suite>
              <test-suite type="TestFixture" name="Logging Module v2.1.0 - Core Functionality.Performance Tracing" executed="True" result="Success" success="True" time="0.5348" asserts="0" description="Logging Module v2.1.0 - Core Functionality.Performance Tracing">
                <results>
                  <test-case description="Should track performance when enabled" name="Logging Module v2.1.0 - Core Functionality.Performance Tracing.Should track performance when enabled" time="0.0983" asserts="0" success="True" result="Success" executed="True" />
                  <test-case description="Should handle multiple concurrent traces" name="Logging Module v2.1.0 - Core Functionality.Performance Tracing.Should handle multiple concurrent traces" time="0.0418" asserts="0" success="True" result="Success" executed="True" />
                  <test-case description="Should include context in performance traces" name="Logging Module v2.1.0 - Core Functionality.Performance Tracing.Should include context in performance traces" time="0.0353" asserts="0" success="True" result="Success" executed="True" />
                </results>
              </test-suite>
              <test-suite type="TestFixture" name="Logging Module v2.1.0 - Core Functionality.Bulk Logging (NEW in v2.1.0)" executed="True" result="Failure" success="False" time="0.6228" asserts="0" description="Logging Module v2.1.0 - Core Functionality.Bulk Logging (NEW in v2.1.0)">
                <results>
                  <test-case description="Should process bulk log entries" name="Logging Module v2.1.0 - Core Functionality.Bulk Logging (NEW in v2.1.0).Should process bulk log entries" time="0.0232" asserts="0" success="True" result="Success" executed="True" />
                  <test-case description="Should handle default level and context" name="Logging Module v2.1.0 - Core Functionality.Bulk Logging (NEW in v2.1.0).Should handle default level and context" time="0.0046" asserts="0" success="True" result="Success" executed="True" />
                  <test-case description="Should support parallel processing for large batches" name="Logging Module v2.1.0 - Core Functionality.Bulk Logging (NEW in v2.1.0).Should support parallel processing for large batches" time="0.0545" asserts="0" success="False" result="Failure" executed="True">
                    <failure>
                      <message>Expected no exception to be thrown, but an exception "Cannot bind argument to parameter 'Path' because it is null." was thrown from /workspaces/AitherZero/aither-core/modules/Logging/tests/Logging.Tests.ps1:211 char:15
    +             { Write-BulkLog -LogEntries $entries -Parallel } | Should …
    +               ~~~~~~~~~~~~~~~~~~~~~~~~~~~~~~~~~~~~~~~~~~~~.</message>
                      <stack-trace>at { Write-BulkLog -LogEntries $entries -Parallel } | Should -Not -Throw, /workspaces/AitherZero/aither-core/modules/Logging/tests/Logging.Tests.ps1:211
at &lt;ScriptBlock&gt;, /workspaces/AitherZero/aither-core/modules/Logging/tests/Logging.Tests.ps1:211</stack-trace>
                    </failure>
                  </test-case>
                </results>
              </test-suite>
              <test-suite type="TestFixture" name="Logging Module v2.1.0 - Core Functionality.Performance Testing (NEW in v2.1.0)" executed="True" result="Success" success="True" time="1.0951" asserts="0" description="Logging Module v2.1.0 - Core Functionality.Performance Testing (NEW in v2.1.0)">
                <results>
                  <test-case description="Should run performance tests and return metrics" name="Logging Module v2.1.0 - Core Functionality.Performance Testing (NEW in v2.1.0).Should run performance tests and return metrics" time="0.2945" asserts="0" success="True" result="Success" executed="True" />
                  <test-case description="Should test console-only performance" name="Logging Module v2.1.0 - Core Functionality.Performance Testing (NEW in v2.1.0).Should test console-only performance" time="0.085" asserts="0" success="True" result="Success" executed="True" />
                  <test-case description="Should include configuration in metrics" name="Logging Module v2.1.0 - Core Functionality.Performance Testing (NEW in v2.1.0).Should include configuration in metrics" time="0.0868" asserts="0" success="True" result="Success" executed="True" />
                </results>
              </test-suite>
              <test-suite type="TestFixture" name="Logging Module v2.1.0 - Core Functionality.Configuration Management" executed="True" result="Success" success="True" time="1.1497" asserts="0" description="Logging Module v2.1.0 - Core Functionality.Configuration Management">
                <results>
                  <test-case description="Should get current configuration" name="Logging Module v2.1.0 - Core Functionality.Configuration Management.Should get current configuration" time="0.0074" asserts="0" success="True" result="Success" executed="True" />
                  <test-case description="Should update configuration" name="Logging Module v2.1.0 - Core Functionality.Configuration Management.Should update configuration" time="0.0123" asserts="0" success="True" result="Success" executed="True" />
                  <test-case description="Should enable and disable performance tracking" name="Logging Module v2.1.0 - Core Functionality.Configuration Management.Should enable and disable performance tracking" time="0.0142" asserts="0" success="True" result="Success" executed="True" />
                  <test-case description="Should enable and disable trace logging" name="Logging Module v2.1.0 - Core Functionality.Configuration Management.Should enable and disable trace logging" time="0.0145" asserts="0" success="True" result="Success" executed="True" />
                </results>
              </test-suite>
              <test-suite type="TestFixture" name="Logging Module v2.1.0 - Core Functionality.Environment Variable Support (Enhanced in v2.1.0)" executed="True" result="Failure" success="False" time="1.251" asserts="0" description="Logging Module v2.1.0 - Core Functionality.Environment Variable Support (Enhanced in v2.1.0)">
                <results>
                  <test-case description="Should prioritize AITHER_* over LAB_* environment variables" name="Logging Module v2.1.0 - Core Functionality.Environment Variable Support (Enhanced in v2.1.0).Should prioritize AITHER_* over LAB_* environment variables" time="0.054" asserts="0" success="False" result="Failure" executed="True">
                    <failure>
                      <message>Expected strings to be the same, but they were different.
Expected length: 5
Actual length:   4
Strings differ at index 0.
Expected: 'DEBUG'
But was:  'INFO'
           ^</message>
                      <stack-trace>at $config.LogLevel | Should -Be "DEBUG", /workspaces/AitherZero/aither-core/modules/Logging/tests/Logging.Tests.ps1:294
at &lt;ScriptBlock&gt;, /workspaces/AitherZero/aither-core/modules/Logging/tests/Logging.Tests.ps1:294</stack-trace>
                    </failure>
                  </test-case>
                  <test-case description="Should fall back to LAB_* when AITHER_* not set" name="Logging Module v2.1.0 - Core Functionality.Environment Variable Support (Enhanced in v2.1.0).Should fall back to LAB_* when AITHER_* not set" time="0.0193" asserts="0" success="False" result="Failure" executed="True">
                    <failure>
                      <message>Expected strings to be the same, but they were different.
String lengths are both 4.
Strings differ at index 0.
Expected: 'WARN'
But was:  'INFO'
           ^</message>
                      <stack-trace>at $config.LogLevel | Should -Be "WARN", /workspaces/AitherZero/aither-core/modules/Logging/tests/Logging.Tests.ps1:302
at &lt;ScriptBlock&gt;, /workspaces/AitherZero/aither-core/modules/Logging/tests/Logging.Tests.ps1:302</stack-trace>
                    </failure>
                  </test-case>
                  <test-case description="Should default performance tracking to enabled" name="Logging Module v2.1.0 - Core Functionality.Environment Variable Support (Enhanced in v2.1.0).Should default performance tracking to enabled" time="0.0218" asserts="0" success="False" result="Failure" executed="True">
                    <failure>
                      <message>Expected $true, but got $false.</message>
                      <stack-trace>at $config.EnablePerformance | Should -Be $true, /workspaces/AitherZero/aither-core/modules/Logging/tests/Logging.Tests.ps1:308
at &lt;ScriptBlock&gt;, /workspaces/AitherZero/aither-core/modules/Logging/tests/Logging.Tests.ps1:308</stack-trace>
                    </failure>
                  </test-case>
                </results>
              </test-suite>
              <test-suite type="TestFixture" name="Logging Module v2.1.0 - Core Functionality.Trace and Debug Logging" executed="True" result="Success" success="True" time="1.2826" asserts="0" description="Logging Module v2.1.0 - Core Functionality.Trace and Debug Logging">
                <results>
                  <test-case description="Should write trace logs when enabled" name="Logging Module v2.1.0 - Core Functionality.Trace and Debug Logging.Should write trace logs when enabled" time="0.0175" asserts="0" success="True" result="Success" executed="True" />
                  <test-case description="Should write debug context information" name="Logging Module v2.1.0 - Core Functionality.Trace and Debug Logging.Should write debug context information" time="0.0081" asserts="0" success="True" result="Success" executed="True" />
                </results>
              </test-suite>
              <test-suite type="TestFixture" name="Logging Module v2.1.0 - Core Functionality.Thread Safety" executed="True" result="Success" success="True" time="1.9306" asserts="0" description="Logging Module v2.1.0 - Core Functionality.Thread Safety">
                <results>
                  <test-case description="Should handle concurrent logging operations" name="Logging Module v2.1.0 - Core Functionality.Thread Safety.Should handle concurrent logging operations" time="0.6394" asserts="0" success="True" result="Success" executed="True" />
                </results>
              </test-suite>
              <test-suite type="TestFixture" name="Logging Module v2.1.0 - Core Functionality.Log Rotation" executed="True" result="Success" success="True" time="1.9474" asserts="0" description="Logging Module v2.1.0 - Core Functionality.Log Rotation">
                <results>
                  <test-case description="Should handle log file rotation when size limit exceeded" name="Logging Module v2.1.0 - Core Functionality.Log Rotation.Should handle log file rotation when size limit exceeded" time="0.0089" asserts="0" success="True" result="Success" executed="True" />
                </results>
              </test-suite>
              <test-suite type="TestFixture" name="Logging Module v2.1.0 - Core Functionality.Cross-Platform Compatibility" executed="True" result="Success" success="True" time="1.9724" asserts="0" description="Logging Module v2.1.0 - Core Functionality.Cross-Platform Compatibility">
                <results>
                  <test-case description="Should work on current platform" name="Logging Module v2.1.0 - Core Functionality.Cross-Platform Compatibility.Should work on current platform" time="0.0176" asserts="0" success="True" result="Success" executed="True" />
                </results>
              </test-suite>
            </results>
          </test-suite>
          <test-suite type="TestFixture" name="Logging Module v2.1.0 - Integration Tests" executed="True" result="Success" success="True" time="2.5727" asserts="0" description="Logging Module v2.1.0 - Integration Tests">
            <results>
              <test-suite type="TestFixture" name="Logging Module v2.1.0 - Integration Tests.Module Integration" executed="True" result="Success" success="True" time="0.0271" asserts="0" description="Logging Module v2.1.0 - Integration Tests.Module Integration">
                <results>
                  <test-case description="Should integrate with Import-ProjectModule" name="Logging Module v2.1.0 - Integration Tests.Module Integration.Should integrate with Import-ProjectModule" time="0.0201" asserts="0" success="True" result="Success" executed="True" />
                </results>
              </test-suite>
              <test-suite type="TestFixture" name="Logging Module v2.1.0 - Integration Tests.Real-world Usage Scenarios" executed="True" result="Success" success="True" time="0.5777" asserts="0" description="Logging Module v2.1.0 - Integration Tests.Real-world Usage Scenarios">
                <results>
                  <test-case description="Should handle high-volume logging scenario" name="Logging Module v2.1.0 - Integration Tests.Real-world Usage Scenarios.Should handle high-volume logging scenario" time="0.4639" asserts="0" success="True" result="Success" executed="True" />
                  <test-case description="Should handle mixed log levels and contexts" name="Logging Module v2.1.0 - Integration Tests.Real-world Usage Scenarios.Should handle mixed log levels and contexts" time="0.0807" asserts="0" success="True" result="Success" executed="True" />
                </results>
              </test-suite>
            </results>
          </test-suite>
        </results>
      </test-suite>
    </results>
  </test-suite>
</test-results>