<?xml version="1.0" encoding="utf-8" standalone="no"?>
<test-results xmlns:xsi="http://www.w3.org/2001/XMLSchema-instance" xsi:noNamespaceSchemaLocation="nunit_schema_2.5.xsd" name="Aitherium Infrastructure Automation - Enhanced" total="214" errors="0" failures="123" not-run="760" inconclusive="0" ignored="0" skipped="3" invalid="0" date="2025-06-26" time="09:54:16">
  <environment platform="Microsoft Windows 11 Pro|C:\WINDOWS|\Device\Harddisk1\Partition3" nunit-version="2.5.8.0" machine-name="WZNS" user-domain="WZNS" clr-version="9.0.4" cwd="C:\Users\alexa\OneDrive\Documents\0. wizzense\AitherZero" user="alexa" os-version="10.0.26100" />
  <culture-info current-culture="en-US" current-uiculture="en-US" />
  <test-suite type="TestFixture" name="Aitherium Infrastructure Automation - Enhanced" executed="True" result="Failure" success="False" time="71.5867" asserts="0" description="Pester">
    <results>
      <test-suite type="TestFixture" name="C:\Users\alexa\OneDrive\Documents\0. wizzense\AitherZero\tests\unit\modules\CoreApp\BulletproofCoreRunner.Tests.ps1" executed="True" result="Failure" success="False" time="23.2188" asserts="0" description="C:\Users\alexa\OneDrive\Documents\0. wizzense\AitherZero\tests\unit\modules\CoreApp\BulletproofCoreRunner.Tests.ps1">
        <results>
          <test-suite type="TestFixture" name="Core Runner Bulletproof Tests" executed="True" result="Failure" success="False" time="22.5254" asserts="0" description="Core Runner Bulletproof Tests">
            <results>
              <test-suite type="TestFixture" name="Core Runner Bulletproof Tests.Script Structure and Syntax Validation" executed="True" result="Success" success="True" time="0.1996" asserts="0" description="Core Runner Bulletproof Tests.Script Structure and Syntax Validation">
                <results>
                  <test-case description="Should have valid PowerShell syntax" name="Core Runner Bulletproof Tests.Script Structure and Syntax Validation.Should have valid PowerShell syntax" time="0.0805" asserts="0" success="True" result="Success" executed="True" />
                  <test-case description="Should require PowerShell 7.0+" name="Core Runner Bulletproof Tests.Script Structure and Syntax Validation.Should require PowerShell 7.0+" time="0.0229" asserts="0" success="True" result="Success" executed="True" />
                  <test-case description="Should have CmdletBinding with SupportsShouldProcess" name="Core Runner Bulletproof Tests.Script Structure and Syntax Validation.Should have CmdletBinding with SupportsShouldProcess" time="0.0129" asserts="0" success="True" result="Success" executed="True" />
                  <test-case description="Should have comprehensive parameter definitions" name="Core Runner Bulletproof Tests.Script Structure and Syntax Validation.Should have comprehensive parameter definitions" time="0.0224" asserts="0" success="True" result="Success" executed="True" />
                  <test-case description="Should have proper help documentation" name="Core Runner Bulletproof Tests.Script Structure and Syntax Validation.Should have proper help documentation" time="0.0175" asserts="0" success="True" result="Success" executed="True" />
                </results>
              </test-suite>
              <test-suite type="TestFixture" name="Core Runner Bulletproof Tests.Non-Interactive Mode Bulletproofing" executed="True" result="Failure" success="False" time="10.5271" asserts="0" description="Core Runner Bulletproof Tests.Non-Interactive Mode Bulletproofing">
                <results>
                  <test-case description="Should exit with code 0 when no scripts specified in non-interactive mode" name="Core Runner Bulletproof Tests.Non-Interactive Mode Bulletproofing.Should exit with code 0 when no scripts specified in non-interactive mode" time="1.0929" asserts="0" success="False" result="Failure" executed="True">
                    <failure>
                      <message>Expected $true, but got $false.</message>
                      <stack-trace>at $result.Success | Should -Be $true, C:\Users\alexa\OneDrive\Documents\0. wizzense\AitherZero\tests\unit\modules\CoreApp\BulletproofCoreRunner.Tests.ps1:180
at Invoke-Assertion, C:\Users\alexa\OneDrive\Documents\PowerShell\Modules\Pester\5.7.1\Pester.psm1:8250
at Should&lt;End&gt;, C:\Users\alexa\OneDrive\Documents\PowerShell\Modules\Pester\5.7.1\Pester.psm1:8189
at &lt;ScriptBlock&gt;, C:\Users\alexa\OneDrive\Documents\0. wizzense\AitherZero\tests\unit\modules\CoreApp\BulletproofCoreRunner.Tests.ps1:180
at &lt;ScriptBlock&gt;, C:\Users\alexa\OneDrive\Documents\PowerShell\Modules\Pester\5.7.1\Pester.psm1:2024
at &lt;ScriptBlock&gt;, C:\Users\alexa\OneDrive\Documents\PowerShell\Modules\Pester\5.7.1\Pester.psm1:1985
at Invoke-ScriptBlock, C:\Users\alexa\OneDrive\Documents\PowerShell\Modules\Pester\5.7.1\Pester.psm1:2157
at Invoke-TestItem, C:\Users\alexa\OneDrive\Documents\PowerShell\Modules\Pester\5.7.1\Pester.psm1:1199
at Invoke-Block, C:\Users\alexa\OneDrive\Documents\PowerShell\Modules\Pester\5.7.1\Pester.psm1:835
at &lt;ScriptBlock&gt;, C:\Users\alexa\OneDrive\Documents\PowerShell\Modules\Pester\5.7.1\Pester.psm1:893
at &lt;ScriptBlock&gt;, C:\Users\alexa\OneDrive\Documents\PowerShell\Modules\Pester\5.7.1\Pester.psm1:2024
at &lt;ScriptBlock&gt;, C:\Users\alexa\OneDrive\Documents\PowerShell\Modules\Pester\5.7.1\Pester.psm1:1985
at Invoke-ScriptBlock, C:\Users\alexa\OneDrive\Documents\PowerShell\Modules\Pester\5.7.1\Pester.psm1:2160
at Invoke-Block, C:\Users\alexa\OneDrive\Documents\PowerShell\Modules\Pester\5.7.1\Pester.psm1:940
at &lt;ScriptBlock&gt;, C:\Users\alexa\OneDrive\Documents\PowerShell\Modules\Pester\5.7.1\Pester.psm1:893
at &lt;ScriptBlock&gt;, C:\Users\alexa\OneDrive\Documents\PowerShell\Modules\Pester\5.7.1\Pester.psm1:2024
at &lt;ScriptBlock&gt;, C:\Users\alexa\OneDrive\Documents\PowerShell\Modules\Pester\5.7.1\Pester.psm1:1985
at Invoke-ScriptBlock, C:\Users\alexa\OneDrive\Documents\PowerShell\Modules\Pester\5.7.1\Pester.psm1:2160
at Invoke-Block, C:\Users\alexa\OneDrive\Documents\PowerShell\Modules\Pester\5.7.1\Pester.psm1:940
at &lt;ScriptBlock&gt;, C:\Users\alexa\OneDrive\Documents\PowerShell\Modules\Pester\5.7.1\Pester.psm1:893
at &lt;ScriptBlock&gt;, C:\Users\alexa\OneDrive\Documents\PowerShell\Modules\Pester\5.7.1\Pester.psm1:2024
at &lt;ScriptBlock&gt;, C:\Users\alexa\OneDrive\Documents\PowerShell\Modules\Pester\5.7.1\Pester.psm1:1985
at Invoke-ScriptBlock, C:\Users\alexa\OneDrive\Documents\PowerShell\Modules\Pester\5.7.1\Pester.psm1:2160
at Invoke-Block, C:\Users\alexa\OneDrive\Documents\PowerShell\Modules\Pester\5.7.1\Pester.psm1:940
at &lt;ScriptBlock&gt;, C:\Users\alexa\OneDrive\Documents\PowerShell\Modules\Pester\5.7.1\Pester.psm1:1688
at &lt;ScriptBlock&gt;, C:\Users\alexa\OneDrive\Documents\PowerShell\Modules\Pester\5.7.1\Pester.ps1:3
at &lt;ScriptBlock&gt;, C:\Users\alexa\OneDrive\Documents\PowerShell\Modules\Pester\5.7.1\Pester.psm1:3260
at Invoke-InNewScriptScope, C:\Users\alexa\OneDrive\Documents\PowerShell\Modules\Pester\5.7.1\Pester.psm1:3267
at Run-Test, C:\Users\alexa\OneDrive\Documents\PowerShell\Modules\Pester\5.7.1\Pester.psm1:1691
at Invoke-Test, C:\Users\alexa\OneDrive\Documents\PowerShell\Modules\Pester\5.7.1\Pester.psm1:2512
at Invoke-Pester&lt;End&gt;, C:\Users\alexa\OneDrive\Documents\PowerShell\Modules\Pester\5.7.1\Pester.psm1:4960
at &lt;ScriptBlock&gt;, &lt;No file&gt;:1</stack-trace>
                    </failure>
                  </test-case>
                  <test-case description="Should handle Auto mode correctly in non-interactive mode" name="Core Runner Bulletproof Tests.Non-Interactive Mode Bulletproofing.Should handle Auto mode correctly in non-interactive mode" time="1.0368" asserts="0" success="False" result="Failure" executed="True">
                    <failure>
                      <message>Expected $true, but got $false.</message>
                      <stack-trace>at $result.Success | Should -Be $true, C:\Users\alexa\OneDrive\Documents\0. wizzense\AitherZero\tests\unit\modules\CoreApp\BulletproofCoreRunner.Tests.ps1:191
at Invoke-Assertion, C:\Users\alexa\OneDrive\Documents\PowerShell\Modules\Pester\5.7.1\Pester.psm1:8250
at Should&lt;End&gt;, C:\Users\alexa\OneDrive\Documents\PowerShell\Modules\Pester\5.7.1\Pester.psm1:8189
at &lt;ScriptBlock&gt;, C:\Users\alexa\OneDrive\Documents\0. wizzense\AitherZero\tests\unit\modules\CoreApp\BulletproofCoreRunner.Tests.ps1:191
at &lt;ScriptBlock&gt;, C:\Users\alexa\OneDrive\Documents\PowerShell\Modules\Pester\5.7.1\Pester.psm1:2024
at &lt;ScriptBlock&gt;, C:\Users\alexa\OneDrive\Documents\PowerShell\Modules\Pester\5.7.1\Pester.psm1:1985
at Invoke-ScriptBlock, C:\Users\alexa\OneDrive\Documents\PowerShell\Modules\Pester\5.7.1\Pester.psm1:2157
at Invoke-TestItem, C:\Users\alexa\OneDrive\Documents\PowerShell\Modules\Pester\5.7.1\Pester.psm1:1199
at Invoke-Block, C:\Users\alexa\OneDrive\Documents\PowerShell\Modules\Pester\5.7.1\Pester.psm1:835
at &lt;ScriptBlock&gt;, C:\Users\alexa\OneDrive\Documents\PowerShell\Modules\Pester\5.7.1\Pester.psm1:893
at &lt;ScriptBlock&gt;, C:\Users\alexa\OneDrive\Documents\PowerShell\Modules\Pester\5.7.1\Pester.psm1:2024
at &lt;ScriptBlock&gt;, C:\Users\alexa\OneDrive\Documents\PowerShell\Modules\Pester\5.7.1\Pester.psm1:1985
at Invoke-ScriptBlock, C:\Users\alexa\OneDrive\Documents\PowerShell\Modules\Pester\5.7.1\Pester.psm1:2160
at Invoke-Block, C:\Users\alexa\OneDrive\Documents\PowerShell\Modules\Pester\5.7.1\Pester.psm1:940
at &lt;ScriptBlock&gt;, C:\Users\alexa\OneDrive\Documents\PowerShell\Modules\Pester\5.7.1\Pester.psm1:893
at &lt;ScriptBlock&gt;, C:\Users\alexa\OneDrive\Documents\PowerShell\Modules\Pester\5.7.1\Pester.psm1:2024
at &lt;ScriptBlock&gt;, C:\Users\alexa\OneDrive\Documents\PowerShell\Modules\Pester\5.7.1\Pester.psm1:1985
at Invoke-ScriptBlock, C:\Users\alexa\OneDrive\Documents\PowerShell\Modules\Pester\5.7.1\Pester.psm1:2160
at Invoke-Block, C:\Users\alexa\OneDrive\Documents\PowerShell\Modules\Pester\5.7.1\Pester.psm1:940
at &lt;ScriptBlock&gt;, C:\Users\alexa\OneDrive\Documents\PowerShell\Modules\Pester\5.7.1\Pester.psm1:893
at &lt;ScriptBlock&gt;, C:\Users\alexa\OneDrive\Documents\PowerShell\Modules\Pester\5.7.1\Pester.psm1:2024
at &lt;ScriptBlock&gt;, C:\Users\alexa\OneDrive\Documents\PowerShell\Modules\Pester\5.7.1\Pester.psm1:1985
at Invoke-ScriptBlock, C:\Users\alexa\OneDrive\Documents\PowerShell\Modules\Pester\5.7.1\Pester.psm1:2160
at Invoke-Block, C:\Users\alexa\OneDrive\Documents\PowerShell\Modules\Pester\5.7.1\Pester.psm1:940
at &lt;ScriptBlock&gt;, C:\Users\alexa\OneDrive\Documents\PowerShell\Modules\Pester\5.7.1\Pester.psm1:1688
at &lt;ScriptBlock&gt;, C:\Users\alexa\OneDrive\Documents\PowerShell\Modules\Pester\5.7.1\Pester.ps1:3
at &lt;ScriptBlock&gt;, C:\Users\alexa\OneDrive\Documents\PowerShell\Modules\Pester\5.7.1\Pester.psm1:3260
at Invoke-InNewScriptScope, C:\Users\alexa\OneDrive\Documents\PowerShell\Modules\Pester\5.7.1\Pester.psm1:3267
at Run-Test, C:\Users\alexa\OneDrive\Documents\PowerShell\Modules\Pester\5.7.1\Pester.psm1:1691
at Invoke-Test, C:\Users\alexa\OneDrive\Documents\PowerShell\Modules\Pester\5.7.1\Pester.psm1:2512
at Invoke-Pester&lt;End&gt;, C:\Users\alexa\OneDrive\Documents\PowerShell\Modules\Pester\5.7.1\Pester.psm1:4960
at &lt;ScriptBlock&gt;, &lt;No file&gt;:1</stack-trace>
                    </failure>
                  </test-case>
                  <test-case description="Should handle specific script execution in non-interactive mode" name="Core Runner Bulletproof Tests.Non-Interactive Mode Bulletproofing.Should handle specific script execution in non-interactive mode" time="1.0314" asserts="0" success="False" result="Failure" executed="True">
                    <failure>
                      <message>Expected $true, but got $false.</message>
                      <stack-trace>at $result.Success | Should -Be $true, C:\Users\alexa\OneDrive\Documents\0. wizzense\AitherZero\tests\unit\modules\CoreApp\BulletproofCoreRunner.Tests.ps1:202
at Invoke-Assertion, C:\Users\alexa\OneDrive\Documents\PowerShell\Modules\Pester\5.7.1\Pester.psm1:8250
at Should&lt;End&gt;, C:\Users\alexa\OneDrive\Documents\PowerShell\Modules\Pester\5.7.1\Pester.psm1:8189
at &lt;ScriptBlock&gt;, C:\Users\alexa\OneDrive\Documents\0. wizzense\AitherZero\tests\unit\modules\CoreApp\BulletproofCoreRunner.Tests.ps1:202
at &lt;ScriptBlock&gt;, C:\Users\alexa\OneDrive\Documents\PowerShell\Modules\Pester\5.7.1\Pester.psm1:2024
at &lt;ScriptBlock&gt;, C:\Users\alexa\OneDrive\Documents\PowerShell\Modules\Pester\5.7.1\Pester.psm1:1985
at Invoke-ScriptBlock, C:\Users\alexa\OneDrive\Documents\PowerShell\Modules\Pester\5.7.1\Pester.psm1:2157
at Invoke-TestItem, C:\Users\alexa\OneDrive\Documents\PowerShell\Modules\Pester\5.7.1\Pester.psm1:1199
at Invoke-Block, C:\Users\alexa\OneDrive\Documents\PowerShell\Modules\Pester\5.7.1\Pester.psm1:835
at &lt;ScriptBlock&gt;, C:\Users\alexa\OneDrive\Documents\PowerShell\Modules\Pester\5.7.1\Pester.psm1:893
at &lt;ScriptBlock&gt;, C:\Users\alexa\OneDrive\Documents\PowerShell\Modules\Pester\5.7.1\Pester.psm1:2024
at &lt;ScriptBlock&gt;, C:\Users\alexa\OneDrive\Documents\PowerShell\Modules\Pester\5.7.1\Pester.psm1:1985
at Invoke-ScriptBlock, C:\Users\alexa\OneDrive\Documents\PowerShell\Modules\Pester\5.7.1\Pester.psm1:2160
at Invoke-Block, C:\Users\alexa\OneDrive\Documents\PowerShell\Modules\Pester\5.7.1\Pester.psm1:940
at &lt;ScriptBlock&gt;, C:\Users\alexa\OneDrive\Documents\PowerShell\Modules\Pester\5.7.1\Pester.psm1:893
at &lt;ScriptBlock&gt;, C:\Users\alexa\OneDrive\Documents\PowerShell\Modules\Pester\5.7.1\Pester.psm1:2024
at &lt;ScriptBlock&gt;, C:\Users\alexa\OneDrive\Documents\PowerShell\Modules\Pester\5.7.1\Pester.psm1:1985
at Invoke-ScriptBlock, C:\Users\alexa\OneDrive\Documents\PowerShell\Modules\Pester\5.7.1\Pester.psm1:2160
at Invoke-Block, C:\Users\alexa\OneDrive\Documents\PowerShell\Modules\Pester\5.7.1\Pester.psm1:940
at &lt;ScriptBlock&gt;, C:\Users\alexa\OneDrive\Documents\PowerShell\Modules\Pester\5.7.1\Pester.psm1:893
at &lt;ScriptBlock&gt;, C:\Users\alexa\OneDrive\Documents\PowerShell\Modules\Pester\5.7.1\Pester.psm1:2024
at &lt;ScriptBlock&gt;, C:\Users\alexa\OneDrive\Documents\PowerShell\Modules\Pester\5.7.1\Pester.psm1:1985
at Invoke-ScriptBlock, C:\Users\alexa\OneDrive\Documents\PowerShell\Modules\Pester\5.7.1\Pester.psm1:2160
at Invoke-Block, C:\Users\alexa\OneDrive\Documents\PowerShell\Modules\Pester\5.7.1\Pester.psm1:940
at &lt;ScriptBlock&gt;, C:\Users\alexa\OneDrive\Documents\PowerShell\Modules\Pester\5.7.1\Pester.psm1:1688
at &lt;ScriptBlock&gt;, C:\Users\alexa\OneDrive\Documents\PowerShell\Modules\Pester\5.7.1\Pester.ps1:3
at &lt;ScriptBlock&gt;, C:\Users\alexa\OneDrive\Documents\PowerShell\Modules\Pester\5.7.1\Pester.psm1:3260
at Invoke-InNewScriptScope, C:\Users\alexa\OneDrive\Documents\PowerShell\Modules\Pester\5.7.1\Pester.psm1:3267
at Run-Test, C:\Users\alexa\OneDrive\Documents\PowerShell\Modules\Pester\5.7.1\Pester.psm1:1691
at Invoke-Test, C:\Users\alexa\OneDrive\Documents\PowerShell\Modules\Pester\5.7.1\Pester.psm1:2512
at Invoke-Pester&lt;End&gt;, C:\Users\alexa\OneDrive\Documents\PowerShell\Modules\Pester\5.7.1\Pester.psm1:4960
at &lt;ScriptBlock&gt;, &lt;No file&gt;:1</stack-trace>
                    </failure>
                  </test-case>
                  <test-case description="Should handle missing scripts gracefully in non-interactive mode" name="Core Runner Bulletproof Tests.Non-Interactive Mode Bulletproofing.Should handle missing scripts gracefully in non-interactive mode" time="1.0223" asserts="0" success="False" result="Failure" executed="True">
                    <failure>
                      <message>Expected $true, but got $false.</message>
                      <stack-trace>at $result.Success | Should -Be $true, C:\Users\alexa\OneDrive\Documents\0. wizzense\AitherZero\tests\unit\modules\CoreApp\BulletproofCoreRunner.Tests.ps1:213
at Invoke-Assertion, C:\Users\alexa\OneDrive\Documents\PowerShell\Modules\Pester\5.7.1\Pester.psm1:8250
at Should&lt;End&gt;, C:\Users\alexa\OneDrive\Documents\PowerShell\Modules\Pester\5.7.1\Pester.psm1:8189
at &lt;ScriptBlock&gt;, C:\Users\alexa\OneDrive\Documents\0. wizzense\AitherZero\tests\unit\modules\CoreApp\BulletproofCoreRunner.Tests.ps1:213
at &lt;ScriptBlock&gt;, C:\Users\alexa\OneDrive\Documents\PowerShell\Modules\Pester\5.7.1\Pester.psm1:2024
at &lt;ScriptBlock&gt;, C:\Users\alexa\OneDrive\Documents\PowerShell\Modules\Pester\5.7.1\Pester.psm1:1985
at Invoke-ScriptBlock, C:\Users\alexa\OneDrive\Documents\PowerShell\Modules\Pester\5.7.1\Pester.psm1:2157
at Invoke-TestItem, C:\Users\alexa\OneDrive\Documents\PowerShell\Modules\Pester\5.7.1\Pester.psm1:1199
at Invoke-Block, C:\Users\alexa\OneDrive\Documents\PowerShell\Modules\Pester\5.7.1\Pester.psm1:835
at &lt;ScriptBlock&gt;, C:\Users\alexa\OneDrive\Documents\PowerShell\Modules\Pester\5.7.1\Pester.psm1:893
at &lt;ScriptBlock&gt;, C:\Users\alexa\OneDrive\Documents\PowerShell\Modules\Pester\5.7.1\Pester.psm1:2024
at &lt;ScriptBlock&gt;, C:\Users\alexa\OneDrive\Documents\PowerShell\Modules\Pester\5.7.1\Pester.psm1:1985
at Invoke-ScriptBlock, C:\Users\alexa\OneDrive\Documents\PowerShell\Modules\Pester\5.7.1\Pester.psm1:2160
at Invoke-Block, C:\Users\alexa\OneDrive\Documents\PowerShell\Modules\Pester\5.7.1\Pester.psm1:940
at &lt;ScriptBlock&gt;, C:\Users\alexa\OneDrive\Documents\PowerShell\Modules\Pester\5.7.1\Pester.psm1:893
at &lt;ScriptBlock&gt;, C:\Users\alexa\OneDrive\Documents\PowerShell\Modules\Pester\5.7.1\Pester.psm1:2024
at &lt;ScriptBlock&gt;, C:\Users\alexa\OneDrive\Documents\PowerShell\Modules\Pester\5.7.1\Pester.psm1:1985
at Invoke-ScriptBlock, C:\Users\alexa\OneDrive\Documents\PowerShell\Modules\Pester\5.7.1\Pester.psm1:2160
at Invoke-Block, C:\Users\alexa\OneDrive\Documents\PowerShell\Modules\Pester\5.7.1\Pester.psm1:940
at &lt;ScriptBlock&gt;, C:\Users\alexa\OneDrive\Documents\PowerShell\Modules\Pester\5.7.1\Pester.psm1:893
at &lt;ScriptBlock&gt;, C:\Users\alexa\OneDrive\Documents\PowerShell\Modules\Pester\5.7.1\Pester.psm1:2024
at &lt;ScriptBlock&gt;, C:\Users\alexa\OneDrive\Documents\PowerShell\Modules\Pester\5.7.1\Pester.psm1:1985
at Invoke-ScriptBlock, C:\Users\alexa\OneDrive\Documents\PowerShell\Modules\Pester\5.7.1\Pester.psm1:2160
at Invoke-Block, C:\Users\alexa\OneDrive\Documents\PowerShell\Modules\Pester\5.7.1\Pester.psm1:940
at &lt;ScriptBlock&gt;, C:\Users\alexa\OneDrive\Documents\PowerShell\Modules\Pester\5.7.1\Pester.psm1:1688
at &lt;ScriptBlock&gt;, C:\Users\alexa\OneDrive\Documents\PowerShell\Modules\Pester\5.7.1\Pester.ps1:3
at &lt;ScriptBlock&gt;, C:\Users\alexa\OneDrive\Documents\PowerShell\Modules\Pester\5.7.1\Pester.psm1:3260
at Invoke-InNewScriptScope, C:\Users\alexa\OneDrive\Documents\PowerShell\Modules\Pester\5.7.1\Pester.psm1:3267
at Run-Test, C:\Users\alexa\OneDrive\Documents\PowerShell\Modules\Pester\5.7.1\Pester.psm1:1691
at Invoke-Test, C:\Users\alexa\OneDrive\Documents\PowerShell\Modules\Pester\5.7.1\Pester.psm1:2512
at Invoke-Pester&lt;End&gt;, C:\Users\alexa\OneDrive\Documents\PowerShell\Modules\Pester\5.7.1\Pester.psm1:4960
at &lt;ScriptBlock&gt;, &lt;No file&gt;:1</stack-trace>
                    </failure>
                  </test-case>
                  <test-case description="Should handle empty script parameter gracefully" name="Core Runner Bulletproof Tests.Non-Interactive Mode Bulletproofing.Should handle empty script parameter gracefully" time="1.0182" asserts="0" success="False" result="Failure" executed="True">
                    <failure>
                      <message>Expected $true, but got $false.</message>
                      <stack-trace>at $result.Success | Should -Be $true, C:\Users\alexa\OneDrive\Documents\0. wizzense\AitherZero\tests\unit\modules\CoreApp\BulletproofCoreRunner.Tests.ps1:223
at Invoke-Assertion, C:\Users\alexa\OneDrive\Documents\PowerShell\Modules\Pester\5.7.1\Pester.psm1:8250
at Should&lt;End&gt;, C:\Users\alexa\OneDrive\Documents\PowerShell\Modules\Pester\5.7.1\Pester.psm1:8189
at &lt;ScriptBlock&gt;, C:\Users\alexa\OneDrive\Documents\0. wizzense\AitherZero\tests\unit\modules\CoreApp\BulletproofCoreRunner.Tests.ps1:223
at &lt;ScriptBlock&gt;, C:\Users\alexa\OneDrive\Documents\PowerShell\Modules\Pester\5.7.1\Pester.psm1:2024
at &lt;ScriptBlock&gt;, C:\Users\alexa\OneDrive\Documents\PowerShell\Modules\Pester\5.7.1\Pester.psm1:1985
at Invoke-ScriptBlock, C:\Users\alexa\OneDrive\Documents\PowerShell\Modules\Pester\5.7.1\Pester.psm1:2157
at Invoke-TestItem, C:\Users\alexa\OneDrive\Documents\PowerShell\Modules\Pester\5.7.1\Pester.psm1:1199
at Invoke-Block, C:\Users\alexa\OneDrive\Documents\PowerShell\Modules\Pester\5.7.1\Pester.psm1:835
at &lt;ScriptBlock&gt;, C:\Users\alexa\OneDrive\Documents\PowerShell\Modules\Pester\5.7.1\Pester.psm1:893
at &lt;ScriptBlock&gt;, C:\Users\alexa\OneDrive\Documents\PowerShell\Modules\Pester\5.7.1\Pester.psm1:2024
at &lt;ScriptBlock&gt;, C:\Users\alexa\OneDrive\Documents\PowerShell\Modules\Pester\5.7.1\Pester.psm1:1985
at Invoke-ScriptBlock, C:\Users\alexa\OneDrive\Documents\PowerShell\Modules\Pester\5.7.1\Pester.psm1:2160
at Invoke-Block, C:\Users\alexa\OneDrive\Documents\PowerShell\Modules\Pester\5.7.1\Pester.psm1:940
at &lt;ScriptBlock&gt;, C:\Users\alexa\OneDrive\Documents\PowerShell\Modules\Pester\5.7.1\Pester.psm1:893
at &lt;ScriptBlock&gt;, C:\Users\alexa\OneDrive\Documents\PowerShell\Modules\Pester\5.7.1\Pester.psm1:2024
at &lt;ScriptBlock&gt;, C:\Users\alexa\OneDrive\Documents\PowerShell\Modules\Pester\5.7.1\Pester.psm1:1985
at Invoke-ScriptBlock, C:\Users\alexa\OneDrive\Documents\PowerShell\Modules\Pester\5.7.1\Pester.psm1:2160
at Invoke-Block, C:\Users\alexa\OneDrive\Documents\PowerShell\Modules\Pester\5.7.1\Pester.psm1:940
at &lt;ScriptBlock&gt;, C:\Users\alexa\OneDrive\Documents\PowerShell\Modules\Pester\5.7.1\Pester.psm1:893
at &lt;ScriptBlock&gt;, C:\Users\alexa\OneDrive\Documents\PowerShell\Modules\Pester\5.7.1\Pester.psm1:2024
at &lt;ScriptBlock&gt;, C:\Users\alexa\OneDrive\Documents\PowerShell\Modules\Pester\5.7.1\Pester.psm1:1985
at Invoke-ScriptBlock, C:\Users\alexa\OneDrive\Documents\PowerShell\Modules\Pester\5.7.1\Pester.psm1:2160
at Invoke-Block, C:\Users\alexa\OneDrive\Documents\PowerShell\Modules\Pester\5.7.1\Pester.psm1:940
at &lt;ScriptBlock&gt;, C:\Users\alexa\OneDrive\Documents\PowerShell\Modules\Pester\5.7.1\Pester.psm1:1688
at &lt;ScriptBlock&gt;, C:\Users\alexa\OneDrive\Documents\PowerShell\Modules\Pester\5.7.1\Pester.ps1:3
at &lt;ScriptBlock&gt;, C:\Users\alexa\OneDrive\Documents\PowerShell\Modules\Pester\5.7.1\Pester.psm1:3260
at Invoke-InNewScriptScope, C:\Users\alexa\OneDrive\Documents\PowerShell\Modules\Pester\5.7.1\Pester.psm1:3267
at Run-Test, C:\Users\alexa\OneDrive\Documents\PowerShell\Modules\Pester\5.7.1\Pester.psm1:1691
at Invoke-Test, C:\Users\alexa\OneDrive\Documents\PowerShell\Modules\Pester\5.7.1\Pester.psm1:2512
at Invoke-Pester&lt;End&gt;, C:\Users\alexa\OneDrive\Documents\PowerShell\Modules\Pester\5.7.1\Pester.psm1:4960
at &lt;ScriptBlock&gt;, &lt;No file&gt;:1</stack-trace>
                    </failure>
                  </test-case>
                  <test-case description="Should maintain consistent exit codes across multiple runs" name="Core Runner Bulletproof Tests.Non-Interactive Mode Bulletproofing.Should maintain consistent exit codes across multiple runs" time="5.1152" asserts="0" success="False" result="Failure" executed="True">
                    <failure>
                      <message>Expected 0, because All runs should succeed, but got 64.</message>
                      <stack-trace>at $exitCodes[0] | Should -Be 0 -Because "All runs should succeed", C:\Users\alexa\OneDrive\Documents\0. wizzense\AitherZero\tests\unit\modules\CoreApp\BulletproofCoreRunner.Tests.ps1:238
at Invoke-Assertion, C:\Users\alexa\OneDrive\Documents\PowerShell\Modules\Pester\5.7.1\Pester.psm1:8250
at Should&lt;End&gt;, C:\Users\alexa\OneDrive\Documents\PowerShell\Modules\Pester\5.7.1\Pester.psm1:8189
at &lt;ScriptBlock&gt;, C:\Users\alexa\OneDrive\Documents\0. wizzense\AitherZero\tests\unit\modules\CoreApp\BulletproofCoreRunner.Tests.ps1:238
at &lt;ScriptBlock&gt;, C:\Users\alexa\OneDrive\Documents\PowerShell\Modules\Pester\5.7.1\Pester.psm1:2024
at &lt;ScriptBlock&gt;, C:\Users\alexa\OneDrive\Documents\PowerShell\Modules\Pester\5.7.1\Pester.psm1:1985
at Invoke-ScriptBlock, C:\Users\alexa\OneDrive\Documents\PowerShell\Modules\Pester\5.7.1\Pester.psm1:2157
at Invoke-TestItem, C:\Users\alexa\OneDrive\Documents\PowerShell\Modules\Pester\5.7.1\Pester.psm1:1199
at Invoke-Block, C:\Users\alexa\OneDrive\Documents\PowerShell\Modules\Pester\5.7.1\Pester.psm1:835
at &lt;ScriptBlock&gt;, C:\Users\alexa\OneDrive\Documents\PowerShell\Modules\Pester\5.7.1\Pester.psm1:893
at &lt;ScriptBlock&gt;, C:\Users\alexa\OneDrive\Documents\PowerShell\Modules\Pester\5.7.1\Pester.psm1:2024
at &lt;ScriptBlock&gt;, C:\Users\alexa\OneDrive\Documents\PowerShell\Modules\Pester\5.7.1\Pester.psm1:1985
at Invoke-ScriptBlock, C:\Users\alexa\OneDrive\Documents\PowerShell\Modules\Pester\5.7.1\Pester.psm1:2160
at Invoke-Block, C:\Users\alexa\OneDrive\Documents\PowerShell\Modules\Pester\5.7.1\Pester.psm1:940
at &lt;ScriptBlock&gt;, C:\Users\alexa\OneDrive\Documents\PowerShell\Modules\Pester\5.7.1\Pester.psm1:893
at &lt;ScriptBlock&gt;, C:\Users\alexa\OneDrive\Documents\PowerShell\Modules\Pester\5.7.1\Pester.psm1:2024
at &lt;ScriptBlock&gt;, C:\Users\alexa\OneDrive\Documents\PowerShell\Modules\Pester\5.7.1\Pester.psm1:1985
at Invoke-ScriptBlock, C:\Users\alexa\OneDrive\Documents\PowerShell\Modules\Pester\5.7.1\Pester.psm1:2160
at Invoke-Block, C:\Users\alexa\OneDrive\Documents\PowerShell\Modules\Pester\5.7.1\Pester.psm1:940
at &lt;ScriptBlock&gt;, C:\Users\alexa\OneDrive\Documents\PowerShell\Modules\Pester\5.7.1\Pester.psm1:893
at &lt;ScriptBlock&gt;, C:\Users\alexa\OneDrive\Documents\PowerShell\Modules\Pester\5.7.1\Pester.psm1:2024
at &lt;ScriptBlock&gt;, C:\Users\alexa\OneDrive\Documents\PowerShell\Modules\Pester\5.7.1\Pester.psm1:1985
at Invoke-ScriptBlock, C:\Users\alexa\OneDrive\Documents\PowerShell\Modules\Pester\5.7.1\Pester.psm1:2160
at Invoke-Block, C:\Users\alexa\OneDrive\Documents\PowerShell\Modules\Pester\5.7.1\Pester.psm1:940
at &lt;ScriptBlock&gt;, C:\Users\alexa\OneDrive\Documents\PowerShell\Modules\Pester\5.7.1\Pester.psm1:1688
at &lt;ScriptBlock&gt;, C:\Users\alexa\OneDrive\Documents\PowerShell\Modules\Pester\5.7.1\Pester.ps1:3
at &lt;ScriptBlock&gt;, C:\Users\alexa\OneDrive\Documents\PowerShell\Modules\Pester\5.7.1\Pester.psm1:3260
at Invoke-InNewScriptScope, C:\Users\alexa\OneDrive\Documents\PowerShell\Modules\Pester\5.7.1\Pester.psm1:3267
at Run-Test, C:\Users\alexa\OneDrive\Documents\PowerShell\Modules\Pester\5.7.1\Pester.psm1:1691
at Invoke-Test, C:\Users\alexa\OneDrive\Documents\PowerShell\Modules\Pester\5.7.1\Pester.psm1:2512
at Invoke-Pester&lt;End&gt;, C:\Users\alexa\OneDrive\Documents\PowerShell\Modules\Pester\5.7.1\Pester.psm1:4960
at &lt;ScriptBlock&gt;, &lt;No file&gt;:1</stack-trace>
                    </failure>
                  </test-case>
                </results>
              </test-suite>
              <test-suite type="TestFixture" name="Core Runner Bulletproof Tests.Error Handling and Edge Cases" executed="True" result="Failure" success="False" time="13.163" asserts="0" description="Core Runner Bulletproof Tests.Error Handling and Edge Cases">
                <results>
                  <test-case description="Should handle missing configuration files gracefully" name="Core Runner Bulletproof Tests.Error Handling and Edge Cases.Should handle missing configuration files gracefully" time="1.0297" asserts="0" success="False" result="Failure" executed="True">
                    <failure>
                      <message>Expected collection @(0, 1) to contain 64, because Should handle missing config gracefully, but it was not found.</message>
                      <stack-trace>at $result.ExitCode | Should -BeIn @(0, 1) -Because "Should handle missing config gracefully", C:\Users\alexa\OneDrive\Documents\0. wizzense\AitherZero\tests\unit\modules\CoreApp\BulletproofCoreRunner.Tests.ps1:253
at Invoke-Assertion, C:\Users\alexa\OneDrive\Documents\PowerShell\Modules\Pester\5.7.1\Pester.psm1:8250
at Should&lt;End&gt;, C:\Users\alexa\OneDrive\Documents\PowerShell\Modules\Pester\5.7.1\Pester.psm1:8193
at &lt;ScriptBlock&gt;, C:\Users\alexa\OneDrive\Documents\0. wizzense\AitherZero\tests\unit\modules\CoreApp\BulletproofCoreRunner.Tests.ps1:253
at &lt;ScriptBlock&gt;, C:\Users\alexa\OneDrive\Documents\PowerShell\Modules\Pester\5.7.1\Pester.psm1:2024
at &lt;ScriptBlock&gt;, C:\Users\alexa\OneDrive\Documents\PowerShell\Modules\Pester\5.7.1\Pester.psm1:1985
at Invoke-ScriptBlock, C:\Users\alexa\OneDrive\Documents\PowerShell\Modules\Pester\5.7.1\Pester.psm1:2157
at Invoke-TestItem, C:\Users\alexa\OneDrive\Documents\PowerShell\Modules\Pester\5.7.1\Pester.psm1:1199
at Invoke-Block, C:\Users\alexa\OneDrive\Documents\PowerShell\Modules\Pester\5.7.1\Pester.psm1:835
at &lt;ScriptBlock&gt;, C:\Users\alexa\OneDrive\Documents\PowerShell\Modules\Pester\5.7.1\Pester.psm1:893
at &lt;ScriptBlock&gt;, C:\Users\alexa\OneDrive\Documents\PowerShell\Modules\Pester\5.7.1\Pester.psm1:2024
at &lt;ScriptBlock&gt;, C:\Users\alexa\OneDrive\Documents\PowerShell\Modules\Pester\5.7.1\Pester.psm1:1985
at Invoke-ScriptBlock, C:\Users\alexa\OneDrive\Documents\PowerShell\Modules\Pester\5.7.1\Pester.psm1:2160
at Invoke-Block, C:\Users\alexa\OneDrive\Documents\PowerShell\Modules\Pester\5.7.1\Pester.psm1:940
at &lt;ScriptBlock&gt;, C:\Users\alexa\OneDrive\Documents\PowerShell\Modules\Pester\5.7.1\Pester.psm1:893
at &lt;ScriptBlock&gt;, C:\Users\alexa\OneDrive\Documents\PowerShell\Modules\Pester\5.7.1\Pester.psm1:2024
at &lt;ScriptBlock&gt;, C:\Users\alexa\OneDrive\Documents\PowerShell\Modules\Pester\5.7.1\Pester.psm1:1985
at Invoke-ScriptBlock, C:\Users\alexa\OneDrive\Documents\PowerShell\Modules\Pester\5.7.1\Pester.psm1:2160
at Invoke-Block, C:\Users\alexa\OneDrive\Documents\PowerShell\Modules\Pester\5.7.1\Pester.psm1:940
at &lt;ScriptBlock&gt;, C:\Users\alexa\OneDrive\Documents\PowerShell\Modules\Pester\5.7.1\Pester.psm1:893
at &lt;ScriptBlock&gt;, C:\Users\alexa\OneDrive\Documents\PowerShell\Modules\Pester\5.7.1\Pester.psm1:2024
at &lt;ScriptBlock&gt;, C:\Users\alexa\OneDrive\Documents\PowerShell\Modules\Pester\5.7.1\Pester.psm1:1985
at Invoke-ScriptBlock, C:\Users\alexa\OneDrive\Documents\PowerShell\Modules\Pester\5.7.1\Pester.psm1:2160
at Invoke-Block, C:\Users\alexa\OneDrive\Documents\PowerShell\Modules\Pester\5.7.1\Pester.psm1:940
at &lt;ScriptBlock&gt;, C:\Users\alexa\OneDrive\Documents\PowerShell\Modules\Pester\5.7.1\Pester.psm1:1688
at &lt;ScriptBlock&gt;, C:\Users\alexa\OneDrive\Documents\PowerShell\Modules\Pester\5.7.1\Pester.ps1:3
at &lt;ScriptBlock&gt;, C:\Users\alexa\OneDrive\Documents\PowerShell\Modules\Pester\5.7.1\Pester.psm1:3260
at Invoke-InNewScriptScope, C:\Users\alexa\OneDrive\Documents\PowerShell\Modules\Pester\5.7.1\Pester.psm1:3267
at Run-Test, C:\Users\alexa\OneDrive\Documents\PowerShell\Modules\Pester\5.7.1\Pester.psm1:1691
at Invoke-Test, C:\Users\alexa\OneDrive\Documents\PowerShell\Modules\Pester\5.7.1\Pester.psm1:2512
at Invoke-Pester&lt;End&gt;, C:\Users\alexa\OneDrive\Documents\PowerShell\Modules\Pester\5.7.1\Pester.psm1:4960
at &lt;ScriptBlock&gt;, &lt;No file&gt;:1</stack-trace>
                    </failure>
                  </test-case>
                  <test-case description="Should handle invalid verbosity levels gracefully" name="Core Runner Bulletproof Tests.Error Handling and Edge Cases.Should handle invalid verbosity levels gracefully" time="1.034" asserts="0" success="False" result="Failure" executed="True">
                    <failure>
                      <message>Expected 1, because Should reject invalid verbosity levels, but got 64.</message>
                      <stack-trace>at $result.ExitCode | Should -Be 1 -Because "Should reject invalid verbosity levels", C:\Users\alexa\OneDrive\Documents\0. wizzense\AitherZero\tests\unit\modules\CoreApp\BulletproofCoreRunner.Tests.ps1:261
at Invoke-Assertion, C:\Users\alexa\OneDrive\Documents\PowerShell\Modules\Pester\5.7.1\Pester.psm1:8250
at Should&lt;End&gt;, C:\Users\alexa\OneDrive\Documents\PowerShell\Modules\Pester\5.7.1\Pester.psm1:8189
at &lt;ScriptBlock&gt;, C:\Users\alexa\OneDrive\Documents\0. wizzense\AitherZero\tests\unit\modules\CoreApp\BulletproofCoreRunner.Tests.ps1:261
at &lt;ScriptBlock&gt;, C:\Users\alexa\OneDrive\Documents\PowerShell\Modules\Pester\5.7.1\Pester.psm1:2024
at &lt;ScriptBlock&gt;, C:\Users\alexa\OneDrive\Documents\PowerShell\Modules\Pester\5.7.1\Pester.psm1:1985
at Invoke-ScriptBlock, C:\Users\alexa\OneDrive\Documents\PowerShell\Modules\Pester\5.7.1\Pester.psm1:2157
at Invoke-TestItem, C:\Users\alexa\OneDrive\Documents\PowerShell\Modules\Pester\5.7.1\Pester.psm1:1199
at Invoke-Block, C:\Users\alexa\OneDrive\Documents\PowerShell\Modules\Pester\5.7.1\Pester.psm1:835
at &lt;ScriptBlock&gt;, C:\Users\alexa\OneDrive\Documents\PowerShell\Modules\Pester\5.7.1\Pester.psm1:893
at &lt;ScriptBlock&gt;, C:\Users\alexa\OneDrive\Documents\PowerShell\Modules\Pester\5.7.1\Pester.psm1:2024
at &lt;ScriptBlock&gt;, C:\Users\alexa\OneDrive\Documents\PowerShell\Modules\Pester\5.7.1\Pester.psm1:1985
at Invoke-ScriptBlock, C:\Users\alexa\OneDrive\Documents\PowerShell\Modules\Pester\5.7.1\Pester.psm1:2160
at Invoke-Block, C:\Users\alexa\OneDrive\Documents\PowerShell\Modules\Pester\5.7.1\Pester.psm1:940
at &lt;ScriptBlock&gt;, C:\Users\alexa\OneDrive\Documents\PowerShell\Modules\Pester\5.7.1\Pester.psm1:893
at &lt;ScriptBlock&gt;, C:\Users\alexa\OneDrive\Documents\PowerShell\Modules\Pester\5.7.1\Pester.psm1:2024
at &lt;ScriptBlock&gt;, C:\Users\alexa\OneDrive\Documents\PowerShell\Modules\Pester\5.7.1\Pester.psm1:1985
at Invoke-ScriptBlock, C:\Users\alexa\OneDrive\Documents\PowerShell\Modules\Pester\5.7.1\Pester.psm1:2160
at Invoke-Block, C:\Users\alexa\OneDrive\Documents\PowerShell\Modules\Pester\5.7.1\Pester.psm1:940
at &lt;ScriptBlock&gt;, C:\Users\alexa\OneDrive\Documents\PowerShell\Modules\Pester\5.7.1\Pester.psm1:893
at &lt;ScriptBlock&gt;, C:\Users\alexa\OneDrive\Documents\PowerShell\Modules\Pester\5.7.1\Pester.psm1:2024
at &lt;ScriptBlock&gt;, C:\Users\alexa\OneDrive\Documents\PowerShell\Modules\Pester\5.7.1\Pester.psm1:1985
at Invoke-ScriptBlock, C:\Users\alexa\OneDrive\Documents\PowerShell\Modules\Pester\5.7.1\Pester.psm1:2160
at Invoke-Block, C:\Users\alexa\OneDrive\Documents\PowerShell\Modules\Pester\5.7.1\Pester.psm1:940
at &lt;ScriptBlock&gt;, C:\Users\alexa\OneDrive\Documents\PowerShell\Modules\Pester\5.7.1\Pester.psm1:1688
at &lt;ScriptBlock&gt;, C:\Users\alexa\OneDrive\Documents\PowerShell\Modules\Pester\5.7.1\Pester.ps1:3
at &lt;ScriptBlock&gt;, C:\Users\alexa\OneDrive\Documents\PowerShell\Modules\Pester\5.7.1\Pester.psm1:3260
at Invoke-InNewScriptScope, C:\Users\alexa\OneDrive\Documents\PowerShell\Modules\Pester\5.7.1\Pester.psm1:3267
at Run-Test, C:\Users\alexa\OneDrive\Documents\PowerShell\Modules\Pester\5.7.1\Pester.psm1:1691
at Invoke-Test, C:\Users\alexa\OneDrive\Documents\PowerShell\Modules\Pester\5.7.1\Pester.psm1:2512
at Invoke-Pester&lt;End&gt;, C:\Users\alexa\OneDrive\Documents\PowerShell\Modules\Pester\5.7.1\Pester.psm1:4960
at &lt;ScriptBlock&gt;, &lt;No file&gt;:1</stack-trace>
                    </failure>
                  </test-case>
                  <test-case description="Should handle concurrent executions without conflicts" name="Core Runner Bulletproof Tests.Error Handling and Edge Cases.Should handle concurrent executions without conflicts" time="0.5607" asserts="0" success="False" result="Failure" executed="True">
                    <failure>
                      <message>Expected a collection with size 3, because All concurrent jobs should complete, but got an empty collection.</message>
                      <stack-trace>at $results | Should -HaveCount 3 -Because "All concurrent jobs should complete", C:\Users\alexa\OneDrive\Documents\0. wizzense\AitherZero\tests\unit\modules\CoreApp\BulletproofCoreRunner.Tests.ps1:281
at Invoke-Assertion, C:\Users\alexa\OneDrive\Documents\PowerShell\Modules\Pester\5.7.1\Pester.psm1:8250
at Should&lt;End&gt;, C:\Users\alexa\OneDrive\Documents\PowerShell\Modules\Pester\5.7.1\Pester.psm1:8186
at &lt;ScriptBlock&gt;, C:\Users\alexa\OneDrive\Documents\0. wizzense\AitherZero\tests\unit\modules\CoreApp\BulletproofCoreRunner.Tests.ps1:281
at &lt;ScriptBlock&gt;, C:\Users\alexa\OneDrive\Documents\PowerShell\Modules\Pester\5.7.1\Pester.psm1:2024
at &lt;ScriptBlock&gt;, C:\Users\alexa\OneDrive\Documents\PowerShell\Modules\Pester\5.7.1\Pester.psm1:1985
at Invoke-ScriptBlock, C:\Users\alexa\OneDrive\Documents\PowerShell\Modules\Pester\5.7.1\Pester.psm1:2157
at Invoke-TestItem, C:\Users\alexa\OneDrive\Documents\PowerShell\Modules\Pester\5.7.1\Pester.psm1:1199
at Invoke-Block, C:\Users\alexa\OneDrive\Documents\PowerShell\Modules\Pester\5.7.1\Pester.psm1:835
at &lt;ScriptBlock&gt;, C:\Users\alexa\OneDrive\Documents\PowerShell\Modules\Pester\5.7.1\Pester.psm1:893
at &lt;ScriptBlock&gt;, C:\Users\alexa\OneDrive\Documents\PowerShell\Modules\Pester\5.7.1\Pester.psm1:2024
at &lt;ScriptBlock&gt;, C:\Users\alexa\OneDrive\Documents\PowerShell\Modules\Pester\5.7.1\Pester.psm1:1985
at Invoke-ScriptBlock, C:\Users\alexa\OneDrive\Documents\PowerShell\Modules\Pester\5.7.1\Pester.psm1:2160
at Invoke-Block, C:\Users\alexa\OneDrive\Documents\PowerShell\Modules\Pester\5.7.1\Pester.psm1:940
at &lt;ScriptBlock&gt;, C:\Users\alexa\OneDrive\Documents\PowerShell\Modules\Pester\5.7.1\Pester.psm1:893
at &lt;ScriptBlock&gt;, C:\Users\alexa\OneDrive\Documents\PowerShell\Modules\Pester\5.7.1\Pester.psm1:2024
at &lt;ScriptBlock&gt;, C:\Users\alexa\OneDrive\Documents\PowerShell\Modules\Pester\5.7.1\Pester.psm1:1985
at Invoke-ScriptBlock, C:\Users\alexa\OneDrive\Documents\PowerShell\Modules\Pester\5.7.1\Pester.psm1:2160
at Invoke-Block, C:\Users\alexa\OneDrive\Documents\PowerShell\Modules\Pester\5.7.1\Pester.psm1:940
at &lt;ScriptBlock&gt;, C:\Users\alexa\OneDrive\Documents\PowerShell\Modules\Pester\5.7.1\Pester.psm1:893
at &lt;ScriptBlock&gt;, C:\Users\alexa\OneDrive\Documents\PowerShell\Modules\Pester\5.7.1\Pester.psm1:2024
at &lt;ScriptBlock&gt;, C:\Users\alexa\OneDrive\Documents\PowerShell\Modules\Pester\5.7.1\Pester.psm1:1985
at Invoke-ScriptBlock, C:\Users\alexa\OneDrive\Documents\PowerShell\Modules\Pester\5.7.1\Pester.psm1:2160
at Invoke-Block, C:\Users\alexa\OneDrive\Documents\PowerShell\Modules\Pester\5.7.1\Pester.psm1:940
at &lt;ScriptBlock&gt;, C:\Users\alexa\OneDrive\Documents\PowerShell\Modules\Pester\5.7.1\Pester.psm1:1688
at &lt;ScriptBlock&gt;, C:\Users\alexa\OneDrive\Documents\PowerShell\Modules\Pester\5.7.1\Pester.ps1:3
at &lt;ScriptBlock&gt;, C:\Users\alexa\OneDrive\Documents\PowerShell\Modules\Pester\5.7.1\Pester.psm1:3260
at Invoke-InNewScriptScope, C:\Users\alexa\OneDrive\Documents\PowerShell\Modules\Pester\5.7.1\Pester.psm1:3267
at Run-Test, C:\Users\alexa\OneDrive\Documents\PowerShell\Modules\Pester\5.7.1\Pester.psm1:1691
at Invoke-Test, C:\Users\alexa\OneDrive\Documents\PowerShell\Modules\Pester\5.7.1\Pester.psm1:2512
at Invoke-Pester&lt;End&gt;, C:\Users\alexa\OneDrive\Documents\PowerShell\Modules\Pester\5.7.1\Pester.psm1:4960
at &lt;ScriptBlock&gt;, &lt;No file&gt;:1</stack-trace>
                    </failure>
                  </test-case>
                </results>
              </test-suite>
              <test-suite type="TestFixture" name="Core Runner Bulletproof Tests.Performance and Reliability" executed="True" result="Failure" success="False" time="16.3173" asserts="0" description="Core Runner Bulletproof Tests.Performance and Reliability">
                <results>
                  <test-case description="Should complete basic execution within time limits" name="Core Runner Bulletproof Tests.Performance and Reliability.Should complete basic execution within time limits" time="1.0267" asserts="0" success="False" result="Failure" executed="True">
                    <failure>
                      <message>Expected $true, but got $false.</message>
                      <stack-trace>at $result.Success | Should -Be $true, C:\Users\alexa\OneDrive\Documents\0. wizzense\AitherZero\tests\unit\modules\CoreApp\BulletproofCoreRunner.Tests.ps1:293
at Invoke-Assertion, C:\Users\alexa\OneDrive\Documents\PowerShell\Modules\Pester\5.7.1\Pester.psm1:8250
at Should&lt;End&gt;, C:\Users\alexa\OneDrive\Documents\PowerShell\Modules\Pester\5.7.1\Pester.psm1:8189
at &lt;ScriptBlock&gt;, C:\Users\alexa\OneDrive\Documents\0. wizzense\AitherZero\tests\unit\modules\CoreApp\BulletproofCoreRunner.Tests.ps1:293
at &lt;ScriptBlock&gt;, C:\Users\alexa\OneDrive\Documents\PowerShell\Modules\Pester\5.7.1\Pester.psm1:2024
at &lt;ScriptBlock&gt;, C:\Users\alexa\OneDrive\Documents\PowerShell\Modules\Pester\5.7.1\Pester.psm1:1985
at Invoke-ScriptBlock, C:\Users\alexa\OneDrive\Documents\PowerShell\Modules\Pester\5.7.1\Pester.psm1:2157
at Invoke-TestItem, C:\Users\alexa\OneDrive\Documents\PowerShell\Modules\Pester\5.7.1\Pester.psm1:1199
at Invoke-Block, C:\Users\alexa\OneDrive\Documents\PowerShell\Modules\Pester\5.7.1\Pester.psm1:835
at &lt;ScriptBlock&gt;, C:\Users\alexa\OneDrive\Documents\PowerShell\Modules\Pester\5.7.1\Pester.psm1:893
at &lt;ScriptBlock&gt;, C:\Users\alexa\OneDrive\Documents\PowerShell\Modules\Pester\5.7.1\Pester.psm1:2024
at &lt;ScriptBlock&gt;, C:\Users\alexa\OneDrive\Documents\PowerShell\Modules\Pester\5.7.1\Pester.psm1:1985
at Invoke-ScriptBlock, C:\Users\alexa\OneDrive\Documents\PowerShell\Modules\Pester\5.7.1\Pester.psm1:2160
at Invoke-Block, C:\Users\alexa\OneDrive\Documents\PowerShell\Modules\Pester\5.7.1\Pester.psm1:940
at &lt;ScriptBlock&gt;, C:\Users\alexa\OneDrive\Documents\PowerShell\Modules\Pester\5.7.1\Pester.psm1:893
at &lt;ScriptBlock&gt;, C:\Users\alexa\OneDrive\Documents\PowerShell\Modules\Pester\5.7.1\Pester.psm1:2024
at &lt;ScriptBlock&gt;, C:\Users\alexa\OneDrive\Documents\PowerShell\Modules\Pester\5.7.1\Pester.psm1:1985
at Invoke-ScriptBlock, C:\Users\alexa\OneDrive\Documents\PowerShell\Modules\Pester\5.7.1\Pester.psm1:2160
at Invoke-Block, C:\Users\alexa\OneDrive\Documents\PowerShell\Modules\Pester\5.7.1\Pester.psm1:940
at &lt;ScriptBlock&gt;, C:\Users\alexa\OneDrive\Documents\PowerShell\Modules\Pester\5.7.1\Pester.psm1:893
at &lt;ScriptBlock&gt;, C:\Users\alexa\OneDrive\Documents\PowerShell\Modules\Pester\5.7.1\Pester.psm1:2024
at &lt;ScriptBlock&gt;, C:\Users\alexa\OneDrive\Documents\PowerShell\Modules\Pester\5.7.1\Pester.psm1:1985
at Invoke-ScriptBlock, C:\Users\alexa\OneDrive\Documents\PowerShell\Modules\Pester\5.7.1\Pester.psm1:2160
at Invoke-Block, C:\Users\alexa\OneDrive\Documents\PowerShell\Modules\Pester\5.7.1\Pester.psm1:940
at &lt;ScriptBlock&gt;, C:\Users\alexa\OneDrive\Documents\PowerShell\Modules\Pester\5.7.1\Pester.psm1:1688
at &lt;ScriptBlock&gt;, C:\Users\alexa\OneDrive\Documents\PowerShell\Modules\Pester\5.7.1\Pester.ps1:3
at &lt;ScriptBlock&gt;, C:\Users\alexa\OneDrive\Documents\PowerShell\Modules\Pester\5.7.1\Pester.psm1:3260
at Invoke-InNewScriptScope, C:\Users\alexa\OneDrive\Documents\PowerShell\Modules\Pester\5.7.1\Pester.psm1:3267
at Run-Test, C:\Users\alexa\OneDrive\Documents\PowerShell\Modules\Pester\5.7.1\Pester.psm1:1691
at Invoke-Test, C:\Users\alexa\OneDrive\Documents\PowerShell\Modules\Pester\5.7.1\Pester.psm1:2512
at Invoke-Pester&lt;End&gt;, C:\Users\alexa\OneDrive\Documents\PowerShell\Modules\Pester\5.7.1\Pester.psm1:4960
at &lt;ScriptBlock&gt;, &lt;No file&gt;:1</stack-trace>
                    </failure>
                  </test-case>
                  <test-case description="Should handle auto mode within reasonable time" name="Core Runner Bulletproof Tests.Performance and Reliability.Should handle auto mode within reasonable time" time="1.0198" asserts="0" success="False" result="Failure" executed="True">
                    <failure>
                      <message>Expected $true, but got $false.</message>
                      <stack-trace>at $result.Success | Should -Be $true, C:\Users\alexa\OneDrive\Documents\0. wizzense\AitherZero\tests\unit\modules\CoreApp\BulletproofCoreRunner.Tests.ps1:302
at Invoke-Assertion, C:\Users\alexa\OneDrive\Documents\PowerShell\Modules\Pester\5.7.1\Pester.psm1:8250
at Should&lt;End&gt;, C:\Users\alexa\OneDrive\Documents\PowerShell\Modules\Pester\5.7.1\Pester.psm1:8189
at &lt;ScriptBlock&gt;, C:\Users\alexa\OneDrive\Documents\0. wizzense\AitherZero\tests\unit\modules\CoreApp\BulletproofCoreRunner.Tests.ps1:302
at &lt;ScriptBlock&gt;, C:\Users\alexa\OneDrive\Documents\PowerShell\Modules\Pester\5.7.1\Pester.psm1:2024
at &lt;ScriptBlock&gt;, C:\Users\alexa\OneDrive\Documents\PowerShell\Modules\Pester\5.7.1\Pester.psm1:1985
at Invoke-ScriptBlock, C:\Users\alexa\OneDrive\Documents\PowerShell\Modules\Pester\5.7.1\Pester.psm1:2157
at Invoke-TestItem, C:\Users\alexa\OneDrive\Documents\PowerShell\Modules\Pester\5.7.1\Pester.psm1:1199
at Invoke-Block, C:\Users\alexa\OneDrive\Documents\PowerShell\Modules\Pester\5.7.1\Pester.psm1:835
at &lt;ScriptBlock&gt;, C:\Users\alexa\OneDrive\Documents\PowerShell\Modules\Pester\5.7.1\Pester.psm1:893
at &lt;ScriptBlock&gt;, C:\Users\alexa\OneDrive\Documents\PowerShell\Modules\Pester\5.7.1\Pester.psm1:2024
at &lt;ScriptBlock&gt;, C:\Users\alexa\OneDrive\Documents\PowerShell\Modules\Pester\5.7.1\Pester.psm1:1985
at Invoke-ScriptBlock, C:\Users\alexa\OneDrive\Documents\PowerShell\Modules\Pester\5.7.1\Pester.psm1:2160
at Invoke-Block, C:\Users\alexa\OneDrive\Documents\PowerShell\Modules\Pester\5.7.1\Pester.psm1:940
at &lt;ScriptBlock&gt;, C:\Users\alexa\OneDrive\Documents\PowerShell\Modules\Pester\5.7.1\Pester.psm1:893
at &lt;ScriptBlock&gt;, C:\Users\alexa\OneDrive\Documents\PowerShell\Modules\Pester\5.7.1\Pester.psm1:2024
at &lt;ScriptBlock&gt;, C:\Users\alexa\OneDrive\Documents\PowerShell\Modules\Pester\5.7.1\Pester.psm1:1985
at Invoke-ScriptBlock, C:\Users\alexa\OneDrive\Documents\PowerShell\Modules\Pester\5.7.1\Pester.psm1:2160
at Invoke-Block, C:\Users\alexa\OneDrive\Documents\PowerShell\Modules\Pester\5.7.1\Pester.psm1:940
at &lt;ScriptBlock&gt;, C:\Users\alexa\OneDrive\Documents\PowerShell\Modules\Pester\5.7.1\Pester.psm1:893
at &lt;ScriptBlock&gt;, C:\Users\alexa\OneDrive\Documents\PowerShell\Modules\Pester\5.7.1\Pester.psm1:2024
at &lt;ScriptBlock&gt;, C:\Users\alexa\OneDrive\Documents\PowerShell\Modules\Pester\5.7.1\Pester.psm1:1985
at Invoke-ScriptBlock, C:\Users\alexa\OneDrive\Documents\PowerShell\Modules\Pester\5.7.1\Pester.psm1:2160
at Invoke-Block, C:\Users\alexa\OneDrive\Documents\PowerShell\Modules\Pester\5.7.1\Pester.psm1:940
at &lt;ScriptBlock&gt;, C:\Users\alexa\OneDrive\Documents\PowerShell\Modules\Pester\5.7.1\Pester.psm1:1688
at &lt;ScriptBlock&gt;, C:\Users\alexa\OneDrive\Documents\PowerShell\Modules\Pester\5.7.1\Pester.ps1:3
at &lt;ScriptBlock&gt;, C:\Users\alexa\OneDrive\Documents\PowerShell\Modules\Pester\5.7.1\Pester.psm1:3260
at Invoke-InNewScriptScope, C:\Users\alexa\OneDrive\Documents\PowerShell\Modules\Pester\5.7.1\Pester.psm1:3267
at Run-Test, C:\Users\alexa\OneDrive\Documents\PowerShell\Modules\Pester\5.7.1\Pester.psm1:1691
at Invoke-Test, C:\Users\alexa\OneDrive\Documents\PowerShell\Modules\Pester\5.7.1\Pester.psm1:2512
at Invoke-Pester&lt;End&gt;, C:\Users\alexa\OneDrive\Documents\PowerShell\Modules\Pester\5.7.1\Pester.psm1:4960
at &lt;ScriptBlock&gt;, &lt;No file&gt;:1</stack-trace>
                    </failure>
                  </test-case>
                  <test-case description="Should be memory efficient" name="Core Runner Bulletproof Tests.Performance and Reliability.Should be memory efficient" time="1.0973" asserts="0" success="False" result="Failure" executed="True">
                    <failure>
                      <message>Expected $true, but got $false.</message>
                      <stack-trace>at $result.Success | Should -Be $true, C:\Users\alexa\OneDrive\Documents\0. wizzense\AitherZero\tests\unit\modules\CoreApp\BulletproofCoreRunner.Tests.ps1:316
at Invoke-Assertion, C:\Users\alexa\OneDrive\Documents\PowerShell\Modules\Pester\5.7.1\Pester.psm1:8250
at Should&lt;End&gt;, C:\Users\alexa\OneDrive\Documents\PowerShell\Modules\Pester\5.7.1\Pester.psm1:8189
at &lt;ScriptBlock&gt;, C:\Users\alexa\OneDrive\Documents\0. wizzense\AitherZero\tests\unit\modules\CoreApp\BulletproofCoreRunner.Tests.ps1:316
at &lt;ScriptBlock&gt;, C:\Users\alexa\OneDrive\Documents\PowerShell\Modules\Pester\5.7.1\Pester.psm1:2024
at &lt;ScriptBlock&gt;, C:\Users\alexa\OneDrive\Documents\PowerShell\Modules\Pester\5.7.1\Pester.psm1:1985
at Invoke-ScriptBlock, C:\Users\alexa\OneDrive\Documents\PowerShell\Modules\Pester\5.7.1\Pester.psm1:2157
at Invoke-TestItem, C:\Users\alexa\OneDrive\Documents\PowerShell\Modules\Pester\5.7.1\Pester.psm1:1199
at Invoke-Block, C:\Users\alexa\OneDrive\Documents\PowerShell\Modules\Pester\5.7.1\Pester.psm1:835
at &lt;ScriptBlock&gt;, C:\Users\alexa\OneDrive\Documents\PowerShell\Modules\Pester\5.7.1\Pester.psm1:893
at &lt;ScriptBlock&gt;, C:\Users\alexa\OneDrive\Documents\PowerShell\Modules\Pester\5.7.1\Pester.psm1:2024
at &lt;ScriptBlock&gt;, C:\Users\alexa\OneDrive\Documents\PowerShell\Modules\Pester\5.7.1\Pester.psm1:1985
at Invoke-ScriptBlock, C:\Users\alexa\OneDrive\Documents\PowerShell\Modules\Pester\5.7.1\Pester.psm1:2160
at Invoke-Block, C:\Users\alexa\OneDrive\Documents\PowerShell\Modules\Pester\5.7.1\Pester.psm1:940
at &lt;ScriptBlock&gt;, C:\Users\alexa\OneDrive\Documents\PowerShell\Modules\Pester\5.7.1\Pester.psm1:893
at &lt;ScriptBlock&gt;, C:\Users\alexa\OneDrive\Documents\PowerShell\Modules\Pester\5.7.1\Pester.psm1:2024
at &lt;ScriptBlock&gt;, C:\Users\alexa\OneDrive\Documents\PowerShell\Modules\Pester\5.7.1\Pester.psm1:1985
at Invoke-ScriptBlock, C:\Users\alexa\OneDrive\Documents\PowerShell\Modules\Pester\5.7.1\Pester.psm1:2160
at Invoke-Block, C:\Users\alexa\OneDrive\Documents\PowerShell\Modules\Pester\5.7.1\Pester.psm1:940
at &lt;ScriptBlock&gt;, C:\Users\alexa\OneDrive\Documents\PowerShell\Modules\Pester\5.7.1\Pester.psm1:893
at &lt;ScriptBlock&gt;, C:\Users\alexa\OneDrive\Documents\PowerShell\Modules\Pester\5.7.1\Pester.psm1:2024
at &lt;ScriptBlock&gt;, C:\Users\alexa\OneDrive\Documents\PowerShell\Modules\Pester\5.7.1\Pester.psm1:1985
at Invoke-ScriptBlock, C:\Users\alexa\OneDrive\Documents\PowerShell\Modules\Pester\5.7.1\Pester.psm1:2160
at Invoke-Block, C:\Users\alexa\OneDrive\Documents\PowerShell\Modules\Pester\5.7.1\Pester.psm1:940
at &lt;ScriptBlock&gt;, C:\Users\alexa\OneDrive\Documents\PowerShell\Modules\Pester\5.7.1\Pester.psm1:1688
at &lt;ScriptBlock&gt;, C:\Users\alexa\OneDrive\Documents\PowerShell\Modules\Pester\5.7.1\Pester.ps1:3
at &lt;ScriptBlock&gt;, C:\Users\alexa\OneDrive\Documents\PowerShell\Modules\Pester\5.7.1\Pester.psm1:3260
at Invoke-InNewScriptScope, C:\Users\alexa\OneDrive\Documents\PowerShell\Modules\Pester\5.7.1\Pester.psm1:3267
at Run-Test, C:\Users\alexa\OneDrive\Documents\PowerShell\Modules\Pester\5.7.1\Pester.psm1:1691
at Invoke-Test, C:\Users\alexa\OneDrive\Documents\PowerShell\Modules\Pester\5.7.1\Pester.psm1:2512
at Invoke-Pester&lt;End&gt;, C:\Users\alexa\OneDrive\Documents\PowerShell\Modules\Pester\5.7.1\Pester.psm1:4960
at &lt;ScriptBlock&gt;, &lt;No file&gt;:1</stack-trace>
                    </failure>
                  </test-case>
                </results>
              </test-suite>
              <test-suite type="TestFixture" name="Core Runner Bulletproof Tests.Cross-Platform Compatibility" executed="True" result="Failure" success="False" time="17.3661" asserts="0" description="Core Runner Bulletproof Tests.Cross-Platform Compatibility">
                <results>
                  <test-case description="Should work correctly on current platform" name="Core Runner Bulletproof Tests.Cross-Platform Compatibility.Should work correctly on current platform" time="1.0285" asserts="0" success="False" result="Failure" executed="True">
                    <failure>
                      <message>Expected $true, but got $false.</message>
                      <stack-trace>at $result.Success | Should -Be $true, C:\Users\alexa\OneDrive\Documents\0. wizzense\AitherZero\tests\unit\modules\CoreApp\BulletproofCoreRunner.Tests.ps1:328
at Invoke-Assertion, C:\Users\alexa\OneDrive\Documents\PowerShell\Modules\Pester\5.7.1\Pester.psm1:8250
at Should&lt;End&gt;, C:\Users\alexa\OneDrive\Documents\PowerShell\Modules\Pester\5.7.1\Pester.psm1:8189
at &lt;ScriptBlock&gt;, C:\Users\alexa\OneDrive\Documents\0. wizzense\AitherZero\tests\unit\modules\CoreApp\BulletproofCoreRunner.Tests.ps1:328
at &lt;ScriptBlock&gt;, C:\Users\alexa\OneDrive\Documents\PowerShell\Modules\Pester\5.7.1\Pester.psm1:2024
at &lt;ScriptBlock&gt;, C:\Users\alexa\OneDrive\Documents\PowerShell\Modules\Pester\5.7.1\Pester.psm1:1985
at Invoke-ScriptBlock, C:\Users\alexa\OneDrive\Documents\PowerShell\Modules\Pester\5.7.1\Pester.psm1:2157
at Invoke-TestItem, C:\Users\alexa\OneDrive\Documents\PowerShell\Modules\Pester\5.7.1\Pester.psm1:1199
at Invoke-Block, C:\Users\alexa\OneDrive\Documents\PowerShell\Modules\Pester\5.7.1\Pester.psm1:835
at &lt;ScriptBlock&gt;, C:\Users\alexa\OneDrive\Documents\PowerShell\Modules\Pester\5.7.1\Pester.psm1:893
at &lt;ScriptBlock&gt;, C:\Users\alexa\OneDrive\Documents\PowerShell\Modules\Pester\5.7.1\Pester.psm1:2024
at &lt;ScriptBlock&gt;, C:\Users\alexa\OneDrive\Documents\PowerShell\Modules\Pester\5.7.1\Pester.psm1:1985
at Invoke-ScriptBlock, C:\Users\alexa\OneDrive\Documents\PowerShell\Modules\Pester\5.7.1\Pester.psm1:2160
at Invoke-Block, C:\Users\alexa\OneDrive\Documents\PowerShell\Modules\Pester\5.7.1\Pester.psm1:940
at &lt;ScriptBlock&gt;, C:\Users\alexa\OneDrive\Documents\PowerShell\Modules\Pester\5.7.1\Pester.psm1:893
at &lt;ScriptBlock&gt;, C:\Users\alexa\OneDrive\Documents\PowerShell\Modules\Pester\5.7.1\Pester.psm1:2024
at &lt;ScriptBlock&gt;, C:\Users\alexa\OneDrive\Documents\PowerShell\Modules\Pester\5.7.1\Pester.psm1:1985
at Invoke-ScriptBlock, C:\Users\alexa\OneDrive\Documents\PowerShell\Modules\Pester\5.7.1\Pester.psm1:2160
at Invoke-Block, C:\Users\alexa\OneDrive\Documents\PowerShell\Modules\Pester\5.7.1\Pester.psm1:940
at &lt;ScriptBlock&gt;, C:\Users\alexa\OneDrive\Documents\PowerShell\Modules\Pester\5.7.1\Pester.psm1:893
at &lt;ScriptBlock&gt;, C:\Users\alexa\OneDrive\Documents\PowerShell\Modules\Pester\5.7.1\Pester.psm1:2024
at &lt;ScriptBlock&gt;, C:\Users\alexa\OneDrive\Documents\PowerShell\Modules\Pester\5.7.1\Pester.psm1:1985
at Invoke-ScriptBlock, C:\Users\alexa\OneDrive\Documents\PowerShell\Modules\Pester\5.7.1\Pester.psm1:2160
at Invoke-Block, C:\Users\alexa\OneDrive\Documents\PowerShell\Modules\Pester\5.7.1\Pester.psm1:940
at &lt;ScriptBlock&gt;, C:\Users\alexa\OneDrive\Documents\PowerShell\Modules\Pester\5.7.1\Pester.psm1:1688
at &lt;ScriptBlock&gt;, C:\Users\alexa\OneDrive\Documents\PowerShell\Modules\Pester\5.7.1\Pester.ps1:3
at &lt;ScriptBlock&gt;, C:\Users\alexa\OneDrive\Documents\PowerShell\Modules\Pester\5.7.1\Pester.psm1:3260
at Invoke-InNewScriptScope, C:\Users\alexa\OneDrive\Documents\PowerShell\Modules\Pester\5.7.1\Pester.psm1:3267
at Run-Test, C:\Users\alexa\OneDrive\Documents\PowerShell\Modules\Pester\5.7.1\Pester.psm1:1691
at Invoke-Test, C:\Users\alexa\OneDrive\Documents\PowerShell\Modules\Pester\5.7.1\Pester.psm1:2512
at Invoke-Pester&lt;End&gt;, C:\Users\alexa\OneDrive\Documents\PowerShell\Modules\Pester\5.7.1\Pester.psm1:4960
at &lt;ScriptBlock&gt;, &lt;No file&gt;:1</stack-trace>
                    </failure>
                  </test-case>
                  <test-case description="Should handle path separators correctly" name="Core Runner Bulletproof Tests.Cross-Platform Compatibility.Should handle path separators correctly" time="0.0067" asserts="0" success="True" result="Success" executed="True" />
                  <test-case description="Should use cross-platform compatible commands" name="Core Runner Bulletproof Tests.Cross-Platform Compatibility.Should use cross-platform compatible commands" time="0.0074" asserts="0" success="True" result="Success" executed="True" />
                </results>
              </test-suite>
              <test-suite type="TestFixture" name="Core Runner Bulletproof Tests.Integration Testing" executed="True" result="Failure" success="False" time="18.4184" asserts="0" description="Core Runner Bulletproof Tests.Integration Testing">
                <results>
                  <test-case description="Should integrate properly with CoreApp module" name="Core Runner Bulletproof Tests.Integration Testing.Should integrate properly with CoreApp module" time="0.0138" asserts="0" success="False" result="Ignored" executed="False" />
                  <test-case description="Should work with different configuration files" name="Core Runner Bulletproof Tests.Integration Testing.Should work with different configuration files" time="1.0302" asserts="0" success="False" result="Failure" executed="True">
                    <failure>
                      <message>Expected $true, but got $false.</message>
                      <stack-trace>at $result.Success | Should -Be $true, C:\Users\alexa\OneDrive\Documents\0. wizzense\AitherZero\tests\unit\modules\CoreApp\BulletproofCoreRunner.Tests.ps1:383
at Invoke-Assertion, C:\Users\alexa\OneDrive\Documents\PowerShell\Modules\Pester\5.7.1\Pester.psm1:8250
at Should&lt;End&gt;, C:\Users\alexa\OneDrive\Documents\PowerShell\Modules\Pester\5.7.1\Pester.psm1:8189
at &lt;ScriptBlock&gt;, C:\Users\alexa\OneDrive\Documents\0. wizzense\AitherZero\tests\unit\modules\CoreApp\BulletproofCoreRunner.Tests.ps1:383
at &lt;ScriptBlock&gt;, C:\Users\alexa\OneDrive\Documents\PowerShell\Modules\Pester\5.7.1\Pester.psm1:2024
at &lt;ScriptBlock&gt;, C:\Users\alexa\OneDrive\Documents\PowerShell\Modules\Pester\5.7.1\Pester.psm1:1985
at Invoke-ScriptBlock, C:\Users\alexa\OneDrive\Documents\PowerShell\Modules\Pester\5.7.1\Pester.psm1:2157
at Invoke-TestItem, C:\Users\alexa\OneDrive\Documents\PowerShell\Modules\Pester\5.7.1\Pester.psm1:1199
at Invoke-Block, C:\Users\alexa\OneDrive\Documents\PowerShell\Modules\Pester\5.7.1\Pester.psm1:835
at &lt;ScriptBlock&gt;, C:\Users\alexa\OneDrive\Documents\PowerShell\Modules\Pester\5.7.1\Pester.psm1:893
at &lt;ScriptBlock&gt;, C:\Users\alexa\OneDrive\Documents\PowerShell\Modules\Pester\5.7.1\Pester.psm1:2024
at &lt;ScriptBlock&gt;, C:\Users\alexa\OneDrive\Documents\PowerShell\Modules\Pester\5.7.1\Pester.psm1:1985
at Invoke-ScriptBlock, C:\Users\alexa\OneDrive\Documents\PowerShell\Modules\Pester\5.7.1\Pester.psm1:2160
at Invoke-Block, C:\Users\alexa\OneDrive\Documents\PowerShell\Modules\Pester\5.7.1\Pester.psm1:940
at &lt;ScriptBlock&gt;, C:\Users\alexa\OneDrive\Documents\PowerShell\Modules\Pester\5.7.1\Pester.psm1:893
at &lt;ScriptBlock&gt;, C:\Users\alexa\OneDrive\Documents\PowerShell\Modules\Pester\5.7.1\Pester.psm1:2024
at &lt;ScriptBlock&gt;, C:\Users\alexa\OneDrive\Documents\PowerShell\Modules\Pester\5.7.1\Pester.psm1:1985
at Invoke-ScriptBlock, C:\Users\alexa\OneDrive\Documents\PowerShell\Modules\Pester\5.7.1\Pester.psm1:2160
at Invoke-Block, C:\Users\alexa\OneDrive\Documents\PowerShell\Modules\Pester\5.7.1\Pester.psm1:940
at &lt;ScriptBlock&gt;, C:\Users\alexa\OneDrive\Documents\PowerShell\Modules\Pester\5.7.1\Pester.psm1:893
at &lt;ScriptBlock&gt;, C:\Users\alexa\OneDrive\Documents\PowerShell\Modules\Pester\5.7.1\Pester.psm1:2024
at &lt;ScriptBlock&gt;, C:\Users\alexa\OneDrive\Documents\PowerShell\Modules\Pester\5.7.1\Pester.psm1:1985
at Invoke-ScriptBlock, C:\Users\alexa\OneDrive\Documents\PowerShell\Modules\Pester\5.7.1\Pester.psm1:2160
at Invoke-Block, C:\Users\alexa\OneDrive\Documents\PowerShell\Modules\Pester\5.7.1\Pester.psm1:940
at &lt;ScriptBlock&gt;, C:\Users\alexa\OneDrive\Documents\PowerShell\Modules\Pester\5.7.1\Pester.psm1:1688
at &lt;ScriptBlock&gt;, C:\Users\alexa\OneDrive\Documents\PowerShell\Modules\Pester\5.7.1\Pester.ps1:3
at &lt;ScriptBlock&gt;, C:\Users\alexa\OneDrive\Documents\PowerShell\Modules\Pester\5.7.1\Pester.psm1:3260
at Invoke-InNewScriptScope, C:\Users\alexa\OneDrive\Documents\PowerShell\Modules\Pester\5.7.1\Pester.psm1:3267
at Run-Test, C:\Users\alexa\OneDrive\Documents\PowerShell\Modules\Pester\5.7.1\Pester.psm1:1691
at Invoke-Test, C:\Users\alexa\OneDrive\Documents\PowerShell\Modules\Pester\5.7.1\Pester.psm1:2512
at Invoke-Pester&lt;End&gt;, C:\Users\alexa\OneDrive\Documents\PowerShell\Modules\Pester\5.7.1\Pester.psm1:4960
at &lt;ScriptBlock&gt;, &lt;No file&gt;:1</stack-trace>
                    </failure>
                  </test-case>
                </results>
              </test-suite>
              <test-suite type="TestFixture" name="Core Runner Bulletproof Tests.Logging and Output Validation" executed="True" result="Failure" success="False" time="22.5052" asserts="0" description="Core Runner Bulletproof Tests.Logging and Output Validation">
                <results>
                  <test-case description="Should create proper log entries with timestamps" name="Core Runner Bulletproof Tests.Logging and Output Validation.Should create proper log entries with timestamps" time="1.0237" asserts="0" success="False" result="Failure" executed="True">
                    <failure>
                      <message>Expected $true, but got $false.</message>
                      <stack-trace>at $result.Success | Should -Be $true, C:\Users\alexa\OneDrive\Documents\0. wizzense\AitherZero\tests\unit\modules\CoreApp\BulletproofCoreRunner.Tests.ps1:397
at Invoke-Assertion, C:\Users\alexa\OneDrive\Documents\PowerShell\Modules\Pester\5.7.1\Pester.psm1:8250
at Should&lt;End&gt;, C:\Users\alexa\OneDrive\Documents\PowerShell\Modules\Pester\5.7.1\Pester.psm1:8189
at &lt;ScriptBlock&gt;, C:\Users\alexa\OneDrive\Documents\0. wizzense\AitherZero\tests\unit\modules\CoreApp\BulletproofCoreRunner.Tests.ps1:397
at &lt;ScriptBlock&gt;, C:\Users\alexa\OneDrive\Documents\PowerShell\Modules\Pester\5.7.1\Pester.psm1:2024
at &lt;ScriptBlock&gt;, C:\Users\alexa\OneDrive\Documents\PowerShell\Modules\Pester\5.7.1\Pester.psm1:1985
at Invoke-ScriptBlock, C:\Users\alexa\OneDrive\Documents\PowerShell\Modules\Pester\5.7.1\Pester.psm1:2157
at Invoke-TestItem, C:\Users\alexa\OneDrive\Documents\PowerShell\Modules\Pester\5.7.1\Pester.psm1:1199
at Invoke-Block, C:\Users\alexa\OneDrive\Documents\PowerShell\Modules\Pester\5.7.1\Pester.psm1:835
at &lt;ScriptBlock&gt;, C:\Users\alexa\OneDrive\Documents\PowerShell\Modules\Pester\5.7.1\Pester.psm1:893
at &lt;ScriptBlock&gt;, C:\Users\alexa\OneDrive\Documents\PowerShell\Modules\Pester\5.7.1\Pester.psm1:2024
at &lt;ScriptBlock&gt;, C:\Users\alexa\OneDrive\Documents\PowerShell\Modules\Pester\5.7.1\Pester.psm1:1985
at Invoke-ScriptBlock, C:\Users\alexa\OneDrive\Documents\PowerShell\Modules\Pester\5.7.1\Pester.psm1:2160
at Invoke-Block, C:\Users\alexa\OneDrive\Documents\PowerShell\Modules\Pester\5.7.1\Pester.psm1:940
at &lt;ScriptBlock&gt;, C:\Users\alexa\OneDrive\Documents\PowerShell\Modules\Pester\5.7.1\Pester.psm1:893
at &lt;ScriptBlock&gt;, C:\Users\alexa\OneDrive\Documents\PowerShell\Modules\Pester\5.7.1\Pester.psm1:2024
at &lt;ScriptBlock&gt;, C:\Users\alexa\OneDrive\Documents\PowerShell\Modules\Pester\5.7.1\Pester.psm1:1985
at Invoke-ScriptBlock, C:\Users\alexa\OneDrive\Documents\PowerShell\Modules\Pester\5.7.1\Pester.psm1:2160
at Invoke-Block, C:\Users\alexa\OneDrive\Documents\PowerShell\Modules\Pester\5.7.1\Pester.psm1:940
at &lt;ScriptBlock&gt;, C:\Users\alexa\OneDrive\Documents\PowerShell\Modules\Pester\5.7.1\Pester.psm1:893
at &lt;ScriptBlock&gt;, C:\Users\alexa\OneDrive\Documents\PowerShell\Modules\Pester\5.7.1\Pester.psm1:2024
at &lt;ScriptBlock&gt;, C:\Users\alexa\OneDrive\Documents\PowerShell\Modules\Pester\5.7.1\Pester.psm1:1985
at Invoke-ScriptBlock, C:\Users\alexa\OneDrive\Documents\PowerShell\Modules\Pester\5.7.1\Pester.psm1:2160
at Invoke-Block, C:\Users\alexa\OneDrive\Documents\PowerShell\Modules\Pester\5.7.1\Pester.psm1:940
at &lt;ScriptBlock&gt;, C:\Users\alexa\OneDrive\Documents\PowerShell\Modules\Pester\5.7.1\Pester.psm1:1688
at &lt;ScriptBlock&gt;, C:\Users\alexa\OneDrive\Documents\PowerShell\Modules\Pester\5.7.1\Pester.ps1:3
at &lt;ScriptBlock&gt;, C:\Users\alexa\OneDrive\Documents\PowerShell\Modules\Pester\5.7.1\Pester.psm1:3260
at Invoke-InNewScriptScope, C:\Users\alexa\OneDrive\Documents\PowerShell\Modules\Pester\5.7.1\Pester.psm1:3267
at Run-Test, C:\Users\alexa\OneDrive\Documents\PowerShell\Modules\Pester\5.7.1\Pester.psm1:1691
at Invoke-Test, C:\Users\alexa\OneDrive\Documents\PowerShell\Modules\Pester\5.7.1\Pester.psm1:2512
at Invoke-Pester&lt;End&gt;, C:\Users\alexa\OneDrive\Documents\PowerShell\Modules\Pester\5.7.1\Pester.psm1:4960
at &lt;ScriptBlock&gt;, &lt;No file&gt;:1</stack-trace>
                    </failure>
                  </test-case>
                  <test-case description="Should respect verbosity levels" name="Core Runner Bulletproof Tests.Logging and Output Validation.Should respect verbosity levels" time="2.0427" asserts="0" success="False" result="Failure" executed="True">
                    <failure>
                      <message>Expected $true, but got $false.</message>
                      <stack-trace>at $silentResult.Success | Should -Be $true, C:\Users\alexa\OneDrive\Documents\0. wizzense\AitherZero\tests\unit\modules\CoreApp\BulletproofCoreRunner.Tests.ps1:408
at Invoke-Assertion, C:\Users\alexa\OneDrive\Documents\PowerShell\Modules\Pester\5.7.1\Pester.psm1:8250
at Should&lt;End&gt;, C:\Users\alexa\OneDrive\Documents\PowerShell\Modules\Pester\5.7.1\Pester.psm1:8189
at &lt;ScriptBlock&gt;, C:\Users\alexa\OneDrive\Documents\0. wizzense\AitherZero\tests\unit\modules\CoreApp\BulletproofCoreRunner.Tests.ps1:408
at &lt;ScriptBlock&gt;, C:\Users\alexa\OneDrive\Documents\PowerShell\Modules\Pester\5.7.1\Pester.psm1:2024
at &lt;ScriptBlock&gt;, C:\Users\alexa\OneDrive\Documents\PowerShell\Modules\Pester\5.7.1\Pester.psm1:1985
at Invoke-ScriptBlock, C:\Users\alexa\OneDrive\Documents\PowerShell\Modules\Pester\5.7.1\Pester.psm1:2157
at Invoke-TestItem, C:\Users\alexa\OneDrive\Documents\PowerShell\Modules\Pester\5.7.1\Pester.psm1:1199
at Invoke-Block, C:\Users\alexa\OneDrive\Documents\PowerShell\Modules\Pester\5.7.1\Pester.psm1:835
at &lt;ScriptBlock&gt;, C:\Users\alexa\OneDrive\Documents\PowerShell\Modules\Pester\5.7.1\Pester.psm1:893
at &lt;ScriptBlock&gt;, C:\Users\alexa\OneDrive\Documents\PowerShell\Modules\Pester\5.7.1\Pester.psm1:2024
at &lt;ScriptBlock&gt;, C:\Users\alexa\OneDrive\Documents\PowerShell\Modules\Pester\5.7.1\Pester.psm1:1985
at Invoke-ScriptBlock, C:\Users\alexa\OneDrive\Documents\PowerShell\Modules\Pester\5.7.1\Pester.psm1:2160
at Invoke-Block, C:\Users\alexa\OneDrive\Documents\PowerShell\Modules\Pester\5.7.1\Pester.psm1:940
at &lt;ScriptBlock&gt;, C:\Users\alexa\OneDrive\Documents\PowerShell\Modules\Pester\5.7.1\Pester.psm1:893
at &lt;ScriptBlock&gt;, C:\Users\alexa\OneDrive\Documents\PowerShell\Modules\Pester\5.7.1\Pester.psm1:2024
at &lt;ScriptBlock&gt;, C:\Users\alexa\OneDrive\Documents\PowerShell\Modules\Pester\5.7.1\Pester.psm1:1985
at Invoke-ScriptBlock, C:\Users\alexa\OneDrive\Documents\PowerShell\Modules\Pester\5.7.1\Pester.psm1:2160
at Invoke-Block, C:\Users\alexa\OneDrive\Documents\PowerShell\Modules\Pester\5.7.1\Pester.psm1:940
at &lt;ScriptBlock&gt;, C:\Users\alexa\OneDrive\Documents\PowerShell\Modules\Pester\5.7.1\Pester.psm1:893
at &lt;ScriptBlock&gt;, C:\Users\alexa\OneDrive\Documents\PowerShell\Modules\Pester\5.7.1\Pester.psm1:2024
at &lt;ScriptBlock&gt;, C:\Users\alexa\OneDrive\Documents\PowerShell\Modules\Pester\5.7.1\Pester.psm1:1985
at Invoke-ScriptBlock, C:\Users\alexa\OneDrive\Documents\PowerShell\Modules\Pester\5.7.1\Pester.psm1:2160
at Invoke-Block, C:\Users\alexa\OneDrive\Documents\PowerShell\Modules\Pester\5.7.1\Pester.psm1:940
at &lt;ScriptBlock&gt;, C:\Users\alexa\OneDrive\Documents\PowerShell\Modules\Pester\5.7.1\Pester.psm1:1688
at &lt;ScriptBlock&gt;, C:\Users\alexa\OneDrive\Documents\PowerShell\Modules\Pester\5.7.1\Pester.ps1:3
at &lt;ScriptBlock&gt;, C:\Users\alexa\OneDrive\Documents\PowerShell\Modules\Pester\5.7.1\Pester.psm1:3260
at Invoke-InNewScriptScope, C:\Users\alexa\OneDrive\Documents\PowerShell\Modules\Pester\5.7.1\Pester.psm1:3267
at Run-Test, C:\Users\alexa\OneDrive\Documents\PowerShell\Modules\Pester\5.7.1\Pester.psm1:1691
at Invoke-Test, C:\Users\alexa\OneDrive\Documents\PowerShell\Modules\Pester\5.7.1\Pester.psm1:2512
at Invoke-Pester&lt;End&gt;, C:\Users\alexa\OneDrive\Documents\PowerShell\Modules\Pester\5.7.1\Pester.psm1:4960
at &lt;ScriptBlock&gt;, &lt;No file&gt;:1</stack-trace>
                    </failure>
                  </test-case>
                  <test-case description="Should include module initialization messages" name="Core Runner Bulletproof Tests.Logging and Output Validation.Should include module initialization messages" time="1.0143" asserts="0" success="False" result="Failure" executed="True">
                    <failure>
                      <message>Expected $true, but got $false.</message>
                      <stack-trace>at $result.Success | Should -Be $true, C:\Users\alexa\OneDrive\Documents\0. wizzense\AitherZero\tests\unit\modules\CoreApp\BulletproofCoreRunner.Tests.ps1:421
at Invoke-Assertion, C:\Users\alexa\OneDrive\Documents\PowerShell\Modules\Pester\5.7.1\Pester.psm1:8250
at Should&lt;End&gt;, C:\Users\alexa\OneDrive\Documents\PowerShell\Modules\Pester\5.7.1\Pester.psm1:8189
at &lt;ScriptBlock&gt;, C:\Users\alexa\OneDrive\Documents\0. wizzense\AitherZero\tests\unit\modules\CoreApp\BulletproofCoreRunner.Tests.ps1:421
at &lt;ScriptBlock&gt;, C:\Users\alexa\OneDrive\Documents\PowerShell\Modules\Pester\5.7.1\Pester.psm1:2024
at &lt;ScriptBlock&gt;, C:\Users\alexa\OneDrive\Documents\PowerShell\Modules\Pester\5.7.1\Pester.psm1:1985
at Invoke-ScriptBlock, C:\Users\alexa\OneDrive\Documents\PowerShell\Modules\Pester\5.7.1\Pester.psm1:2157
at Invoke-TestItem, C:\Users\alexa\OneDrive\Documents\PowerShell\Modules\Pester\5.7.1\Pester.psm1:1199
at Invoke-Block, C:\Users\alexa\OneDrive\Documents\PowerShell\Modules\Pester\5.7.1\Pester.psm1:835
at &lt;ScriptBlock&gt;, C:\Users\alexa\OneDrive\Documents\PowerShell\Modules\Pester\5.7.1\Pester.psm1:893
at &lt;ScriptBlock&gt;, C:\Users\alexa\OneDrive\Documents\PowerShell\Modules\Pester\5.7.1\Pester.psm1:2024
at &lt;ScriptBlock&gt;, C:\Users\alexa\OneDrive\Documents\PowerShell\Modules\Pester\5.7.1\Pester.psm1:1985
at Invoke-ScriptBlock, C:\Users\alexa\OneDrive\Documents\PowerShell\Modules\Pester\5.7.1\Pester.psm1:2160
at Invoke-Block, C:\Users\alexa\OneDrive\Documents\PowerShell\Modules\Pester\5.7.1\Pester.psm1:940
at &lt;ScriptBlock&gt;, C:\Users\alexa\OneDrive\Documents\PowerShell\Modules\Pester\5.7.1\Pester.psm1:893
at &lt;ScriptBlock&gt;, C:\Users\alexa\OneDrive\Documents\PowerShell\Modules\Pester\5.7.1\Pester.psm1:2024
at &lt;ScriptBlock&gt;, C:\Users\alexa\OneDrive\Documents\PowerShell\Modules\Pester\5.7.1\Pester.psm1:1985
at Invoke-ScriptBlock, C:\Users\alexa\OneDrive\Documents\PowerShell\Modules\Pester\5.7.1\Pester.psm1:2160
at Invoke-Block, C:\Users\alexa\OneDrive\Documents\PowerShell\Modules\Pester\5.7.1\Pester.psm1:940
at &lt;ScriptBlock&gt;, C:\Users\alexa\OneDrive\Documents\PowerShell\Modules\Pester\5.7.1\Pester.psm1:893
at &lt;ScriptBlock&gt;, C:\Users\alexa\OneDrive\Documents\PowerShell\Modules\Pester\5.7.1\Pester.psm1:2024
at &lt;ScriptBlock&gt;, C:\Users\alexa\OneDrive\Documents\PowerShell\Modules\Pester\5.7.1\Pester.psm1:1985
at Invoke-ScriptBlock, C:\Users\alexa\OneDrive\Documents\PowerShell\Modules\Pester\5.7.1\Pester.psm1:2160
at Invoke-Block, C:\Users\alexa\OneDrive\Documents\PowerShell\Modules\Pester\5.7.1\Pester.psm1:940
at &lt;ScriptBlock&gt;, C:\Users\alexa\OneDrive\Documents\PowerShell\Modules\Pester\5.7.1\Pester.psm1:1688
at &lt;ScriptBlock&gt;, C:\Users\alexa\OneDrive\Documents\PowerShell\Modules\Pester\5.7.1\Pester.ps1:3
at &lt;ScriptBlock&gt;, C:\Users\alexa\OneDrive\Documents\PowerShell\Modules\Pester\5.7.1\Pester.psm1:3260
at Invoke-InNewScriptScope, C:\Users\alexa\OneDrive\Documents\PowerShell\Modules\Pester\5.7.1\Pester.psm1:3267
at Run-Test, C:\Users\alexa\OneDrive\Documents\PowerShell\Modules\Pester\5.7.1\Pester.psm1:1691
at Invoke-Test, C:\Users\alexa\OneDrive\Documents\PowerShell\Modules\Pester\5.7.1\Pester.psm1:2512
at Invoke-Pester&lt;End&gt;, C:\Users\alexa\OneDrive\Documents\PowerShell\Modules\Pester\5.7.1\Pester.psm1:4960
at &lt;ScriptBlock&gt;, &lt;No file&gt;:1</stack-trace>
                    </failure>
                  </test-case>
                </results>
              </test-suite>
            </results>
          </test-suite>
        </results>
      </test-suite>
      <test-suite type="TestFixture" name="C:\Users\alexa\OneDrive\Documents\0. wizzense\AitherZero\tests\unit\modules\CoreApp\CoreRunner.Tests.ps1" executed="True" result="Failure" success="False" time="0.4313" asserts="0" description="C:\Users\alexa\OneDrive\Documents\0. wizzense\AitherZero\tests\unit\modules\CoreApp\CoreRunner.Tests.ps1">
        <results>
          <test-suite type="TestFixture" name="Core Runner Script Validation Tests" executed="True" result="Failure" success="False" time="0.0341" asserts="0" description="Core Runner Script Validation Tests">
            <results>
              <test-suite type="TestFixture" name="Core Runner Script Validation Tests.Script file existence and basic validation" executed="True" result="Failure" success="False" time="0.0277" asserts="0" description="Core Runner Script Validation Tests.Script file existence and basic validation">
                <results>
                  <test-case description="should have core-runner.ps1 script" name="Core Runner Script Validation Tests.Script file existence and basic validation.should have core-runner.ps1 script" time="0.0132" asserts="0" success="False" result="Failure" executed="True">
                    <failure>
                      <message>Expected path 'C:\Users\alexa\OneDrive\Documents\0. wizzense\AitherZero/aither-core/core-runner.ps1' to exist, but it did not exist.</message>
                      <stack-trace>at $script:CoreRunnerScript | Should -Exist, C:\Users\alexa\OneDrive\Documents\0. wizzense\AitherZero\tests\unit\modules\CoreApp\CoreRunner.Tests.ps1:46
at Invoke-Assertion, C:\Users\alexa\OneDrive\Documents\PowerShell\Modules\Pester\5.7.1\Pester.psm1:8250
at Should&lt;End&gt;, C:\Users\alexa\OneDrive\Documents\PowerShell\Modules\Pester\5.7.1\Pester.psm1:8193
at &lt;ScriptBlock&gt;, C:\Users\alexa\OneDrive\Documents\0. wizzense\AitherZero\tests\unit\modules\CoreApp\CoreRunner.Tests.ps1:46
at &lt;ScriptBlock&gt;, C:\Users\alexa\OneDrive\Documents\PowerShell\Modules\Pester\5.7.1\Pester.psm1:2024
at &lt;ScriptBlock&gt;, C:\Users\alexa\OneDrive\Documents\PowerShell\Modules\Pester\5.7.1\Pester.psm1:1985
at Invoke-ScriptBlock, C:\Users\alexa\OneDrive\Documents\PowerShell\Modules\Pester\5.7.1\Pester.psm1:2157
at Invoke-TestItem, C:\Users\alexa\OneDrive\Documents\PowerShell\Modules\Pester\5.7.1\Pester.psm1:1199
at Invoke-Block, C:\Users\alexa\OneDrive\Documents\PowerShell\Modules\Pester\5.7.1\Pester.psm1:835
at &lt;ScriptBlock&gt;, C:\Users\alexa\OneDrive\Documents\PowerShell\Modules\Pester\5.7.1\Pester.psm1:893
at &lt;ScriptBlock&gt;, C:\Users\alexa\OneDrive\Documents\PowerShell\Modules\Pester\5.7.1\Pester.psm1:2024
at &lt;ScriptBlock&gt;, C:\Users\alexa\OneDrive\Documents\PowerShell\Modules\Pester\5.7.1\Pester.psm1:1985
at Invoke-ScriptBlock, C:\Users\alexa\OneDrive\Documents\PowerShell\Modules\Pester\5.7.1\Pester.psm1:2160
at Invoke-Block, C:\Users\alexa\OneDrive\Documents\PowerShell\Modules\Pester\5.7.1\Pester.psm1:940
at &lt;ScriptBlock&gt;, C:\Users\alexa\OneDrive\Documents\PowerShell\Modules\Pester\5.7.1\Pester.psm1:893
at &lt;ScriptBlock&gt;, C:\Users\alexa\OneDrive\Documents\PowerShell\Modules\Pester\5.7.1\Pester.psm1:2024
at &lt;ScriptBlock&gt;, C:\Users\alexa\OneDrive\Documents\PowerShell\Modules\Pester\5.7.1\Pester.psm1:1985
at Invoke-ScriptBlock, C:\Users\alexa\OneDrive\Documents\PowerShell\Modules\Pester\5.7.1\Pester.psm1:2160
at Invoke-Block, C:\Users\alexa\OneDrive\Documents\PowerShell\Modules\Pester\5.7.1\Pester.psm1:940
at &lt;ScriptBlock&gt;, C:\Users\alexa\OneDrive\Documents\PowerShell\Modules\Pester\5.7.1\Pester.psm1:893
at &lt;ScriptBlock&gt;, C:\Users\alexa\OneDrive\Documents\PowerShell\Modules\Pester\5.7.1\Pester.psm1:2024
at &lt;ScriptBlock&gt;, C:\Users\alexa\OneDrive\Documents\PowerShell\Modules\Pester\5.7.1\Pester.psm1:1985
at Invoke-ScriptBlock, C:\Users\alexa\OneDrive\Documents\PowerShell\Modules\Pester\5.7.1\Pester.psm1:2160
at Invoke-Block, C:\Users\alexa\OneDrive\Documents\PowerShell\Modules\Pester\5.7.1\Pester.psm1:940
at &lt;ScriptBlock&gt;, C:\Users\alexa\OneDrive\Documents\PowerShell\Modules\Pester\5.7.1\Pester.psm1:1688
at &lt;ScriptBlock&gt;, C:\Users\alexa\OneDrive\Documents\PowerShell\Modules\Pester\5.7.1\Pester.ps1:3
at &lt;ScriptBlock&gt;, C:\Users\alexa\OneDrive\Documents\PowerShell\Modules\Pester\5.7.1\Pester.psm1:3260
at Invoke-InNewScriptScope, C:\Users\alexa\OneDrive\Documents\PowerShell\Modules\Pester\5.7.1\Pester.psm1:3267
at Run-Test, C:\Users\alexa\OneDrive\Documents\PowerShell\Modules\Pester\5.7.1\Pester.psm1:1691
at Invoke-Test, C:\Users\alexa\OneDrive\Documents\PowerShell\Modules\Pester\5.7.1\Pester.psm1:2512
at Invoke-Pester&lt;End&gt;, C:\Users\alexa\OneDrive\Documents\PowerShell\Modules\Pester\5.7.1\Pester.psm1:4960
at &lt;ScriptBlock&gt;, &lt;No file&gt;:1</stack-trace>
                    </failure>
                  </test-case>
                  <test-case description="should have valid PowerShell syntax in core-runner.ps1" name="Core Runner Script Validation Tests.Script file existence and basic validation.should have valid PowerShell syntax in core-runner.ps1" time="0.0097" asserts="0" success="False" result="Failure" executed="True">
                    <failure>
                      <message>Expected 0, because core-runner.ps1 should have valid PowerShell syntax, but got 1.</message>
                      <stack-trace>at $errorCount | Should -Be 0 -Because 'core-runner.ps1 should have valid PowerShell syntax', C:\Users\alexa\OneDrive\Documents\0. wizzense\AitherZero\tests\unit\modules\CoreApp\CoreRunner.Tests.ps1:54
at Invoke-Assertion, C:\Users\alexa\OneDrive\Documents\PowerShell\Modules\Pester\5.7.1\Pester.psm1:8250
at Should&lt;End&gt;, C:\Users\alexa\OneDrive\Documents\PowerShell\Modules\Pester\5.7.1\Pester.psm1:8189
at &lt;ScriptBlock&gt;, C:\Users\alexa\OneDrive\Documents\0. wizzense\AitherZero\tests\unit\modules\CoreApp\CoreRunner.Tests.ps1:54
at &lt;ScriptBlock&gt;, C:\Users\alexa\OneDrive\Documents\PowerShell\Modules\Pester\5.7.1\Pester.psm1:2024
at &lt;ScriptBlock&gt;, C:\Users\alexa\OneDrive\Documents\PowerShell\Modules\Pester\5.7.1\Pester.psm1:1985
at Invoke-ScriptBlock, C:\Users\alexa\OneDrive\Documents\PowerShell\Modules\Pester\5.7.1\Pester.psm1:2157
at Invoke-TestItem, C:\Users\alexa\OneDrive\Documents\PowerShell\Modules\Pester\5.7.1\Pester.psm1:1199
at Invoke-Block, C:\Users\alexa\OneDrive\Documents\PowerShell\Modules\Pester\5.7.1\Pester.psm1:835
at &lt;ScriptBlock&gt;, C:\Users\alexa\OneDrive\Documents\PowerShell\Modules\Pester\5.7.1\Pester.psm1:893
at &lt;ScriptBlock&gt;, C:\Users\alexa\OneDrive\Documents\PowerShell\Modules\Pester\5.7.1\Pester.psm1:2024
at &lt;ScriptBlock&gt;, C:\Users\alexa\OneDrive\Documents\PowerShell\Modules\Pester\5.7.1\Pester.psm1:1985
at Invoke-ScriptBlock, C:\Users\alexa\OneDrive\Documents\PowerShell\Modules\Pester\5.7.1\Pester.psm1:2160
at Invoke-Block, C:\Users\alexa\OneDrive\Documents\PowerShell\Modules\Pester\5.7.1\Pester.psm1:940
at &lt;ScriptBlock&gt;, C:\Users\alexa\OneDrive\Documents\PowerShell\Modules\Pester\5.7.1\Pester.psm1:893
at &lt;ScriptBlock&gt;, C:\Users\alexa\OneDrive\Documents\PowerShell\Modules\Pester\5.7.1\Pester.psm1:2024
at &lt;ScriptBlock&gt;, C:\Users\alexa\OneDrive\Documents\PowerShell\Modules\Pester\5.7.1\Pester.psm1:1985
at Invoke-ScriptBlock, C:\Users\alexa\OneDrive\Documents\PowerShell\Modules\Pester\5.7.1\Pester.psm1:2160
at Invoke-Block, C:\Users\alexa\OneDrive\Documents\PowerShell\Modules\Pester\5.7.1\Pester.psm1:940
at &lt;ScriptBlock&gt;, C:\Users\alexa\OneDrive\Documents\PowerShell\Modules\Pester\5.7.1\Pester.psm1:893
at &lt;ScriptBlock&gt;, C:\Users\alexa\OneDrive\Documents\PowerShell\Modules\Pester\5.7.1\Pester.psm1:2024
at &lt;ScriptBlock&gt;, C:\Users\alexa\OneDrive\Documents\PowerShell\Modules\Pester\5.7.1\Pester.psm1:1985
at Invoke-ScriptBlock, C:\Users\alexa\OneDrive\Documents\PowerShell\Modules\Pester\5.7.1\Pester.psm1:2160
at Invoke-Block, C:\Users\alexa\OneDrive\Documents\PowerShell\Modules\Pester\5.7.1\Pester.psm1:940
at &lt;ScriptBlock&gt;, C:\Users\alexa\OneDrive\Documents\PowerShell\Modules\Pester\5.7.1\Pester.psm1:1688
at &lt;ScriptBlock&gt;, C:\Users\alexa\OneDrive\Documents\PowerShell\Modules\Pester\5.7.1\Pester.ps1:3
at &lt;ScriptBlock&gt;, C:\Users\alexa\OneDrive\Documents\PowerShell\Modules\Pester\5.7.1\Pester.psm1:3260
at Invoke-InNewScriptScope, C:\Users\alexa\OneDrive\Documents\PowerShell\Modules\Pester\5.7.1\Pester.psm1:3267
at Run-Test, C:\Users\alexa\OneDrive\Documents\PowerShell\Modules\Pester\5.7.1\Pester.psm1:1691
at Invoke-Test, C:\Users\alexa\OneDrive\Documents\PowerShell\Modules\Pester\5.7.1\Pester.psm1:2512
at Invoke-Pester&lt;End&gt;, C:\Users\alexa\OneDrive\Documents\PowerShell\Modules\Pester\5.7.1\Pester.psm1:4960
at &lt;ScriptBlock&gt;, &lt;No file&gt;:1</stack-trace>
                    </failure>
                  </test-case>
                </results>
              </test-suite>
            </results>
          </test-suite>
          <test-suite type="TestFixture" name="Core Runner Script Structure Tests" executed="True" result="Failure" success="False" time="0.1265" asserts="0" description="Core Runner Script Structure Tests">
            <results>
              <test-suite type="TestFixture" name="Core Runner Script Structure Tests.core-runner.ps1 structure validation" executed="True" result="Failure" success="False" time="0.0875" asserts="0" description="Core Runner Script Structure Tests.core-runner.ps1 structure validation">
                <results>
                  <test-case description="should require PowerShell 7.0 or later" name="Core Runner Script Structure Tests.core-runner.ps1 structure validation.should require PowerShell 7.0 or later" time="0.0087" asserts="0" success="False" result="Failure" executed="True">
                    <failure>
                      <message>Expected regular expression '#Requires -Version 7\.0' to match $null, because Script should require PowerShell 7.0+, but it did not match.</message>
                      <stack-trace>at $script:CoreRunnerContent | Should -Match '#Requires -Version 7\.0' -Because 'Script should require PowerShell 7.0+', C:\Users\alexa\OneDrive\Documents\0. wizzense\AitherZero\tests\unit\modules\CoreApp\CoreRunner.Tests.ps1:68
at Invoke-Assertion, C:\Users\alexa\OneDrive\Documents\PowerShell\Modules\Pester\5.7.1\Pester.psm1:8250
at Should&lt;End&gt;, C:\Users\alexa\OneDrive\Documents\PowerShell\Modules\Pester\5.7.1\Pester.psm1:8186
at &lt;ScriptBlock&gt;, C:\Users\alexa\OneDrive\Documents\0. wizzense\AitherZero\tests\unit\modules\CoreApp\CoreRunner.Tests.ps1:68
at &lt;ScriptBlock&gt;, C:\Users\alexa\OneDrive\Documents\PowerShell\Modules\Pester\5.7.1\Pester.psm1:2024
at &lt;ScriptBlock&gt;, C:\Users\alexa\OneDrive\Documents\PowerShell\Modules\Pester\5.7.1\Pester.psm1:1985
at Invoke-ScriptBlock, C:\Users\alexa\OneDrive\Documents\PowerShell\Modules\Pester\5.7.1\Pester.psm1:2157
at Invoke-TestItem, C:\Users\alexa\OneDrive\Documents\PowerShell\Modules\Pester\5.7.1\Pester.psm1:1199
at Invoke-Block, C:\Users\alexa\OneDrive\Documents\PowerShell\Modules\Pester\5.7.1\Pester.psm1:835
at &lt;ScriptBlock&gt;, C:\Users\alexa\OneDrive\Documents\PowerShell\Modules\Pester\5.7.1\Pester.psm1:893
at &lt;ScriptBlock&gt;, C:\Users\alexa\OneDrive\Documents\PowerShell\Modules\Pester\5.7.1\Pester.psm1:2024
at &lt;ScriptBlock&gt;, C:\Users\alexa\OneDrive\Documents\PowerShell\Modules\Pester\5.7.1\Pester.psm1:1985
at Invoke-ScriptBlock, C:\Users\alexa\OneDrive\Documents\PowerShell\Modules\Pester\5.7.1\Pester.psm1:2160
at Invoke-Block, C:\Users\alexa\OneDrive\Documents\PowerShell\Modules\Pester\5.7.1\Pester.psm1:940
at &lt;ScriptBlock&gt;, C:\Users\alexa\OneDrive\Documents\PowerShell\Modules\Pester\5.7.1\Pester.psm1:893
at &lt;ScriptBlock&gt;, C:\Users\alexa\OneDrive\Documents\PowerShell\Modules\Pester\5.7.1\Pester.psm1:2024
at &lt;ScriptBlock&gt;, C:\Users\alexa\OneDrive\Documents\PowerShell\Modules\Pester\5.7.1\Pester.psm1:1985
at Invoke-ScriptBlock, C:\Users\alexa\OneDrive\Documents\PowerShell\Modules\Pester\5.7.1\Pester.psm1:2160
at Invoke-Block, C:\Users\alexa\OneDrive\Documents\PowerShell\Modules\Pester\5.7.1\Pester.psm1:940
at &lt;ScriptBlock&gt;, C:\Users\alexa\OneDrive\Documents\PowerShell\Modules\Pester\5.7.1\Pester.psm1:893
at &lt;ScriptBlock&gt;, C:\Users\alexa\OneDrive\Documents\PowerShell\Modules\Pester\5.7.1\Pester.psm1:2024
at &lt;ScriptBlock&gt;, C:\Users\alexa\OneDrive\Documents\PowerShell\Modules\Pester\5.7.1\Pester.psm1:1985
at Invoke-ScriptBlock, C:\Users\alexa\OneDrive\Documents\PowerShell\Modules\Pester\5.7.1\Pester.psm1:2160
at Invoke-Block, C:\Users\alexa\OneDrive\Documents\PowerShell\Modules\Pester\5.7.1\Pester.psm1:940
at &lt;ScriptBlock&gt;, C:\Users\alexa\OneDrive\Documents\PowerShell\Modules\Pester\5.7.1\Pester.psm1:1688
at &lt;ScriptBlock&gt;, C:\Users\alexa\OneDrive\Documents\PowerShell\Modules\Pester\5.7.1\Pester.ps1:3
at &lt;ScriptBlock&gt;, C:\Users\alexa\OneDrive\Documents\PowerShell\Modules\Pester\5.7.1\Pester.psm1:3260
at Invoke-InNewScriptScope, C:\Users\alexa\OneDrive\Documents\PowerShell\Modules\Pester\5.7.1\Pester.psm1:3267
at Run-Test, C:\Users\alexa\OneDrive\Documents\PowerShell\Modules\Pester\5.7.1\Pester.psm1:1691
at Invoke-Test, C:\Users\alexa\OneDrive\Documents\PowerShell\Modules\Pester\5.7.1\Pester.psm1:2512
at Invoke-Pester&lt;End&gt;, C:\Users\alexa\OneDrive\Documents\PowerShell\Modules\Pester\5.7.1\Pester.psm1:4960
at &lt;ScriptBlock&gt;, &lt;No file&gt;:1</stack-trace>
                    </failure>
                  </test-case>
                  <test-case description="should have proper CmdletBinding with SupportsShouldProcess" name="Core Runner Script Structure Tests.core-runner.ps1 structure validation.should have proper CmdletBinding with SupportsShouldProcess" time="0.0183" asserts="0" success="False" result="Failure" executed="True">
                    <failure>
                      <message>Expected regular expression '\[CmdletBinding\([^)]*SupportsShouldProcess[^)]*\)\]' to match $null, because Script should support -WhatIf parameter, but it did not match.</message>
                      <stack-trace>at $script:CoreRunnerContent | Should -Match '\[CmdletBinding\([^)]*SupportsShouldProcess[^)]*\)\]' -Because 'Script should support -WhatIf parameter', C:\Users\alexa\OneDrive\Documents\0. wizzense\AitherZero\tests\unit\modules\CoreApp\CoreRunner.Tests.ps1:72
at Invoke-Assertion, C:\Users\alexa\OneDrive\Documents\PowerShell\Modules\Pester\5.7.1\Pester.psm1:8250
at Should&lt;End&gt;, C:\Users\alexa\OneDrive\Documents\PowerShell\Modules\Pester\5.7.1\Pester.psm1:8186
at &lt;ScriptBlock&gt;, C:\Users\alexa\OneDrive\Documents\0. wizzense\AitherZero\tests\unit\modules\CoreApp\CoreRunner.Tests.ps1:72
at &lt;ScriptBlock&gt;, C:\Users\alexa\OneDrive\Documents\PowerShell\Modules\Pester\5.7.1\Pester.psm1:2024
at &lt;ScriptBlock&gt;, C:\Users\alexa\OneDrive\Documents\PowerShell\Modules\Pester\5.7.1\Pester.psm1:1985
at Invoke-ScriptBlock, C:\Users\alexa\OneDrive\Documents\PowerShell\Modules\Pester\5.7.1\Pester.psm1:2157
at Invoke-TestItem, C:\Users\alexa\OneDrive\Documents\PowerShell\Modules\Pester\5.7.1\Pester.psm1:1199
at Invoke-Block, C:\Users\alexa\OneDrive\Documents\PowerShell\Modules\Pester\5.7.1\Pester.psm1:835
at &lt;ScriptBlock&gt;, C:\Users\alexa\OneDrive\Documents\PowerShell\Modules\Pester\5.7.1\Pester.psm1:893
at &lt;ScriptBlock&gt;, C:\Users\alexa\OneDrive\Documents\PowerShell\Modules\Pester\5.7.1\Pester.psm1:2024
at &lt;ScriptBlock&gt;, C:\Users\alexa\OneDrive\Documents\PowerShell\Modules\Pester\5.7.1\Pester.psm1:1985
at Invoke-ScriptBlock, C:\Users\alexa\OneDrive\Documents\PowerShell\Modules\Pester\5.7.1\Pester.psm1:2160
at Invoke-Block, C:\Users\alexa\OneDrive\Documents\PowerShell\Modules\Pester\5.7.1\Pester.psm1:940
at &lt;ScriptBlock&gt;, C:\Users\alexa\OneDrive\Documents\PowerShell\Modules\Pester\5.7.1\Pester.psm1:893
at &lt;ScriptBlock&gt;, C:\Users\alexa\OneDrive\Documents\PowerShell\Modules\Pester\5.7.1\Pester.psm1:2024
at &lt;ScriptBlock&gt;, C:\Users\alexa\OneDrive\Documents\PowerShell\Modules\Pester\5.7.1\Pester.psm1:1985
at Invoke-ScriptBlock, C:\Users\alexa\OneDrive\Documents\PowerShell\Modules\Pester\5.7.1\Pester.psm1:2160
at Invoke-Block, C:\Users\alexa\OneDrive\Documents\PowerShell\Modules\Pester\5.7.1\Pester.psm1:940
at &lt;ScriptBlock&gt;, C:\Users\alexa\OneDrive\Documents\PowerShell\Modules\Pester\5.7.1\Pester.psm1:893
at &lt;ScriptBlock&gt;, C:\Users\alexa\OneDrive\Documents\PowerShell\Modules\Pester\5.7.1\Pester.psm1:2024
at &lt;ScriptBlock&gt;, C:\Users\alexa\OneDrive\Documents\PowerShell\Modules\Pester\5.7.1\Pester.psm1:1985
at Invoke-ScriptBlock, C:\Users\alexa\OneDrive\Documents\PowerShell\Modules\Pester\5.7.1\Pester.psm1:2160
at Invoke-Block, C:\Users\alexa\OneDrive\Documents\PowerShell\Modules\Pester\5.7.1\Pester.psm1:940
at &lt;ScriptBlock&gt;, C:\Users\alexa\OneDrive\Documents\PowerShell\Modules\Pester\5.7.1\Pester.psm1:1688
at &lt;ScriptBlock&gt;, C:\Users\alexa\OneDrive\Documents\PowerShell\Modules\Pester\5.7.1\Pester.ps1:3
at &lt;ScriptBlock&gt;, C:\Users\alexa\OneDrive\Documents\PowerShell\Modules\Pester\5.7.1\Pester.psm1:3260
at Invoke-InNewScriptScope, C:\Users\alexa\OneDrive\Documents\PowerShell\Modules\Pester\5.7.1\Pester.psm1:3267
at Run-Test, C:\Users\alexa\OneDrive\Documents\PowerShell\Modules\Pester\5.7.1\Pester.psm1:1691
at Invoke-Test, C:\Users\alexa\OneDrive\Documents\PowerShell\Modules\Pester\5.7.1\Pester.psm1:2512
at Invoke-Pester&lt;End&gt;, C:\Users\alexa\OneDrive\Documents\PowerShell\Modules\Pester\5.7.1\Pester.psm1:4960
at &lt;ScriptBlock&gt;, &lt;No file&gt;:1</stack-trace>
                    </failure>
                  </test-case>
                  <test-case description="should have comprehensive parameter definitions" name="Core Runner Script Structure Tests.core-runner.ps1 structure validation.should have comprehensive parameter definitions" time="0.007" asserts="0" success="False" result="Failure" executed="True">
                    <failure>
                      <message>Expected regular expression 'param\s*\(' to match $null, because Script should have parameter block, but it did not match.</message>
                      <stack-trace>at $script:CoreRunnerContent | Should -Match 'param\s*\(' -Because 'Script should have parameter block', C:\Users\alexa\OneDrive\Documents\0. wizzense\AitherZero\tests\unit\modules\CoreApp\CoreRunner.Tests.ps1:76
at Invoke-Assertion, C:\Users\alexa\OneDrive\Documents\PowerShell\Modules\Pester\5.7.1\Pester.psm1:8250
at Should&lt;End&gt;, C:\Users\alexa\OneDrive\Documents\PowerShell\Modules\Pester\5.7.1\Pester.psm1:8186
at &lt;ScriptBlock&gt;, C:\Users\alexa\OneDrive\Documents\0. wizzense\AitherZero\tests\unit\modules\CoreApp\CoreRunner.Tests.ps1:76
at &lt;ScriptBlock&gt;, C:\Users\alexa\OneDrive\Documents\PowerShell\Modules\Pester\5.7.1\Pester.psm1:2024
at &lt;ScriptBlock&gt;, C:\Users\alexa\OneDrive\Documents\PowerShell\Modules\Pester\5.7.1\Pester.psm1:1985
at Invoke-ScriptBlock, C:\Users\alexa\OneDrive\Documents\PowerShell\Modules\Pester\5.7.1\Pester.psm1:2157
at Invoke-TestItem, C:\Users\alexa\OneDrive\Documents\PowerShell\Modules\Pester\5.7.1\Pester.psm1:1199
at Invoke-Block, C:\Users\alexa\OneDrive\Documents\PowerShell\Modules\Pester\5.7.1\Pester.psm1:835
at &lt;ScriptBlock&gt;, C:\Users\alexa\OneDrive\Documents\PowerShell\Modules\Pester\5.7.1\Pester.psm1:893
at &lt;ScriptBlock&gt;, C:\Users\alexa\OneDrive\Documents\PowerShell\Modules\Pester\5.7.1\Pester.psm1:2024
at &lt;ScriptBlock&gt;, C:\Users\alexa\OneDrive\Documents\PowerShell\Modules\Pester\5.7.1\Pester.psm1:1985
at Invoke-ScriptBlock, C:\Users\alexa\OneDrive\Documents\PowerShell\Modules\Pester\5.7.1\Pester.psm1:2160
at Invoke-Block, C:\Users\alexa\OneDrive\Documents\PowerShell\Modules\Pester\5.7.1\Pester.psm1:940
at &lt;ScriptBlock&gt;, C:\Users\alexa\OneDrive\Documents\PowerShell\Modules\Pester\5.7.1\Pester.psm1:893
at &lt;ScriptBlock&gt;, C:\Users\alexa\OneDrive\Documents\PowerShell\Modules\Pester\5.7.1\Pester.psm1:2024
at &lt;ScriptBlock&gt;, C:\Users\alexa\OneDrive\Documents\PowerShell\Modules\Pester\5.7.1\Pester.psm1:1985
at Invoke-ScriptBlock, C:\Users\alexa\OneDrive\Documents\PowerShell\Modules\Pester\5.7.1\Pester.psm1:2160
at Invoke-Block, C:\Users\alexa\OneDrive\Documents\PowerShell\Modules\Pester\5.7.1\Pester.psm1:940
at &lt;ScriptBlock&gt;, C:\Users\alexa\OneDrive\Documents\PowerShell\Modules\Pester\5.7.1\Pester.psm1:893
at &lt;ScriptBlock&gt;, C:\Users\alexa\OneDrive\Documents\PowerShell\Modules\Pester\5.7.1\Pester.psm1:2024
at &lt;ScriptBlock&gt;, C:\Users\alexa\OneDrive\Documents\PowerShell\Modules\Pester\5.7.1\Pester.psm1:1985
at Invoke-ScriptBlock, C:\Users\alexa\OneDrive\Documents\PowerShell\Modules\Pester\5.7.1\Pester.psm1:2160
at Invoke-Block, C:\Users\alexa\OneDrive\Documents\PowerShell\Modules\Pester\5.7.1\Pester.psm1:940
at &lt;ScriptBlock&gt;, C:\Users\alexa\OneDrive\Documents\PowerShell\Modules\Pester\5.7.1\Pester.psm1:1688
at &lt;ScriptBlock&gt;, C:\Users\alexa\OneDrive\Documents\PowerShell\Modules\Pester\5.7.1\Pester.ps1:3
at &lt;ScriptBlock&gt;, C:\Users\alexa\OneDrive\Documents\PowerShell\Modules\Pester\5.7.1\Pester.psm1:3260
at Invoke-InNewScriptScope, C:\Users\alexa\OneDrive\Documents\PowerShell\Modules\Pester\5.7.1\Pester.psm1:3267
at Run-Test, C:\Users\alexa\OneDrive\Documents\PowerShell\Modules\Pester\5.7.1\Pester.psm1:1691
at Invoke-Test, C:\Users\alexa\OneDrive\Documents\PowerShell\Modules\Pester\5.7.1\Pester.psm1:2512
at Invoke-Pester&lt;End&gt;, C:\Users\alexa\OneDrive\Documents\PowerShell\Modules\Pester\5.7.1\Pester.psm1:4960
at &lt;ScriptBlock&gt;, &lt;No file&gt;:1</stack-trace>
                    </failure>
                  </test-case>
                  <test-case description="should have expected parameters" name="Core Runner Script Structure Tests.core-runner.ps1 structure validation.should have expected parameters" time="0.0071" asserts="0" success="False" result="Failure" executed="True">
                    <failure>
                      <message>Expected regular expression '\$Quiet' to match $null, because Script should have Quiet parameter, but it did not match.</message>
                      <stack-trace>at $script:CoreRunnerContent | Should -Match "\`$$param" -Because "Script should have $param parameter", C:\Users\alexa\OneDrive\Documents\0. wizzense\AitherZero\tests\unit\modules\CoreApp\CoreRunner.Tests.ps1:90
at Invoke-Assertion, C:\Users\alexa\OneDrive\Documents\PowerShell\Modules\Pester\5.7.1\Pester.psm1:8250
at Should&lt;End&gt;, C:\Users\alexa\OneDrive\Documents\PowerShell\Modules\Pester\5.7.1\Pester.psm1:8186
at &lt;ScriptBlock&gt;, C:\Users\alexa\OneDrive\Documents\0. wizzense\AitherZero\tests\unit\modules\CoreApp\CoreRunner.Tests.ps1:90
at &lt;ScriptBlock&gt;, C:\Users\alexa\OneDrive\Documents\PowerShell\Modules\Pester\5.7.1\Pester.psm1:2024
at &lt;ScriptBlock&gt;, C:\Users\alexa\OneDrive\Documents\PowerShell\Modules\Pester\5.7.1\Pester.psm1:1985
at Invoke-ScriptBlock, C:\Users\alexa\OneDrive\Documents\PowerShell\Modules\Pester\5.7.1\Pester.psm1:2157
at Invoke-TestItem, C:\Users\alexa\OneDrive\Documents\PowerShell\Modules\Pester\5.7.1\Pester.psm1:1199
at Invoke-Block, C:\Users\alexa\OneDrive\Documents\PowerShell\Modules\Pester\5.7.1\Pester.psm1:835
at &lt;ScriptBlock&gt;, C:\Users\alexa\OneDrive\Documents\PowerShell\Modules\Pester\5.7.1\Pester.psm1:893
at &lt;ScriptBlock&gt;, C:\Users\alexa\OneDrive\Documents\PowerShell\Modules\Pester\5.7.1\Pester.psm1:2024
at &lt;ScriptBlock&gt;, C:\Users\alexa\OneDrive\Documents\PowerShell\Modules\Pester\5.7.1\Pester.psm1:1985
at Invoke-ScriptBlock, C:\Users\alexa\OneDrive\Documents\PowerShell\Modules\Pester\5.7.1\Pester.psm1:2160
at Invoke-Block, C:\Users\alexa\OneDrive\Documents\PowerShell\Modules\Pester\5.7.1\Pester.psm1:940
at &lt;ScriptBlock&gt;, C:\Users\alexa\OneDrive\Documents\PowerShell\Modules\Pester\5.7.1\Pester.psm1:893
at &lt;ScriptBlock&gt;, C:\Users\alexa\OneDrive\Documents\PowerShell\Modules\Pester\5.7.1\Pester.psm1:2024
at &lt;ScriptBlock&gt;, C:\Users\alexa\OneDrive\Documents\PowerShell\Modules\Pester\5.7.1\Pester.psm1:1985
at Invoke-ScriptBlock, C:\Users\alexa\OneDrive\Documents\PowerShell\Modules\Pester\5.7.1\Pester.psm1:2160
at Invoke-Block, C:\Users\alexa\OneDrive\Documents\PowerShell\Modules\Pester\5.7.1\Pester.psm1:940
at &lt;ScriptBlock&gt;, C:\Users\alexa\OneDrive\Documents\PowerShell\Modules\Pester\5.7.1\Pester.psm1:893
at &lt;ScriptBlock&gt;, C:\Users\alexa\OneDrive\Documents\PowerShell\Modules\Pester\5.7.1\Pester.psm1:2024
at &lt;ScriptBlock&gt;, C:\Users\alexa\OneDrive\Documents\PowerShell\Modules\Pester\5.7.1\Pester.psm1:1985
at Invoke-ScriptBlock, C:\Users\alexa\OneDrive\Documents\PowerShell\Modules\Pester\5.7.1\Pester.psm1:2160
at Invoke-Block, C:\Users\alexa\OneDrive\Documents\PowerShell\Modules\Pester\5.7.1\Pester.psm1:940
at &lt;ScriptBlock&gt;, C:\Users\alexa\OneDrive\Documents\PowerShell\Modules\Pester\5.7.1\Pester.psm1:1688
at &lt;ScriptBlock&gt;, C:\Users\alexa\OneDrive\Documents\PowerShell\Modules\Pester\5.7.1\Pester.ps1:3
at &lt;ScriptBlock&gt;, C:\Users\alexa\OneDrive\Documents\PowerShell\Modules\Pester\5.7.1\Pester.psm1:3260
at Invoke-InNewScriptScope, C:\Users\alexa\OneDrive\Documents\PowerShell\Modules\Pester\5.7.1\Pester.psm1:3267
at Run-Test, C:\Users\alexa\OneDrive\Documents\PowerShell\Modules\Pester\5.7.1\Pester.psm1:1691
at Invoke-Test, C:\Users\alexa\OneDrive\Documents\PowerShell\Modules\Pester\5.7.1\Pester.psm1:2512
at Invoke-Pester&lt;End&gt;, C:\Users\alexa\OneDrive\Documents\PowerShell\Modules\Pester\5.7.1\Pester.psm1:4960
at &lt;ScriptBlock&gt;, &lt;No file&gt;:1</stack-trace>
                    </failure>
                  </test-case>
                  <test-case description="should have parameter validation attributes" name="Core Runner Script Structure Tests.core-runner.ps1 structure validation.should have parameter validation attributes" time="0.0087" asserts="0" success="False" result="Failure" executed="True">
                    <failure>
                      <message>Expected regular expression '\[ValidateSet\(' to match $null, because Script should use ValidateSet for constrained parameters, but it did not match.</message>
                      <stack-trace>at $script:CoreRunnerContent | Should -Match '\[ValidateSet\(' -Because 'Script should use ValidateSet for constrained parameters', C:\Users\alexa\OneDrive\Documents\0. wizzense\AitherZero\tests\unit\modules\CoreApp\CoreRunner.Tests.ps1:95
at Invoke-Assertion, C:\Users\alexa\OneDrive\Documents\PowerShell\Modules\Pester\5.7.1\Pester.psm1:8250
at Should&lt;End&gt;, C:\Users\alexa\OneDrive\Documents\PowerShell\Modules\Pester\5.7.1\Pester.psm1:8186
at &lt;ScriptBlock&gt;, C:\Users\alexa\OneDrive\Documents\0. wizzense\AitherZero\tests\unit\modules\CoreApp\CoreRunner.Tests.ps1:95
at &lt;ScriptBlock&gt;, C:\Users\alexa\OneDrive\Documents\PowerShell\Modules\Pester\5.7.1\Pester.psm1:2024
at &lt;ScriptBlock&gt;, C:\Users\alexa\OneDrive\Documents\PowerShell\Modules\Pester\5.7.1\Pester.psm1:1985
at Invoke-ScriptBlock, C:\Users\alexa\OneDrive\Documents\PowerShell\Modules\Pester\5.7.1\Pester.psm1:2157
at Invoke-TestItem, C:\Users\alexa\OneDrive\Documents\PowerShell\Modules\Pester\5.7.1\Pester.psm1:1199
at Invoke-Block, C:\Users\alexa\OneDrive\Documents\PowerShell\Modules\Pester\5.7.1\Pester.psm1:835
at &lt;ScriptBlock&gt;, C:\Users\alexa\OneDrive\Documents\PowerShell\Modules\Pester\5.7.1\Pester.psm1:893
at &lt;ScriptBlock&gt;, C:\Users\alexa\OneDrive\Documents\PowerShell\Modules\Pester\5.7.1\Pester.psm1:2024
at &lt;ScriptBlock&gt;, C:\Users\alexa\OneDrive\Documents\PowerShell\Modules\Pester\5.7.1\Pester.psm1:1985
at Invoke-ScriptBlock, C:\Users\alexa\OneDrive\Documents\PowerShell\Modules\Pester\5.7.1\Pester.psm1:2160
at Invoke-Block, C:\Users\alexa\OneDrive\Documents\PowerShell\Modules\Pester\5.7.1\Pester.psm1:940
at &lt;ScriptBlock&gt;, C:\Users\alexa\OneDrive\Documents\PowerShell\Modules\Pester\5.7.1\Pester.psm1:893
at &lt;ScriptBlock&gt;, C:\Users\alexa\OneDrive\Documents\PowerShell\Modules\Pester\5.7.1\Pester.psm1:2024
at &lt;ScriptBlock&gt;, C:\Users\alexa\OneDrive\Documents\PowerShell\Modules\Pester\5.7.1\Pester.psm1:1985
at Invoke-ScriptBlock, C:\Users\alexa\OneDrive\Documents\PowerShell\Modules\Pester\5.7.1\Pester.psm1:2160
at Invoke-Block, C:\Users\alexa\OneDrive\Documents\PowerShell\Modules\Pester\5.7.1\Pester.psm1:940
at &lt;ScriptBlock&gt;, C:\Users\alexa\OneDrive\Documents\PowerShell\Modules\Pester\5.7.1\Pester.psm1:893
at &lt;ScriptBlock&gt;, C:\Users\alexa\OneDrive\Documents\PowerShell\Modules\Pester\5.7.1\Pester.psm1:2024
at &lt;ScriptBlock&gt;, C:\Users\alexa\OneDrive\Documents\PowerShell\Modules\Pester\5.7.1\Pester.psm1:1985
at Invoke-ScriptBlock, C:\Users\alexa\OneDrive\Documents\PowerShell\Modules\Pester\5.7.1\Pester.psm1:2160
at Invoke-Block, C:\Users\alexa\OneDrive\Documents\PowerShell\Modules\Pester\5.7.1\Pester.psm1:940
at &lt;ScriptBlock&gt;, C:\Users\alexa\OneDrive\Documents\PowerShell\Modules\Pester\5.7.1\Pester.psm1:1688
at &lt;ScriptBlock&gt;, C:\Users\alexa\OneDrive\Documents\PowerShell\Modules\Pester\5.7.1\Pester.ps1:3
at &lt;ScriptBlock&gt;, C:\Users\alexa\OneDrive\Documents\PowerShell\Modules\Pester\5.7.1\Pester.psm1:3260
at Invoke-InNewScriptScope, C:\Users\alexa\OneDrive\Documents\PowerShell\Modules\Pester\5.7.1\Pester.psm1:3267
at Run-Test, C:\Users\alexa\OneDrive\Documents\PowerShell\Modules\Pester\5.7.1\Pester.psm1:1691
at Invoke-Test, C:\Users\alexa\OneDrive\Documents\PowerShell\Modules\Pester\5.7.1\Pester.psm1:2512
at Invoke-Pester&lt;End&gt;, C:\Users\alexa\OneDrive\Documents\PowerShell\Modules\Pester\5.7.1\Pester.psm1:4960
at &lt;ScriptBlock&gt;, &lt;No file&gt;:1</stack-trace>
                    </failure>
                  </test-case>
                  <test-case description="should have comprehensive help documentation" name="Core Runner Script Structure Tests.core-runner.ps1 structure validation.should have comprehensive help documentation" time="0.0081" asserts="0" success="False" result="Failure" executed="True">
                    <failure>
                      <message>Expected regular expression '\.SYNOPSIS' to match $null, because Script should have synopsis documentation, but it did not match.</message>
                      <stack-trace>at $script:CoreRunnerContent | Should -Match '\.SYNOPSIS' -Because 'Script should have synopsis documentation', C:\Users\alexa\OneDrive\Documents\0. wizzense\AitherZero\tests\unit\modules\CoreApp\CoreRunner.Tests.ps1:99
at Invoke-Assertion, C:\Users\alexa\OneDrive\Documents\PowerShell\Modules\Pester\5.7.1\Pester.psm1:8250
at Should&lt;End&gt;, C:\Users\alexa\OneDrive\Documents\PowerShell\Modules\Pester\5.7.1\Pester.psm1:8186
at &lt;ScriptBlock&gt;, C:\Users\alexa\OneDrive\Documents\0. wizzense\AitherZero\tests\unit\modules\CoreApp\CoreRunner.Tests.ps1:99
at &lt;ScriptBlock&gt;, C:\Users\alexa\OneDrive\Documents\PowerShell\Modules\Pester\5.7.1\Pester.psm1:2024
at &lt;ScriptBlock&gt;, C:\Users\alexa\OneDrive\Documents\PowerShell\Modules\Pester\5.7.1\Pester.psm1:1985
at Invoke-ScriptBlock, C:\Users\alexa\OneDrive\Documents\PowerShell\Modules\Pester\5.7.1\Pester.psm1:2157
at Invoke-TestItem, C:\Users\alexa\OneDrive\Documents\PowerShell\Modules\Pester\5.7.1\Pester.psm1:1199
at Invoke-Block, C:\Users\alexa\OneDrive\Documents\PowerShell\Modules\Pester\5.7.1\Pester.psm1:835
at &lt;ScriptBlock&gt;, C:\Users\alexa\OneDrive\Documents\PowerShell\Modules\Pester\5.7.1\Pester.psm1:893
at &lt;ScriptBlock&gt;, C:\Users\alexa\OneDrive\Documents\PowerShell\Modules\Pester\5.7.1\Pester.psm1:2024
at &lt;ScriptBlock&gt;, C:\Users\alexa\OneDrive\Documents\PowerShell\Modules\Pester\5.7.1\Pester.psm1:1985
at Invoke-ScriptBlock, C:\Users\alexa\OneDrive\Documents\PowerShell\Modules\Pester\5.7.1\Pester.psm1:2160
at Invoke-Block, C:\Users\alexa\OneDrive\Documents\PowerShell\Modules\Pester\5.7.1\Pester.psm1:940
at &lt;ScriptBlock&gt;, C:\Users\alexa\OneDrive\Documents\PowerShell\Modules\Pester\5.7.1\Pester.psm1:893
at &lt;ScriptBlock&gt;, C:\Users\alexa\OneDrive\Documents\PowerShell\Modules\Pester\5.7.1\Pester.psm1:2024
at &lt;ScriptBlock&gt;, C:\Users\alexa\OneDrive\Documents\PowerShell\Modules\Pester\5.7.1\Pester.psm1:1985
at Invoke-ScriptBlock, C:\Users\alexa\OneDrive\Documents\PowerShell\Modules\Pester\5.7.1\Pester.psm1:2160
at Invoke-Block, C:\Users\alexa\OneDrive\Documents\PowerShell\Modules\Pester\5.7.1\Pester.psm1:940
at &lt;ScriptBlock&gt;, C:\Users\alexa\OneDrive\Documents\PowerShell\Modules\Pester\5.7.1\Pester.psm1:893
at &lt;ScriptBlock&gt;, C:\Users\alexa\OneDrive\Documents\PowerShell\Modules\Pester\5.7.1\Pester.psm1:2024
at &lt;ScriptBlock&gt;, C:\Users\alexa\OneDrive\Documents\PowerShell\Modules\Pester\5.7.1\Pester.psm1:1985
at Invoke-ScriptBlock, C:\Users\alexa\OneDrive\Documents\PowerShell\Modules\Pester\5.7.1\Pester.psm1:2160
at Invoke-Block, C:\Users\alexa\OneDrive\Documents\PowerShell\Modules\Pester\5.7.1\Pester.psm1:940
at &lt;ScriptBlock&gt;, C:\Users\alexa\OneDrive\Documents\PowerShell\Modules\Pester\5.7.1\Pester.psm1:1688
at &lt;ScriptBlock&gt;, C:\Users\alexa\OneDrive\Documents\PowerShell\Modules\Pester\5.7.1\Pester.ps1:3
at &lt;ScriptBlock&gt;, C:\Users\alexa\OneDrive\Documents\PowerShell\Modules\Pester\5.7.1\Pester.psm1:3260
at Invoke-InNewScriptScope, C:\Users\alexa\OneDrive\Documents\PowerShell\Modules\Pester\5.7.1\Pester.psm1:3267
at Run-Test, C:\Users\alexa\OneDrive\Documents\PowerShell\Modules\Pester\5.7.1\Pester.psm1:1691
at Invoke-Test, C:\Users\alexa\OneDrive\Documents\PowerShell\Modules\Pester\5.7.1\Pester.psm1:2512
at Invoke-Pester&lt;End&gt;, C:\Users\alexa\OneDrive\Documents\PowerShell\Modules\Pester\5.7.1\Pester.psm1:4960
at &lt;ScriptBlock&gt;, &lt;No file&gt;:1</stack-trace>
                    </failure>
                  </test-case>
                </results>
              </test-suite>
            </results>
          </test-suite>
          <test-suite type="TestFixture" name="Core Runner Parameter Validation Tests" executed="True" result="Failure" success="False" time="0.2358" asserts="0" description="Core Runner Parameter Validation Tests">
            <results>
              <test-suite type="TestFixture" name="Core Runner Parameter Validation Tests.core-runner.ps1 parameter validation" executed="True" result="Failure" success="False" time="0.1041" asserts="0" description="Core Runner Parameter Validation Tests.core-runner.ps1 parameter validation">
                <results>
                  <test-case description="should accept Quiet parameter as switch" name="Core Runner Parameter Validation Tests.core-runner.ps1 parameter validation.should accept Quiet parameter as switch" time="0.0138" asserts="0" success="False" result="Failure" executed="True">
                    <failure>
                      <message>Expected no exception to be thrown, but an exception "The term 'C:\Users\alexa\OneDrive\Documents\0. wizzense\AitherZero/aither-core/core-runner.ps1' is not recognized as a name of a cmdlet, function, script file, or executable program.
Check the spelling of the name, or if a path was included, verify that the path is correct and try again." was thrown from C:\Users\alexa\OneDrive\Documents\0. wizzense\AitherZero\tests\unit\modules\CoreApp\CoreRunner.Tests.ps1:109 char:17
    +             { &amp; $script:CoreRunnerScript -Quiet -Scripts "0200_Get-Sy …
    +                 ~~~~~~~~~~~~~~~~~~~~~~~~.</message>
                      <stack-trace>at { &amp; $script:CoreRunnerScript -Quiet -Scripts "0200_Get-SystemInfo" -WhatIf } | Should -Not -Throw, C:\Users\alexa\OneDrive\Documents\0. wizzense\AitherZero\tests\unit\modules\CoreApp\CoreRunner.Tests.ps1:109
at Invoke-Assertion, C:\Users\alexa\OneDrive\Documents\PowerShell\Modules\Pester\5.7.1\Pester.psm1:8250
at Should&lt;End&gt;, C:\Users\alexa\OneDrive\Documents\PowerShell\Modules\Pester\5.7.1\Pester.psm1:8193
at &lt;ScriptBlock&gt;, C:\Users\alexa\OneDrive\Documents\0. wizzense\AitherZero\tests\unit\modules\CoreApp\CoreRunner.Tests.ps1:109
at &lt;ScriptBlock&gt;, C:\Users\alexa\OneDrive\Documents\PowerShell\Modules\Pester\5.7.1\Pester.psm1:2024
at &lt;ScriptBlock&gt;, C:\Users\alexa\OneDrive\Documents\PowerShell\Modules\Pester\5.7.1\Pester.psm1:1985
at Invoke-ScriptBlock, C:\Users\alexa\OneDrive\Documents\PowerShell\Modules\Pester\5.7.1\Pester.psm1:2157
at Invoke-TestItem, C:\Users\alexa\OneDrive\Documents\PowerShell\Modules\Pester\5.7.1\Pester.psm1:1199
at Invoke-Block, C:\Users\alexa\OneDrive\Documents\PowerShell\Modules\Pester\5.7.1\Pester.psm1:835
at &lt;ScriptBlock&gt;, C:\Users\alexa\OneDrive\Documents\PowerShell\Modules\Pester\5.7.1\Pester.psm1:893
at &lt;ScriptBlock&gt;, C:\Users\alexa\OneDrive\Documents\PowerShell\Modules\Pester\5.7.1\Pester.psm1:2024
at &lt;ScriptBlock&gt;, C:\Users\alexa\OneDrive\Documents\PowerShell\Modules\Pester\5.7.1\Pester.psm1:1985
at Invoke-ScriptBlock, C:\Users\alexa\OneDrive\Documents\PowerShell\Modules\Pester\5.7.1\Pester.psm1:2160
at Invoke-Block, C:\Users\alexa\OneDrive\Documents\PowerShell\Modules\Pester\5.7.1\Pester.psm1:940
at &lt;ScriptBlock&gt;, C:\Users\alexa\OneDrive\Documents\PowerShell\Modules\Pester\5.7.1\Pester.psm1:893
at &lt;ScriptBlock&gt;, C:\Users\alexa\OneDrive\Documents\PowerShell\Modules\Pester\5.7.1\Pester.psm1:2024
at &lt;ScriptBlock&gt;, C:\Users\alexa\OneDrive\Documents\PowerShell\Modules\Pester\5.7.1\Pester.psm1:1985
at Invoke-ScriptBlock, C:\Users\alexa\OneDrive\Documents\PowerShell\Modules\Pester\5.7.1\Pester.psm1:2160
at Invoke-Block, C:\Users\alexa\OneDrive\Documents\PowerShell\Modules\Pester\5.7.1\Pester.psm1:940
at &lt;ScriptBlock&gt;, C:\Users\alexa\OneDrive\Documents\PowerShell\Modules\Pester\5.7.1\Pester.psm1:893
at &lt;ScriptBlock&gt;, C:\Users\alexa\OneDrive\Documents\PowerShell\Modules\Pester\5.7.1\Pester.psm1:2024
at &lt;ScriptBlock&gt;, C:\Users\alexa\OneDrive\Documents\PowerShell\Modules\Pester\5.7.1\Pester.psm1:1985
at Invoke-ScriptBlock, C:\Users\alexa\OneDrive\Documents\PowerShell\Modules\Pester\5.7.1\Pester.psm1:2160
at Invoke-Block, C:\Users\alexa\OneDrive\Documents\PowerShell\Modules\Pester\5.7.1\Pester.psm1:940
at &lt;ScriptBlock&gt;, C:\Users\alexa\OneDrive\Documents\PowerShell\Modules\Pester\5.7.1\Pester.psm1:1688
at &lt;ScriptBlock&gt;, C:\Users\alexa\OneDrive\Documents\PowerShell\Modules\Pester\5.7.1\Pester.ps1:3
at &lt;ScriptBlock&gt;, C:\Users\alexa\OneDrive\Documents\PowerShell\Modules\Pester\5.7.1\Pester.psm1:3260
at Invoke-InNewScriptScope, C:\Users\alexa\OneDrive\Documents\PowerShell\Modules\Pester\5.7.1\Pester.psm1:3267
at Run-Test, C:\Users\alexa\OneDrive\Documents\PowerShell\Modules\Pester\5.7.1\Pester.psm1:1691
at Invoke-Test, C:\Users\alexa\OneDrive\Documents\PowerShell\Modules\Pester\5.7.1\Pester.psm1:2512
at Invoke-Pester&lt;End&gt;, C:\Users\alexa\OneDrive\Documents\PowerShell\Modules\Pester\5.7.1\Pester.psm1:4960
at &lt;ScriptBlock&gt;, &lt;No file&gt;:1</stack-trace>
                    </failure>
                  </test-case>
                  <test-case description="should accept valid Verbosity values" name="Core Runner Parameter Validation Tests.core-runner.ps1 parameter validation.should accept valid Verbosity values" time="0.0121" asserts="0" success="False" result="Failure" executed="True">
                    <failure>
                      <message>Expected no exception to be thrown, because Should accept verbosity level: silent, but an exception "The term 'C:\Users\alexa\OneDrive\Documents\0. wizzense\AitherZero/aither-core/core-runner.ps1' is not recognized as a name of a cmdlet, function, script file, or executable program.
Check the spelling of the name, or if a path was included, verify that the path is correct and try again." was thrown from C:\Users\alexa\OneDrive\Documents\0. wizzense\AitherZero\tests\unit\modules\CoreApp\CoreRunner.Tests.ps1:116 char:21
    +                 { &amp; $script:CoreRunnerScript -Verbosity $level -Scrip …
    +                     ~~~~~~~~~~~~~~~~~~~~~~~~.</message>
                      <stack-trace>at { &amp; $script:CoreRunnerScript -Verbosity $level -Scripts "0200_Get-SystemInfo" -WhatIf } | Should -Not -Throw -Because "Should accept verbosity level: $level", C:\Users\alexa\OneDrive\Documents\0. wizzense\AitherZero\tests\unit\modules\CoreApp\CoreRunner.Tests.ps1:116
at Invoke-Assertion, C:\Users\alexa\OneDrive\Documents\PowerShell\Modules\Pester\5.7.1\Pester.psm1:8250
at Should&lt;End&gt;, C:\Users\alexa\OneDrive\Documents\PowerShell\Modules\Pester\5.7.1\Pester.psm1:8193
at &lt;ScriptBlock&gt;, C:\Users\alexa\OneDrive\Documents\0. wizzense\AitherZero\tests\unit\modules\CoreApp\CoreRunner.Tests.ps1:116
at &lt;ScriptBlock&gt;, C:\Users\alexa\OneDrive\Documents\PowerShell\Modules\Pester\5.7.1\Pester.psm1:2024
at &lt;ScriptBlock&gt;, C:\Users\alexa\OneDrive\Documents\PowerShell\Modules\Pester\5.7.1\Pester.psm1:1985
at Invoke-ScriptBlock, C:\Users\alexa\OneDrive\Documents\PowerShell\Modules\Pester\5.7.1\Pester.psm1:2157
at Invoke-TestItem, C:\Users\alexa\OneDrive\Documents\PowerShell\Modules\Pester\5.7.1\Pester.psm1:1199
at Invoke-Block, C:\Users\alexa\OneDrive\Documents\PowerShell\Modules\Pester\5.7.1\Pester.psm1:835
at &lt;ScriptBlock&gt;, C:\Users\alexa\OneDrive\Documents\PowerShell\Modules\Pester\5.7.1\Pester.psm1:893
at &lt;ScriptBlock&gt;, C:\Users\alexa\OneDrive\Documents\PowerShell\Modules\Pester\5.7.1\Pester.psm1:2024
at &lt;ScriptBlock&gt;, C:\Users\alexa\OneDrive\Documents\PowerShell\Modules\Pester\5.7.1\Pester.psm1:1985
at Invoke-ScriptBlock, C:\Users\alexa\OneDrive\Documents\PowerShell\Modules\Pester\5.7.1\Pester.psm1:2160
at Invoke-Block, C:\Users\alexa\OneDrive\Documents\PowerShell\Modules\Pester\5.7.1\Pester.psm1:940
at &lt;ScriptBlock&gt;, C:\Users\alexa\OneDrive\Documents\PowerShell\Modules\Pester\5.7.1\Pester.psm1:893
at &lt;ScriptBlock&gt;, C:\Users\alexa\OneDrive\Documents\PowerShell\Modules\Pester\5.7.1\Pester.psm1:2024
at &lt;ScriptBlock&gt;, C:\Users\alexa\OneDrive\Documents\PowerShell\Modules\Pester\5.7.1\Pester.psm1:1985
at Invoke-ScriptBlock, C:\Users\alexa\OneDrive\Documents\PowerShell\Modules\Pester\5.7.1\Pester.psm1:2160
at Invoke-Block, C:\Users\alexa\OneDrive\Documents\PowerShell\Modules\Pester\5.7.1\Pester.psm1:940
at &lt;ScriptBlock&gt;, C:\Users\alexa\OneDrive\Documents\PowerShell\Modules\Pester\5.7.1\Pester.psm1:893
at &lt;ScriptBlock&gt;, C:\Users\alexa\OneDrive\Documents\PowerShell\Modules\Pester\5.7.1\Pester.psm1:2024
at &lt;ScriptBlock&gt;, C:\Users\alexa\OneDrive\Documents\PowerShell\Modules\Pester\5.7.1\Pester.psm1:1985
at Invoke-ScriptBlock, C:\Users\alexa\OneDrive\Documents\PowerShell\Modules\Pester\5.7.1\Pester.psm1:2160
at Invoke-Block, C:\Users\alexa\OneDrive\Documents\PowerShell\Modules\Pester\5.7.1\Pester.psm1:940
at &lt;ScriptBlock&gt;, C:\Users\alexa\OneDrive\Documents\PowerShell\Modules\Pester\5.7.1\Pester.psm1:1688
at &lt;ScriptBlock&gt;, C:\Users\alexa\OneDrive\Documents\PowerShell\Modules\Pester\5.7.1\Pester.ps1:3
at &lt;ScriptBlock&gt;, C:\Users\alexa\OneDrive\Documents\PowerShell\Modules\Pester\5.7.1\Pester.psm1:3260
at Invoke-InNewScriptScope, C:\Users\alexa\OneDrive\Documents\PowerShell\Modules\Pester\5.7.1\Pester.psm1:3267
at Run-Test, C:\Users\alexa\OneDrive\Documents\PowerShell\Modules\Pester\5.7.1\Pester.psm1:1691
at Invoke-Test, C:\Users\alexa\OneDrive\Documents\PowerShell\Modules\Pester\5.7.1\Pester.psm1:2512
at Invoke-Pester&lt;End&gt;, C:\Users\alexa\OneDrive\Documents\PowerShell\Modules\Pester\5.7.1\Pester.psm1:4960
at &lt;ScriptBlock&gt;, &lt;No file&gt;:1</stack-trace>
                    </failure>
                  </test-case>
                  <test-case description="should reject invalid Verbosity values" name="Core Runner Parameter Validation Tests.core-runner.ps1 parameter validation.should reject invalid Verbosity values" time="0.0087" asserts="0" success="True" result="Success" executed="True" />
                  <test-case description="should accept ConfigFile parameter" name="Core Runner Parameter Validation Tests.core-runner.ps1 parameter validation.should accept ConfigFile parameter" time="0.015" asserts="0" success="False" result="Failure" executed="True">
                    <failure>
                      <message>Expected no exception to be thrown, but an exception "The term 'C:\Users\alexa\OneDrive\Documents\0. wizzense\AitherZero/aither-core/core-runner.ps1' is not recognized as a name of a cmdlet, function, script file, or executable program.
Check the spelling of the name, or if a path was included, verify that the path is correct and try again." was thrown from C:\Users\alexa\OneDrive\Documents\0. wizzense\AitherZero\tests\unit\modules\CoreApp\CoreRunner.Tests.ps1:129 char:21
    +                 { &amp; $script:CoreRunnerScript -ConfigFile $tempConfig. …
    +                     ~~~~~~~~~~~~~~~~~~~~~~~~.</message>
                      <stack-trace>at { &amp; $script:CoreRunnerScript -ConfigFile $tempConfig.FullName -Scripts "0200_Get-SystemInfo" -WhatIf } | Should -Not -Throw, C:\Users\alexa\OneDrive\Documents\0. wizzense\AitherZero\tests\unit\modules\CoreApp\CoreRunner.Tests.ps1:129
at Invoke-Assertion, C:\Users\alexa\OneDrive\Documents\PowerShell\Modules\Pester\5.7.1\Pester.psm1:8250
at Should&lt;End&gt;, C:\Users\alexa\OneDrive\Documents\PowerShell\Modules\Pester\5.7.1\Pester.psm1:8193
at &lt;ScriptBlock&gt;, C:\Users\alexa\OneDrive\Documents\0. wizzense\AitherZero\tests\unit\modules\CoreApp\CoreRunner.Tests.ps1:129
at &lt;ScriptBlock&gt;, C:\Users\alexa\OneDrive\Documents\PowerShell\Modules\Pester\5.7.1\Pester.psm1:2024
at &lt;ScriptBlock&gt;, C:\Users\alexa\OneDrive\Documents\PowerShell\Modules\Pester\5.7.1\Pester.psm1:1985
at Invoke-ScriptBlock, C:\Users\alexa\OneDrive\Documents\PowerShell\Modules\Pester\5.7.1\Pester.psm1:2157
at Invoke-TestItem, C:\Users\alexa\OneDrive\Documents\PowerShell\Modules\Pester\5.7.1\Pester.psm1:1199
at Invoke-Block, C:\Users\alexa\OneDrive\Documents\PowerShell\Modules\Pester\5.7.1\Pester.psm1:835
at &lt;ScriptBlock&gt;, C:\Users\alexa\OneDrive\Documents\PowerShell\Modules\Pester\5.7.1\Pester.psm1:893
at &lt;ScriptBlock&gt;, C:\Users\alexa\OneDrive\Documents\PowerShell\Modules\Pester\5.7.1\Pester.psm1:2024
at &lt;ScriptBlock&gt;, C:\Users\alexa\OneDrive\Documents\PowerShell\Modules\Pester\5.7.1\Pester.psm1:1985
at Invoke-ScriptBlock, C:\Users\alexa\OneDrive\Documents\PowerShell\Modules\Pester\5.7.1\Pester.psm1:2160
at Invoke-Block, C:\Users\alexa\OneDrive\Documents\PowerShell\Modules\Pester\5.7.1\Pester.psm1:940
at &lt;ScriptBlock&gt;, C:\Users\alexa\OneDrive\Documents\PowerShell\Modules\Pester\5.7.1\Pester.psm1:893
at &lt;ScriptBlock&gt;, C:\Users\alexa\OneDrive\Documents\PowerShell\Modules\Pester\5.7.1\Pester.psm1:2024
at &lt;ScriptBlock&gt;, C:\Users\alexa\OneDrive\Documents\PowerShell\Modules\Pester\5.7.1\Pester.psm1:1985
at Invoke-ScriptBlock, C:\Users\alexa\OneDrive\Documents\PowerShell\Modules\Pester\5.7.1\Pester.psm1:2160
at Invoke-Block, C:\Users\alexa\OneDrive\Documents\PowerShell\Modules\Pester\5.7.1\Pester.psm1:940
at &lt;ScriptBlock&gt;, C:\Users\alexa\OneDrive\Documents\PowerShell\Modules\Pester\5.7.1\Pester.psm1:893
at &lt;ScriptBlock&gt;, C:\Users\alexa\OneDrive\Documents\PowerShell\Modules\Pester\5.7.1\Pester.psm1:2024
at &lt;ScriptBlock&gt;, C:\Users\alexa\OneDrive\Documents\PowerShell\Modules\Pester\5.7.1\Pester.psm1:1985
at Invoke-ScriptBlock, C:\Users\alexa\OneDrive\Documents\PowerShell\Modules\Pester\5.7.1\Pester.psm1:2160
at Invoke-Block, C:\Users\alexa\OneDrive\Documents\PowerShell\Modules\Pester\5.7.1\Pester.psm1:940
at &lt;ScriptBlock&gt;, C:\Users\alexa\OneDrive\Documents\PowerShell\Modules\Pester\5.7.1\Pester.psm1:1688
at &lt;ScriptBlock&gt;, C:\Users\alexa\OneDrive\Documents\PowerShell\Modules\Pester\5.7.1\Pester.ps1:3
at &lt;ScriptBlock&gt;, C:\Users\alexa\OneDrive\Documents\PowerShell\Modules\Pester\5.7.1\Pester.psm1:3260
at Invoke-InNewScriptScope, C:\Users\alexa\OneDrive\Documents\PowerShell\Modules\Pester\5.7.1\Pester.psm1:3267
at Run-Test, C:\Users\alexa\OneDrive\Documents\PowerShell\Modules\Pester\5.7.1\Pester.psm1:1691
at Invoke-Test, C:\Users\alexa\OneDrive\Documents\PowerShell\Modules\Pester\5.7.1\Pester.psm1:2512
at Invoke-Pester&lt;End&gt;, C:\Users\alexa\OneDrive\Documents\PowerShell\Modules\Pester\5.7.1\Pester.psm1:4960
at &lt;ScriptBlock&gt;, &lt;No file&gt;:1</stack-trace>
                    </failure>
                  </test-case>
                  <test-case description="should accept Auto parameter as switch" name="Core Runner Parameter Validation Tests.core-runner.ps1 parameter validation.should accept Auto parameter as switch" time="0.0095" asserts="0" success="False" result="Failure" executed="True">
                    <failure>
                      <message>Expected no exception to be thrown, but an exception "The term 'C:\Users\alexa\OneDrive\Documents\0. wizzense\AitherZero/aither-core/core-runner.ps1' is not recognized as a name of a cmdlet, function, script file, or executable program.
Check the spelling of the name, or if a path was included, verify that the path is correct and try again." was thrown from C:\Users\alexa\OneDrive\Documents\0. wizzense\AitherZero\tests\unit\modules\CoreApp\CoreRunner.Tests.ps1:136 char:17
    +             { &amp; $script:CoreRunnerScript -Auto -WhatIf } | Should -No …
    +                 ~~~~~~~~~~~~~~~~~~~~~~~~.</message>
                      <stack-trace>at { &amp; $script:CoreRunnerScript -Auto -WhatIf } | Should -Not -Throw, C:\Users\alexa\OneDrive\Documents\0. wizzense\AitherZero\tests\unit\modules\CoreApp\CoreRunner.Tests.ps1:136
at Invoke-Assertion, C:\Users\alexa\OneDrive\Documents\PowerShell\Modules\Pester\5.7.1\Pester.psm1:8250
at Should&lt;End&gt;, C:\Users\alexa\OneDrive\Documents\PowerShell\Modules\Pester\5.7.1\Pester.psm1:8193
at &lt;ScriptBlock&gt;, C:\Users\alexa\OneDrive\Documents\0. wizzense\AitherZero\tests\unit\modules\CoreApp\CoreRunner.Tests.ps1:136
at &lt;ScriptBlock&gt;, C:\Users\alexa\OneDrive\Documents\PowerShell\Modules\Pester\5.7.1\Pester.psm1:2024
at &lt;ScriptBlock&gt;, C:\Users\alexa\OneDrive\Documents\PowerShell\Modules\Pester\5.7.1\Pester.psm1:1985
at Invoke-ScriptBlock, C:\Users\alexa\OneDrive\Documents\PowerShell\Modules\Pester\5.7.1\Pester.psm1:2157
at Invoke-TestItem, C:\Users\alexa\OneDrive\Documents\PowerShell\Modules\Pester\5.7.1\Pester.psm1:1199
at Invoke-Block, C:\Users\alexa\OneDrive\Documents\PowerShell\Modules\Pester\5.7.1\Pester.psm1:835
at &lt;ScriptBlock&gt;, C:\Users\alexa\OneDrive\Documents\PowerShell\Modules\Pester\5.7.1\Pester.psm1:893
at &lt;ScriptBlock&gt;, C:\Users\alexa\OneDrive\Documents\PowerShell\Modules\Pester\5.7.1\Pester.psm1:2024
at &lt;ScriptBlock&gt;, C:\Users\alexa\OneDrive\Documents\PowerShell\Modules\Pester\5.7.1\Pester.psm1:1985
at Invoke-ScriptBlock, C:\Users\alexa\OneDrive\Documents\PowerShell\Modules\Pester\5.7.1\Pester.psm1:2160
at Invoke-Block, C:\Users\alexa\OneDrive\Documents\PowerShell\Modules\Pester\5.7.1\Pester.psm1:940
at &lt;ScriptBlock&gt;, C:\Users\alexa\OneDrive\Documents\PowerShell\Modules\Pester\5.7.1\Pester.psm1:893
at &lt;ScriptBlock&gt;, C:\Users\alexa\OneDrive\Documents\PowerShell\Modules\Pester\5.7.1\Pester.psm1:2024
at &lt;ScriptBlock&gt;, C:\Users\alexa\OneDrive\Documents\PowerShell\Modules\Pester\5.7.1\Pester.psm1:1985
at Invoke-ScriptBlock, C:\Users\alexa\OneDrive\Documents\PowerShell\Modules\Pester\5.7.1\Pester.psm1:2160
at Invoke-Block, C:\Users\alexa\OneDrive\Documents\PowerShell\Modules\Pester\5.7.1\Pester.psm1:940
at &lt;ScriptBlock&gt;, C:\Users\alexa\OneDrive\Documents\PowerShell\Modules\Pester\5.7.1\Pester.psm1:893
at &lt;ScriptBlock&gt;, C:\Users\alexa\OneDrive\Documents\PowerShell\Modules\Pester\5.7.1\Pester.psm1:2024
at &lt;ScriptBlock&gt;, C:\Users\alexa\OneDrive\Documents\PowerShell\Modules\Pester\5.7.1\Pester.psm1:1985
at Invoke-ScriptBlock, C:\Users\alexa\OneDrive\Documents\PowerShell\Modules\Pester\5.7.1\Pester.psm1:2160
at Invoke-Block, C:\Users\alexa\OneDrive\Documents\PowerShell\Modules\Pester\5.7.1\Pester.psm1:940
at &lt;ScriptBlock&gt;, C:\Users\alexa\OneDrive\Documents\PowerShell\Modules\Pester\5.7.1\Pester.psm1:1688
at &lt;ScriptBlock&gt;, C:\Users\alexa\OneDrive\Documents\PowerShell\Modules\Pester\5.7.1\Pester.ps1:3
at &lt;ScriptBlock&gt;, C:\Users\alexa\OneDrive\Documents\PowerShell\Modules\Pester\5.7.1\Pester.psm1:3260
at Invoke-InNewScriptScope, C:\Users\alexa\OneDrive\Documents\PowerShell\Modules\Pester\5.7.1\Pester.psm1:3267
at Run-Test, C:\Users\alexa\OneDrive\Documents\PowerShell\Modules\Pester\5.7.1\Pester.psm1:1691
at Invoke-Test, C:\Users\alexa\OneDrive\Documents\PowerShell\Modules\Pester\5.7.1\Pester.psm1:2512
at Invoke-Pester&lt;End&gt;, C:\Users\alexa\OneDrive\Documents\PowerShell\Modules\Pester\5.7.1\Pester.psm1:4960
at &lt;ScriptBlock&gt;, &lt;No file&gt;:1</stack-trace>
                    </failure>
                  </test-case>
                  <test-case description="should accept Scripts parameter" name="Core Runner Parameter Validation Tests.core-runner.ps1 parameter validation.should accept Scripts parameter" time="0.0076" asserts="0" success="False" result="Failure" executed="True">
                    <failure>
                      <message>Expected no exception to be thrown, but an exception "The term 'C:\Users\alexa\OneDrive\Documents\0. wizzense\AitherZero/aither-core/core-runner.ps1' is not recognized as a name of a cmdlet, function, script file, or executable program.
Check the spelling of the name, or if a path was included, verify that the path is correct and try again." was thrown from C:\Users\alexa\OneDrive\Documents\0. wizzense\AitherZero\tests\unit\modules\CoreApp\CoreRunner.Tests.ps1:140 char:17
    +             { &amp; $script:CoreRunnerScript -Scripts 'test-script' -What …
    +                 ~~~~~~~~~~~~~~~~~~~~~~~~.</message>
                      <stack-trace>at { &amp; $script:CoreRunnerScript -Scripts 'test-script' -WhatIf } | Should -Not -Throw, C:\Users\alexa\OneDrive\Documents\0. wizzense\AitherZero\tests\unit\modules\CoreApp\CoreRunner.Tests.ps1:140
at Invoke-Assertion, C:\Users\alexa\OneDrive\Documents\PowerShell\Modules\Pester\5.7.1\Pester.psm1:8250
at Should&lt;End&gt;, C:\Users\alexa\OneDrive\Documents\PowerShell\Modules\Pester\5.7.1\Pester.psm1:8193
at &lt;ScriptBlock&gt;, C:\Users\alexa\OneDrive\Documents\0. wizzense\AitherZero\tests\unit\modules\CoreApp\CoreRunner.Tests.ps1:140
at &lt;ScriptBlock&gt;, C:\Users\alexa\OneDrive\Documents\PowerShell\Modules\Pester\5.7.1\Pester.psm1:2024
at &lt;ScriptBlock&gt;, C:\Users\alexa\OneDrive\Documents\PowerShell\Modules\Pester\5.7.1\Pester.psm1:1985
at Invoke-ScriptBlock, C:\Users\alexa\OneDrive\Documents\PowerShell\Modules\Pester\5.7.1\Pester.psm1:2157
at Invoke-TestItem, C:\Users\alexa\OneDrive\Documents\PowerShell\Modules\Pester\5.7.1\Pester.psm1:1199
at Invoke-Block, C:\Users\alexa\OneDrive\Documents\PowerShell\Modules\Pester\5.7.1\Pester.psm1:835
at &lt;ScriptBlock&gt;, C:\Users\alexa\OneDrive\Documents\PowerShell\Modules\Pester\5.7.1\Pester.psm1:893
at &lt;ScriptBlock&gt;, C:\Users\alexa\OneDrive\Documents\PowerShell\Modules\Pester\5.7.1\Pester.psm1:2024
at &lt;ScriptBlock&gt;, C:\Users\alexa\OneDrive\Documents\PowerShell\Modules\Pester\5.7.1\Pester.psm1:1985
at Invoke-ScriptBlock, C:\Users\alexa\OneDrive\Documents\PowerShell\Modules\Pester\5.7.1\Pester.psm1:2160
at Invoke-Block, C:\Users\alexa\OneDrive\Documents\PowerShell\Modules\Pester\5.7.1\Pester.psm1:940
at &lt;ScriptBlock&gt;, C:\Users\alexa\OneDrive\Documents\PowerShell\Modules\Pester\5.7.1\Pester.psm1:893
at &lt;ScriptBlock&gt;, C:\Users\alexa\OneDrive\Documents\PowerShell\Modules\Pester\5.7.1\Pester.psm1:2024
at &lt;ScriptBlock&gt;, C:\Users\alexa\OneDrive\Documents\PowerShell\Modules\Pester\5.7.1\Pester.psm1:1985
at Invoke-ScriptBlock, C:\Users\alexa\OneDrive\Documents\PowerShell\Modules\Pester\5.7.1\Pester.psm1:2160
at Invoke-Block, C:\Users\alexa\OneDrive\Documents\PowerShell\Modules\Pester\5.7.1\Pester.psm1:940
at &lt;ScriptBlock&gt;, C:\Users\alexa\OneDrive\Documents\PowerShell\Modules\Pester\5.7.1\Pester.psm1:893
at &lt;ScriptBlock&gt;, C:\Users\alexa\OneDrive\Documents\PowerShell\Modules\Pester\5.7.1\Pester.psm1:2024
at &lt;ScriptBlock&gt;, C:\Users\alexa\OneDrive\Documents\PowerShell\Modules\Pester\5.7.1\Pester.psm1:1985
at Invoke-ScriptBlock, C:\Users\alexa\OneDrive\Documents\PowerShell\Modules\Pester\5.7.1\Pester.psm1:2160
at Invoke-Block, C:\Users\alexa\OneDrive\Documents\PowerShell\Modules\Pester\5.7.1\Pester.psm1:940
at &lt;ScriptBlock&gt;, C:\Users\alexa\OneDrive\Documents\PowerShell\Modules\Pester\5.7.1\Pester.psm1:1688
at &lt;ScriptBlock&gt;, C:\Users\alexa\OneDrive\Documents\PowerShell\Modules\Pester\5.7.1\Pester.ps1:3
at &lt;ScriptBlock&gt;, C:\Users\alexa\OneDrive\Documents\PowerShell\Modules\Pester\5.7.1\Pester.psm1:3260
at Invoke-InNewScriptScope, C:\Users\alexa\OneDrive\Documents\PowerShell\Modules\Pester\5.7.1\Pester.psm1:3267
at Run-Test, C:\Users\alexa\OneDrive\Documents\PowerShell\Modules\Pester\5.7.1\Pester.psm1:1691
at Invoke-Test, C:\Users\alexa\OneDrive\Documents\PowerShell\Modules\Pester\5.7.1\Pester.psm1:2512
at Invoke-Pester&lt;End&gt;, C:\Users\alexa\OneDrive\Documents\PowerShell\Modules\Pester\5.7.1\Pester.psm1:4960
at &lt;ScriptBlock&gt;, &lt;No file&gt;:1</stack-trace>
                    </failure>
                  </test-case>
                  <test-case description="should accept Force parameter as switch" name="Core Runner Parameter Validation Tests.core-runner.ps1 parameter validation.should accept Force parameter as switch" time="0.0102" asserts="0" success="False" result="Failure" executed="True">
                    <failure>
                      <message>Expected no exception to be thrown, but an exception "The term 'C:\Users\alexa\OneDrive\Documents\0. wizzense\AitherZero/aither-core/core-runner.ps1' is not recognized as a name of a cmdlet, function, script file, or executable program.
Check the spelling of the name, or if a path was included, verify that the path is correct and try again." was thrown from C:\Users\alexa\OneDrive\Documents\0. wizzense\AitherZero\tests\unit\modules\CoreApp\CoreRunner.Tests.ps1:144 char:17
    +             { &amp; $script:CoreRunnerScript -Force -Scripts "0200_Get-Sy …
    +                 ~~~~~~~~~~~~~~~~~~~~~~~~.</message>
                      <stack-trace>at { &amp; $script:CoreRunnerScript -Force -Scripts "0200_Get-SystemInfo" -WhatIf } | Should -Not -Throw, C:\Users\alexa\OneDrive\Documents\0. wizzense\AitherZero\tests\unit\modules\CoreApp\CoreRunner.Tests.ps1:144
at Invoke-Assertion, C:\Users\alexa\OneDrive\Documents\PowerShell\Modules\Pester\5.7.1\Pester.psm1:8250
at Should&lt;End&gt;, C:\Users\alexa\OneDrive\Documents\PowerShell\Modules\Pester\5.7.1\Pester.psm1:8193
at &lt;ScriptBlock&gt;, C:\Users\alexa\OneDrive\Documents\0. wizzense\AitherZero\tests\unit\modules\CoreApp\CoreRunner.Tests.ps1:144
at &lt;ScriptBlock&gt;, C:\Users\alexa\OneDrive\Documents\PowerShell\Modules\Pester\5.7.1\Pester.psm1:2024
at &lt;ScriptBlock&gt;, C:\Users\alexa\OneDrive\Documents\PowerShell\Modules\Pester\5.7.1\Pester.psm1:1985
at Invoke-ScriptBlock, C:\Users\alexa\OneDrive\Documents\PowerShell\Modules\Pester\5.7.1\Pester.psm1:2157
at Invoke-TestItem, C:\Users\alexa\OneDrive\Documents\PowerShell\Modules\Pester\5.7.1\Pester.psm1:1199
at Invoke-Block, C:\Users\alexa\OneDrive\Documents\PowerShell\Modules\Pester\5.7.1\Pester.psm1:835
at &lt;ScriptBlock&gt;, C:\Users\alexa\OneDrive\Documents\PowerShell\Modules\Pester\5.7.1\Pester.psm1:893
at &lt;ScriptBlock&gt;, C:\Users\alexa\OneDrive\Documents\PowerShell\Modules\Pester\5.7.1\Pester.psm1:2024
at &lt;ScriptBlock&gt;, C:\Users\alexa\OneDrive\Documents\PowerShell\Modules\Pester\5.7.1\Pester.psm1:1985
at Invoke-ScriptBlock, C:\Users\alexa\OneDrive\Documents\PowerShell\Modules\Pester\5.7.1\Pester.psm1:2160
at Invoke-Block, C:\Users\alexa\OneDrive\Documents\PowerShell\Modules\Pester\5.7.1\Pester.psm1:940
at &lt;ScriptBlock&gt;, C:\Users\alexa\OneDrive\Documents\PowerShell\Modules\Pester\5.7.1\Pester.psm1:893
at &lt;ScriptBlock&gt;, C:\Users\alexa\OneDrive\Documents\PowerShell\Modules\Pester\5.7.1\Pester.psm1:2024
at &lt;ScriptBlock&gt;, C:\Users\alexa\OneDrive\Documents\PowerShell\Modules\Pester\5.7.1\Pester.psm1:1985
at Invoke-ScriptBlock, C:\Users\alexa\OneDrive\Documents\PowerShell\Modules\Pester\5.7.1\Pester.psm1:2160
at Invoke-Block, C:\Users\alexa\OneDrive\Documents\PowerShell\Modules\Pester\5.7.1\Pester.psm1:940
at &lt;ScriptBlock&gt;, C:\Users\alexa\OneDrive\Documents\PowerShell\Modules\Pester\5.7.1\Pester.psm1:893
at &lt;ScriptBlock&gt;, C:\Users\alexa\OneDrive\Documents\PowerShell\Modules\Pester\5.7.1\Pester.psm1:2024
at &lt;ScriptBlock&gt;, C:\Users\alexa\OneDrive\Documents\PowerShell\Modules\Pester\5.7.1\Pester.psm1:1985
at Invoke-ScriptBlock, C:\Users\alexa\OneDrive\Documents\PowerShell\Modules\Pester\5.7.1\Pester.psm1:2160
at Invoke-Block, C:\Users\alexa\OneDrive\Documents\PowerShell\Modules\Pester\5.7.1\Pester.psm1:940
at &lt;ScriptBlock&gt;, C:\Users\alexa\OneDrive\Documents\PowerShell\Modules\Pester\5.7.1\Pester.psm1:1688
at &lt;ScriptBlock&gt;, C:\Users\alexa\OneDrive\Documents\PowerShell\Modules\Pester\5.7.1\Pester.ps1:3
at &lt;ScriptBlock&gt;, C:\Users\alexa\OneDrive\Documents\PowerShell\Modules\Pester\5.7.1\Pester.psm1:3260
at Invoke-InNewScriptScope, C:\Users\alexa\OneDrive\Documents\PowerShell\Modules\Pester\5.7.1\Pester.psm1:3267
at Run-Test, C:\Users\alexa\OneDrive\Documents\PowerShell\Modules\Pester\5.7.1\Pester.psm1:1691
at Invoke-Test, C:\Users\alexa\OneDrive\Documents\PowerShell\Modules\Pester\5.7.1\Pester.psm1:2512
at Invoke-Pester&lt;End&gt;, C:\Users\alexa\OneDrive\Documents\PowerShell\Modules\Pester\5.7.1\Pester.psm1:4960
at &lt;ScriptBlock&gt;, &lt;No file&gt;:1</stack-trace>
                    </failure>
                  </test-case>
                  <test-case description="should accept NonInteractive parameter as switch" name="Core Runner Parameter Validation Tests.core-runner.ps1 parameter validation.should accept NonInteractive parameter as switch" time="0.0077" asserts="0" success="False" result="Failure" executed="True">
                    <failure>
                      <message>Expected no exception to be thrown, but an exception "The term 'C:\Users\alexa\OneDrive\Documents\0. wizzense\AitherZero/aither-core/core-runner.ps1' is not recognized as a name of a cmdlet, function, script file, or executable program.
Check the spelling of the name, or if a path was included, verify that the path is correct and try again." was thrown from C:\Users\alexa\OneDrive\Documents\0. wizzense\AitherZero\tests\unit\modules\CoreApp\CoreRunner.Tests.ps1:148 char:17
    +             { &amp; $script:CoreRunnerScript -NonInteractive -Scripts "02 …
    +                 ~~~~~~~~~~~~~~~~~~~~~~~~.</message>
                      <stack-trace>at { &amp; $script:CoreRunnerScript -NonInteractive -Scripts "0200_Get-SystemInfo" -WhatIf } | Should -Not -Throw, C:\Users\alexa\OneDrive\Documents\0. wizzense\AitherZero\tests\unit\modules\CoreApp\CoreRunner.Tests.ps1:148
at Invoke-Assertion, C:\Users\alexa\OneDrive\Documents\PowerShell\Modules\Pester\5.7.1\Pester.psm1:8250
at Should&lt;End&gt;, C:\Users\alexa\OneDrive\Documents\PowerShell\Modules\Pester\5.7.1\Pester.psm1:8193
at &lt;ScriptBlock&gt;, C:\Users\alexa\OneDrive\Documents\0. wizzense\AitherZero\tests\unit\modules\CoreApp\CoreRunner.Tests.ps1:148
at &lt;ScriptBlock&gt;, C:\Users\alexa\OneDrive\Documents\PowerShell\Modules\Pester\5.7.1\Pester.psm1:2024
at &lt;ScriptBlock&gt;, C:\Users\alexa\OneDrive\Documents\PowerShell\Modules\Pester\5.7.1\Pester.psm1:1985
at Invoke-ScriptBlock, C:\Users\alexa\OneDrive\Documents\PowerShell\Modules\Pester\5.7.1\Pester.psm1:2157
at Invoke-TestItem, C:\Users\alexa\OneDrive\Documents\PowerShell\Modules\Pester\5.7.1\Pester.psm1:1199
at Invoke-Block, C:\Users\alexa\OneDrive\Documents\PowerShell\Modules\Pester\5.7.1\Pester.psm1:835
at &lt;ScriptBlock&gt;, C:\Users\alexa\OneDrive\Documents\PowerShell\Modules\Pester\5.7.1\Pester.psm1:893
at &lt;ScriptBlock&gt;, C:\Users\alexa\OneDrive\Documents\PowerShell\Modules\Pester\5.7.1\Pester.psm1:2024
at &lt;ScriptBlock&gt;, C:\Users\alexa\OneDrive\Documents\PowerShell\Modules\Pester\5.7.1\Pester.psm1:1985
at Invoke-ScriptBlock, C:\Users\alexa\OneDrive\Documents\PowerShell\Modules\Pester\5.7.1\Pester.psm1:2160
at Invoke-Block, C:\Users\alexa\OneDrive\Documents\PowerShell\Modules\Pester\5.7.1\Pester.psm1:940
at &lt;ScriptBlock&gt;, C:\Users\alexa\OneDrive\Documents\PowerShell\Modules\Pester\5.7.1\Pester.psm1:893
at &lt;ScriptBlock&gt;, C:\Users\alexa\OneDrive\Documents\PowerShell\Modules\Pester\5.7.1\Pester.psm1:2024
at &lt;ScriptBlock&gt;, C:\Users\alexa\OneDrive\Documents\PowerShell\Modules\Pester\5.7.1\Pester.psm1:1985
at Invoke-ScriptBlock, C:\Users\alexa\OneDrive\Documents\PowerShell\Modules\Pester\5.7.1\Pester.psm1:2160
at Invoke-Block, C:\Users\alexa\OneDrive\Documents\PowerShell\Modules\Pester\5.7.1\Pester.psm1:940
at &lt;ScriptBlock&gt;, C:\Users\alexa\OneDrive\Documents\PowerShell\Modules\Pester\5.7.1\Pester.psm1:893
at &lt;ScriptBlock&gt;, C:\Users\alexa\OneDrive\Documents\PowerShell\Modules\Pester\5.7.1\Pester.psm1:2024
at &lt;ScriptBlock&gt;, C:\Users\alexa\OneDrive\Documents\PowerShell\Modules\Pester\5.7.1\Pester.psm1:1985
at Invoke-ScriptBlock, C:\Users\alexa\OneDrive\Documents\PowerShell\Modules\Pester\5.7.1\Pester.psm1:2160
at Invoke-Block, C:\Users\alexa\OneDrive\Documents\PowerShell\Modules\Pester\5.7.1\Pester.psm1:940
at &lt;ScriptBlock&gt;, C:\Users\alexa\OneDrive\Documents\PowerShell\Modules\Pester\5.7.1\Pester.psm1:1688
at &lt;ScriptBlock&gt;, C:\Users\alexa\OneDrive\Documents\PowerShell\Modules\Pester\5.7.1\Pester.ps1:3
at &lt;ScriptBlock&gt;, C:\Users\alexa\OneDrive\Documents\PowerShell\Modules\Pester\5.7.1\Pester.psm1:3260
at Invoke-InNewScriptScope, C:\Users\alexa\OneDrive\Documents\PowerShell\Modules\Pester\5.7.1\Pester.psm1:3267
at Run-Test, C:\Users\alexa\OneDrive\Documents\PowerShell\Modules\Pester\5.7.1\Pester.psm1:1691
at Invoke-Test, C:\Users\alexa\OneDrive\Documents\PowerShell\Modules\Pester\5.7.1\Pester.psm1:2512
at Invoke-Pester&lt;End&gt;, C:\Users\alexa\OneDrive\Documents\PowerShell\Modules\Pester\5.7.1\Pester.psm1:4960
at &lt;ScriptBlock&gt;, &lt;No file&gt;:1</stack-trace>
                    </failure>
                  </test-case>
                  <test-case description="should support parameter sets correctly" name="Core Runner Parameter Validation Tests.core-runner.ps1 parameter validation.should support parameter sets correctly" time="0.0084" asserts="0" success="False" result="Failure" executed="True">
                    <failure>
                      <message>Expected no exception to be thrown, but an exception "The term 'C:\Users\alexa\OneDrive\Documents\0. wizzense\AitherZero/aither-core/core-runner.ps1' is not recognized as a name of a cmdlet, function, script file, or executable program.
Check the spelling of the name, or if a path was included, verify that the path is correct and try again." was thrown from C:\Users\alexa\OneDrive\Documents\0. wizzense\AitherZero\tests\unit\modules\CoreApp\CoreRunner.Tests.ps1:153 char:17
    +             { &amp; $script:CoreRunnerScript -Quiet -Scripts "0200_Get-Sy …
    +                 ~~~~~~~~~~~~~~~~~~~~~~~~.</message>
                      <stack-trace>at { &amp; $script:CoreRunnerScript -Quiet -Scripts "0200_Get-SystemInfo" -WhatIf } | Should -Not -Throw, C:\Users\alexa\OneDrive\Documents\0. wizzense\AitherZero\tests\unit\modules\CoreApp\CoreRunner.Tests.ps1:153
at Invoke-Assertion, C:\Users\alexa\OneDrive\Documents\PowerShell\Modules\Pester\5.7.1\Pester.psm1:8250
at Should&lt;End&gt;, C:\Users\alexa\OneDrive\Documents\PowerShell\Modules\Pester\5.7.1\Pester.psm1:8193
at &lt;ScriptBlock&gt;, C:\Users\alexa\OneDrive\Documents\0. wizzense\AitherZero\tests\unit\modules\CoreApp\CoreRunner.Tests.ps1:153
at &lt;ScriptBlock&gt;, C:\Users\alexa\OneDrive\Documents\PowerShell\Modules\Pester\5.7.1\Pester.psm1:2024
at &lt;ScriptBlock&gt;, C:\Users\alexa\OneDrive\Documents\PowerShell\Modules\Pester\5.7.1\Pester.psm1:1985
at Invoke-ScriptBlock, C:\Users\alexa\OneDrive\Documents\PowerShell\Modules\Pester\5.7.1\Pester.psm1:2157
at Invoke-TestItem, C:\Users\alexa\OneDrive\Documents\PowerShell\Modules\Pester\5.7.1\Pester.psm1:1199
at Invoke-Block, C:\Users\alexa\OneDrive\Documents\PowerShell\Modules\Pester\5.7.1\Pester.psm1:835
at &lt;ScriptBlock&gt;, C:\Users\alexa\OneDrive\Documents\PowerShell\Modules\Pester\5.7.1\Pester.psm1:893
at &lt;ScriptBlock&gt;, C:\Users\alexa\OneDrive\Documents\PowerShell\Modules\Pester\5.7.1\Pester.psm1:2024
at &lt;ScriptBlock&gt;, C:\Users\alexa\OneDrive\Documents\PowerShell\Modules\Pester\5.7.1\Pester.psm1:1985
at Invoke-ScriptBlock, C:\Users\alexa\OneDrive\Documents\PowerShell\Modules\Pester\5.7.1\Pester.psm1:2160
at Invoke-Block, C:\Users\alexa\OneDrive\Documents\PowerShell\Modules\Pester\5.7.1\Pester.psm1:940
at &lt;ScriptBlock&gt;, C:\Users\alexa\OneDrive\Documents\PowerShell\Modules\Pester\5.7.1\Pester.psm1:893
at &lt;ScriptBlock&gt;, C:\Users\alexa\OneDrive\Documents\PowerShell\Modules\Pester\5.7.1\Pester.psm1:2024
at &lt;ScriptBlock&gt;, C:\Users\alexa\OneDrive\Documents\PowerShell\Modules\Pester\5.7.1\Pester.psm1:1985
at Invoke-ScriptBlock, C:\Users\alexa\OneDrive\Documents\PowerShell\Modules\Pester\5.7.1\Pester.psm1:2160
at Invoke-Block, C:\Users\alexa\OneDrive\Documents\PowerShell\Modules\Pester\5.7.1\Pester.psm1:940
at &lt;ScriptBlock&gt;, C:\Users\alexa\OneDrive\Documents\PowerShell\Modules\Pester\5.7.1\Pester.psm1:893
at &lt;ScriptBlock&gt;, C:\Users\alexa\OneDrive\Documents\PowerShell\Modules\Pester\5.7.1\Pester.psm1:2024
at &lt;ScriptBlock&gt;, C:\Users\alexa\OneDrive\Documents\PowerShell\Modules\Pester\5.7.1\Pester.psm1:1985
at Invoke-ScriptBlock, C:\Users\alexa\OneDrive\Documents\PowerShell\Modules\Pester\5.7.1\Pester.psm1:2160
at Invoke-Block, C:\Users\alexa\OneDrive\Documents\PowerShell\Modules\Pester\5.7.1\Pester.psm1:940
at &lt;ScriptBlock&gt;, C:\Users\alexa\OneDrive\Documents\PowerShell\Modules\Pester\5.7.1\Pester.psm1:1688
at &lt;ScriptBlock&gt;, C:\Users\alexa\OneDrive\Documents\PowerShell\Modules\Pester\5.7.1\Pester.ps1:3
at &lt;ScriptBlock&gt;, C:\Users\alexa\OneDrive\Documents\PowerShell\Modules\Pester\5.7.1\Pester.psm1:3260
at Invoke-InNewScriptScope, C:\Users\alexa\OneDrive\Documents\PowerShell\Modules\Pester\5.7.1\Pester.psm1:3267
at Run-Test, C:\Users\alexa\OneDrive\Documents\PowerShell\Modules\Pester\5.7.1\Pester.psm1:1691
at Invoke-Test, C:\Users\alexa\OneDrive\Documents\PowerShell\Modules\Pester\5.7.1\Pester.psm1:2512
at Invoke-Pester&lt;End&gt;, C:\Users\alexa\OneDrive\Documents\PowerShell\Modules\Pester\5.7.1\Pester.psm1:4960
at &lt;ScriptBlock&gt;, &lt;No file&gt;:1</stack-trace>
                    </failure>
                  </test-case>
                </results>
              </test-suite>
            </results>
          </test-suite>
          <test-suite type="TestFixture" name="Core Runner Cross-Platform Compatibility Tests" executed="True" result="Success" success="True" time="0.284" asserts="0" description="Core Runner Cross-Platform Compatibility Tests">
            <results>
              <test-suite type="TestFixture" name="Core Runner Cross-Platform Compatibility Tests.Path handling and platform-specific code" executed="True" result="Success" success="True" time="0.0305" asserts="0" description="Core Runner Cross-Platform Compatibility Tests.Path handling and platform-specific code">
                <results>
                  <test-case description="should not use Windows-specific path formats in core-runner.ps1" name="Core Runner Cross-Platform Compatibility Tests.Path handling and platform-specific code.should not use Windows-specific path formats in core-runner.ps1" time="0.0079" asserts="0" success="True" result="Success" executed="True" />
                  <test-case description="should use environment variables for paths" name="Core Runner Cross-Platform Compatibility Tests.Path handling and platform-specific code.should use environment variables for paths" time="0.0093" asserts="0" success="True" result="Success" executed="True" />
                  <test-case description="should not use Windows-specific cmdlets" name="Core Runner Cross-Platform Compatibility Tests.Path handling and platform-specific code.should not use Windows-specific cmdlets" time="0.0084" asserts="0" success="True" result="Success" executed="True" />
                </results>
              </test-suite>
              <test-suite type="TestFixture" name="Core Runner Cross-Platform Compatibility Tests.PowerShell version compatibility" executed="True" result="Success" success="True" time="0.0435" asserts="0" description="Core Runner Cross-Platform Compatibility Tests.PowerShell version compatibility">
                <results>
                  <test-case description="should use PowerShell 7.0+ compatible syntax" name="Core Runner Cross-Platform Compatibility Tests.PowerShell version compatibility.should use PowerShell 7.0+ compatible syntax" time="0.0079" asserts="0" success="True" result="Success" executed="True" />
                </results>
              </test-suite>
            </results>
          </test-suite>
          <test-suite type="TestFixture" name="Core Runner Error Handling Tests" executed="True" result="Failure" success="False" time="0.3196" asserts="0" description="Core Runner Error Handling Tests">
            <results>
              <test-suite type="TestFixture" name="Core Runner Error Handling Tests.Error handling patterns" executed="True" result="Failure" success="False" time="0.0294" asserts="0" description="Core Runner Error Handling Tests.Error handling patterns">
                <results>
                  <test-case description="should handle missing configuration files gracefully" name="Core Runner Error Handling Tests.Error handling patterns.should handle missing configuration files gracefully" time="0.0108" asserts="0" success="False" result="Failure" executed="True">
                    <failure>
                      <message>Expected no exception to be thrown, because Should handle missing config files gracefully in non-interactive mode, but an exception "The term 'C:\Users\alexa\OneDrive\Documents\0. wizzense\AitherZero/aither-core/core-runner.ps1' is not recognized as a name of a cmdlet, function, script file, or executable program.
Check the spelling of the name, or if a path was included, verify that the path is correct and try again." was thrown from C:\Users\alexa\OneDrive\Documents\0. wizzense\AitherZero\tests\unit\modules\CoreApp\CoreRunner.Tests.ps1:214 char:17
    +             { &amp; $script:CoreRunnerScript -ConfigFile $nonExistentConf …
    +                 ~~~~~~~~~~~~~~~~~~~~~~~~.</message>
                      <stack-trace>at { &amp; $script:CoreRunnerScript -ConfigFile $nonExistentConfig -WhatIf } | Should -Not -Throw -Because 'Should handle missing config files gracefully in non-interactive mode', C:\Users\alexa\OneDrive\Documents\0. wizzense\AitherZero\tests\unit\modules\CoreApp\CoreRunner.Tests.ps1:214
at Invoke-Assertion, C:\Users\alexa\OneDrive\Documents\PowerShell\Modules\Pester\5.7.1\Pester.psm1:8250
at Should&lt;End&gt;, C:\Users\alexa\OneDrive\Documents\PowerShell\Modules\Pester\5.7.1\Pester.psm1:8193
at &lt;ScriptBlock&gt;, C:\Users\alexa\OneDrive\Documents\0. wizzense\AitherZero\tests\unit\modules\CoreApp\CoreRunner.Tests.ps1:214
at &lt;ScriptBlock&gt;, C:\Users\alexa\OneDrive\Documents\PowerShell\Modules\Pester\5.7.1\Pester.psm1:2024
at &lt;ScriptBlock&gt;, C:\Users\alexa\OneDrive\Documents\PowerShell\Modules\Pester\5.7.1\Pester.psm1:1985
at Invoke-ScriptBlock, C:\Users\alexa\OneDrive\Documents\PowerShell\Modules\Pester\5.7.1\Pester.psm1:2157
at Invoke-TestItem, C:\Users\alexa\OneDrive\Documents\PowerShell\Modules\Pester\5.7.1\Pester.psm1:1199
at Invoke-Block, C:\Users\alexa\OneDrive\Documents\PowerShell\Modules\Pester\5.7.1\Pester.psm1:835
at &lt;ScriptBlock&gt;, C:\Users\alexa\OneDrive\Documents\PowerShell\Modules\Pester\5.7.1\Pester.psm1:893
at &lt;ScriptBlock&gt;, C:\Users\alexa\OneDrive\Documents\PowerShell\Modules\Pester\5.7.1\Pester.psm1:2024
at &lt;ScriptBlock&gt;, C:\Users\alexa\OneDrive\Documents\PowerShell\Modules\Pester\5.7.1\Pester.psm1:1985
at Invoke-ScriptBlock, C:\Users\alexa\OneDrive\Documents\PowerShell\Modules\Pester\5.7.1\Pester.psm1:2160
at Invoke-Block, C:\Users\alexa\OneDrive\Documents\PowerShell\Modules\Pester\5.7.1\Pester.psm1:940
at &lt;ScriptBlock&gt;, C:\Users\alexa\OneDrive\Documents\PowerShell\Modules\Pester\5.7.1\Pester.psm1:893
at &lt;ScriptBlock&gt;, C:\Users\alexa\OneDrive\Documents\PowerShell\Modules\Pester\5.7.1\Pester.psm1:2024
at &lt;ScriptBlock&gt;, C:\Users\alexa\OneDrive\Documents\PowerShell\Modules\Pester\5.7.1\Pester.psm1:1985
at Invoke-ScriptBlock, C:\Users\alexa\OneDrive\Documents\PowerShell\Modules\Pester\5.7.1\Pester.psm1:2160
at Invoke-Block, C:\Users\alexa\OneDrive\Documents\PowerShell\Modules\Pester\5.7.1\Pester.psm1:940
at &lt;ScriptBlock&gt;, C:\Users\alexa\OneDrive\Documents\PowerShell\Modules\Pester\5.7.1\Pester.psm1:893
at &lt;ScriptBlock&gt;, C:\Users\alexa\OneDrive\Documents\PowerShell\Modules\Pester\5.7.1\Pester.psm1:2024
at &lt;ScriptBlock&gt;, C:\Users\alexa\OneDrive\Documents\PowerShell\Modules\Pester\5.7.1\Pester.psm1:1985
at Invoke-ScriptBlock, C:\Users\alexa\OneDrive\Documents\PowerShell\Modules\Pester\5.7.1\Pester.psm1:2160
at Invoke-Block, C:\Users\alexa\OneDrive\Documents\PowerShell\Modules\Pester\5.7.1\Pester.psm1:940
at &lt;ScriptBlock&gt;, C:\Users\alexa\OneDrive\Documents\PowerShell\Modules\Pester\5.7.1\Pester.psm1:1688
at &lt;ScriptBlock&gt;, C:\Users\alexa\OneDrive\Documents\PowerShell\Modules\Pester\5.7.1\Pester.ps1:3
at &lt;ScriptBlock&gt;, C:\Users\alexa\OneDrive\Documents\PowerShell\Modules\Pester\5.7.1\Pester.psm1:3260
at Invoke-InNewScriptScope, C:\Users\alexa\OneDrive\Documents\PowerShell\Modules\Pester\5.7.1\Pester.psm1:3267
at Run-Test, C:\Users\alexa\OneDrive\Documents\PowerShell\Modules\Pester\5.7.1\Pester.psm1:1691
at Invoke-Test, C:\Users\alexa\OneDrive\Documents\PowerShell\Modules\Pester\5.7.1\Pester.psm1:2512
at Invoke-Pester&lt;End&gt;, C:\Users\alexa\OneDrive\Documents\PowerShell\Modules\Pester\5.7.1\Pester.psm1:4960
at &lt;ScriptBlock&gt;, &lt;No file&gt;:1</stack-trace>
                    </failure>
                  </test-case>
                  <test-case description="should validate input parameters" name="Core Runner Error Handling Tests.Error handling patterns.should validate input parameters" time="0.0073" asserts="0" success="False" result="Failure" executed="True">
                    <failure>
                      <message>Expected no exception to be thrown, because Should handle empty ConfigFile parameter gracefully in non-interactive mode, but an exception "The term 'C:\Users\alexa\OneDrive\Documents\0. wizzense\AitherZero/aither-core/core-runner.ps1' is not recognized as a name of a cmdlet, function, script file, or executable program.
Check the spelling of the name, or if a path was included, verify that the path is correct and try again." was thrown from C:\Users\alexa\OneDrive\Documents\0. wizzense\AitherZero\tests\unit\modules\CoreApp\CoreRunner.Tests.ps1:219 char:17
    +             { &amp; $script:CoreRunnerScript -ConfigFile '' -WhatIf } | S …
    +                 ~~~~~~~~~~~~~~~~~~~~~~~~.</message>
                      <stack-trace>at { &amp; $script:CoreRunnerScript -ConfigFile '' -WhatIf } | Should -Not -Throw -Because 'Should handle empty ConfigFile parameter gracefully in non-interactive mode', C:\Users\alexa\OneDrive\Documents\0. wizzense\AitherZero\tests\unit\modules\CoreApp\CoreRunner.Tests.ps1:219
at Invoke-Assertion, C:\Users\alexa\OneDrive\Documents\PowerShell\Modules\Pester\5.7.1\Pester.psm1:8250
at Should&lt;End&gt;, C:\Users\alexa\OneDrive\Documents\PowerShell\Modules\Pester\5.7.1\Pester.psm1:8193
at &lt;ScriptBlock&gt;, C:\Users\alexa\OneDrive\Documents\0. wizzense\AitherZero\tests\unit\modules\CoreApp\CoreRunner.Tests.ps1:219
at &lt;ScriptBlock&gt;, C:\Users\alexa\OneDrive\Documents\PowerShell\Modules\Pester\5.7.1\Pester.psm1:2024
at &lt;ScriptBlock&gt;, C:\Users\alexa\OneDrive\Documents\PowerShell\Modules\Pester\5.7.1\Pester.psm1:1985
at Invoke-ScriptBlock, C:\Users\alexa\OneDrive\Documents\PowerShell\Modules\Pester\5.7.1\Pester.psm1:2157
at Invoke-TestItem, C:\Users\alexa\OneDrive\Documents\PowerShell\Modules\Pester\5.7.1\Pester.psm1:1199
at Invoke-Block, C:\Users\alexa\OneDrive\Documents\PowerShell\Modules\Pester\5.7.1\Pester.psm1:835
at &lt;ScriptBlock&gt;, C:\Users\alexa\OneDrive\Documents\PowerShell\Modules\Pester\5.7.1\Pester.psm1:893
at &lt;ScriptBlock&gt;, C:\Users\alexa\OneDrive\Documents\PowerShell\Modules\Pester\5.7.1\Pester.psm1:2024
at &lt;ScriptBlock&gt;, C:\Users\alexa\OneDrive\Documents\PowerShell\Modules\Pester\5.7.1\Pester.psm1:1985
at Invoke-ScriptBlock, C:\Users\alexa\OneDrive\Documents\PowerShell\Modules\Pester\5.7.1\Pester.psm1:2160
at Invoke-Block, C:\Users\alexa\OneDrive\Documents\PowerShell\Modules\Pester\5.7.1\Pester.psm1:940
at &lt;ScriptBlock&gt;, C:\Users\alexa\OneDrive\Documents\PowerShell\Modules\Pester\5.7.1\Pester.psm1:893
at &lt;ScriptBlock&gt;, C:\Users\alexa\OneDrive\Documents\PowerShell\Modules\Pester\5.7.1\Pester.psm1:2024
at &lt;ScriptBlock&gt;, C:\Users\alexa\OneDrive\Documents\PowerShell\Modules\Pester\5.7.1\Pester.psm1:1985
at Invoke-ScriptBlock, C:\Users\alexa\OneDrive\Documents\PowerShell\Modules\Pester\5.7.1\Pester.psm1:2160
at Invoke-Block, C:\Users\alexa\OneDrive\Documents\PowerShell\Modules\Pester\5.7.1\Pester.psm1:940
at &lt;ScriptBlock&gt;, C:\Users\alexa\OneDrive\Documents\PowerShell\Modules\Pester\5.7.1\Pester.psm1:893
at &lt;ScriptBlock&gt;, C:\Users\alexa\OneDrive\Documents\PowerShell\Modules\Pester\5.7.1\Pester.psm1:2024
at &lt;ScriptBlock&gt;, C:\Users\alexa\OneDrive\Documents\PowerShell\Modules\Pester\5.7.1\Pester.psm1:1985
at Invoke-ScriptBlock, C:\Users\alexa\OneDrive\Documents\PowerShell\Modules\Pester\5.7.1\Pester.psm1:2160
at Invoke-Block, C:\Users\alexa\OneDrive\Documents\PowerShell\Modules\Pester\5.7.1\Pester.psm1:940
at &lt;ScriptBlock&gt;, C:\Users\alexa\OneDrive\Documents\PowerShell\Modules\Pester\5.7.1\Pester.psm1:1688
at &lt;ScriptBlock&gt;, C:\Users\alexa\OneDrive\Documents\PowerShell\Modules\Pester\5.7.1\Pester.ps1:3
at &lt;ScriptBlock&gt;, C:\Users\alexa\OneDrive\Documents\PowerShell\Modules\Pester\5.7.1\Pester.psm1:3260
at Invoke-InNewScriptScope, C:\Users\alexa\OneDrive\Documents\PowerShell\Modules\Pester\5.7.1\Pester.psm1:3267
at Run-Test, C:\Users\alexa\OneDrive\Documents\PowerShell\Modules\Pester\5.7.1\Pester.psm1:1691
at Invoke-Test, C:\Users\alexa\OneDrive\Documents\PowerShell\Modules\Pester\5.7.1\Pester.psm1:2512
at Invoke-Pester&lt;End&gt;, C:\Users\alexa\OneDrive\Documents\PowerShell\Modules\Pester\5.7.1\Pester.psm1:4960
at &lt;ScriptBlock&gt;, &lt;No file&gt;:1</stack-trace>
                    </failure>
                  </test-case>
                  <test-case description="should set appropriate error action preference" name="Core Runner Error Handling Tests.Error handling patterns.should set appropriate error action preference" time="0.0063" asserts="0" success="True" result="Success" executed="True" />
                </results>
              </test-suite>
            </results>
          </test-suite>
          <test-suite type="TestFixture" name="Core Runner Integration Tests" executed="True" result="Failure" success="False" time="0.3593" asserts="0" description="Core Runner Integration Tests">
            <results>
              <test-suite type="TestFixture" name="Core Runner Integration Tests.Basic functionality testing" executed="True" result="Failure" success="False" time="0.0344" asserts="0" description="Core Runner Integration Tests.Basic functionality testing">
                <results>
                  <test-case description="should execute with WhatIf parameter successfully" name="Core Runner Integration Tests.Basic functionality testing.should execute with WhatIf parameter successfully" time="0.0093" asserts="0" success="False" result="Failure" executed="True">
                    <failure>
                      <message>Expected no exception to be thrown, because Script should support WhatIf execution, but an exception "The term 'C:\Users\alexa\OneDrive\Documents\0. wizzense\AitherZero/aither-core/core-runner.ps1' is not recognized as a name of a cmdlet, function, script file, or executable program.
Check the spelling of the name, or if a path was included, verify that the path is correct and try again." was thrown from C:\Users\alexa\OneDrive\Documents\0. wizzense\AitherZero\tests\unit\modules\CoreApp\CoreRunner.Tests.ps1:236 char:17
    +             { &amp; $script:CoreRunnerScript -WhatIf } | Should -Not -Thr …
    +                 ~~~~~~~~~~~~~~~~~~~~~~~~.</message>
                      <stack-trace>at { &amp; $script:CoreRunnerScript -WhatIf } | Should -Not -Throw -Because 'Script should support WhatIf execution', C:\Users\alexa\OneDrive\Documents\0. wizzense\AitherZero\tests\unit\modules\CoreApp\CoreRunner.Tests.ps1:236
at Invoke-Assertion, C:\Users\alexa\OneDrive\Documents\PowerShell\Modules\Pester\5.7.1\Pester.psm1:8250
at Should&lt;End&gt;, C:\Users\alexa\OneDrive\Documents\PowerShell\Modules\Pester\5.7.1\Pester.psm1:8193
at &lt;ScriptBlock&gt;, C:\Users\alexa\OneDrive\Documents\0. wizzense\AitherZero\tests\unit\modules\CoreApp\CoreRunner.Tests.ps1:236
at &lt;ScriptBlock&gt;, C:\Users\alexa\OneDrive\Documents\PowerShell\Modules\Pester\5.7.1\Pester.psm1:2024
at &lt;ScriptBlock&gt;, C:\Users\alexa\OneDrive\Documents\PowerShell\Modules\Pester\5.7.1\Pester.psm1:1985
at Invoke-ScriptBlock, C:\Users\alexa\OneDrive\Documents\PowerShell\Modules\Pester\5.7.1\Pester.psm1:2157
at Invoke-TestItem, C:\Users\alexa\OneDrive\Documents\PowerShell\Modules\Pester\5.7.1\Pester.psm1:1199
at Invoke-Block, C:\Users\alexa\OneDrive\Documents\PowerShell\Modules\Pester\5.7.1\Pester.psm1:835
at &lt;ScriptBlock&gt;, C:\Users\alexa\OneDrive\Documents\PowerShell\Modules\Pester\5.7.1\Pester.psm1:893
at &lt;ScriptBlock&gt;, C:\Users\alexa\OneDrive\Documents\PowerShell\Modules\Pester\5.7.1\Pester.psm1:2024
at &lt;ScriptBlock&gt;, C:\Users\alexa\OneDrive\Documents\PowerShell\Modules\Pester\5.7.1\Pester.psm1:1985
at Invoke-ScriptBlock, C:\Users\alexa\OneDrive\Documents\PowerShell\Modules\Pester\5.7.1\Pester.psm1:2160
at Invoke-Block, C:\Users\alexa\OneDrive\Documents\PowerShell\Modules\Pester\5.7.1\Pester.psm1:940
at &lt;ScriptBlock&gt;, C:\Users\alexa\OneDrive\Documents\PowerShell\Modules\Pester\5.7.1\Pester.psm1:893
at &lt;ScriptBlock&gt;, C:\Users\alexa\OneDrive\Documents\PowerShell\Modules\Pester\5.7.1\Pester.psm1:2024
at &lt;ScriptBlock&gt;, C:\Users\alexa\OneDrive\Documents\PowerShell\Modules\Pester\5.7.1\Pester.psm1:1985
at Invoke-ScriptBlock, C:\Users\alexa\OneDrive\Documents\PowerShell\Modules\Pester\5.7.1\Pester.psm1:2160
at Invoke-Block, C:\Users\alexa\OneDrive\Documents\PowerShell\Modules\Pester\5.7.1\Pester.psm1:940
at &lt;ScriptBlock&gt;, C:\Users\alexa\OneDrive\Documents\PowerShell\Modules\Pester\5.7.1\Pester.psm1:893
at &lt;ScriptBlock&gt;, C:\Users\alexa\OneDrive\Documents\PowerShell\Modules\Pester\5.7.1\Pester.psm1:2024
at &lt;ScriptBlock&gt;, C:\Users\alexa\OneDrive\Documents\PowerShell\Modules\Pester\5.7.1\Pester.psm1:1985
at Invoke-ScriptBlock, C:\Users\alexa\OneDrive\Documents\PowerShell\Modules\Pester\5.7.1\Pester.psm1:2160
at Invoke-Block, C:\Users\alexa\OneDrive\Documents\PowerShell\Modules\Pester\5.7.1\Pester.psm1:940
at &lt;ScriptBlock&gt;, C:\Users\alexa\OneDrive\Documents\PowerShell\Modules\Pester\5.7.1\Pester.psm1:1688
at &lt;ScriptBlock&gt;, C:\Users\alexa\OneDrive\Documents\PowerShell\Modules\Pester\5.7.1\Pester.ps1:3
at &lt;ScriptBlock&gt;, C:\Users\alexa\OneDrive\Documents\PowerShell\Modules\Pester\5.7.1\Pester.psm1:3260
at Invoke-InNewScriptScope, C:\Users\alexa\OneDrive\Documents\PowerShell\Modules\Pester\5.7.1\Pester.psm1:3267
at Run-Test, C:\Users\alexa\OneDrive\Documents\PowerShell\Modules\Pester\5.7.1\Pester.psm1:1691
at Invoke-Test, C:\Users\alexa\OneDrive\Documents\PowerShell\Modules\Pester\5.7.1\Pester.psm1:2512
at Invoke-Pester&lt;End&gt;, C:\Users\alexa\OneDrive\Documents\PowerShell\Modules\Pester\5.7.1\Pester.psm1:4960
at &lt;ScriptBlock&gt;, &lt;No file&gt;:1</stack-trace>
                    </failure>
                  </test-case>
                  <test-case description="should accept and process multiple parameters" name="Core Runner Integration Tests.Basic functionality testing.should accept and process multiple parameters" time="0.0119" asserts="0" success="False" result="Failure" executed="True">
                    <failure>
                      <message>Expected no exception to be thrown, but an exception "The term 'C:\Users\alexa\OneDrive\Documents\0. wizzense\AitherZero/aither-core/core-runner.ps1' is not recognized as a name of a cmdlet, function, script file, or executable program.
Check the spelling of the name, or if a path was included, verify that the path is correct and try again." was thrown from C:\Users\alexa\OneDrive\Documents\0. wizzense\AitherZero\tests\unit\modules\CoreApp\CoreRunner.Tests.ps1:244 char:21
    +                 { &amp; $script:CoreRunnerScript -ConfigFile $tempConfig. …
    +                     ~~~~~~~~~~~~~~~~~~~~~~~~.</message>
                      <stack-trace>at { &amp; $script:CoreRunnerScript -ConfigFile $tempConfig.FullName -Verbosity detailed -Auto -WhatIf } | Should -Not -Throw, C:\Users\alexa\OneDrive\Documents\0. wizzense\AitherZero\tests\unit\modules\CoreApp\CoreRunner.Tests.ps1:244
at Invoke-Assertion, C:\Users\alexa\OneDrive\Documents\PowerShell\Modules\Pester\5.7.1\Pester.psm1:8250
at Should&lt;End&gt;, C:\Users\alexa\OneDrive\Documents\PowerShell\Modules\Pester\5.7.1\Pester.psm1:8193
at &lt;ScriptBlock&gt;, C:\Users\alexa\OneDrive\Documents\0. wizzense\AitherZero\tests\unit\modules\CoreApp\CoreRunner.Tests.ps1:244
at &lt;ScriptBlock&gt;, C:\Users\alexa\OneDrive\Documents\PowerShell\Modules\Pester\5.7.1\Pester.psm1:2024
at &lt;ScriptBlock&gt;, C:\Users\alexa\OneDrive\Documents\PowerShell\Modules\Pester\5.7.1\Pester.psm1:1985
at Invoke-ScriptBlock, C:\Users\alexa\OneDrive\Documents\PowerShell\Modules\Pester\5.7.1\Pester.psm1:2157
at Invoke-TestItem, C:\Users\alexa\OneDrive\Documents\PowerShell\Modules\Pester\5.7.1\Pester.psm1:1199
at Invoke-Block, C:\Users\alexa\OneDrive\Documents\PowerShell\Modules\Pester\5.7.1\Pester.psm1:835
at &lt;ScriptBlock&gt;, C:\Users\alexa\OneDrive\Documents\PowerShell\Modules\Pester\5.7.1\Pester.psm1:893
at &lt;ScriptBlock&gt;, C:\Users\alexa\OneDrive\Documents\PowerShell\Modules\Pester\5.7.1\Pester.psm1:2024
at &lt;ScriptBlock&gt;, C:\Users\alexa\OneDrive\Documents\PowerShell\Modules\Pester\5.7.1\Pester.psm1:1985
at Invoke-ScriptBlock, C:\Users\alexa\OneDrive\Documents\PowerShell\Modules\Pester\5.7.1\Pester.psm1:2160
at Invoke-Block, C:\Users\alexa\OneDrive\Documents\PowerShell\Modules\Pester\5.7.1\Pester.psm1:940
at &lt;ScriptBlock&gt;, C:\Users\alexa\OneDrive\Documents\PowerShell\Modules\Pester\5.7.1\Pester.psm1:893
at &lt;ScriptBlock&gt;, C:\Users\alexa\OneDrive\Documents\PowerShell\Modules\Pester\5.7.1\Pester.psm1:2024
at &lt;ScriptBlock&gt;, C:\Users\alexa\OneDrive\Documents\PowerShell\Modules\Pester\5.7.1\Pester.psm1:1985
at Invoke-ScriptBlock, C:\Users\alexa\OneDrive\Documents\PowerShell\Modules\Pester\5.7.1\Pester.psm1:2160
at Invoke-Block, C:\Users\alexa\OneDrive\Documents\PowerShell\Modules\Pester\5.7.1\Pester.psm1:940
at &lt;ScriptBlock&gt;, C:\Users\alexa\OneDrive\Documents\PowerShell\Modules\Pester\5.7.1\Pester.psm1:893
at &lt;ScriptBlock&gt;, C:\Users\alexa\OneDrive\Documents\PowerShell\Modules\Pester\5.7.1\Pester.psm1:2024
at &lt;ScriptBlock&gt;, C:\Users\alexa\OneDrive\Documents\PowerShell\Modules\Pester\5.7.1\Pester.psm1:1985
at Invoke-ScriptBlock, C:\Users\alexa\OneDrive\Documents\PowerShell\Modules\Pester\5.7.1\Pester.psm1:2160
at Invoke-Block, C:\Users\alexa\OneDrive\Documents\PowerShell\Modules\Pester\5.7.1\Pester.psm1:940
at &lt;ScriptBlock&gt;, C:\Users\alexa\OneDrive\Documents\PowerShell\Modules\Pester\5.7.1\Pester.psm1:1688
at &lt;ScriptBlock&gt;, C:\Users\alexa\OneDrive\Documents\PowerShell\Modules\Pester\5.7.1\Pester.ps1:3
at &lt;ScriptBlock&gt;, C:\Users\alexa\OneDrive\Documents\PowerShell\Modules\Pester\5.7.1\Pester.psm1:3260
at Invoke-InNewScriptScope, C:\Users\alexa\OneDrive\Documents\PowerShell\Modules\Pester\5.7.1\Pester.psm1:3267
at Run-Test, C:\Users\alexa\OneDrive\Documents\PowerShell\Modules\Pester\5.7.1\Pester.psm1:1691
at Invoke-Test, C:\Users\alexa\OneDrive\Documents\PowerShell\Modules\Pester\5.7.1\Pester.psm1:2512
at Invoke-Pester&lt;End&gt;, C:\Users\alexa\OneDrive\Documents\PowerShell\Modules\Pester\5.7.1\Pester.psm1:4960
at &lt;ScriptBlock&gt;, &lt;No file&gt;:1</stack-trace>
                    </failure>
                  </test-case>
                  <test-case description="should handle default configuration when no ConfigFile specified" name="Core Runner Integration Tests.Basic functionality testing.should handle default configuration when no ConfigFile specified" time="0.0081" asserts="0" success="False" result="Failure" executed="True">
                    <failure>
                      <message>Expected no exception to be thrown, because Script should handle default configuration, but an exception "The term 'C:\Users\alexa\OneDrive\Documents\0. wizzense\AitherZero/aither-core/core-runner.ps1' is not recognized as a name of a cmdlet, function, script file, or executable program.
Check the spelling of the name, or if a path was included, verify that the path is correct and try again." was thrown from C:\Users\alexa\OneDrive\Documents\0. wizzense\AitherZero\tests\unit\modules\CoreApp\CoreRunner.Tests.ps1:251 char:17
    +             { &amp; $script:CoreRunnerScript -WhatIf } | Should -Not -Thr …
    +                 ~~~~~~~~~~~~~~~~~~~~~~~~.</message>
                      <stack-trace>at { &amp; $script:CoreRunnerScript -WhatIf } | Should -Not -Throw -Because 'Script should handle default configuration', C:\Users\alexa\OneDrive\Documents\0. wizzense\AitherZero\tests\unit\modules\CoreApp\CoreRunner.Tests.ps1:251
at Invoke-Assertion, C:\Users\alexa\OneDrive\Documents\PowerShell\Modules\Pester\5.7.1\Pester.psm1:8250
at Should&lt;End&gt;, C:\Users\alexa\OneDrive\Documents\PowerShell\Modules\Pester\5.7.1\Pester.psm1:8193
at &lt;ScriptBlock&gt;, C:\Users\alexa\OneDrive\Documents\0. wizzense\AitherZero\tests\unit\modules\CoreApp\CoreRunner.Tests.ps1:251
at &lt;ScriptBlock&gt;, C:\Users\alexa\OneDrive\Documents\PowerShell\Modules\Pester\5.7.1\Pester.psm1:2024
at &lt;ScriptBlock&gt;, C:\Users\alexa\OneDrive\Documents\PowerShell\Modules\Pester\5.7.1\Pester.psm1:1985
at Invoke-ScriptBlock, C:\Users\alexa\OneDrive\Documents\PowerShell\Modules\Pester\5.7.1\Pester.psm1:2157
at Invoke-TestItem, C:\Users\alexa\OneDrive\Documents\PowerShell\Modules\Pester\5.7.1\Pester.psm1:1199
at Invoke-Block, C:\Users\alexa\OneDrive\Documents\PowerShell\Modules\Pester\5.7.1\Pester.psm1:835
at &lt;ScriptBlock&gt;, C:\Users\alexa\OneDrive\Documents\PowerShell\Modules\Pester\5.7.1\Pester.psm1:893
at &lt;ScriptBlock&gt;, C:\Users\alexa\OneDrive\Documents\PowerShell\Modules\Pester\5.7.1\Pester.psm1:2024
at &lt;ScriptBlock&gt;, C:\Users\alexa\OneDrive\Documents\PowerShell\Modules\Pester\5.7.1\Pester.psm1:1985
at Invoke-ScriptBlock, C:\Users\alexa\OneDrive\Documents\PowerShell\Modules\Pester\5.7.1\Pester.psm1:2160
at Invoke-Block, C:\Users\alexa\OneDrive\Documents\PowerShell\Modules\Pester\5.7.1\Pester.psm1:940
at &lt;ScriptBlock&gt;, C:\Users\alexa\OneDrive\Documents\PowerShell\Modules\Pester\5.7.1\Pester.psm1:893
at &lt;ScriptBlock&gt;, C:\Users\alexa\OneDrive\Documents\PowerShell\Modules\Pester\5.7.1\Pester.psm1:2024
at &lt;ScriptBlock&gt;, C:\Users\alexa\OneDrive\Documents\PowerShell\Modules\Pester\5.7.1\Pester.psm1:1985
at Invoke-ScriptBlock, C:\Users\alexa\OneDrive\Documents\PowerShell\Modules\Pester\5.7.1\Pester.psm1:2160
at Invoke-Block, C:\Users\alexa\OneDrive\Documents\PowerShell\Modules\Pester\5.7.1\Pester.psm1:940
at &lt;ScriptBlock&gt;, C:\Users\alexa\OneDrive\Documents\PowerShell\Modules\Pester\5.7.1\Pester.psm1:893
at &lt;ScriptBlock&gt;, C:\Users\alexa\OneDrive\Documents\PowerShell\Modules\Pester\5.7.1\Pester.psm1:2024
at &lt;ScriptBlock&gt;, C:\Users\alexa\OneDrive\Documents\PowerShell\Modules\Pester\5.7.1\Pester.psm1:1985
at Invoke-ScriptBlock, C:\Users\alexa\OneDrive\Documents\PowerShell\Modules\Pester\5.7.1\Pester.psm1:2160
at Invoke-Block, C:\Users\alexa\OneDrive\Documents\PowerShell\Modules\Pester\5.7.1\Pester.psm1:940
at &lt;ScriptBlock&gt;, C:\Users\alexa\OneDrive\Documents\PowerShell\Modules\Pester\5.7.1\Pester.psm1:1688
at &lt;ScriptBlock&gt;, C:\Users\alexa\OneDrive\Documents\PowerShell\Modules\Pester\5.7.1\Pester.ps1:3
at &lt;ScriptBlock&gt;, C:\Users\alexa\OneDrive\Documents\PowerShell\Modules\Pester\5.7.1\Pester.psm1:3260
at Invoke-InNewScriptScope, C:\Users\alexa\OneDrive\Documents\PowerShell\Modules\Pester\5.7.1\Pester.psm1:3267
at Run-Test, C:\Users\alexa\OneDrive\Documents\PowerShell\Modules\Pester\5.7.1\Pester.psm1:1691
at Invoke-Test, C:\Users\alexa\OneDrive\Documents\PowerShell\Modules\Pester\5.7.1\Pester.psm1:2512
at Invoke-Pester&lt;End&gt;, C:\Users\alexa\OneDrive\Documents\PowerShell\Modules\Pester\5.7.1\Pester.psm1:4960
at &lt;ScriptBlock&gt;, &lt;No file&gt;:1</stack-trace>
                    </failure>
                  </test-case>
                </results>
              </test-suite>
            </results>
          </test-suite>
        </results>
      </test-suite>
      <test-suite type="TestFixture" name="C:\Users\alexa\OneDrive\Documents\0. wizzense\AitherZero\tests\unit\modules\CoreApp\MasterBulletproofTests.Tests.ps1" executed="True" result="Failure" success="False" time="11.9307" asserts="0" description="C:\Users\alexa\OneDrive\Documents\0. wizzense\AitherZero\tests\unit\modules\CoreApp\MasterBulletproofTests.Tests.ps1">
        <results>
          <test-suite type="TestFixture" name="CoreApp Master Bulletproof Tests" executed="True" result="Failure" success="False" time="11.8255" asserts="0" description="CoreApp Master Bulletproof Tests">
            <results>
              <test-suite type="TestFixture" name="CoreApp Master Bulletproof Tests.Module Loading and Initialization" executed="True" result="Failure" success="False" time="2.7891" asserts="0" description="CoreApp Master Bulletproof Tests.Module Loading and Initialization">
                <results>
                  <test-case description="Should import CoreApp module successfully" name="CoreApp Master Bulletproof Tests.Module Loading and Initialization.Should import CoreApp module successfully" time="0.7064" asserts="0" success="False" result="Failure" executed="True">
                    <failure>
                      <message>Expected $true, but got $false.</message>
                      <stack-trace>at $result.Success | Should -Be $true, C:\Users\alexa\OneDrive\Documents\0. wizzense\AitherZero\tests\unit\modules\CoreApp\MasterBulletproofTests.Tests.ps1:187
at Invoke-Assertion, C:\Users\alexa\OneDrive\Documents\PowerShell\Modules\Pester\5.7.1\Pester.psm1:8250
at Should&lt;End&gt;, C:\Users\alexa\OneDrive\Documents\PowerShell\Modules\Pester\5.7.1\Pester.psm1:8189
at &lt;ScriptBlock&gt;, C:\Users\alexa\OneDrive\Documents\0. wizzense\AitherZero\tests\unit\modules\CoreApp\MasterBulletproofTests.Tests.ps1:187
at &lt;ScriptBlock&gt;, C:\Users\alexa\OneDrive\Documents\PowerShell\Modules\Pester\5.7.1\Pester.psm1:2024
at &lt;ScriptBlock&gt;, C:\Users\alexa\OneDrive\Documents\PowerShell\Modules\Pester\5.7.1\Pester.psm1:1985
at Invoke-ScriptBlock, C:\Users\alexa\OneDrive\Documents\PowerShell\Modules\Pester\5.7.1\Pester.psm1:2157
at Invoke-TestItem, C:\Users\alexa\OneDrive\Documents\PowerShell\Modules\Pester\5.7.1\Pester.psm1:1199
at Invoke-Block, C:\Users\alexa\OneDrive\Documents\PowerShell\Modules\Pester\5.7.1\Pester.psm1:835
at &lt;ScriptBlock&gt;, C:\Users\alexa\OneDrive\Documents\PowerShell\Modules\Pester\5.7.1\Pester.psm1:893
at &lt;ScriptBlock&gt;, C:\Users\alexa\OneDrive\Documents\PowerShell\Modules\Pester\5.7.1\Pester.psm1:2024
at &lt;ScriptBlock&gt;, C:\Users\alexa\OneDrive\Documents\PowerShell\Modules\Pester\5.7.1\Pester.psm1:1985
at Invoke-ScriptBlock, C:\Users\alexa\OneDrive\Documents\PowerShell\Modules\Pester\5.7.1\Pester.psm1:2160
at Invoke-Block, C:\Users\alexa\OneDrive\Documents\PowerShell\Modules\Pester\5.7.1\Pester.psm1:940
at &lt;ScriptBlock&gt;, C:\Users\alexa\OneDrive\Documents\PowerShell\Modules\Pester\5.7.1\Pester.psm1:893
at &lt;ScriptBlock&gt;, C:\Users\alexa\OneDrive\Documents\PowerShell\Modules\Pester\5.7.1\Pester.psm1:2024
at &lt;ScriptBlock&gt;, C:\Users\alexa\OneDrive\Documents\PowerShell\Modules\Pester\5.7.1\Pester.psm1:1985
at Invoke-ScriptBlock, C:\Users\alexa\OneDrive\Documents\PowerShell\Modules\Pester\5.7.1\Pester.psm1:2160
at Invoke-Block, C:\Users\alexa\OneDrive\Documents\PowerShell\Modules\Pester\5.7.1\Pester.psm1:940
at &lt;ScriptBlock&gt;, C:\Users\alexa\OneDrive\Documents\PowerShell\Modules\Pester\5.7.1\Pester.psm1:893
at &lt;ScriptBlock&gt;, C:\Users\alexa\OneDrive\Documents\PowerShell\Modules\Pester\5.7.1\Pester.psm1:2024
at &lt;ScriptBlock&gt;, C:\Users\alexa\OneDrive\Documents\PowerShell\Modules\Pester\5.7.1\Pester.psm1:1985
at Invoke-ScriptBlock, C:\Users\alexa\OneDrive\Documents\PowerShell\Modules\Pester\5.7.1\Pester.psm1:2160
at Invoke-Block, C:\Users\alexa\OneDrive\Documents\PowerShell\Modules\Pester\5.7.1\Pester.psm1:940
at &lt;ScriptBlock&gt;, C:\Users\alexa\OneDrive\Documents\PowerShell\Modules\Pester\5.7.1\Pester.psm1:1688
at &lt;ScriptBlock&gt;, C:\Users\alexa\OneDrive\Documents\PowerShell\Modules\Pester\5.7.1\Pester.ps1:3
at &lt;ScriptBlock&gt;, C:\Users\alexa\OneDrive\Documents\PowerShell\Modules\Pester\5.7.1\Pester.psm1:3260
at Invoke-InNewScriptScope, C:\Users\alexa\OneDrive\Documents\PowerShell\Modules\Pester\5.7.1\Pester.psm1:3267
at Run-Test, C:\Users\alexa\OneDrive\Documents\PowerShell\Modules\Pester\5.7.1\Pester.psm1:1691
at Invoke-Test, C:\Users\alexa\OneDrive\Documents\PowerShell\Modules\Pester\5.7.1\Pester.psm1:2512
at Invoke-Pester&lt;End&gt;, C:\Users\alexa\OneDrive\Documents\PowerShell\Modules\Pester\5.7.1\Pester.psm1:4960
at &lt;ScriptBlock&gt;, &lt;No file&gt;:1</stack-trace>
                    </failure>
                  </test-case>
                  <test-case description="Should initialize CoreApp ecosystem" name="CoreApp Master Bulletproof Tests.Module Loading and Initialization.Should initialize CoreApp ecosystem" time="0.6869" asserts="0" success="False" result="Failure" executed="True">
                    <failure>
                      <message>Expected $true, but got $false.</message>
                      <stack-trace>at $result.Success | Should -Be $true, C:\Users\alexa\OneDrive\Documents\0. wizzense\AitherZero\tests\unit\modules\CoreApp\MasterBulletproofTests.Tests.ps1:202
at Invoke-Assertion, C:\Users\alexa\OneDrive\Documents\PowerShell\Modules\Pester\5.7.1\Pester.psm1:8250
at Should&lt;End&gt;, C:\Users\alexa\OneDrive\Documents\PowerShell\Modules\Pester\5.7.1\Pester.psm1:8189
at &lt;ScriptBlock&gt;, C:\Users\alexa\OneDrive\Documents\0. wizzense\AitherZero\tests\unit\modules\CoreApp\MasterBulletproofTests.Tests.ps1:202
at &lt;ScriptBlock&gt;, C:\Users\alexa\OneDrive\Documents\PowerShell\Modules\Pester\5.7.1\Pester.psm1:2024
at &lt;ScriptBlock&gt;, C:\Users\alexa\OneDrive\Documents\PowerShell\Modules\Pester\5.7.1\Pester.psm1:1985
at Invoke-ScriptBlock, C:\Users\alexa\OneDrive\Documents\PowerShell\Modules\Pester\5.7.1\Pester.psm1:2157
at Invoke-TestItem, C:\Users\alexa\OneDrive\Documents\PowerShell\Modules\Pester\5.7.1\Pester.psm1:1199
at Invoke-Block, C:\Users\alexa\OneDrive\Documents\PowerShell\Modules\Pester\5.7.1\Pester.psm1:835
at &lt;ScriptBlock&gt;, C:\Users\alexa\OneDrive\Documents\PowerShell\Modules\Pester\5.7.1\Pester.psm1:893
at &lt;ScriptBlock&gt;, C:\Users\alexa\OneDrive\Documents\PowerShell\Modules\Pester\5.7.1\Pester.psm1:2024
at &lt;ScriptBlock&gt;, C:\Users\alexa\OneDrive\Documents\PowerShell\Modules\Pester\5.7.1\Pester.psm1:1985
at Invoke-ScriptBlock, C:\Users\alexa\OneDrive\Documents\PowerShell\Modules\Pester\5.7.1\Pester.psm1:2160
at Invoke-Block, C:\Users\alexa\OneDrive\Documents\PowerShell\Modules\Pester\5.7.1\Pester.psm1:940
at &lt;ScriptBlock&gt;, C:\Users\alexa\OneDrive\Documents\PowerShell\Modules\Pester\5.7.1\Pester.psm1:893
at &lt;ScriptBlock&gt;, C:\Users\alexa\OneDrive\Documents\PowerShell\Modules\Pester\5.7.1\Pester.psm1:2024
at &lt;ScriptBlock&gt;, C:\Users\alexa\OneDrive\Documents\PowerShell\Modules\Pester\5.7.1\Pester.psm1:1985
at Invoke-ScriptBlock, C:\Users\alexa\OneDrive\Documents\PowerShell\Modules\Pester\5.7.1\Pester.psm1:2160
at Invoke-Block, C:\Users\alexa\OneDrive\Documents\PowerShell\Modules\Pester\5.7.1\Pester.psm1:940
at &lt;ScriptBlock&gt;, C:\Users\alexa\OneDrive\Documents\PowerShell\Modules\Pester\5.7.1\Pester.psm1:893
at &lt;ScriptBlock&gt;, C:\Users\alexa\OneDrive\Documents\PowerShell\Modules\Pester\5.7.1\Pester.psm1:2024
at &lt;ScriptBlock&gt;, C:\Users\alexa\OneDrive\Documents\PowerShell\Modules\Pester\5.7.1\Pester.psm1:1985
at Invoke-ScriptBlock, C:\Users\alexa\OneDrive\Documents\PowerShell\Modules\Pester\5.7.1\Pester.psm1:2160
at Invoke-Block, C:\Users\alexa\OneDrive\Documents\PowerShell\Modules\Pester\5.7.1\Pester.psm1:940
at &lt;ScriptBlock&gt;, C:\Users\alexa\OneDrive\Documents\PowerShell\Modules\Pester\5.7.1\Pester.psm1:1688
at &lt;ScriptBlock&gt;, C:\Users\alexa\OneDrive\Documents\PowerShell\Modules\Pester\5.7.1\Pester.ps1:3
at &lt;ScriptBlock&gt;, C:\Users\alexa\OneDrive\Documents\PowerShell\Modules\Pester\5.7.1\Pester.psm1:3260
at Invoke-InNewScriptScope, C:\Users\alexa\OneDrive\Documents\PowerShell\Modules\Pester\5.7.1\Pester.psm1:3267
at Run-Test, C:\Users\alexa\OneDrive\Documents\PowerShell\Modules\Pester\5.7.1\Pester.psm1:1691
at Invoke-Test, C:\Users\alexa\OneDrive\Documents\PowerShell\Modules\Pester\5.7.1\Pester.psm1:2512
at Invoke-Pester&lt;End&gt;, C:\Users\alexa\OneDrive\Documents\PowerShell\Modules\Pester\5.7.1\Pester.psm1:4960
at &lt;ScriptBlock&gt;, &lt;No file&gt;:1</stack-trace>
                    </failure>
                  </test-case>
                  <test-case description="Should load required modules successfully" name="CoreApp Master Bulletproof Tests.Module Loading and Initialization.Should load required modules successfully" time="0.6756" asserts="0" success="False" result="Failure" executed="True">
                    <failure>
                      <message>Expected $true, but got $false.</message>
                      <stack-trace>at $result.Success | Should -Be $true, C:\Users\alexa\OneDrive\Documents\0. wizzense\AitherZero\tests\unit\modules\CoreApp\MasterBulletproofTests.Tests.ps1:217
at Invoke-Assertion, C:\Users\alexa\OneDrive\Documents\PowerShell\Modules\Pester\5.7.1\Pester.psm1:8250
at Should&lt;End&gt;, C:\Users\alexa\OneDrive\Documents\PowerShell\Modules\Pester\5.7.1\Pester.psm1:8189
at &lt;ScriptBlock&gt;, C:\Users\alexa\OneDrive\Documents\0. wizzense\AitherZero\tests\unit\modules\CoreApp\MasterBulletproofTests.Tests.ps1:217
at &lt;ScriptBlock&gt;, C:\Users\alexa\OneDrive\Documents\PowerShell\Modules\Pester\5.7.1\Pester.psm1:2024
at &lt;ScriptBlock&gt;, C:\Users\alexa\OneDrive\Documents\PowerShell\Modules\Pester\5.7.1\Pester.psm1:1985
at Invoke-ScriptBlock, C:\Users\alexa\OneDrive\Documents\PowerShell\Modules\Pester\5.7.1\Pester.psm1:2157
at Invoke-TestItem, C:\Users\alexa\OneDrive\Documents\PowerShell\Modules\Pester\5.7.1\Pester.psm1:1199
at Invoke-Block, C:\Users\alexa\OneDrive\Documents\PowerShell\Modules\Pester\5.7.1\Pester.psm1:835
at &lt;ScriptBlock&gt;, C:\Users\alexa\OneDrive\Documents\PowerShell\Modules\Pester\5.7.1\Pester.psm1:893
at &lt;ScriptBlock&gt;, C:\Users\alexa\OneDrive\Documents\PowerShell\Modules\Pester\5.7.1\Pester.psm1:2024
at &lt;ScriptBlock&gt;, C:\Users\alexa\OneDrive\Documents\PowerShell\Modules\Pester\5.7.1\Pester.psm1:1985
at Invoke-ScriptBlock, C:\Users\alexa\OneDrive\Documents\PowerShell\Modules\Pester\5.7.1\Pester.psm1:2160
at Invoke-Block, C:\Users\alexa\OneDrive\Documents\PowerShell\Modules\Pester\5.7.1\Pester.psm1:940
at &lt;ScriptBlock&gt;, C:\Users\alexa\OneDrive\Documents\PowerShell\Modules\Pester\5.7.1\Pester.psm1:893
at &lt;ScriptBlock&gt;, C:\Users\alexa\OneDrive\Documents\PowerShell\Modules\Pester\5.7.1\Pester.psm1:2024
at &lt;ScriptBlock&gt;, C:\Users\alexa\OneDrive\Documents\PowerShell\Modules\Pester\5.7.1\Pester.psm1:1985
at Invoke-ScriptBlock, C:\Users\alexa\OneDrive\Documents\PowerShell\Modules\Pester\5.7.1\Pester.psm1:2160
at Invoke-Block, C:\Users\alexa\OneDrive\Documents\PowerShell\Modules\Pester\5.7.1\Pester.psm1:940
at &lt;ScriptBlock&gt;, C:\Users\alexa\OneDrive\Documents\PowerShell\Modules\Pester\5.7.1\Pester.psm1:893
at &lt;ScriptBlock&gt;, C:\Users\alexa\OneDrive\Documents\PowerShell\Modules\Pester\5.7.1\Pester.psm1:2024
at &lt;ScriptBlock&gt;, C:\Users\alexa\OneDrive\Documents\PowerShell\Modules\Pester\5.7.1\Pester.psm1:1985
at Invoke-ScriptBlock, C:\Users\alexa\OneDrive\Documents\PowerShell\Modules\Pester\5.7.1\Pester.psm1:2160
at Invoke-Block, C:\Users\alexa\OneDrive\Documents\PowerShell\Modules\Pester\5.7.1\Pester.psm1:940
at &lt;ScriptBlock&gt;, C:\Users\alexa\OneDrive\Documents\PowerShell\Modules\Pester\5.7.1\Pester.psm1:1688
at &lt;ScriptBlock&gt;, C:\Users\alexa\OneDrive\Documents\PowerShell\Modules\Pester\5.7.1\Pester.ps1:3
at &lt;ScriptBlock&gt;, C:\Users\alexa\OneDrive\Documents\PowerShell\Modules\Pester\5.7.1\Pester.psm1:3260
at Invoke-InNewScriptScope, C:\Users\alexa\OneDrive\Documents\PowerShell\Modules\Pester\5.7.1\Pester.psm1:3267
at Run-Test, C:\Users\alexa\OneDrive\Documents\PowerShell\Modules\Pester\5.7.1\Pester.psm1:1691
at Invoke-Test, C:\Users\alexa\OneDrive\Documents\PowerShell\Modules\Pester\5.7.1\Pester.psm1:2512
at Invoke-Pester&lt;End&gt;, C:\Users\alexa\OneDrive\Documents\PowerShell\Modules\Pester\5.7.1\Pester.psm1:4960
at &lt;ScriptBlock&gt;, &lt;No file&gt;:1</stack-trace>
                    </failure>
                  </test-case>
                  <test-case description="Should validate module status and health" name="CoreApp Master Bulletproof Tests.Module Loading and Initialization.Should validate module status and health" time="0.7152" asserts="0" success="False" result="Failure" executed="True">
                    <failure>
                      <message>Expected $true, but got $false.</message>
                      <stack-trace>at $result.Success | Should -Be $true, C:\Users\alexa\OneDrive\Documents\0. wizzense\AitherZero\tests\unit\modules\CoreApp\MasterBulletproofTests.Tests.ps1:235
at Invoke-Assertion, C:\Users\alexa\OneDrive\Documents\PowerShell\Modules\Pester\5.7.1\Pester.psm1:8250
at Should&lt;End&gt;, C:\Users\alexa\OneDrive\Documents\PowerShell\Modules\Pester\5.7.1\Pester.psm1:8189
at &lt;ScriptBlock&gt;, C:\Users\alexa\OneDrive\Documents\0. wizzense\AitherZero\tests\unit\modules\CoreApp\MasterBulletproofTests.Tests.ps1:235
at &lt;ScriptBlock&gt;, C:\Users\alexa\OneDrive\Documents\PowerShell\Modules\Pester\5.7.1\Pester.psm1:2024
at &lt;ScriptBlock&gt;, C:\Users\alexa\OneDrive\Documents\PowerShell\Modules\Pester\5.7.1\Pester.psm1:1985
at Invoke-ScriptBlock, C:\Users\alexa\OneDrive\Documents\PowerShell\Modules\Pester\5.7.1\Pester.psm1:2157
at Invoke-TestItem, C:\Users\alexa\OneDrive\Documents\PowerShell\Modules\Pester\5.7.1\Pester.psm1:1199
at Invoke-Block, C:\Users\alexa\OneDrive\Documents\PowerShell\Modules\Pester\5.7.1\Pester.psm1:835
at &lt;ScriptBlock&gt;, C:\Users\alexa\OneDrive\Documents\PowerShell\Modules\Pester\5.7.1\Pester.psm1:893
at &lt;ScriptBlock&gt;, C:\Users\alexa\OneDrive\Documents\PowerShell\Modules\Pester\5.7.1\Pester.psm1:2024
at &lt;ScriptBlock&gt;, C:\Users\alexa\OneDrive\Documents\PowerShell\Modules\Pester\5.7.1\Pester.psm1:1985
at Invoke-ScriptBlock, C:\Users\alexa\OneDrive\Documents\PowerShell\Modules\Pester\5.7.1\Pester.psm1:2160
at Invoke-Block, C:\Users\alexa\OneDrive\Documents\PowerShell\Modules\Pester\5.7.1\Pester.psm1:940
at &lt;ScriptBlock&gt;, C:\Users\alexa\OneDrive\Documents\PowerShell\Modules\Pester\5.7.1\Pester.psm1:893
at &lt;ScriptBlock&gt;, C:\Users\alexa\OneDrive\Documents\PowerShell\Modules\Pester\5.7.1\Pester.psm1:2024
at &lt;ScriptBlock&gt;, C:\Users\alexa\OneDrive\Documents\PowerShell\Modules\Pester\5.7.1\Pester.psm1:1985
at Invoke-ScriptBlock, C:\Users\alexa\OneDrive\Documents\PowerShell\Modules\Pester\5.7.1\Pester.psm1:2160
at Invoke-Block, C:\Users\alexa\OneDrive\Documents\PowerShell\Modules\Pester\5.7.1\Pester.psm1:940
at &lt;ScriptBlock&gt;, C:\Users\alexa\OneDrive\Documents\PowerShell\Modules\Pester\5.7.1\Pester.psm1:893
at &lt;ScriptBlock&gt;, C:\Users\alexa\OneDrive\Documents\PowerShell\Modules\Pester\5.7.1\Pester.psm1:2024
at &lt;ScriptBlock&gt;, C:\Users\alexa\OneDrive\Documents\PowerShell\Modules\Pester\5.7.1\Pester.psm1:1985
at Invoke-ScriptBlock, C:\Users\alexa\OneDrive\Documents\PowerShell\Modules\Pester\5.7.1\Pester.psm1:2160
at Invoke-Block, C:\Users\alexa\OneDrive\Documents\PowerShell\Modules\Pester\5.7.1\Pester.psm1:940
at &lt;ScriptBlock&gt;, C:\Users\alexa\OneDrive\Documents\PowerShell\Modules\Pester\5.7.1\Pester.psm1:1688
at &lt;ScriptBlock&gt;, C:\Users\alexa\OneDrive\Documents\PowerShell\Modules\Pester\5.7.1\Pester.ps1:3
at &lt;ScriptBlock&gt;, C:\Users\alexa\OneDrive\Documents\PowerShell\Modules\Pester\5.7.1\Pester.psm1:3260
at Invoke-InNewScriptScope, C:\Users\alexa\OneDrive\Documents\PowerShell\Modules\Pester\5.7.1\Pester.psm1:3267
at Run-Test, C:\Users\alexa\OneDrive\Documents\PowerShell\Modules\Pester\5.7.1\Pester.psm1:1691
at Invoke-Test, C:\Users\alexa\OneDrive\Documents\PowerShell\Modules\Pester\5.7.1\Pester.psm1:2512
at Invoke-Pester&lt;End&gt;, C:\Users\alexa\OneDrive\Documents\PowerShell\Modules\Pester\5.7.1\Pester.psm1:4960
at &lt;ScriptBlock&gt;, &lt;No file&gt;:1</stack-trace>
                    </failure>
                  </test-case>
                </results>
              </test-suite>
              <test-suite type="TestFixture" name="CoreApp Master Bulletproof Tests.Core Functionality Testing" executed="True" result="Failure" success="False" time="4.8513" asserts="0" description="CoreApp Master Bulletproof Tests.Core Functionality Testing">
                <results>
                  <test-case description="Should execute core-runner in non-interactive mode" name="CoreApp Master Bulletproof Tests.Core Functionality Testing.Should execute core-runner in non-interactive mode" time="0.3302" asserts="0" success="False" result="Failure" executed="True">
                    <failure>
                      <message>Expected $true, but got $false.</message>
                      <stack-trace>at $result.Success | Should -Be $true, C:\Users\alexa\OneDrive\Documents\0. wizzense\AitherZero\tests\unit\modules\CoreApp\MasterBulletproofTests.Tests.ps1:253
at Invoke-Assertion, C:\Users\alexa\OneDrive\Documents\PowerShell\Modules\Pester\5.7.1\Pester.psm1:8250
at Should&lt;End&gt;, C:\Users\alexa\OneDrive\Documents\PowerShell\Modules\Pester\5.7.1\Pester.psm1:8189
at &lt;ScriptBlock&gt;, C:\Users\alexa\OneDrive\Documents\0. wizzense\AitherZero\tests\unit\modules\CoreApp\MasterBulletproofTests.Tests.ps1:253
at &lt;ScriptBlock&gt;, C:\Users\alexa\OneDrive\Documents\PowerShell\Modules\Pester\5.7.1\Pester.psm1:2024
at &lt;ScriptBlock&gt;, C:\Users\alexa\OneDrive\Documents\PowerShell\Modules\Pester\5.7.1\Pester.psm1:1985
at Invoke-ScriptBlock, C:\Users\alexa\OneDrive\Documents\PowerShell\Modules\Pester\5.7.1\Pester.psm1:2157
at Invoke-TestItem, C:\Users\alexa\OneDrive\Documents\PowerShell\Modules\Pester\5.7.1\Pester.psm1:1199
at Invoke-Block, C:\Users\alexa\OneDrive\Documents\PowerShell\Modules\Pester\5.7.1\Pester.psm1:835
at &lt;ScriptBlock&gt;, C:\Users\alexa\OneDrive\Documents\PowerShell\Modules\Pester\5.7.1\Pester.psm1:893
at &lt;ScriptBlock&gt;, C:\Users\alexa\OneDrive\Documents\PowerShell\Modules\Pester\5.7.1\Pester.psm1:2024
at &lt;ScriptBlock&gt;, C:\Users\alexa\OneDrive\Documents\PowerShell\Modules\Pester\5.7.1\Pester.psm1:1985
at Invoke-ScriptBlock, C:\Users\alexa\OneDrive\Documents\PowerShell\Modules\Pester\5.7.1\Pester.psm1:2160
at Invoke-Block, C:\Users\alexa\OneDrive\Documents\PowerShell\Modules\Pester\5.7.1\Pester.psm1:940
at &lt;ScriptBlock&gt;, C:\Users\alexa\OneDrive\Documents\PowerShell\Modules\Pester\5.7.1\Pester.psm1:893
at &lt;ScriptBlock&gt;, C:\Users\alexa\OneDrive\Documents\PowerShell\Modules\Pester\5.7.1\Pester.psm1:2024
at &lt;ScriptBlock&gt;, C:\Users\alexa\OneDrive\Documents\PowerShell\Modules\Pester\5.7.1\Pester.psm1:1985
at Invoke-ScriptBlock, C:\Users\alexa\OneDrive\Documents\PowerShell\Modules\Pester\5.7.1\Pester.psm1:2160
at Invoke-Block, C:\Users\alexa\OneDrive\Documents\PowerShell\Modules\Pester\5.7.1\Pester.psm1:940
at &lt;ScriptBlock&gt;, C:\Users\alexa\OneDrive\Documents\PowerShell\Modules\Pester\5.7.1\Pester.psm1:893
at &lt;ScriptBlock&gt;, C:\Users\alexa\OneDrive\Documents\PowerShell\Modules\Pester\5.7.1\Pester.psm1:2024
at &lt;ScriptBlock&gt;, C:\Users\alexa\OneDrive\Documents\PowerShell\Modules\Pester\5.7.1\Pester.psm1:1985
at Invoke-ScriptBlock, C:\Users\alexa\OneDrive\Documents\PowerShell\Modules\Pester\5.7.1\Pester.psm1:2160
at Invoke-Block, C:\Users\alexa\OneDrive\Documents\PowerShell\Modules\Pester\5.7.1\Pester.psm1:940
at &lt;ScriptBlock&gt;, C:\Users\alexa\OneDrive\Documents\PowerShell\Modules\Pester\5.7.1\Pester.psm1:1688
at &lt;ScriptBlock&gt;, C:\Users\alexa\OneDrive\Documents\PowerShell\Modules\Pester\5.7.1\Pester.ps1:3
at &lt;ScriptBlock&gt;, C:\Users\alexa\OneDrive\Documents\PowerShell\Modules\Pester\5.7.1\Pester.psm1:3260
at Invoke-InNewScriptScope, C:\Users\alexa\OneDrive\Documents\PowerShell\Modules\Pester\5.7.1\Pester.psm1:3267
at Run-Test, C:\Users\alexa\OneDrive\Documents\PowerShell\Modules\Pester\5.7.1\Pester.psm1:1691
at Invoke-Test, C:\Users\alexa\OneDrive\Documents\PowerShell\Modules\Pester\5.7.1\Pester.psm1:2512
at Invoke-Pester&lt;End&gt;, C:\Users\alexa\OneDrive\Documents\PowerShell\Modules\Pester\5.7.1\Pester.psm1:4960
at &lt;ScriptBlock&gt;, &lt;No file&gt;:1</stack-trace>
                    </failure>
                  </test-case>
                  <test-case description="Should handle auto mode execution" name="CoreApp Master Bulletproof Tests.Core Functionality Testing.Should handle auto mode execution" time="0.3091" asserts="0" success="False" result="Failure" executed="True">
                    <failure>
                      <message>Expected $true, but got $false.</message>
                      <stack-trace>at $result.Success | Should -Be $true, C:\Users\alexa\OneDrive\Documents\0. wizzense\AitherZero\tests\unit\modules\CoreApp\MasterBulletproofTests.Tests.ps1:268
at Invoke-Assertion, C:\Users\alexa\OneDrive\Documents\PowerShell\Modules\Pester\5.7.1\Pester.psm1:8250
at Should&lt;End&gt;, C:\Users\alexa\OneDrive\Documents\PowerShell\Modules\Pester\5.7.1\Pester.psm1:8189
at &lt;ScriptBlock&gt;, C:\Users\alexa\OneDrive\Documents\0. wizzense\AitherZero\tests\unit\modules\CoreApp\MasterBulletproofTests.Tests.ps1:268
at &lt;ScriptBlock&gt;, C:\Users\alexa\OneDrive\Documents\PowerShell\Modules\Pester\5.7.1\Pester.psm1:2024
at &lt;ScriptBlock&gt;, C:\Users\alexa\OneDrive\Documents\PowerShell\Modules\Pester\5.7.1\Pester.psm1:1985
at Invoke-ScriptBlock, C:\Users\alexa\OneDrive\Documents\PowerShell\Modules\Pester\5.7.1\Pester.psm1:2157
at Invoke-TestItem, C:\Users\alexa\OneDrive\Documents\PowerShell\Modules\Pester\5.7.1\Pester.psm1:1199
at Invoke-Block, C:\Users\alexa\OneDrive\Documents\PowerShell\Modules\Pester\5.7.1\Pester.psm1:835
at &lt;ScriptBlock&gt;, C:\Users\alexa\OneDrive\Documents\PowerShell\Modules\Pester\5.7.1\Pester.psm1:893
at &lt;ScriptBlock&gt;, C:\Users\alexa\OneDrive\Documents\PowerShell\Modules\Pester\5.7.1\Pester.psm1:2024
at &lt;ScriptBlock&gt;, C:\Users\alexa\OneDrive\Documents\PowerShell\Modules\Pester\5.7.1\Pester.psm1:1985
at Invoke-ScriptBlock, C:\Users\alexa\OneDrive\Documents\PowerShell\Modules\Pester\5.7.1\Pester.psm1:2160
at Invoke-Block, C:\Users\alexa\OneDrive\Documents\PowerShell\Modules\Pester\5.7.1\Pester.psm1:940
at &lt;ScriptBlock&gt;, C:\Users\alexa\OneDrive\Documents\PowerShell\Modules\Pester\5.7.1\Pester.psm1:893
at &lt;ScriptBlock&gt;, C:\Users\alexa\OneDrive\Documents\PowerShell\Modules\Pester\5.7.1\Pester.psm1:2024
at &lt;ScriptBlock&gt;, C:\Users\alexa\OneDrive\Documents\PowerShell\Modules\Pester\5.7.1\Pester.psm1:1985
at Invoke-ScriptBlock, C:\Users\alexa\OneDrive\Documents\PowerShell\Modules\Pester\5.7.1\Pester.psm1:2160
at Invoke-Block, C:\Users\alexa\OneDrive\Documents\PowerShell\Modules\Pester\5.7.1\Pester.psm1:940
at &lt;ScriptBlock&gt;, C:\Users\alexa\OneDrive\Documents\PowerShell\Modules\Pester\5.7.1\Pester.psm1:893
at &lt;ScriptBlock&gt;, C:\Users\alexa\OneDrive\Documents\PowerShell\Modules\Pester\5.7.1\Pester.psm1:2024
at &lt;ScriptBlock&gt;, C:\Users\alexa\OneDrive\Documents\PowerShell\Modules\Pester\5.7.1\Pester.psm1:1985
at Invoke-ScriptBlock, C:\Users\alexa\OneDrive\Documents\PowerShell\Modules\Pester\5.7.1\Pester.psm1:2160
at Invoke-Block, C:\Users\alexa\OneDrive\Documents\PowerShell\Modules\Pester\5.7.1\Pester.psm1:940
at &lt;ScriptBlock&gt;, C:\Users\alexa\OneDrive\Documents\PowerShell\Modules\Pester\5.7.1\Pester.psm1:1688
at &lt;ScriptBlock&gt;, C:\Users\alexa\OneDrive\Documents\PowerShell\Modules\Pester\5.7.1\Pester.ps1:3
at &lt;ScriptBlock&gt;, C:\Users\alexa\OneDrive\Documents\PowerShell\Modules\Pester\5.7.1\Pester.psm1:3260
at Invoke-InNewScriptScope, C:\Users\alexa\OneDrive\Documents\PowerShell\Modules\Pester\5.7.1\Pester.psm1:3267
at Run-Test, C:\Users\alexa\OneDrive\Documents\PowerShell\Modules\Pester\5.7.1\Pester.psm1:1691
at Invoke-Test, C:\Users\alexa\OneDrive\Documents\PowerShell\Modules\Pester\5.7.1\Pester.psm1:2512
at Invoke-Pester&lt;End&gt;, C:\Users\alexa\OneDrive\Documents\PowerShell\Modules\Pester\5.7.1\Pester.psm1:4960
at &lt;ScriptBlock&gt;, &lt;No file&gt;:1</stack-trace>
                    </failure>
                  </test-case>
                  <test-case description="Should validate configuration handling" name="CoreApp Master Bulletproof Tests.Core Functionality Testing.Should validate configuration handling" time="0.7085" asserts="0" success="False" result="Failure" executed="True">
                    <failure>
                      <message>Expected $true, but got $false.</message>
                      <stack-trace>at $result.Success | Should -Be $true, C:\Users\alexa\OneDrive\Documents\0. wizzense\AitherZero\tests\unit\modules\CoreApp\MasterBulletproofTests.Tests.ps1:284
at Invoke-Assertion, C:\Users\alexa\OneDrive\Documents\PowerShell\Modules\Pester\5.7.1\Pester.psm1:8250
at Should&lt;End&gt;, C:\Users\alexa\OneDrive\Documents\PowerShell\Modules\Pester\5.7.1\Pester.psm1:8189
at &lt;ScriptBlock&gt;, C:\Users\alexa\OneDrive\Documents\0. wizzense\AitherZero\tests\unit\modules\CoreApp\MasterBulletproofTests.Tests.ps1:284
at &lt;ScriptBlock&gt;, C:\Users\alexa\OneDrive\Documents\PowerShell\Modules\Pester\5.7.1\Pester.psm1:2024
at &lt;ScriptBlock&gt;, C:\Users\alexa\OneDrive\Documents\PowerShell\Modules\Pester\5.7.1\Pester.psm1:1985
at Invoke-ScriptBlock, C:\Users\alexa\OneDrive\Documents\PowerShell\Modules\Pester\5.7.1\Pester.psm1:2157
at Invoke-TestItem, C:\Users\alexa\OneDrive\Documents\PowerShell\Modules\Pester\5.7.1\Pester.psm1:1199
at Invoke-Block, C:\Users\alexa\OneDrive\Documents\PowerShell\Modules\Pester\5.7.1\Pester.psm1:835
at &lt;ScriptBlock&gt;, C:\Users\alexa\OneDrive\Documents\PowerShell\Modules\Pester\5.7.1\Pester.psm1:893
at &lt;ScriptBlock&gt;, C:\Users\alexa\OneDrive\Documents\PowerShell\Modules\Pester\5.7.1\Pester.psm1:2024
at &lt;ScriptBlock&gt;, C:\Users\alexa\OneDrive\Documents\PowerShell\Modules\Pester\5.7.1\Pester.psm1:1985
at Invoke-ScriptBlock, C:\Users\alexa\OneDrive\Documents\PowerShell\Modules\Pester\5.7.1\Pester.psm1:2160
at Invoke-Block, C:\Users\alexa\OneDrive\Documents\PowerShell\Modules\Pester\5.7.1\Pester.psm1:940
at &lt;ScriptBlock&gt;, C:\Users\alexa\OneDrive\Documents\PowerShell\Modules\Pester\5.7.1\Pester.psm1:893
at &lt;ScriptBlock&gt;, C:\Users\alexa\OneDrive\Documents\PowerShell\Modules\Pester\5.7.1\Pester.psm1:2024
at &lt;ScriptBlock&gt;, C:\Users\alexa\OneDrive\Documents\PowerShell\Modules\Pester\5.7.1\Pester.psm1:1985
at Invoke-ScriptBlock, C:\Users\alexa\OneDrive\Documents\PowerShell\Modules\Pester\5.7.1\Pester.psm1:2160
at Invoke-Block, C:\Users\alexa\OneDrive\Documents\PowerShell\Modules\Pester\5.7.1\Pester.psm1:940
at &lt;ScriptBlock&gt;, C:\Users\alexa\OneDrive\Documents\PowerShell\Modules\Pester\5.7.1\Pester.psm1:893
at &lt;ScriptBlock&gt;, C:\Users\alexa\OneDrive\Documents\PowerShell\Modules\Pester\5.7.1\Pester.psm1:2024
at &lt;ScriptBlock&gt;, C:\Users\alexa\OneDrive\Documents\PowerShell\Modules\Pester\5.7.1\Pester.psm1:1985
at Invoke-ScriptBlock, C:\Users\alexa\OneDrive\Documents\PowerShell\Modules\Pester\5.7.1\Pester.psm1:2160
at Invoke-Block, C:\Users\alexa\OneDrive\Documents\PowerShell\Modules\Pester\5.7.1\Pester.psm1:940
at &lt;ScriptBlock&gt;, C:\Users\alexa\OneDrive\Documents\PowerShell\Modules\Pester\5.7.1\Pester.psm1:1688
at &lt;ScriptBlock&gt;, C:\Users\alexa\OneDrive\Documents\PowerShell\Modules\Pester\5.7.1\Pester.ps1:3
at &lt;ScriptBlock&gt;, C:\Users\alexa\OneDrive\Documents\PowerShell\Modules\Pester\5.7.1\Pester.psm1:3260
at Invoke-InNewScriptScope, C:\Users\alexa\OneDrive\Documents\PowerShell\Modules\Pester\5.7.1\Pester.psm1:3267
at Run-Test, C:\Users\alexa\OneDrive\Documents\PowerShell\Modules\Pester\5.7.1\Pester.psm1:1691
at Invoke-Test, C:\Users\alexa\OneDrive\Documents\PowerShell\Modules\Pester\5.7.1\Pester.psm1:2512
at Invoke-Pester&lt;End&gt;, C:\Users\alexa\OneDrive\Documents\PowerShell\Modules\Pester\5.7.1\Pester.psm1:4960
at &lt;ScriptBlock&gt;, &lt;No file&gt;:1</stack-trace>
                    </failure>
                  </test-case>
                  <test-case description="Should perform health checks successfully" name="CoreApp Master Bulletproof Tests.Core Functionality Testing.Should perform health checks successfully" time="0.709" asserts="0" success="False" result="Failure" executed="True">
                    <failure>
                      <message>Expected $true, but got $false.</message>
                      <stack-trace>at $result.Success | Should -Be $true, C:\Users\alexa\OneDrive\Documents\0. wizzense\AitherZero\tests\unit\modules\CoreApp\MasterBulletproofTests.Tests.ps1:299
at Invoke-Assertion, C:\Users\alexa\OneDrive\Documents\PowerShell\Modules\Pester\5.7.1\Pester.psm1:8250
at Should&lt;End&gt;, C:\Users\alexa\OneDrive\Documents\PowerShell\Modules\Pester\5.7.1\Pester.psm1:8189
at &lt;ScriptBlock&gt;, C:\Users\alexa\OneDrive\Documents\0. wizzense\AitherZero\tests\unit\modules\CoreApp\MasterBulletproofTests.Tests.ps1:299
at &lt;ScriptBlock&gt;, C:\Users\alexa\OneDrive\Documents\PowerShell\Modules\Pester\5.7.1\Pester.psm1:2024
at &lt;ScriptBlock&gt;, C:\Users\alexa\OneDrive\Documents\PowerShell\Modules\Pester\5.7.1\Pester.psm1:1985
at Invoke-ScriptBlock, C:\Users\alexa\OneDrive\Documents\PowerShell\Modules\Pester\5.7.1\Pester.psm1:2157
at Invoke-TestItem, C:\Users\alexa\OneDrive\Documents\PowerShell\Modules\Pester\5.7.1\Pester.psm1:1199
at Invoke-Block, C:\Users\alexa\OneDrive\Documents\PowerShell\Modules\Pester\5.7.1\Pester.psm1:835
at &lt;ScriptBlock&gt;, C:\Users\alexa\OneDrive\Documents\PowerShell\Modules\Pester\5.7.1\Pester.psm1:893
at &lt;ScriptBlock&gt;, C:\Users\alexa\OneDrive\Documents\PowerShell\Modules\Pester\5.7.1\Pester.psm1:2024
at &lt;ScriptBlock&gt;, C:\Users\alexa\OneDrive\Documents\PowerShell\Modules\Pester\5.7.1\Pester.psm1:1985
at Invoke-ScriptBlock, C:\Users\alexa\OneDrive\Documents\PowerShell\Modules\Pester\5.7.1\Pester.psm1:2160
at Invoke-Block, C:\Users\alexa\OneDrive\Documents\PowerShell\Modules\Pester\5.7.1\Pester.psm1:940
at &lt;ScriptBlock&gt;, C:\Users\alexa\OneDrive\Documents\PowerShell\Modules\Pester\5.7.1\Pester.psm1:893
at &lt;ScriptBlock&gt;, C:\Users\alexa\OneDrive\Documents\PowerShell\Modules\Pester\5.7.1\Pester.psm1:2024
at &lt;ScriptBlock&gt;, C:\Users\alexa\OneDrive\Documents\PowerShell\Modules\Pester\5.7.1\Pester.psm1:1985
at Invoke-ScriptBlock, C:\Users\alexa\OneDrive\Documents\PowerShell\Modules\Pester\5.7.1\Pester.psm1:2160
at Invoke-Block, C:\Users\alexa\OneDrive\Documents\PowerShell\Modules\Pester\5.7.1\Pester.psm1:940
at &lt;ScriptBlock&gt;, C:\Users\alexa\OneDrive\Documents\PowerShell\Modules\Pester\5.7.1\Pester.psm1:893
at &lt;ScriptBlock&gt;, C:\Users\alexa\OneDrive\Documents\PowerShell\Modules\Pester\5.7.1\Pester.psm1:2024
at &lt;ScriptBlock&gt;, C:\Users\alexa\OneDrive\Documents\PowerShell\Modules\Pester\5.7.1\Pester.psm1:1985
at Invoke-ScriptBlock, C:\Users\alexa\OneDrive\Documents\PowerShell\Modules\Pester\5.7.1\Pester.psm1:2160
at Invoke-Block, C:\Users\alexa\OneDrive\Documents\PowerShell\Modules\Pester\5.7.1\Pester.psm1:940
at &lt;ScriptBlock&gt;, C:\Users\alexa\OneDrive\Documents\PowerShell\Modules\Pester\5.7.1\Pester.psm1:1688
at &lt;ScriptBlock&gt;, C:\Users\alexa\OneDrive\Documents\PowerShell\Modules\Pester\5.7.1\Pester.ps1:3
at &lt;ScriptBlock&gt;, C:\Users\alexa\OneDrive\Documents\PowerShell\Modules\Pester\5.7.1\Pester.psm1:3260
at Invoke-InNewScriptScope, C:\Users\alexa\OneDrive\Documents\PowerShell\Modules\Pester\5.7.1\Pester.psm1:3267
at Run-Test, C:\Users\alexa\OneDrive\Documents\PowerShell\Modules\Pester\5.7.1\Pester.psm1:1691
at Invoke-Test, C:\Users\alexa\OneDrive\Documents\PowerShell\Modules\Pester\5.7.1\Pester.psm1:2512
at Invoke-Pester&lt;End&gt;, C:\Users\alexa\OneDrive\Documents\PowerShell\Modules\Pester\5.7.1\Pester.psm1:4960
at &lt;ScriptBlock&gt;, &lt;No file&gt;:1</stack-trace>
                    </failure>
                  </test-case>
                </results>
              </test-suite>
              <test-suite type="TestFixture" name="CoreApp Master Bulletproof Tests.Error Handling and Resilience" executed="True" result="Failure" success="False" time="6.4499" asserts="0" description="CoreApp Master Bulletproof Tests.Error Handling and Resilience">
                <results>
                  <test-case description="Should handle missing configuration files gracefully" name="CoreApp Master Bulletproof Tests.Error Handling and Resilience.Should handle missing configuration files gracefully" time="0.2515" asserts="0" success="True" result="Success" executed="True" />
                  <test-case description="Should handle module import failures gracefully" name="CoreApp Master Bulletproof Tests.Error Handling and Resilience.Should handle module import failures gracefully" time="0.6909" asserts="0" success="False" result="Failure" executed="True">
                    <failure>
                      <message>Expected $true, but got $false.</message>
                      <stack-trace>at $result.Success | Should -Be $true, C:\Users\alexa\OneDrive\Documents\0. wizzense\AitherZero\tests\unit\modules\CoreApp\MasterBulletproofTests.Tests.ps1:338
at Invoke-Assertion, C:\Users\alexa\OneDrive\Documents\PowerShell\Modules\Pester\5.7.1\Pester.psm1:8250
at Should&lt;End&gt;, C:\Users\alexa\OneDrive\Documents\PowerShell\Modules\Pester\5.7.1\Pester.psm1:8189
at &lt;ScriptBlock&gt;, C:\Users\alexa\OneDrive\Documents\0. wizzense\AitherZero\tests\unit\modules\CoreApp\MasterBulletproofTests.Tests.ps1:338
at &lt;ScriptBlock&gt;, C:\Users\alexa\OneDrive\Documents\PowerShell\Modules\Pester\5.7.1\Pester.psm1:2024
at &lt;ScriptBlock&gt;, C:\Users\alexa\OneDrive\Documents\PowerShell\Modules\Pester\5.7.1\Pester.psm1:1985
at Invoke-ScriptBlock, C:\Users\alexa\OneDrive\Documents\PowerShell\Modules\Pester\5.7.1\Pester.psm1:2157
at Invoke-TestItem, C:\Users\alexa\OneDrive\Documents\PowerShell\Modules\Pester\5.7.1\Pester.psm1:1199
at Invoke-Block, C:\Users\alexa\OneDrive\Documents\PowerShell\Modules\Pester\5.7.1\Pester.psm1:835
at &lt;ScriptBlock&gt;, C:\Users\alexa\OneDrive\Documents\PowerShell\Modules\Pester\5.7.1\Pester.psm1:893
at &lt;ScriptBlock&gt;, C:\Users\alexa\OneDrive\Documents\PowerShell\Modules\Pester\5.7.1\Pester.psm1:2024
at &lt;ScriptBlock&gt;, C:\Users\alexa\OneDrive\Documents\PowerShell\Modules\Pester\5.7.1\Pester.psm1:1985
at Invoke-ScriptBlock, C:\Users\alexa\OneDrive\Documents\PowerShell\Modules\Pester\5.7.1\Pester.psm1:2160
at Invoke-Block, C:\Users\alexa\OneDrive\Documents\PowerShell\Modules\Pester\5.7.1\Pester.psm1:940
at &lt;ScriptBlock&gt;, C:\Users\alexa\OneDrive\Documents\PowerShell\Modules\Pester\5.7.1\Pester.psm1:893
at &lt;ScriptBlock&gt;, C:\Users\alexa\OneDrive\Documents\PowerShell\Modules\Pester\5.7.1\Pester.psm1:2024
at &lt;ScriptBlock&gt;, C:\Users\alexa\OneDrive\Documents\PowerShell\Modules\Pester\5.7.1\Pester.psm1:1985
at Invoke-ScriptBlock, C:\Users\alexa\OneDrive\Documents\PowerShell\Modules\Pester\5.7.1\Pester.psm1:2160
at Invoke-Block, C:\Users\alexa\OneDrive\Documents\PowerShell\Modules\Pester\5.7.1\Pester.psm1:940
at &lt;ScriptBlock&gt;, C:\Users\alexa\OneDrive\Documents\PowerShell\Modules\Pester\5.7.1\Pester.psm1:893
at &lt;ScriptBlock&gt;, C:\Users\alexa\OneDrive\Documents\PowerShell\Modules\Pester\5.7.1\Pester.psm1:2024
at &lt;ScriptBlock&gt;, C:\Users\alexa\OneDrive\Documents\PowerShell\Modules\Pester\5.7.1\Pester.psm1:1985
at Invoke-ScriptBlock, C:\Users\alexa\OneDrive\Documents\PowerShell\Modules\Pester\5.7.1\Pester.psm1:2160
at Invoke-Block, C:\Users\alexa\OneDrive\Documents\PowerShell\Modules\Pester\5.7.1\Pester.psm1:940
at &lt;ScriptBlock&gt;, C:\Users\alexa\OneDrive\Documents\PowerShell\Modules\Pester\5.7.1\Pester.psm1:1688
at &lt;ScriptBlock&gt;, C:\Users\alexa\OneDrive\Documents\PowerShell\Modules\Pester\5.7.1\Pester.ps1:3
at &lt;ScriptBlock&gt;, C:\Users\alexa\OneDrive\Documents\PowerShell\Modules\Pester\5.7.1\Pester.psm1:3260
at Invoke-InNewScriptScope, C:\Users\alexa\OneDrive\Documents\PowerShell\Modules\Pester\5.7.1\Pester.psm1:3267
at Run-Test, C:\Users\alexa\OneDrive\Documents\PowerShell\Modules\Pester\5.7.1\Pester.psm1:1691
at Invoke-Test, C:\Users\alexa\OneDrive\Documents\PowerShell\Modules\Pester\5.7.1\Pester.psm1:2512
at Invoke-Pester&lt;End&gt;, C:\Users\alexa\OneDrive\Documents\PowerShell\Modules\Pester\5.7.1\Pester.psm1:4960
at &lt;ScriptBlock&gt;, &lt;No file&gt;:1</stack-trace>
                    </failure>
                  </test-case>
                  <test-case description="Should handle concurrent access safely" name="CoreApp Master Bulletproof Tests.Error Handling and Resilience.Should handle concurrent access safely" time="0.6505" asserts="0" success="False" result="Failure" executed="True">
                    <failure>
                      <message>Expected $true, but got $false.</message>
                      <stack-trace>at $result.Success | Should -Be $true, C:\Users\alexa\OneDrive\Documents\0. wizzense\AitherZero\tests\unit\modules\CoreApp\MasterBulletproofTests.Tests.ps1:362
at Invoke-Assertion, C:\Users\alexa\OneDrive\Documents\PowerShell\Modules\Pester\5.7.1\Pester.psm1:8250
at Should&lt;End&gt;, C:\Users\alexa\OneDrive\Documents\PowerShell\Modules\Pester\5.7.1\Pester.psm1:8189
at &lt;ScriptBlock&gt;, C:\Users\alexa\OneDrive\Documents\0. wizzense\AitherZero\tests\unit\modules\CoreApp\MasterBulletproofTests.Tests.ps1:362
at &lt;ScriptBlock&gt;, C:\Users\alexa\OneDrive\Documents\PowerShell\Modules\Pester\5.7.1\Pester.psm1:2024
at &lt;ScriptBlock&gt;, C:\Users\alexa\OneDrive\Documents\PowerShell\Modules\Pester\5.7.1\Pester.psm1:1985
at Invoke-ScriptBlock, C:\Users\alexa\OneDrive\Documents\PowerShell\Modules\Pester\5.7.1\Pester.psm1:2157
at Invoke-TestItem, C:\Users\alexa\OneDrive\Documents\PowerShell\Modules\Pester\5.7.1\Pester.psm1:1199
at Invoke-Block, C:\Users\alexa\OneDrive\Documents\PowerShell\Modules\Pester\5.7.1\Pester.psm1:835
at &lt;ScriptBlock&gt;, C:\Users\alexa\OneDrive\Documents\PowerShell\Modules\Pester\5.7.1\Pester.psm1:893
at &lt;ScriptBlock&gt;, C:\Users\alexa\OneDrive\Documents\PowerShell\Modules\Pester\5.7.1\Pester.psm1:2024
at &lt;ScriptBlock&gt;, C:\Users\alexa\OneDrive\Documents\PowerShell\Modules\Pester\5.7.1\Pester.psm1:1985
at Invoke-ScriptBlock, C:\Users\alexa\OneDrive\Documents\PowerShell\Modules\Pester\5.7.1\Pester.psm1:2160
at Invoke-Block, C:\Users\alexa\OneDrive\Documents\PowerShell\Modules\Pester\5.7.1\Pester.psm1:940
at &lt;ScriptBlock&gt;, C:\Users\alexa\OneDrive\Documents\PowerShell\Modules\Pester\5.7.1\Pester.psm1:893
at &lt;ScriptBlock&gt;, C:\Users\alexa\OneDrive\Documents\PowerShell\Modules\Pester\5.7.1\Pester.psm1:2024
at &lt;ScriptBlock&gt;, C:\Users\alexa\OneDrive\Documents\PowerShell\Modules\Pester\5.7.1\Pester.psm1:1985
at Invoke-ScriptBlock, C:\Users\alexa\OneDrive\Documents\PowerShell\Modules\Pester\5.7.1\Pester.psm1:2160
at Invoke-Block, C:\Users\alexa\OneDrive\Documents\PowerShell\Modules\Pester\5.7.1\Pester.psm1:940
at &lt;ScriptBlock&gt;, C:\Users\alexa\OneDrive\Documents\PowerShell\Modules\Pester\5.7.1\Pester.psm1:893
at &lt;ScriptBlock&gt;, C:\Users\alexa\OneDrive\Documents\PowerShell\Modules\Pester\5.7.1\Pester.psm1:2024
at &lt;ScriptBlock&gt;, C:\Users\alexa\OneDrive\Documents\PowerShell\Modules\Pester\5.7.1\Pester.psm1:1985
at Invoke-ScriptBlock, C:\Users\alexa\OneDrive\Documents\PowerShell\Modules\Pester\5.7.1\Pester.psm1:2160
at Invoke-Block, C:\Users\alexa\OneDrive\Documents\PowerShell\Modules\Pester\5.7.1\Pester.psm1:940
at &lt;ScriptBlock&gt;, C:\Users\alexa\OneDrive\Documents\PowerShell\Modules\Pester\5.7.1\Pester.psm1:1688
at &lt;ScriptBlock&gt;, C:\Users\alexa\OneDrive\Documents\PowerShell\Modules\Pester\5.7.1\Pester.ps1:3
at &lt;ScriptBlock&gt;, C:\Users\alexa\OneDrive\Documents\PowerShell\Modules\Pester\5.7.1\Pester.psm1:3260
at Invoke-InNewScriptScope, C:\Users\alexa\OneDrive\Documents\PowerShell\Modules\Pester\5.7.1\Pester.psm1:3267
at Run-Test, C:\Users\alexa\OneDrive\Documents\PowerShell\Modules\Pester\5.7.1\Pester.psm1:1691
at Invoke-Test, C:\Users\alexa\OneDrive\Documents\PowerShell\Modules\Pester\5.7.1\Pester.psm1:2512
at Invoke-Pester&lt;End&gt;, C:\Users\alexa\OneDrive\Documents\PowerShell\Modules\Pester\5.7.1\Pester.psm1:4960
at &lt;ScriptBlock&gt;, &lt;No file&gt;:1</stack-trace>
                    </failure>
                  </test-case>
                </results>
              </test-suite>
              <test-suite type="TestFixture" name="CoreApp Master Bulletproof Tests.Performance and Scalability" executed="True" result="Success" success="True" time="9.01" asserts="0" description="CoreApp Master Bulletproof Tests.Performance and Scalability">
                <results>
                  <test-case description="Should meet performance benchmarks for module loading" name="CoreApp Master Bulletproof Tests.Performance and Scalability.Should meet performance benchmarks for module loading" time="0.6867" asserts="0" success="True" result="Success" executed="True" />
                  <test-case description="Should handle memory usage efficiently" name="CoreApp Master Bulletproof Tests.Performance and Scalability.Should handle memory usage efficiently" time="0.6962" asserts="0" success="True" result="Success" executed="True" />
                  <test-case description="Should scale with multiple operations" name="CoreApp Master Bulletproof Tests.Performance and Scalability.Should scale with multiple operations" time="1.1715" asserts="0" success="True" result="Success" executed="True" />
                </results>
              </test-suite>
              <test-suite type="TestFixture" name="CoreApp Master Bulletproof Tests.Cross-Platform Compatibility" executed="True" result="Failure" success="False" time="10.4638" asserts="0" description="CoreApp Master Bulletproof Tests.Cross-Platform Compatibility">
                <results>
                  <test-case description="Should detect platform correctly" name="CoreApp Master Bulletproof Tests.Cross-Platform Compatibility.Should detect platform correctly" time="0.7379" asserts="0" success="False" result="Failure" executed="True">
                    <failure>
                      <message>Expected $true, but got $false.</message>
                      <stack-trace>at $result.Success | Should -Be $true, C:\Users\alexa\OneDrive\Documents\0. wizzense\AitherZero\tests\unit\modules\CoreApp\MasterBulletproofTests.Tests.ps1:449
at Invoke-Assertion, C:\Users\alexa\OneDrive\Documents\PowerShell\Modules\Pester\5.7.1\Pester.psm1:8250
at Should&lt;End&gt;, C:\Users\alexa\OneDrive\Documents\PowerShell\Modules\Pester\5.7.1\Pester.psm1:8189
at &lt;ScriptBlock&gt;, C:\Users\alexa\OneDrive\Documents\0. wizzense\AitherZero\tests\unit\modules\CoreApp\MasterBulletproofTests.Tests.ps1:449
at &lt;ScriptBlock&gt;, C:\Users\alexa\OneDrive\Documents\PowerShell\Modules\Pester\5.7.1\Pester.psm1:2024
at &lt;ScriptBlock&gt;, C:\Users\alexa\OneDrive\Documents\PowerShell\Modules\Pester\5.7.1\Pester.psm1:1985
at Invoke-ScriptBlock, C:\Users\alexa\OneDrive\Documents\PowerShell\Modules\Pester\5.7.1\Pester.psm1:2157
at Invoke-TestItem, C:\Users\alexa\OneDrive\Documents\PowerShell\Modules\Pester\5.7.1\Pester.psm1:1199
at Invoke-Block, C:\Users\alexa\OneDrive\Documents\PowerShell\Modules\Pester\5.7.1\Pester.psm1:835
at &lt;ScriptBlock&gt;, C:\Users\alexa\OneDrive\Documents\PowerShell\Modules\Pester\5.7.1\Pester.psm1:893
at &lt;ScriptBlock&gt;, C:\Users\alexa\OneDrive\Documents\PowerShell\Modules\Pester\5.7.1\Pester.psm1:2024
at &lt;ScriptBlock&gt;, C:\Users\alexa\OneDrive\Documents\PowerShell\Modules\Pester\5.7.1\Pester.psm1:1985
at Invoke-ScriptBlock, C:\Users\alexa\OneDrive\Documents\PowerShell\Modules\Pester\5.7.1\Pester.psm1:2160
at Invoke-Block, C:\Users\alexa\OneDrive\Documents\PowerShell\Modules\Pester\5.7.1\Pester.psm1:940
at &lt;ScriptBlock&gt;, C:\Users\alexa\OneDrive\Documents\PowerShell\Modules\Pester\5.7.1\Pester.psm1:893
at &lt;ScriptBlock&gt;, C:\Users\alexa\OneDrive\Documents\PowerShell\Modules\Pester\5.7.1\Pester.psm1:2024
at &lt;ScriptBlock&gt;, C:\Users\alexa\OneDrive\Documents\PowerShell\Modules\Pester\5.7.1\Pester.psm1:1985
at Invoke-ScriptBlock, C:\Users\alexa\OneDrive\Documents\PowerShell\Modules\Pester\5.7.1\Pester.psm1:2160
at Invoke-Block, C:\Users\alexa\OneDrive\Documents\PowerShell\Modules\Pester\5.7.1\Pester.psm1:940
at &lt;ScriptBlock&gt;, C:\Users\alexa\OneDrive\Documents\PowerShell\Modules\Pester\5.7.1\Pester.psm1:893
at &lt;ScriptBlock&gt;, C:\Users\alexa\OneDrive\Documents\PowerShell\Modules\Pester\5.7.1\Pester.psm1:2024
at &lt;ScriptBlock&gt;, C:\Users\alexa\OneDrive\Documents\PowerShell\Modules\Pester\5.7.1\Pester.psm1:1985
at Invoke-ScriptBlock, C:\Users\alexa\OneDrive\Documents\PowerShell\Modules\Pester\5.7.1\Pester.psm1:2160
at Invoke-Block, C:\Users\alexa\OneDrive\Documents\PowerShell\Modules\Pester\5.7.1\Pester.psm1:940
at &lt;ScriptBlock&gt;, C:\Users\alexa\OneDrive\Documents\PowerShell\Modules\Pester\5.7.1\Pester.psm1:1688
at &lt;ScriptBlock&gt;, C:\Users\alexa\OneDrive\Documents\PowerShell\Modules\Pester\5.7.1\Pester.ps1:3
at &lt;ScriptBlock&gt;, C:\Users\alexa\OneDrive\Documents\PowerShell\Modules\Pester\5.7.1\Pester.psm1:3260
at Invoke-InNewScriptScope, C:\Users\alexa\OneDrive\Documents\PowerShell\Modules\Pester\5.7.1\Pester.psm1:3267
at Run-Test, C:\Users\alexa\OneDrive\Documents\PowerShell\Modules\Pester\5.7.1\Pester.psm1:1691
at Invoke-Test, C:\Users\alexa\OneDrive\Documents\PowerShell\Modules\Pester\5.7.1\Pester.psm1:2512
at Invoke-Pester&lt;End&gt;, C:\Users\alexa\OneDrive\Documents\PowerShell\Modules\Pester\5.7.1\Pester.psm1:4960
at &lt;ScriptBlock&gt;, &lt;No file&gt;:1</stack-trace>
                    </failure>
                  </test-case>
                  <test-case description="Should handle paths correctly on current platform" name="CoreApp Master Bulletproof Tests.Cross-Platform Compatibility.Should handle paths correctly on current platform" time="0.7097" asserts="0" success="True" result="Success" executed="True" />
                </results>
              </test-suite>
              <test-suite type="TestFixture" name="CoreApp Master Bulletproof Tests.Integration and End-to-End Testing" executed="True" result="Failure" success="False" time="11.8204" asserts="0" description="CoreApp Master Bulletproof Tests.Integration and End-to-End Testing">
                <results>
                  <test-case description="Should complete full workflow successfully" name="CoreApp Master Bulletproof Tests.Integration and End-to-End Testing.Should complete full workflow successfully" time="0.7075" asserts="0" success="False" result="Failure" executed="True">
                    <failure>
                      <message>Expected $true, but got $false.</message>
                      <stack-trace>at $result.Success | Should -Be $true, C:\Users\alexa\OneDrive\Documents\0. wizzense\AitherZero\tests\unit\modules\CoreApp\MasterBulletproofTests.Tests.ps1:504
at Invoke-Assertion, C:\Users\alexa\OneDrive\Documents\PowerShell\Modules\Pester\5.7.1\Pester.psm1:8250
at Should&lt;End&gt;, C:\Users\alexa\OneDrive\Documents\PowerShell\Modules\Pester\5.7.1\Pester.psm1:8189
at &lt;ScriptBlock&gt;, C:\Users\alexa\OneDrive\Documents\0. wizzense\AitherZero\tests\unit\modules\CoreApp\MasterBulletproofTests.Tests.ps1:504
at &lt;ScriptBlock&gt;, C:\Users\alexa\OneDrive\Documents\PowerShell\Modules\Pester\5.7.1\Pester.psm1:2024
at &lt;ScriptBlock&gt;, C:\Users\alexa\OneDrive\Documents\PowerShell\Modules\Pester\5.7.1\Pester.psm1:1985
at Invoke-ScriptBlock, C:\Users\alexa\OneDrive\Documents\PowerShell\Modules\Pester\5.7.1\Pester.psm1:2157
at Invoke-TestItem, C:\Users\alexa\OneDrive\Documents\PowerShell\Modules\Pester\5.7.1\Pester.psm1:1199
at Invoke-Block, C:\Users\alexa\OneDrive\Documents\PowerShell\Modules\Pester\5.7.1\Pester.psm1:835
at &lt;ScriptBlock&gt;, C:\Users\alexa\OneDrive\Documents\PowerShell\Modules\Pester\5.7.1\Pester.psm1:893
at &lt;ScriptBlock&gt;, C:\Users\alexa\OneDrive\Documents\PowerShell\Modules\Pester\5.7.1\Pester.psm1:2024
at &lt;ScriptBlock&gt;, C:\Users\alexa\OneDrive\Documents\PowerShell\Modules\Pester\5.7.1\Pester.psm1:1985
at Invoke-ScriptBlock, C:\Users\alexa\OneDrive\Documents\PowerShell\Modules\Pester\5.7.1\Pester.psm1:2160
at Invoke-Block, C:\Users\alexa\OneDrive\Documents\PowerShell\Modules\Pester\5.7.1\Pester.psm1:940
at &lt;ScriptBlock&gt;, C:\Users\alexa\OneDrive\Documents\PowerShell\Modules\Pester\5.7.1\Pester.psm1:893
at &lt;ScriptBlock&gt;, C:\Users\alexa\OneDrive\Documents\PowerShell\Modules\Pester\5.7.1\Pester.psm1:2024
at &lt;ScriptBlock&gt;, C:\Users\alexa\OneDrive\Documents\PowerShell\Modules\Pester\5.7.1\Pester.psm1:1985
at Invoke-ScriptBlock, C:\Users\alexa\OneDrive\Documents\PowerShell\Modules\Pester\5.7.1\Pester.psm1:2160
at Invoke-Block, C:\Users\alexa\OneDrive\Documents\PowerShell\Modules\Pester\5.7.1\Pester.psm1:940
at &lt;ScriptBlock&gt;, C:\Users\alexa\OneDrive\Documents\PowerShell\Modules\Pester\5.7.1\Pester.psm1:893
at &lt;ScriptBlock&gt;, C:\Users\alexa\OneDrive\Documents\PowerShell\Modules\Pester\5.7.1\Pester.psm1:2024
at &lt;ScriptBlock&gt;, C:\Users\alexa\OneDrive\Documents\PowerShell\Modules\Pester\5.7.1\Pester.psm1:1985
at Invoke-ScriptBlock, C:\Users\alexa\OneDrive\Documents\PowerShell\Modules\Pester\5.7.1\Pester.psm1:2160
at Invoke-Block, C:\Users\alexa\OneDrive\Documents\PowerShell\Modules\Pester\5.7.1\Pester.psm1:940
at &lt;ScriptBlock&gt;, C:\Users\alexa\OneDrive\Documents\PowerShell\Modules\Pester\5.7.1\Pester.psm1:1688
at &lt;ScriptBlock&gt;, C:\Users\alexa\OneDrive\Documents\PowerShell\Modules\Pester\5.7.1\Pester.ps1:3
at &lt;ScriptBlock&gt;, C:\Users\alexa\OneDrive\Documents\PowerShell\Modules\Pester\5.7.1\Pester.psm1:3260
at Invoke-InNewScriptScope, C:\Users\alexa\OneDrive\Documents\PowerShell\Modules\Pester\5.7.1\Pester.psm1:3267
at Run-Test, C:\Users\alexa\OneDrive\Documents\PowerShell\Modules\Pester\5.7.1\Pester.psm1:1691
at Invoke-Test, C:\Users\alexa\OneDrive\Documents\PowerShell\Modules\Pester\5.7.1\Pester.psm1:2512
at Invoke-Pester&lt;End&gt;, C:\Users\alexa\OneDrive\Documents\PowerShell\Modules\Pester\5.7.1\Pester.psm1:4960
at &lt;ScriptBlock&gt;, &lt;No file&gt;:1</stack-trace>
                    </failure>
                  </test-case>
                  <test-case description="Should integrate with external tools" name="CoreApp Master Bulletproof Tests.Integration and End-to-End Testing.Should integrate with external tools" time="0.6438" asserts="0" success="True" result="Success" executed="True" />
                </results>
              </test-suite>
            </results>
          </test-suite>
        </results>
      </test-suite>
      <test-suite type="TestFixture" name="C:\Users\alexa\OneDrive\Documents\0. wizzense\AitherZero\tests\unit\modules\CoreApp\NonInteractiveMode.Tests.ps1" executed="True" result="Failure" success="False" time="19.9812" asserts="0" description="C:\Users\alexa\OneDrive\Documents\0. wizzense\AitherZero\tests\unit\modules\CoreApp\NonInteractiveMode.Tests.ps1">
        <results>
          <test-suite type="TestFixture" name="CoreApp Non-Interactive Mode" executed="True" result="Failure" success="False" time="17.475" asserts="0" description="CoreApp Non-Interactive Mode">
            <results>
              <test-suite type="TestFixture" name="CoreApp Non-Interactive Mode.Basic Non-Interactive Mode" executed="True" result="Failure" success="False" time="4.0939" asserts="0" description="CoreApp Non-Interactive Mode.Basic Non-Interactive Mode">
                <results>
                  <test-case description="Should exit gracefully with helpful message when no scripts specified" name="CoreApp Non-Interactive Mode.Basic Non-Interactive Mode.Should exit gracefully with helpful message when no scripts specified" time="1.024" asserts="0" success="False" result="Failure" executed="True">
                    <failure>
                      <message>Expected $true, but got $false.</message>
                      <stack-trace>at $result.Success | Should -Be $true, C:\Users\alexa\OneDrive\Documents\0. wizzense\AitherZero\tests\unit\modules\CoreApp\NonInteractiveMode.Tests.ps1:124
at Invoke-Assertion, C:\Users\alexa\OneDrive\Documents\PowerShell\Modules\Pester\5.7.1\Pester.psm1:8250
at Should&lt;End&gt;, C:\Users\alexa\OneDrive\Documents\PowerShell\Modules\Pester\5.7.1\Pester.psm1:8189
at &lt;ScriptBlock&gt;, C:\Users\alexa\OneDrive\Documents\0. wizzense\AitherZero\tests\unit\modules\CoreApp\NonInteractiveMode.Tests.ps1:124
at &lt;ScriptBlock&gt;, C:\Users\alexa\OneDrive\Documents\PowerShell\Modules\Pester\5.7.1\Pester.psm1:2024
at &lt;ScriptBlock&gt;, C:\Users\alexa\OneDrive\Documents\PowerShell\Modules\Pester\5.7.1\Pester.psm1:1985
at Invoke-ScriptBlock, C:\Users\alexa\OneDrive\Documents\PowerShell\Modules\Pester\5.7.1\Pester.psm1:2157
at Invoke-TestItem, C:\Users\alexa\OneDrive\Documents\PowerShell\Modules\Pester\5.7.1\Pester.psm1:1199
at Invoke-Block, C:\Users\alexa\OneDrive\Documents\PowerShell\Modules\Pester\5.7.1\Pester.psm1:835
at &lt;ScriptBlock&gt;, C:\Users\alexa\OneDrive\Documents\PowerShell\Modules\Pester\5.7.1\Pester.psm1:893
at &lt;ScriptBlock&gt;, C:\Users\alexa\OneDrive\Documents\PowerShell\Modules\Pester\5.7.1\Pester.psm1:2024
at &lt;ScriptBlock&gt;, C:\Users\alexa\OneDrive\Documents\PowerShell\Modules\Pester\5.7.1\Pester.psm1:1985
at Invoke-ScriptBlock, C:\Users\alexa\OneDrive\Documents\PowerShell\Modules\Pester\5.7.1\Pester.psm1:2160
at Invoke-Block, C:\Users\alexa\OneDrive\Documents\PowerShell\Modules\Pester\5.7.1\Pester.psm1:940
at &lt;ScriptBlock&gt;, C:\Users\alexa\OneDrive\Documents\PowerShell\Modules\Pester\5.7.1\Pester.psm1:893
at &lt;ScriptBlock&gt;, C:\Users\alexa\OneDrive\Documents\PowerShell\Modules\Pester\5.7.1\Pester.psm1:2024
at &lt;ScriptBlock&gt;, C:\Users\alexa\OneDrive\Documents\PowerShell\Modules\Pester\5.7.1\Pester.psm1:1985
at Invoke-ScriptBlock, C:\Users\alexa\OneDrive\Documents\PowerShell\Modules\Pester\5.7.1\Pester.psm1:2160
at Invoke-Block, C:\Users\alexa\OneDrive\Documents\PowerShell\Modules\Pester\5.7.1\Pester.psm1:940
at &lt;ScriptBlock&gt;, C:\Users\alexa\OneDrive\Documents\PowerShell\Modules\Pester\5.7.1\Pester.psm1:893
at &lt;ScriptBlock&gt;, C:\Users\alexa\OneDrive\Documents\PowerShell\Modules\Pester\5.7.1\Pester.psm1:2024
at &lt;ScriptBlock&gt;, C:\Users\alexa\OneDrive\Documents\PowerShell\Modules\Pester\5.7.1\Pester.psm1:1985
at Invoke-ScriptBlock, C:\Users\alexa\OneDrive\Documents\PowerShell\Modules\Pester\5.7.1\Pester.psm1:2160
at Invoke-Block, C:\Users\alexa\OneDrive\Documents\PowerShell\Modules\Pester\5.7.1\Pester.psm1:940
at &lt;ScriptBlock&gt;, C:\Users\alexa\OneDrive\Documents\PowerShell\Modules\Pester\5.7.1\Pester.psm1:1688
at &lt;ScriptBlock&gt;, C:\Users\alexa\OneDrive\Documents\PowerShell\Modules\Pester\5.7.1\Pester.ps1:3
at &lt;ScriptBlock&gt;, C:\Users\alexa\OneDrive\Documents\PowerShell\Modules\Pester\5.7.1\Pester.psm1:3260
at Invoke-InNewScriptScope, C:\Users\alexa\OneDrive\Documents\PowerShell\Modules\Pester\5.7.1\Pester.psm1:3267
at Run-Test, C:\Users\alexa\OneDrive\Documents\PowerShell\Modules\Pester\5.7.1\Pester.psm1:1691
at Invoke-Test, C:\Users\alexa\OneDrive\Documents\PowerShell\Modules\Pester\5.7.1\Pester.psm1:2512
at Invoke-Pester&lt;End&gt;, C:\Users\alexa\OneDrive\Documents\PowerShell\Modules\Pester\5.7.1\Pester.psm1:4960
at &lt;ScriptBlock&gt;, &lt;No file&gt;:1</stack-trace>
                    </failure>
                  </test-case>
                  <test-case description="Should respect verbosity levels in non-interactive mode" name="CoreApp Non-Interactive Mode.Basic Non-Interactive Mode.Should respect verbosity levels in non-interactive mode" time="2.0453" asserts="0" success="False" result="Failure" executed="True">
                    <failure>
                      <message>Expected $true, but got $false.</message>
                      <stack-trace>at $silentResult.Success | Should -Be $true, C:\Users\alexa\OneDrive\Documents\0. wizzense\AitherZero\tests\unit\modules\CoreApp\NonInteractiveMode.Tests.ps1:138
at Invoke-Assertion, C:\Users\alexa\OneDrive\Documents\PowerShell\Modules\Pester\5.7.1\Pester.psm1:8250
at Should&lt;End&gt;, C:\Users\alexa\OneDrive\Documents\PowerShell\Modules\Pester\5.7.1\Pester.psm1:8189
at &lt;ScriptBlock&gt;, C:\Users\alexa\OneDrive\Documents\0. wizzense\AitherZero\tests\unit\modules\CoreApp\NonInteractiveMode.Tests.ps1:138
at &lt;ScriptBlock&gt;, C:\Users\alexa\OneDrive\Documents\PowerShell\Modules\Pester\5.7.1\Pester.psm1:2024
at &lt;ScriptBlock&gt;, C:\Users\alexa\OneDrive\Documents\PowerShell\Modules\Pester\5.7.1\Pester.psm1:1985
at Invoke-ScriptBlock, C:\Users\alexa\OneDrive\Documents\PowerShell\Modules\Pester\5.7.1\Pester.psm1:2157
at Invoke-TestItem, C:\Users\alexa\OneDrive\Documents\PowerShell\Modules\Pester\5.7.1\Pester.psm1:1199
at Invoke-Block, C:\Users\alexa\OneDrive\Documents\PowerShell\Modules\Pester\5.7.1\Pester.psm1:835
at &lt;ScriptBlock&gt;, C:\Users\alexa\OneDrive\Documents\PowerShell\Modules\Pester\5.7.1\Pester.psm1:893
at &lt;ScriptBlock&gt;, C:\Users\alexa\OneDrive\Documents\PowerShell\Modules\Pester\5.7.1\Pester.psm1:2024
at &lt;ScriptBlock&gt;, C:\Users\alexa\OneDrive\Documents\PowerShell\Modules\Pester\5.7.1\Pester.psm1:1985
at Invoke-ScriptBlock, C:\Users\alexa\OneDrive\Documents\PowerShell\Modules\Pester\5.7.1\Pester.psm1:2160
at Invoke-Block, C:\Users\alexa\OneDrive\Documents\PowerShell\Modules\Pester\5.7.1\Pester.psm1:940
at &lt;ScriptBlock&gt;, C:\Users\alexa\OneDrive\Documents\PowerShell\Modules\Pester\5.7.1\Pester.psm1:893
at &lt;ScriptBlock&gt;, C:\Users\alexa\OneDrive\Documents\PowerShell\Modules\Pester\5.7.1\Pester.psm1:2024
at &lt;ScriptBlock&gt;, C:\Users\alexa\OneDrive\Documents\PowerShell\Modules\Pester\5.7.1\Pester.psm1:1985
at Invoke-ScriptBlock, C:\Users\alexa\OneDrive\Documents\PowerShell\Modules\Pester\5.7.1\Pester.psm1:2160
at Invoke-Block, C:\Users\alexa\OneDrive\Documents\PowerShell\Modules\Pester\5.7.1\Pester.psm1:940
at &lt;ScriptBlock&gt;, C:\Users\alexa\OneDrive\Documents\PowerShell\Modules\Pester\5.7.1\Pester.psm1:893
at &lt;ScriptBlock&gt;, C:\Users\alexa\OneDrive\Documents\PowerShell\Modules\Pester\5.7.1\Pester.psm1:2024
at &lt;ScriptBlock&gt;, C:\Users\alexa\OneDrive\Documents\PowerShell\Modules\Pester\5.7.1\Pester.psm1:1985
at Invoke-ScriptBlock, C:\Users\alexa\OneDrive\Documents\PowerShell\Modules\Pester\5.7.1\Pester.psm1:2160
at Invoke-Block, C:\Users\alexa\OneDrive\Documents\PowerShell\Modules\Pester\5.7.1\Pester.psm1:940
at &lt;ScriptBlock&gt;, C:\Users\alexa\OneDrive\Documents\PowerShell\Modules\Pester\5.7.1\Pester.psm1:1688
at &lt;ScriptBlock&gt;, C:\Users\alexa\OneDrive\Documents\PowerShell\Modules\Pester\5.7.1\Pester.ps1:3
at &lt;ScriptBlock&gt;, C:\Users\alexa\OneDrive\Documents\PowerShell\Modules\Pester\5.7.1\Pester.psm1:3260
at Invoke-InNewScriptScope, C:\Users\alexa\OneDrive\Documents\PowerShell\Modules\Pester\5.7.1\Pester.psm1:3267
at Run-Test, C:\Users\alexa\OneDrive\Documents\PowerShell\Modules\Pester\5.7.1\Pester.psm1:1691
at Invoke-Test, C:\Users\alexa\OneDrive\Documents\PowerShell\Modules\Pester\5.7.1\Pester.psm1:2512
at Invoke-Pester&lt;End&gt;, C:\Users\alexa\OneDrive\Documents\PowerShell\Modules\Pester\5.7.1\Pester.psm1:4960
at &lt;ScriptBlock&gt;, &lt;No file&gt;:1</stack-trace>
                    </failure>
                  </test-case>
                  <test-case description="Should handle missing configuration files gracefully" name="CoreApp Non-Interactive Mode.Basic Non-Interactive Mode.Should handle missing configuration files gracefully" time="1.0196" asserts="0" success="False" result="Failure" executed="True">
                    <failure>
                      <message>Expected collection @(0, 1) to contain 64, but it was not found.</message>
                      <stack-trace>at $result.ExitCode | Should -BeIn @(0, 1)  # Either succeeds with fallback or fails gracefully, C:\Users\alexa\OneDrive\Documents\0. wizzense\AitherZero\tests\unit\modules\CoreApp\NonInteractiveMode.Tests.ps1:157
at Invoke-Assertion, C:\Users\alexa\OneDrive\Documents\PowerShell\Modules\Pester\5.7.1\Pester.psm1:8250
at Should&lt;End&gt;, C:\Users\alexa\OneDrive\Documents\PowerShell\Modules\Pester\5.7.1\Pester.psm1:8193
at &lt;ScriptBlock&gt;, C:\Users\alexa\OneDrive\Documents\0. wizzense\AitherZero\tests\unit\modules\CoreApp\NonInteractiveMode.Tests.ps1:157
at &lt;ScriptBlock&gt;, C:\Users\alexa\OneDrive\Documents\PowerShell\Modules\Pester\5.7.1\Pester.psm1:2024
at &lt;ScriptBlock&gt;, C:\Users\alexa\OneDrive\Documents\PowerShell\Modules\Pester\5.7.1\Pester.psm1:1985
at Invoke-ScriptBlock, C:\Users\alexa\OneDrive\Documents\PowerShell\Modules\Pester\5.7.1\Pester.psm1:2157
at Invoke-TestItem, C:\Users\alexa\OneDrive\Documents\PowerShell\Modules\Pester\5.7.1\Pester.psm1:1199
at Invoke-Block, C:\Users\alexa\OneDrive\Documents\PowerShell\Modules\Pester\5.7.1\Pester.psm1:835
at &lt;ScriptBlock&gt;, C:\Users\alexa\OneDrive\Documents\PowerShell\Modules\Pester\5.7.1\Pester.psm1:893
at &lt;ScriptBlock&gt;, C:\Users\alexa\OneDrive\Documents\PowerShell\Modules\Pester\5.7.1\Pester.psm1:2024
at &lt;ScriptBlock&gt;, C:\Users\alexa\OneDrive\Documents\PowerShell\Modules\Pester\5.7.1\Pester.psm1:1985
at Invoke-ScriptBlock, C:\Users\alexa\OneDrive\Documents\PowerShell\Modules\Pester\5.7.1\Pester.psm1:2160
at Invoke-Block, C:\Users\alexa\OneDrive\Documents\PowerShell\Modules\Pester\5.7.1\Pester.psm1:940
at &lt;ScriptBlock&gt;, C:\Users\alexa\OneDrive\Documents\PowerShell\Modules\Pester\5.7.1\Pester.psm1:893
at &lt;ScriptBlock&gt;, C:\Users\alexa\OneDrive\Documents\PowerShell\Modules\Pester\5.7.1\Pester.psm1:2024
at &lt;ScriptBlock&gt;, C:\Users\alexa\OneDrive\Documents\PowerShell\Modules\Pester\5.7.1\Pester.psm1:1985
at Invoke-ScriptBlock, C:\Users\alexa\OneDrive\Documents\PowerShell\Modules\Pester\5.7.1\Pester.psm1:2160
at Invoke-Block, C:\Users\alexa\OneDrive\Documents\PowerShell\Modules\Pester\5.7.1\Pester.psm1:940
at &lt;ScriptBlock&gt;, C:\Users\alexa\OneDrive\Documents\PowerShell\Modules\Pester\5.7.1\Pester.psm1:893
at &lt;ScriptBlock&gt;, C:\Users\alexa\OneDrive\Documents\PowerShell\Modules\Pester\5.7.1\Pester.psm1:2024
at &lt;ScriptBlock&gt;, C:\Users\alexa\OneDrive\Documents\PowerShell\Modules\Pester\5.7.1\Pester.psm1:1985
at Invoke-ScriptBlock, C:\Users\alexa\OneDrive\Documents\PowerShell\Modules\Pester\5.7.1\Pester.psm1:2160
at Invoke-Block, C:\Users\alexa\OneDrive\Documents\PowerShell\Modules\Pester\5.7.1\Pester.psm1:940
at &lt;ScriptBlock&gt;, C:\Users\alexa\OneDrive\Documents\PowerShell\Modules\Pester\5.7.1\Pester.psm1:1688
at &lt;ScriptBlock&gt;, C:\Users\alexa\OneDrive\Documents\PowerShell\Modules\Pester\5.7.1\Pester.ps1:3
at &lt;ScriptBlock&gt;, C:\Users\alexa\OneDrive\Documents\PowerShell\Modules\Pester\5.7.1\Pester.psm1:3260
at Invoke-InNewScriptScope, C:\Users\alexa\OneDrive\Documents\PowerShell\Modules\Pester\5.7.1\Pester.psm1:3267
at Run-Test, C:\Users\alexa\OneDrive\Documents\PowerShell\Modules\Pester\5.7.1\Pester.psm1:1691
at Invoke-Test, C:\Users\alexa\OneDrive\Documents\PowerShell\Modules\Pester\5.7.1\Pester.psm1:2512
at Invoke-Pester&lt;End&gt;, C:\Users\alexa\OneDrive\Documents\PowerShell\Modules\Pester\5.7.1\Pester.psm1:4960
at &lt;ScriptBlock&gt;, &lt;No file&gt;:1</stack-trace>
                    </failure>
                  </test-case>
                </results>
              </test-suite>
              <test-suite type="TestFixture" name="CoreApp Non-Interactive Mode.Auto Mode Non-Interactive" executed="True" result="Failure" success="False" time="7.1831" asserts="0" description="CoreApp Non-Interactive Mode.Auto Mode Non-Interactive">
                <results>
                  <test-case description="Should execute all scripts in WhatIf mode without errors" name="CoreApp Non-Interactive Mode.Auto Mode Non-Interactive.Should execute all scripts in WhatIf mode without errors" time="1.0332" asserts="0" success="False" result="Failure" executed="True">
                    <failure>
                      <message>Expected $true, but got $false.</message>
                      <stack-trace>at $result.Success | Should -Be $true, C:\Users\alexa\OneDrive\Documents\0. wizzense\AitherZero\tests\unit\modules\CoreApp\NonInteractiveMode.Tests.ps1:169
at Invoke-Assertion, C:\Users\alexa\OneDrive\Documents\PowerShell\Modules\Pester\5.7.1\Pester.psm1:8250
at Should&lt;End&gt;, C:\Users\alexa\OneDrive\Documents\PowerShell\Modules\Pester\5.7.1\Pester.psm1:8189
at &lt;ScriptBlock&gt;, C:\Users\alexa\OneDrive\Documents\0. wizzense\AitherZero\tests\unit\modules\CoreApp\NonInteractiveMode.Tests.ps1:169
at &lt;ScriptBlock&gt;, C:\Users\alexa\OneDrive\Documents\PowerShell\Modules\Pester\5.7.1\Pester.psm1:2024
at &lt;ScriptBlock&gt;, C:\Users\alexa\OneDrive\Documents\PowerShell\Modules\Pester\5.7.1\Pester.psm1:1985
at Invoke-ScriptBlock, C:\Users\alexa\OneDrive\Documents\PowerShell\Modules\Pester\5.7.1\Pester.psm1:2157
at Invoke-TestItem, C:\Users\alexa\OneDrive\Documents\PowerShell\Modules\Pester\5.7.1\Pester.psm1:1199
at Invoke-Block, C:\Users\alexa\OneDrive\Documents\PowerShell\Modules\Pester\5.7.1\Pester.psm1:835
at &lt;ScriptBlock&gt;, C:\Users\alexa\OneDrive\Documents\PowerShell\Modules\Pester\5.7.1\Pester.psm1:893
at &lt;ScriptBlock&gt;, C:\Users\alexa\OneDrive\Documents\PowerShell\Modules\Pester\5.7.1\Pester.psm1:2024
at &lt;ScriptBlock&gt;, C:\Users\alexa\OneDrive\Documents\PowerShell\Modules\Pester\5.7.1\Pester.psm1:1985
at Invoke-ScriptBlock, C:\Users\alexa\OneDrive\Documents\PowerShell\Modules\Pester\5.7.1\Pester.psm1:2160
at Invoke-Block, C:\Users\alexa\OneDrive\Documents\PowerShell\Modules\Pester\5.7.1\Pester.psm1:940
at &lt;ScriptBlock&gt;, C:\Users\alexa\OneDrive\Documents\PowerShell\Modules\Pester\5.7.1\Pester.psm1:893
at &lt;ScriptBlock&gt;, C:\Users\alexa\OneDrive\Documents\PowerShell\Modules\Pester\5.7.1\Pester.psm1:2024
at &lt;ScriptBlock&gt;, C:\Users\alexa\OneDrive\Documents\PowerShell\Modules\Pester\5.7.1\Pester.psm1:1985
at Invoke-ScriptBlock, C:\Users\alexa\OneDrive\Documents\PowerShell\Modules\Pester\5.7.1\Pester.psm1:2160
at Invoke-Block, C:\Users\alexa\OneDrive\Documents\PowerShell\Modules\Pester\5.7.1\Pester.psm1:940
at &lt;ScriptBlock&gt;, C:\Users\alexa\OneDrive\Documents\PowerShell\Modules\Pester\5.7.1\Pester.psm1:893
at &lt;ScriptBlock&gt;, C:\Users\alexa\OneDrive\Documents\PowerShell\Modules\Pester\5.7.1\Pester.psm1:2024
at &lt;ScriptBlock&gt;, C:\Users\alexa\OneDrive\Documents\PowerShell\Modules\Pester\5.7.1\Pester.psm1:1985
at Invoke-ScriptBlock, C:\Users\alexa\OneDrive\Documents\PowerShell\Modules\Pester\5.7.1\Pester.psm1:2160
at Invoke-Block, C:\Users\alexa\OneDrive\Documents\PowerShell\Modules\Pester\5.7.1\Pester.psm1:940
at &lt;ScriptBlock&gt;, C:\Users\alexa\OneDrive\Documents\PowerShell\Modules\Pester\5.7.1\Pester.psm1:1688
at &lt;ScriptBlock&gt;, C:\Users\alexa\OneDrive\Documents\PowerShell\Modules\Pester\5.7.1\Pester.ps1:3
at &lt;ScriptBlock&gt;, C:\Users\alexa\OneDrive\Documents\PowerShell\Modules\Pester\5.7.1\Pester.psm1:3260
at Invoke-InNewScriptScope, C:\Users\alexa\OneDrive\Documents\PowerShell\Modules\Pester\5.7.1\Pester.psm1:3267
at Run-Test, C:\Users\alexa\OneDrive\Documents\PowerShell\Modules\Pester\5.7.1\Pester.psm1:1691
at Invoke-Test, C:\Users\alexa\OneDrive\Documents\PowerShell\Modules\Pester\5.7.1\Pester.psm1:2512
at Invoke-Pester&lt;End&gt;, C:\Users\alexa\OneDrive\Documents\PowerShell\Modules\Pester\5.7.1\Pester.psm1:4960
at &lt;ScriptBlock&gt;, &lt;No file&gt;:1</stack-trace>
                    </failure>
                  </test-case>
                  <test-case description="Should handle Auto mode with Force parameter" name="CoreApp Non-Interactive Mode.Auto Mode Non-Interactive.Should handle Auto mode with Force parameter" time="1.029" asserts="0" success="False" result="Failure" executed="True">
                    <failure>
                      <message>Expected $true, but got $false.</message>
                      <stack-trace>at $result.Success | Should -Be $true, C:\Users\alexa\OneDrive\Documents\0. wizzense\AitherZero\tests\unit\modules\CoreApp\NonInteractiveMode.Tests.ps1:182
at Invoke-Assertion, C:\Users\alexa\OneDrive\Documents\PowerShell\Modules\Pester\5.7.1\Pester.psm1:8250
at Should&lt;End&gt;, C:\Users\alexa\OneDrive\Documents\PowerShell\Modules\Pester\5.7.1\Pester.psm1:8189
at &lt;ScriptBlock&gt;, C:\Users\alexa\OneDrive\Documents\0. wizzense\AitherZero\tests\unit\modules\CoreApp\NonInteractiveMode.Tests.ps1:182
at &lt;ScriptBlock&gt;, C:\Users\alexa\OneDrive\Documents\PowerShell\Modules\Pester\5.7.1\Pester.psm1:2024
at &lt;ScriptBlock&gt;, C:\Users\alexa\OneDrive\Documents\PowerShell\Modules\Pester\5.7.1\Pester.psm1:1985
at Invoke-ScriptBlock, C:\Users\alexa\OneDrive\Documents\PowerShell\Modules\Pester\5.7.1\Pester.psm1:2157
at Invoke-TestItem, C:\Users\alexa\OneDrive\Documents\PowerShell\Modules\Pester\5.7.1\Pester.psm1:1199
at Invoke-Block, C:\Users\alexa\OneDrive\Documents\PowerShell\Modules\Pester\5.7.1\Pester.psm1:835
at &lt;ScriptBlock&gt;, C:\Users\alexa\OneDrive\Documents\PowerShell\Modules\Pester\5.7.1\Pester.psm1:893
at &lt;ScriptBlock&gt;, C:\Users\alexa\OneDrive\Documents\PowerShell\Modules\Pester\5.7.1\Pester.psm1:2024
at &lt;ScriptBlock&gt;, C:\Users\alexa\OneDrive\Documents\PowerShell\Modules\Pester\5.7.1\Pester.psm1:1985
at Invoke-ScriptBlock, C:\Users\alexa\OneDrive\Documents\PowerShell\Modules\Pester\5.7.1\Pester.psm1:2160
at Invoke-Block, C:\Users\alexa\OneDrive\Documents\PowerShell\Modules\Pester\5.7.1\Pester.psm1:940
at &lt;ScriptBlock&gt;, C:\Users\alexa\OneDrive\Documents\PowerShell\Modules\Pester\5.7.1\Pester.psm1:893
at &lt;ScriptBlock&gt;, C:\Users\alexa\OneDrive\Documents\PowerShell\Modules\Pester\5.7.1\Pester.psm1:2024
at &lt;ScriptBlock&gt;, C:\Users\alexa\OneDrive\Documents\PowerShell\Modules\Pester\5.7.1\Pester.psm1:1985
at Invoke-ScriptBlock, C:\Users\alexa\OneDrive\Documents\PowerShell\Modules\Pester\5.7.1\Pester.psm1:2160
at Invoke-Block, C:\Users\alexa\OneDrive\Documents\PowerShell\Modules\Pester\5.7.1\Pester.psm1:940
at &lt;ScriptBlock&gt;, C:\Users\alexa\OneDrive\Documents\PowerShell\Modules\Pester\5.7.1\Pester.psm1:893
at &lt;ScriptBlock&gt;, C:\Users\alexa\OneDrive\Documents\PowerShell\Modules\Pester\5.7.1\Pester.psm1:2024
at &lt;ScriptBlock&gt;, C:\Users\alexa\OneDrive\Documents\PowerShell\Modules\Pester\5.7.1\Pester.psm1:1985
at Invoke-ScriptBlock, C:\Users\alexa\OneDrive\Documents\PowerShell\Modules\Pester\5.7.1\Pester.psm1:2160
at Invoke-Block, C:\Users\alexa\OneDrive\Documents\PowerShell\Modules\Pester\5.7.1\Pester.psm1:940
at &lt;ScriptBlock&gt;, C:\Users\alexa\OneDrive\Documents\PowerShell\Modules\Pester\5.7.1\Pester.psm1:1688
at &lt;ScriptBlock&gt;, C:\Users\alexa\OneDrive\Documents\PowerShell\Modules\Pester\5.7.1\Pester.ps1:3
at &lt;ScriptBlock&gt;, C:\Users\alexa\OneDrive\Documents\PowerShell\Modules\Pester\5.7.1\Pester.psm1:3260
at Invoke-InNewScriptScope, C:\Users\alexa\OneDrive\Documents\PowerShell\Modules\Pester\5.7.1\Pester.psm1:3267
at Run-Test, C:\Users\alexa\OneDrive\Documents\PowerShell\Modules\Pester\5.7.1\Pester.psm1:1691
at Invoke-Test, C:\Users\alexa\OneDrive\Documents\PowerShell\Modules\Pester\5.7.1\Pester.psm1:2512
at Invoke-Pester&lt;End&gt;, C:\Users\alexa\OneDrive\Documents\PowerShell\Modules\Pester\5.7.1\Pester.psm1:4960
at &lt;ScriptBlock&gt;, &lt;No file&gt;:1</stack-trace>
                    </failure>
                  </test-case>
                  <test-case description="Should complete within reasonable time limits" name="CoreApp Non-Interactive Mode.Auto Mode Non-Interactive.Should complete within reasonable time limits" time="1.0191" asserts="0" success="False" result="Failure" executed="True">
                    <failure>
                      <message>Expected $true, but got $false.</message>
                      <stack-trace>at $result.Success | Should -Be $true, C:\Users\alexa\OneDrive\Documents\0. wizzense\AitherZero\tests\unit\modules\CoreApp\NonInteractiveMode.Tests.ps1:193
at Invoke-Assertion, C:\Users\alexa\OneDrive\Documents\PowerShell\Modules\Pester\5.7.1\Pester.psm1:8250
at Should&lt;End&gt;, C:\Users\alexa\OneDrive\Documents\PowerShell\Modules\Pester\5.7.1\Pester.psm1:8189
at &lt;ScriptBlock&gt;, C:\Users\alexa\OneDrive\Documents\0. wizzense\AitherZero\tests\unit\modules\CoreApp\NonInteractiveMode.Tests.ps1:193
at &lt;ScriptBlock&gt;, C:\Users\alexa\OneDrive\Documents\PowerShell\Modules\Pester\5.7.1\Pester.psm1:2024
at &lt;ScriptBlock&gt;, C:\Users\alexa\OneDrive\Documents\PowerShell\Modules\Pester\5.7.1\Pester.psm1:1985
at Invoke-ScriptBlock, C:\Users\alexa\OneDrive\Documents\PowerShell\Modules\Pester\5.7.1\Pester.psm1:2157
at Invoke-TestItem, C:\Users\alexa\OneDrive\Documents\PowerShell\Modules\Pester\5.7.1\Pester.psm1:1199
at Invoke-Block, C:\Users\alexa\OneDrive\Documents\PowerShell\Modules\Pester\5.7.1\Pester.psm1:835
at &lt;ScriptBlock&gt;, C:\Users\alexa\OneDrive\Documents\PowerShell\Modules\Pester\5.7.1\Pester.psm1:893
at &lt;ScriptBlock&gt;, C:\Users\alexa\OneDrive\Documents\PowerShell\Modules\Pester\5.7.1\Pester.psm1:2024
at &lt;ScriptBlock&gt;, C:\Users\alexa\OneDrive\Documents\PowerShell\Modules\Pester\5.7.1\Pester.psm1:1985
at Invoke-ScriptBlock, C:\Users\alexa\OneDrive\Documents\PowerShell\Modules\Pester\5.7.1\Pester.psm1:2160
at Invoke-Block, C:\Users\alexa\OneDrive\Documents\PowerShell\Modules\Pester\5.7.1\Pester.psm1:940
at &lt;ScriptBlock&gt;, C:\Users\alexa\OneDrive\Documents\PowerShell\Modules\Pester\5.7.1\Pester.psm1:893
at &lt;ScriptBlock&gt;, C:\Users\alexa\OneDrive\Documents\PowerShell\Modules\Pester\5.7.1\Pester.psm1:2024
at &lt;ScriptBlock&gt;, C:\Users\alexa\OneDrive\Documents\PowerShell\Modules\Pester\5.7.1\Pester.psm1:1985
at Invoke-ScriptBlock, C:\Users\alexa\OneDrive\Documents\PowerShell\Modules\Pester\5.7.1\Pester.psm1:2160
at Invoke-Block, C:\Users\alexa\OneDrive\Documents\PowerShell\Modules\Pester\5.7.1\Pester.psm1:940
at &lt;ScriptBlock&gt;, C:\Users\alexa\OneDrive\Documents\PowerShell\Modules\Pester\5.7.1\Pester.psm1:893
at &lt;ScriptBlock&gt;, C:\Users\alexa\OneDrive\Documents\PowerShell\Modules\Pester\5.7.1\Pester.psm1:2024
at &lt;ScriptBlock&gt;, C:\Users\alexa\OneDrive\Documents\PowerShell\Modules\Pester\5.7.1\Pester.psm1:1985
at Invoke-ScriptBlock, C:\Users\alexa\OneDrive\Documents\PowerShell\Modules\Pester\5.7.1\Pester.psm1:2160
at Invoke-Block, C:\Users\alexa\OneDrive\Documents\PowerShell\Modules\Pester\5.7.1\Pester.psm1:940
at &lt;ScriptBlock&gt;, C:\Users\alexa\OneDrive\Documents\PowerShell\Modules\Pester\5.7.1\Pester.psm1:1688
at &lt;ScriptBlock&gt;, C:\Users\alexa\OneDrive\Documents\PowerShell\Modules\Pester\5.7.1\Pester.ps1:3
at &lt;ScriptBlock&gt;, C:\Users\alexa\OneDrive\Documents\PowerShell\Modules\Pester\5.7.1\Pester.psm1:3260
at Invoke-InNewScriptScope, C:\Users\alexa\OneDrive\Documents\PowerShell\Modules\Pester\5.7.1\Pester.psm1:3267
at Run-Test, C:\Users\alexa\OneDrive\Documents\PowerShell\Modules\Pester\5.7.1\Pester.psm1:1691
at Invoke-Test, C:\Users\alexa\OneDrive\Documents\PowerShell\Modules\Pester\5.7.1\Pester.psm1:2512
at Invoke-Pester&lt;End&gt;, C:\Users\alexa\OneDrive\Documents\PowerShell\Modules\Pester\5.7.1\Pester.psm1:4960
at &lt;ScriptBlock&gt;, &lt;No file&gt;:1</stack-trace>
                    </failure>
                  </test-case>
                </results>
              </test-suite>
              <test-suite type="TestFixture" name="CoreApp Non-Interactive Mode.Specific Script Execution" executed="True" result="Failure" success="False" time="10.2705" asserts="0" description="CoreApp Non-Interactive Mode.Specific Script Execution">
                <results>
                  <test-case description="Should execute a specific script in WhatIf mode" name="CoreApp Non-Interactive Mode.Specific Script Execution.Should execute a specific script in WhatIf mode" time="1.0262" asserts="0" success="False" result="Failure" executed="True">
                    <failure>
                      <message>Expected $true, but got $false.</message>
                      <stack-trace>at $result.Success | Should -Be $true, C:\Users\alexa\OneDrive\Documents\0. wizzense\AitherZero\tests\unit\modules\CoreApp\NonInteractiveMode.Tests.ps1:206
at Invoke-Assertion, C:\Users\alexa\OneDrive\Documents\PowerShell\Modules\Pester\5.7.1\Pester.psm1:8250
at Should&lt;End&gt;, C:\Users\alexa\OneDrive\Documents\PowerShell\Modules\Pester\5.7.1\Pester.psm1:8189
at &lt;ScriptBlock&gt;, C:\Users\alexa\OneDrive\Documents\0. wizzense\AitherZero\tests\unit\modules\CoreApp\NonInteractiveMode.Tests.ps1:206
at &lt;ScriptBlock&gt;, C:\Users\alexa\OneDrive\Documents\PowerShell\Modules\Pester\5.7.1\Pester.psm1:2024
at &lt;ScriptBlock&gt;, C:\Users\alexa\OneDrive\Documents\PowerShell\Modules\Pester\5.7.1\Pester.psm1:1985
at Invoke-ScriptBlock, C:\Users\alexa\OneDrive\Documents\PowerShell\Modules\Pester\5.7.1\Pester.psm1:2157
at Invoke-TestItem, C:\Users\alexa\OneDrive\Documents\PowerShell\Modules\Pester\5.7.1\Pester.psm1:1199
at Invoke-Block, C:\Users\alexa\OneDrive\Documents\PowerShell\Modules\Pester\5.7.1\Pester.psm1:835
at &lt;ScriptBlock&gt;, C:\Users\alexa\OneDrive\Documents\PowerShell\Modules\Pester\5.7.1\Pester.psm1:893
at &lt;ScriptBlock&gt;, C:\Users\alexa\OneDrive\Documents\PowerShell\Modules\Pester\5.7.1\Pester.psm1:2024
at &lt;ScriptBlock&gt;, C:\Users\alexa\OneDrive\Documents\PowerShell\Modules\Pester\5.7.1\Pester.psm1:1985
at Invoke-ScriptBlock, C:\Users\alexa\OneDrive\Documents\PowerShell\Modules\Pester\5.7.1\Pester.psm1:2160
at Invoke-Block, C:\Users\alexa\OneDrive\Documents\PowerShell\Modules\Pester\5.7.1\Pester.psm1:940
at &lt;ScriptBlock&gt;, C:\Users\alexa\OneDrive\Documents\PowerShell\Modules\Pester\5.7.1\Pester.psm1:893
at &lt;ScriptBlock&gt;, C:\Users\alexa\OneDrive\Documents\PowerShell\Modules\Pester\5.7.1\Pester.psm1:2024
at &lt;ScriptBlock&gt;, C:\Users\alexa\OneDrive\Documents\PowerShell\Modules\Pester\5.7.1\Pester.psm1:1985
at Invoke-ScriptBlock, C:\Users\alexa\OneDrive\Documents\PowerShell\Modules\Pester\5.7.1\Pester.psm1:2160
at Invoke-Block, C:\Users\alexa\OneDrive\Documents\PowerShell\Modules\Pester\5.7.1\Pester.psm1:940
at &lt;ScriptBlock&gt;, C:\Users\alexa\OneDrive\Documents\PowerShell\Modules\Pester\5.7.1\Pester.psm1:893
at &lt;ScriptBlock&gt;, C:\Users\alexa\OneDrive\Documents\PowerShell\Modules\Pester\5.7.1\Pester.psm1:2024
at &lt;ScriptBlock&gt;, C:\Users\alexa\OneDrive\Documents\PowerShell\Modules\Pester\5.7.1\Pester.psm1:1985
at Invoke-ScriptBlock, C:\Users\alexa\OneDrive\Documents\PowerShell\Modules\Pester\5.7.1\Pester.psm1:2160
at Invoke-Block, C:\Users\alexa\OneDrive\Documents\PowerShell\Modules\Pester\5.7.1\Pester.psm1:940
at &lt;ScriptBlock&gt;, C:\Users\alexa\OneDrive\Documents\PowerShell\Modules\Pester\5.7.1\Pester.psm1:1688
at &lt;ScriptBlock&gt;, C:\Users\alexa\OneDrive\Documents\PowerShell\Modules\Pester\5.7.1\Pester.ps1:3
at &lt;ScriptBlock&gt;, C:\Users\alexa\OneDrive\Documents\PowerShell\Modules\Pester\5.7.1\Pester.psm1:3260
at Invoke-InNewScriptScope, C:\Users\alexa\OneDrive\Documents\PowerShell\Modules\Pester\5.7.1\Pester.psm1:3267
at Run-Test, C:\Users\alexa\OneDrive\Documents\PowerShell\Modules\Pester\5.7.1\Pester.psm1:1691
at Invoke-Test, C:\Users\alexa\OneDrive\Documents\PowerShell\Modules\Pester\5.7.1\Pester.psm1:2512
at Invoke-Pester&lt;End&gt;, C:\Users\alexa\OneDrive\Documents\PowerShell\Modules\Pester\5.7.1\Pester.psm1:4960
at &lt;ScriptBlock&gt;, &lt;No file&gt;:1</stack-trace>
                    </failure>
                  </test-case>
                  <test-case description="Should handle multiple specific scripts" name="CoreApp Non-Interactive Mode.Specific Script Execution.Should handle multiple specific scripts" time="1.0306" asserts="0" success="False" result="Failure" executed="True">
                    <failure>
                      <message>Expected $true, but got $false.</message>
                      <stack-trace>at $result.Success | Should -Be $true, C:\Users\alexa\OneDrive\Documents\0. wizzense\AitherZero\tests\unit\modules\CoreApp\NonInteractiveMode.Tests.ps1:218
at Invoke-Assertion, C:\Users\alexa\OneDrive\Documents\PowerShell\Modules\Pester\5.7.1\Pester.psm1:8250
at Should&lt;End&gt;, C:\Users\alexa\OneDrive\Documents\PowerShell\Modules\Pester\5.7.1\Pester.psm1:8189
at &lt;ScriptBlock&gt;, C:\Users\alexa\OneDrive\Documents\0. wizzense\AitherZero\tests\unit\modules\CoreApp\NonInteractiveMode.Tests.ps1:218
at &lt;ScriptBlock&gt;, C:\Users\alexa\OneDrive\Documents\PowerShell\Modules\Pester\5.7.1\Pester.psm1:2024
at &lt;ScriptBlock&gt;, C:\Users\alexa\OneDrive\Documents\PowerShell\Modules\Pester\5.7.1\Pester.psm1:1985
at Invoke-ScriptBlock, C:\Users\alexa\OneDrive\Documents\PowerShell\Modules\Pester\5.7.1\Pester.psm1:2157
at Invoke-TestItem, C:\Users\alexa\OneDrive\Documents\PowerShell\Modules\Pester\5.7.1\Pester.psm1:1199
at Invoke-Block, C:\Users\alexa\OneDrive\Documents\PowerShell\Modules\Pester\5.7.1\Pester.psm1:835
at &lt;ScriptBlock&gt;, C:\Users\alexa\OneDrive\Documents\PowerShell\Modules\Pester\5.7.1\Pester.psm1:893
at &lt;ScriptBlock&gt;, C:\Users\alexa\OneDrive\Documents\PowerShell\Modules\Pester\5.7.1\Pester.psm1:2024
at &lt;ScriptBlock&gt;, C:\Users\alexa\OneDrive\Documents\PowerShell\Modules\Pester\5.7.1\Pester.psm1:1985
at Invoke-ScriptBlock, C:\Users\alexa\OneDrive\Documents\PowerShell\Modules\Pester\5.7.1\Pester.psm1:2160
at Invoke-Block, C:\Users\alexa\OneDrive\Documents\PowerShell\Modules\Pester\5.7.1\Pester.psm1:940
at &lt;ScriptBlock&gt;, C:\Users\alexa\OneDrive\Documents\PowerShell\Modules\Pester\5.7.1\Pester.psm1:893
at &lt;ScriptBlock&gt;, C:\Users\alexa\OneDrive\Documents\PowerShell\Modules\Pester\5.7.1\Pester.psm1:2024
at &lt;ScriptBlock&gt;, C:\Users\alexa\OneDrive\Documents\PowerShell\Modules\Pester\5.7.1\Pester.psm1:1985
at Invoke-ScriptBlock, C:\Users\alexa\OneDrive\Documents\PowerShell\Modules\Pester\5.7.1\Pester.psm1:2160
at Invoke-Block, C:\Users\alexa\OneDrive\Documents\PowerShell\Modules\Pester\5.7.1\Pester.psm1:940
at &lt;ScriptBlock&gt;, C:\Users\alexa\OneDrive\Documents\PowerShell\Modules\Pester\5.7.1\Pester.psm1:893
at &lt;ScriptBlock&gt;, C:\Users\alexa\OneDrive\Documents\PowerShell\Modules\Pester\5.7.1\Pester.psm1:2024
at &lt;ScriptBlock&gt;, C:\Users\alexa\OneDrive\Documents\PowerShell\Modules\Pester\5.7.1\Pester.psm1:1985
at Invoke-ScriptBlock, C:\Users\alexa\OneDrive\Documents\PowerShell\Modules\Pester\5.7.1\Pester.psm1:2160
at Invoke-Block, C:\Users\alexa\OneDrive\Documents\PowerShell\Modules\Pester\5.7.1\Pester.psm1:940
at &lt;ScriptBlock&gt;, C:\Users\alexa\OneDrive\Documents\PowerShell\Modules\Pester\5.7.1\Pester.psm1:1688
at &lt;ScriptBlock&gt;, C:\Users\alexa\OneDrive\Documents\PowerShell\Modules\Pester\5.7.1\Pester.ps1:3
at &lt;ScriptBlock&gt;, C:\Users\alexa\OneDrive\Documents\PowerShell\Modules\Pester\5.7.1\Pester.psm1:3260
at Invoke-InNewScriptScope, C:\Users\alexa\OneDrive\Documents\PowerShell\Modules\Pester\5.7.1\Pester.psm1:3267
at Run-Test, C:\Users\alexa\OneDrive\Documents\PowerShell\Modules\Pester\5.7.1\Pester.psm1:1691
at Invoke-Test, C:\Users\alexa\OneDrive\Documents\PowerShell\Modules\Pester\5.7.1\Pester.psm1:2512
at Invoke-Pester&lt;End&gt;, C:\Users\alexa\OneDrive\Documents\PowerShell\Modules\Pester\5.7.1\Pester.psm1:4960
at &lt;ScriptBlock&gt;, &lt;No file&gt;:1</stack-trace>
                    </failure>
                  </test-case>
                  <test-case description="Should handle nonexistent script gracefully" name="CoreApp Non-Interactive Mode.Specific Script Execution.Should handle nonexistent script gracefully" time="1.0246" asserts="0" success="False" result="Failure" executed="True">
                    <failure>
                      <message>Expected $true, but got $false.</message>
                      <stack-trace>at $result.Success | Should -Be $true  # Should still complete successfully, C:\Users\alexa\OneDrive\Documents\0. wizzense\AitherZero\tests\unit\modules\CoreApp\NonInteractiveMode.Tests.ps1:230
at Invoke-Assertion, C:\Users\alexa\OneDrive\Documents\PowerShell\Modules\Pester\5.7.1\Pester.psm1:8250
at Should&lt;End&gt;, C:\Users\alexa\OneDrive\Documents\PowerShell\Modules\Pester\5.7.1\Pester.psm1:8189
at &lt;ScriptBlock&gt;, C:\Users\alexa\OneDrive\Documents\0. wizzense\AitherZero\tests\unit\modules\CoreApp\NonInteractiveMode.Tests.ps1:230
at &lt;ScriptBlock&gt;, C:\Users\alexa\OneDrive\Documents\PowerShell\Modules\Pester\5.7.1\Pester.psm1:2024
at &lt;ScriptBlock&gt;, C:\Users\alexa\OneDrive\Documents\PowerShell\Modules\Pester\5.7.1\Pester.psm1:1985
at Invoke-ScriptBlock, C:\Users\alexa\OneDrive\Documents\PowerShell\Modules\Pester\5.7.1\Pester.psm1:2157
at Invoke-TestItem, C:\Users\alexa\OneDrive\Documents\PowerShell\Modules\Pester\5.7.1\Pester.psm1:1199
at Invoke-Block, C:\Users\alexa\OneDrive\Documents\PowerShell\Modules\Pester\5.7.1\Pester.psm1:835
at &lt;ScriptBlock&gt;, C:\Users\alexa\OneDrive\Documents\PowerShell\Modules\Pester\5.7.1\Pester.psm1:893
at &lt;ScriptBlock&gt;, C:\Users\alexa\OneDrive\Documents\PowerShell\Modules\Pester\5.7.1\Pester.psm1:2024
at &lt;ScriptBlock&gt;, C:\Users\alexa\OneDrive\Documents\PowerShell\Modules\Pester\5.7.1\Pester.psm1:1985
at Invoke-ScriptBlock, C:\Users\alexa\OneDrive\Documents\PowerShell\Modules\Pester\5.7.1\Pester.psm1:2160
at Invoke-Block, C:\Users\alexa\OneDrive\Documents\PowerShell\Modules\Pester\5.7.1\Pester.psm1:940
at &lt;ScriptBlock&gt;, C:\Users\alexa\OneDrive\Documents\PowerShell\Modules\Pester\5.7.1\Pester.psm1:893
at &lt;ScriptBlock&gt;, C:\Users\alexa\OneDrive\Documents\PowerShell\Modules\Pester\5.7.1\Pester.psm1:2024
at &lt;ScriptBlock&gt;, C:\Users\alexa\OneDrive\Documents\PowerShell\Modules\Pester\5.7.1\Pester.psm1:1985
at Invoke-ScriptBlock, C:\Users\alexa\OneDrive\Documents\PowerShell\Modules\Pester\5.7.1\Pester.psm1:2160
at Invoke-Block, C:\Users\alexa\OneDrive\Documents\PowerShell\Modules\Pester\5.7.1\Pester.psm1:940
at &lt;ScriptBlock&gt;, C:\Users\alexa\OneDrive\Documents\PowerShell\Modules\Pester\5.7.1\Pester.psm1:893
at &lt;ScriptBlock&gt;, C:\Users\alexa\OneDrive\Documents\PowerShell\Modules\Pester\5.7.1\Pester.psm1:2024
at &lt;ScriptBlock&gt;, C:\Users\alexa\OneDrive\Documents\PowerShell\Modules\Pester\5.7.1\Pester.psm1:1985
at Invoke-ScriptBlock, C:\Users\alexa\OneDrive\Documents\PowerShell\Modules\Pester\5.7.1\Pester.psm1:2160
at Invoke-Block, C:\Users\alexa\OneDrive\Documents\PowerShell\Modules\Pester\5.7.1\Pester.psm1:940
at &lt;ScriptBlock&gt;, C:\Users\alexa\OneDrive\Documents\PowerShell\Modules\Pester\5.7.1\Pester.psm1:1688
at &lt;ScriptBlock&gt;, C:\Users\alexa\OneDrive\Documents\PowerShell\Modules\Pester\5.7.1\Pester.ps1:3
at &lt;ScriptBlock&gt;, C:\Users\alexa\OneDrive\Documents\PowerShell\Modules\Pester\5.7.1\Pester.psm1:3260
at Invoke-InNewScriptScope, C:\Users\alexa\OneDrive\Documents\PowerShell\Modules\Pester\5.7.1\Pester.psm1:3267
at Run-Test, C:\Users\alexa\OneDrive\Documents\PowerShell\Modules\Pester\5.7.1\Pester.psm1:1691
at Invoke-Test, C:\Users\alexa\OneDrive\Documents\PowerShell\Modules\Pester\5.7.1\Pester.psm1:2512
at Invoke-Pester&lt;End&gt;, C:\Users\alexa\OneDrive\Documents\PowerShell\Modules\Pester\5.7.1\Pester.psm1:4960
at &lt;ScriptBlock&gt;, &lt;No file&gt;:1</stack-trace>
                    </failure>
                  </test-case>
                </results>
              </test-suite>
              <test-suite type="TestFixture" name="CoreApp Non-Interactive Mode.Error Handling and Edge Cases" executed="True" result="Failure" success="False" time="15.3944" asserts="0" description="CoreApp Non-Interactive Mode.Error Handling and Edge Cases">
                <results>
                  <test-case description="Should handle empty script parameter gracefully" name="CoreApp Non-Interactive Mode.Error Handling and Edge Cases.Should handle empty script parameter gracefully" time="1.0256" asserts="0" success="False" result="Failure" executed="True">
                    <failure>
                      <message>Expected collection @(0, 1) to contain 64, but it was not found.</message>
                      <stack-trace>at $result.ExitCode | Should -BeIn @(0, 1)  # Either succeeds or fails gracefully, C:\Users\alexa\OneDrive\Documents\0. wizzense\AitherZero\tests\unit\modules\CoreApp\NonInteractiveMode.Tests.ps1:246
at Invoke-Assertion, C:\Users\alexa\OneDrive\Documents\PowerShell\Modules\Pester\5.7.1\Pester.psm1:8250
at Should&lt;End&gt;, C:\Users\alexa\OneDrive\Documents\PowerShell\Modules\Pester\5.7.1\Pester.psm1:8193
at &lt;ScriptBlock&gt;, C:\Users\alexa\OneDrive\Documents\0. wizzense\AitherZero\tests\unit\modules\CoreApp\NonInteractiveMode.Tests.ps1:246
at &lt;ScriptBlock&gt;, C:\Users\alexa\OneDrive\Documents\PowerShell\Modules\Pester\5.7.1\Pester.psm1:2024
at &lt;ScriptBlock&gt;, C:\Users\alexa\OneDrive\Documents\PowerShell\Modules\Pester\5.7.1\Pester.psm1:1985
at Invoke-ScriptBlock, C:\Users\alexa\OneDrive\Documents\PowerShell\Modules\Pester\5.7.1\Pester.psm1:2157
at Invoke-TestItem, C:\Users\alexa\OneDrive\Documents\PowerShell\Modules\Pester\5.7.1\Pester.psm1:1199
at Invoke-Block, C:\Users\alexa\OneDrive\Documents\PowerShell\Modules\Pester\5.7.1\Pester.psm1:835
at &lt;ScriptBlock&gt;, C:\Users\alexa\OneDrive\Documents\PowerShell\Modules\Pester\5.7.1\Pester.psm1:893
at &lt;ScriptBlock&gt;, C:\Users\alexa\OneDrive\Documents\PowerShell\Modules\Pester\5.7.1\Pester.psm1:2024
at &lt;ScriptBlock&gt;, C:\Users\alexa\OneDrive\Documents\PowerShell\Modules\Pester\5.7.1\Pester.psm1:1985
at Invoke-ScriptBlock, C:\Users\alexa\OneDrive\Documents\PowerShell\Modules\Pester\5.7.1\Pester.psm1:2160
at Invoke-Block, C:\Users\alexa\OneDrive\Documents\PowerShell\Modules\Pester\5.7.1\Pester.psm1:940
at &lt;ScriptBlock&gt;, C:\Users\alexa\OneDrive\Documents\PowerShell\Modules\Pester\5.7.1\Pester.psm1:893
at &lt;ScriptBlock&gt;, C:\Users\alexa\OneDrive\Documents\PowerShell\Modules\Pester\5.7.1\Pester.psm1:2024
at &lt;ScriptBlock&gt;, C:\Users\alexa\OneDrive\Documents\PowerShell\Modules\Pester\5.7.1\Pester.psm1:1985
at Invoke-ScriptBlock, C:\Users\alexa\OneDrive\Documents\PowerShell\Modules\Pester\5.7.1\Pester.psm1:2160
at Invoke-Block, C:\Users\alexa\OneDrive\Documents\PowerShell\Modules\Pester\5.7.1\Pester.psm1:940
at &lt;ScriptBlock&gt;, C:\Users\alexa\OneDrive\Documents\PowerShell\Modules\Pester\5.7.1\Pester.psm1:893
at &lt;ScriptBlock&gt;, C:\Users\alexa\OneDrive\Documents\PowerShell\Modules\Pester\5.7.1\Pester.psm1:2024
at &lt;ScriptBlock&gt;, C:\Users\alexa\OneDrive\Documents\PowerShell\Modules\Pester\5.7.1\Pester.psm1:1985
at Invoke-ScriptBlock, C:\Users\alexa\OneDrive\Documents\PowerShell\Modules\Pester\5.7.1\Pester.psm1:2160
at Invoke-Block, C:\Users\alexa\OneDrive\Documents\PowerShell\Modules\Pester\5.7.1\Pester.psm1:940
at &lt;ScriptBlock&gt;, C:\Users\alexa\OneDrive\Documents\PowerShell\Modules\Pester\5.7.1\Pester.psm1:1688
at &lt;ScriptBlock&gt;, C:\Users\alexa\OneDrive\Documents\PowerShell\Modules\Pester\5.7.1\Pester.ps1:3
at &lt;ScriptBlock&gt;, C:\Users\alexa\OneDrive\Documents\PowerShell\Modules\Pester\5.7.1\Pester.psm1:3260
at Invoke-InNewScriptScope, C:\Users\alexa\OneDrive\Documents\PowerShell\Modules\Pester\5.7.1\Pester.psm1:3267
at Run-Test, C:\Users\alexa\OneDrive\Documents\PowerShell\Modules\Pester\5.7.1\Pester.psm1:1691
at Invoke-Test, C:\Users\alexa\OneDrive\Documents\PowerShell\Modules\Pester\5.7.1\Pester.psm1:2512
at Invoke-Pester&lt;End&gt;, C:\Users\alexa\OneDrive\Documents\PowerShell\Modules\Pester\5.7.1\Pester.psm1:4960
at &lt;ScriptBlock&gt;, &lt;No file&gt;:1</stack-trace>
                    </failure>
                  </test-case>
                  <test-case description="Should properly detect non-interactive mode automatically" name="CoreApp Non-Interactive Mode.Error Handling and Edge Cases.Should properly detect non-interactive mode automatically" time="1.0306" asserts="0" success="False" result="Failure" executed="True">
                    <failure>
                      <message>Expected $true, but got $false.</message>
                      <stack-trace>at $result.Success | Should -Be $true, C:\Users\alexa\OneDrive\Documents\0. wizzense\AitherZero\tests\unit\modules\CoreApp\NonInteractiveMode.Tests.ps1:258
at Invoke-Assertion, C:\Users\alexa\OneDrive\Documents\PowerShell\Modules\Pester\5.7.1\Pester.psm1:8250
at Should&lt;End&gt;, C:\Users\alexa\OneDrive\Documents\PowerShell\Modules\Pester\5.7.1\Pester.psm1:8189
at &lt;ScriptBlock&gt;, C:\Users\alexa\OneDrive\Documents\0. wizzense\AitherZero\tests\unit\modules\CoreApp\NonInteractiveMode.Tests.ps1:258
at &lt;ScriptBlock&gt;, C:\Users\alexa\OneDrive\Documents\PowerShell\Modules\Pester\5.7.1\Pester.psm1:2024
at &lt;ScriptBlock&gt;, C:\Users\alexa\OneDrive\Documents\PowerShell\Modules\Pester\5.7.1\Pester.psm1:1985
at Invoke-ScriptBlock, C:\Users\alexa\OneDrive\Documents\PowerShell\Modules\Pester\5.7.1\Pester.psm1:2157
at Invoke-TestItem, C:\Users\alexa\OneDrive\Documents\PowerShell\Modules\Pester\5.7.1\Pester.psm1:1199
at Invoke-Block, C:\Users\alexa\OneDrive\Documents\PowerShell\Modules\Pester\5.7.1\Pester.psm1:835
at &lt;ScriptBlock&gt;, C:\Users\alexa\OneDrive\Documents\PowerShell\Modules\Pester\5.7.1\Pester.psm1:893
at &lt;ScriptBlock&gt;, C:\Users\alexa\OneDrive\Documents\PowerShell\Modules\Pester\5.7.1\Pester.psm1:2024
at &lt;ScriptBlock&gt;, C:\Users\alexa\OneDrive\Documents\PowerShell\Modules\Pester\5.7.1\Pester.psm1:1985
at Invoke-ScriptBlock, C:\Users\alexa\OneDrive\Documents\PowerShell\Modules\Pester\5.7.1\Pester.psm1:2160
at Invoke-Block, C:\Users\alexa\OneDrive\Documents\PowerShell\Modules\Pester\5.7.1\Pester.psm1:940
at &lt;ScriptBlock&gt;, C:\Users\alexa\OneDrive\Documents\PowerShell\Modules\Pester\5.7.1\Pester.psm1:893
at &lt;ScriptBlock&gt;, C:\Users\alexa\OneDrive\Documents\PowerShell\Modules\Pester\5.7.1\Pester.psm1:2024
at &lt;ScriptBlock&gt;, C:\Users\alexa\OneDrive\Documents\PowerShell\Modules\Pester\5.7.1\Pester.psm1:1985
at Invoke-ScriptBlock, C:\Users\alexa\OneDrive\Documents\PowerShell\Modules\Pester\5.7.1\Pester.psm1:2160
at Invoke-Block, C:\Users\alexa\OneDrive\Documents\PowerShell\Modules\Pester\5.7.1\Pester.psm1:940
at &lt;ScriptBlock&gt;, C:\Users\alexa\OneDrive\Documents\PowerShell\Modules\Pester\5.7.1\Pester.psm1:893
at &lt;ScriptBlock&gt;, C:\Users\alexa\OneDrive\Documents\PowerShell\Modules\Pester\5.7.1\Pester.psm1:2024
at &lt;ScriptBlock&gt;, C:\Users\alexa\OneDrive\Documents\PowerShell\Modules\Pester\5.7.1\Pester.psm1:1985
at Invoke-ScriptBlock, C:\Users\alexa\OneDrive\Documents\PowerShell\Modules\Pester\5.7.1\Pester.psm1:2160
at Invoke-Block, C:\Users\alexa\OneDrive\Documents\PowerShell\Modules\Pester\5.7.1\Pester.psm1:940
at &lt;ScriptBlock&gt;, C:\Users\alexa\OneDrive\Documents\PowerShell\Modules\Pester\5.7.1\Pester.psm1:1688
at &lt;ScriptBlock&gt;, C:\Users\alexa\OneDrive\Documents\PowerShell\Modules\Pester\5.7.1\Pester.ps1:3
at &lt;ScriptBlock&gt;, C:\Users\alexa\OneDrive\Documents\PowerShell\Modules\Pester\5.7.1\Pester.psm1:3260
at Invoke-InNewScriptScope, C:\Users\alexa\OneDrive\Documents\PowerShell\Modules\Pester\5.7.1\Pester.psm1:3267
at Run-Test, C:\Users\alexa\OneDrive\Documents\PowerShell\Modules\Pester\5.7.1\Pester.psm1:1691
at Invoke-Test, C:\Users\alexa\OneDrive\Documents\PowerShell\Modules\Pester\5.7.1\Pester.psm1:2512
at Invoke-Pester&lt;End&gt;, C:\Users\alexa\OneDrive\Documents\PowerShell\Modules\Pester\5.7.1\Pester.psm1:4960
at &lt;ScriptBlock&gt;, &lt;No file&gt;:1</stack-trace>
                    </failure>
                  </test-case>
                  <test-case description="Should maintain consistent exit codes across runs" name="CoreApp Non-Interactive Mode.Error Handling and Edge Cases.Should maintain consistent exit codes across runs" time="3.0625" asserts="0" success="False" result="Failure" executed="True">
                    <failure>
                      <message>Expected 0, but got 64.</message>
                      <stack-trace>at $exitCodes[0] | Should -Be 0, C:\Users\alexa\OneDrive\Documents\0. wizzense\AitherZero\tests\unit\modules\CoreApp\NonInteractiveMode.Tests.ps1:277
at Invoke-Assertion, C:\Users\alexa\OneDrive\Documents\PowerShell\Modules\Pester\5.7.1\Pester.psm1:8250
at Should&lt;End&gt;, C:\Users\alexa\OneDrive\Documents\PowerShell\Modules\Pester\5.7.1\Pester.psm1:8189
at &lt;ScriptBlock&gt;, C:\Users\alexa\OneDrive\Documents\0. wizzense\AitherZero\tests\unit\modules\CoreApp\NonInteractiveMode.Tests.ps1:277
at &lt;ScriptBlock&gt;, C:\Users\alexa\OneDrive\Documents\PowerShell\Modules\Pester\5.7.1\Pester.psm1:2024
at &lt;ScriptBlock&gt;, C:\Users\alexa\OneDrive\Documents\PowerShell\Modules\Pester\5.7.1\Pester.psm1:1985
at Invoke-ScriptBlock, C:\Users\alexa\OneDrive\Documents\PowerShell\Modules\Pester\5.7.1\Pester.psm1:2157
at Invoke-TestItem, C:\Users\alexa\OneDrive\Documents\PowerShell\Modules\Pester\5.7.1\Pester.psm1:1199
at Invoke-Block, C:\Users\alexa\OneDrive\Documents\PowerShell\Modules\Pester\5.7.1\Pester.psm1:835
at &lt;ScriptBlock&gt;, C:\Users\alexa\OneDrive\Documents\PowerShell\Modules\Pester\5.7.1\Pester.psm1:893
at &lt;ScriptBlock&gt;, C:\Users\alexa\OneDrive\Documents\PowerShell\Modules\Pester\5.7.1\Pester.psm1:2024
at &lt;ScriptBlock&gt;, C:\Users\alexa\OneDrive\Documents\PowerShell\Modules\Pester\5.7.1\Pester.psm1:1985
at Invoke-ScriptBlock, C:\Users\alexa\OneDrive\Documents\PowerShell\Modules\Pester\5.7.1\Pester.psm1:2160
at Invoke-Block, C:\Users\alexa\OneDrive\Documents\PowerShell\Modules\Pester\5.7.1\Pester.psm1:940
at &lt;ScriptBlock&gt;, C:\Users\alexa\OneDrive\Documents\PowerShell\Modules\Pester\5.7.1\Pester.psm1:893
at &lt;ScriptBlock&gt;, C:\Users\alexa\OneDrive\Documents\PowerShell\Modules\Pester\5.7.1\Pester.psm1:2024
at &lt;ScriptBlock&gt;, C:\Users\alexa\OneDrive\Documents\PowerShell\Modules\Pester\5.7.1\Pester.psm1:1985
at Invoke-ScriptBlock, C:\Users\alexa\OneDrive\Documents\PowerShell\Modules\Pester\5.7.1\Pester.psm1:2160
at Invoke-Block, C:\Users\alexa\OneDrive\Documents\PowerShell\Modules\Pester\5.7.1\Pester.psm1:940
at &lt;ScriptBlock&gt;, C:\Users\alexa\OneDrive\Documents\PowerShell\Modules\Pester\5.7.1\Pester.psm1:893
at &lt;ScriptBlock&gt;, C:\Users\alexa\OneDrive\Documents\PowerShell\Modules\Pester\5.7.1\Pester.psm1:2024
at &lt;ScriptBlock&gt;, C:\Users\alexa\OneDrive\Documents\PowerShell\Modules\Pester\5.7.1\Pester.psm1:1985
at Invoke-ScriptBlock, C:\Users\alexa\OneDrive\Documents\PowerShell\Modules\Pester\5.7.1\Pester.psm1:2160
at Invoke-Block, C:\Users\alexa\OneDrive\Documents\PowerShell\Modules\Pester\5.7.1\Pester.psm1:940
at &lt;ScriptBlock&gt;, C:\Users\alexa\OneDrive\Documents\PowerShell\Modules\Pester\5.7.1\Pester.psm1:1688
at &lt;ScriptBlock&gt;, C:\Users\alexa\OneDrive\Documents\PowerShell\Modules\Pester\5.7.1\Pester.ps1:3
at &lt;ScriptBlock&gt;, C:\Users\alexa\OneDrive\Documents\PowerShell\Modules\Pester\5.7.1\Pester.psm1:3260
at Invoke-InNewScriptScope, C:\Users\alexa\OneDrive\Documents\PowerShell\Modules\Pester\5.7.1\Pester.psm1:3267
at Run-Test, C:\Users\alexa\OneDrive\Documents\PowerShell\Modules\Pester\5.7.1\Pester.psm1:1691
at Invoke-Test, C:\Users\alexa\OneDrive\Documents\PowerShell\Modules\Pester\5.7.1\Pester.psm1:2512
at Invoke-Pester&lt;End&gt;, C:\Users\alexa\OneDrive\Documents\PowerShell\Modules\Pester\5.7.1\Pester.psm1:4960
at &lt;ScriptBlock&gt;, &lt;No file&gt;:1</stack-trace>
                    </failure>
                  </test-case>
                </results>
              </test-suite>
              <test-suite type="TestFixture" name="CoreApp Non-Interactive Mode.Logging and Output Verification" executed="True" result="Failure" success="False" time="17.4561" asserts="0" description="CoreApp Non-Interactive Mode.Logging and Output Verification">
                <results>
                  <test-case description="Should create proper log entries with timestamps" name="CoreApp Non-Interactive Mode.Logging and Output Verification.Should create proper log entries with timestamps" time="1.0307" asserts="0" success="False" result="Failure" executed="True">
                    <failure>
                      <message>Expected $true, but got $false.</message>
                      <stack-trace>at $result.Success | Should -Be $true, C:\Users\alexa\OneDrive\Documents\0. wizzense\AitherZero\tests\unit\modules\CoreApp\NonInteractiveMode.Tests.ps1:291
at Invoke-Assertion, C:\Users\alexa\OneDrive\Documents\PowerShell\Modules\Pester\5.7.1\Pester.psm1:8250
at Should&lt;End&gt;, C:\Users\alexa\OneDrive\Documents\PowerShell\Modules\Pester\5.7.1\Pester.psm1:8189
at &lt;ScriptBlock&gt;, C:\Users\alexa\OneDrive\Documents\0. wizzense\AitherZero\tests\unit\modules\CoreApp\NonInteractiveMode.Tests.ps1:291
at &lt;ScriptBlock&gt;, C:\Users\alexa\OneDrive\Documents\PowerShell\Modules\Pester\5.7.1\Pester.psm1:2024
at &lt;ScriptBlock&gt;, C:\Users\alexa\OneDrive\Documents\PowerShell\Modules\Pester\5.7.1\Pester.psm1:1985
at Invoke-ScriptBlock, C:\Users\alexa\OneDrive\Documents\PowerShell\Modules\Pester\5.7.1\Pester.psm1:2157
at Invoke-TestItem, C:\Users\alexa\OneDrive\Documents\PowerShell\Modules\Pester\5.7.1\Pester.psm1:1199
at Invoke-Block, C:\Users\alexa\OneDrive\Documents\PowerShell\Modules\Pester\5.7.1\Pester.psm1:835
at &lt;ScriptBlock&gt;, C:\Users\alexa\OneDrive\Documents\PowerShell\Modules\Pester\5.7.1\Pester.psm1:893
at &lt;ScriptBlock&gt;, C:\Users\alexa\OneDrive\Documents\PowerShell\Modules\Pester\5.7.1\Pester.psm1:2024
at &lt;ScriptBlock&gt;, C:\Users\alexa\OneDrive\Documents\PowerShell\Modules\Pester\5.7.1\Pester.psm1:1985
at Invoke-ScriptBlock, C:\Users\alexa\OneDrive\Documents\PowerShell\Modules\Pester\5.7.1\Pester.psm1:2160
at Invoke-Block, C:\Users\alexa\OneDrive\Documents\PowerShell\Modules\Pester\5.7.1\Pester.psm1:940
at &lt;ScriptBlock&gt;, C:\Users\alexa\OneDrive\Documents\PowerShell\Modules\Pester\5.7.1\Pester.psm1:893
at &lt;ScriptBlock&gt;, C:\Users\alexa\OneDrive\Documents\PowerShell\Modules\Pester\5.7.1\Pester.psm1:2024
at &lt;ScriptBlock&gt;, C:\Users\alexa\OneDrive\Documents\PowerShell\Modules\Pester\5.7.1\Pester.psm1:1985
at Invoke-ScriptBlock, C:\Users\alexa\OneDrive\Documents\PowerShell\Modules\Pester\5.7.1\Pester.psm1:2160
at Invoke-Block, C:\Users\alexa\OneDrive\Documents\PowerShell\Modules\Pester\5.7.1\Pester.psm1:940
at &lt;ScriptBlock&gt;, C:\Users\alexa\OneDrive\Documents\PowerShell\Modules\Pester\5.7.1\Pester.psm1:893
at &lt;ScriptBlock&gt;, C:\Users\alexa\OneDrive\Documents\PowerShell\Modules\Pester\5.7.1\Pester.psm1:2024
at &lt;ScriptBlock&gt;, C:\Users\alexa\OneDrive\Documents\PowerShell\Modules\Pester\5.7.1\Pester.psm1:1985
at Invoke-ScriptBlock, C:\Users\alexa\OneDrive\Documents\PowerShell\Modules\Pester\5.7.1\Pester.psm1:2160
at Invoke-Block, C:\Users\alexa\OneDrive\Documents\PowerShell\Modules\Pester\5.7.1\Pester.psm1:940
at &lt;ScriptBlock&gt;, C:\Users\alexa\OneDrive\Documents\PowerShell\Modules\Pester\5.7.1\Pester.psm1:1688
at &lt;ScriptBlock&gt;, C:\Users\alexa\OneDrive\Documents\PowerShell\Modules\Pester\5.7.1\Pester.ps1:3
at &lt;ScriptBlock&gt;, C:\Users\alexa\OneDrive\Documents\PowerShell\Modules\Pester\5.7.1\Pester.psm1:3260
at Invoke-InNewScriptScope, C:\Users\alexa\OneDrive\Documents\PowerShell\Modules\Pester\5.7.1\Pester.psm1:3267
at Run-Test, C:\Users\alexa\OneDrive\Documents\PowerShell\Modules\Pester\5.7.1\Pester.psm1:1691
at Invoke-Test, C:\Users\alexa\OneDrive\Documents\PowerShell\Modules\Pester\5.7.1\Pester.psm1:2512
at Invoke-Pester&lt;End&gt;, C:\Users\alexa\OneDrive\Documents\PowerShell\Modules\Pester\5.7.1\Pester.psm1:4960
at &lt;ScriptBlock&gt;, &lt;No file&gt;:1</stack-trace>
                    </failure>
                  </test-case>
                  <test-case description="Should include module initialization messages" name="CoreApp Non-Interactive Mode.Logging and Output Verification.Should include module initialization messages" time="1.0255" asserts="0" success="False" result="Failure" executed="True">
                    <failure>
                      <message>Expected $true, but got $false.</message>
                      <stack-trace>at $result.Success | Should -Be $true, C:\Users\alexa\OneDrive\Documents\0. wizzense\AitherZero\tests\unit\modules\CoreApp\NonInteractiveMode.Tests.ps1:309
at Invoke-Assertion, C:\Users\alexa\OneDrive\Documents\PowerShell\Modules\Pester\5.7.1\Pester.psm1:8250
at Should&lt;End&gt;, C:\Users\alexa\OneDrive\Documents\PowerShell\Modules\Pester\5.7.1\Pester.psm1:8189
at &lt;ScriptBlock&gt;, C:\Users\alexa\OneDrive\Documents\0. wizzense\AitherZero\tests\unit\modules\CoreApp\NonInteractiveMode.Tests.ps1:309
at &lt;ScriptBlock&gt;, C:\Users\alexa\OneDrive\Documents\PowerShell\Modules\Pester\5.7.1\Pester.psm1:2024
at &lt;ScriptBlock&gt;, C:\Users\alexa\OneDrive\Documents\PowerShell\Modules\Pester\5.7.1\Pester.psm1:1985
at Invoke-ScriptBlock, C:\Users\alexa\OneDrive\Documents\PowerShell\Modules\Pester\5.7.1\Pester.psm1:2157
at Invoke-TestItem, C:\Users\alexa\OneDrive\Documents\PowerShell\Modules\Pester\5.7.1\Pester.psm1:1199
at Invoke-Block, C:\Users\alexa\OneDrive\Documents\PowerShell\Modules\Pester\5.7.1\Pester.psm1:835
at &lt;ScriptBlock&gt;, C:\Users\alexa\OneDrive\Documents\PowerShell\Modules\Pester\5.7.1\Pester.psm1:893
at &lt;ScriptBlock&gt;, C:\Users\alexa\OneDrive\Documents\PowerShell\Modules\Pester\5.7.1\Pester.psm1:2024
at &lt;ScriptBlock&gt;, C:\Users\alexa\OneDrive\Documents\PowerShell\Modules\Pester\5.7.1\Pester.psm1:1985
at Invoke-ScriptBlock, C:\Users\alexa\OneDrive\Documents\PowerShell\Modules\Pester\5.7.1\Pester.psm1:2160
at Invoke-Block, C:\Users\alexa\OneDrive\Documents\PowerShell\Modules\Pester\5.7.1\Pester.psm1:940
at &lt;ScriptBlock&gt;, C:\Users\alexa\OneDrive\Documents\PowerShell\Modules\Pester\5.7.1\Pester.psm1:893
at &lt;ScriptBlock&gt;, C:\Users\alexa\OneDrive\Documents\PowerShell\Modules\Pester\5.7.1\Pester.psm1:2024
at &lt;ScriptBlock&gt;, C:\Users\alexa\OneDrive\Documents\PowerShell\Modules\Pester\5.7.1\Pester.psm1:1985
at Invoke-ScriptBlock, C:\Users\alexa\OneDrive\Documents\PowerShell\Modules\Pester\5.7.1\Pester.psm1:2160
at Invoke-Block, C:\Users\alexa\OneDrive\Documents\PowerShell\Modules\Pester\5.7.1\Pester.psm1:940
at &lt;ScriptBlock&gt;, C:\Users\alexa\OneDrive\Documents\PowerShell\Modules\Pester\5.7.1\Pester.psm1:893
at &lt;ScriptBlock&gt;, C:\Users\alexa\OneDrive\Documents\PowerShell\Modules\Pester\5.7.1\Pester.psm1:2024
at &lt;ScriptBlock&gt;, C:\Users\alexa\OneDrive\Documents\PowerShell\Modules\Pester\5.7.1\Pester.psm1:1985
at Invoke-ScriptBlock, C:\Users\alexa\OneDrive\Documents\PowerShell\Modules\Pester\5.7.1\Pester.psm1:2160
at Invoke-Block, C:\Users\alexa\OneDrive\Documents\PowerShell\Modules\Pester\5.7.1\Pester.psm1:940
at &lt;ScriptBlock&gt;, C:\Users\alexa\OneDrive\Documents\PowerShell\Modules\Pester\5.7.1\Pester.psm1:1688
at &lt;ScriptBlock&gt;, C:\Users\alexa\OneDrive\Documents\PowerShell\Modules\Pester\5.7.1\Pester.ps1:3
at &lt;ScriptBlock&gt;, C:\Users\alexa\OneDrive\Documents\PowerShell\Modules\Pester\5.7.1\Pester.psm1:3260
at Invoke-InNewScriptScope, C:\Users\alexa\OneDrive\Documents\PowerShell\Modules\Pester\5.7.1\Pester.psm1:3267
at Run-Test, C:\Users\alexa\OneDrive\Documents\PowerShell\Modules\Pester\5.7.1\Pester.psm1:1691
at Invoke-Test, C:\Users\alexa\OneDrive\Documents\PowerShell\Modules\Pester\5.7.1\Pester.psm1:2512
at Invoke-Pester&lt;End&gt;, C:\Users\alexa\OneDrive\Documents\PowerShell\Modules\Pester\5.7.1\Pester.psm1:4960
at &lt;ScriptBlock&gt;, &lt;No file&gt;:1</stack-trace>
                    </failure>
                  </test-case>
                </results>
              </test-suite>
              <test-suite type="TestFixture" name="CoreApp Non-Interactive Mode.Integration with CoreApp Module" executed="True" result="Ignored" success="True" time="17.4697" asserts="0" description="CoreApp Non-Interactive Mode.Integration with CoreApp Module">
                <results>
                  <test-case description="Should successfully invoke CoreApp module directly" name="CoreApp Non-Interactive Mode.Integration with CoreApp Module.Should successfully invoke CoreApp module directly" time="0.0083" asserts="0" success="False" result="Ignored" executed="False" />
                </results>
              </test-suite>
            </results>
          </test-suite>
          <test-suite type="TestFixture" name="CoreApp Cross-Platform Compatibility" executed="True" result="Failure" success="False" time="19.5392" asserts="0" description="CoreApp Cross-Platform Compatibility">
            <results>
              <test-suite type="TestFixture" name="CoreApp Cross-Platform Compatibility.Path Handling" executed="True" result="Failure" success="False" time="2.0572" asserts="0" description="CoreApp Cross-Platform Compatibility.Path Handling">
                <results>
                  <test-case description="Should handle paths correctly on current platform" name="CoreApp Cross-Platform Compatibility.Path Handling.Should handle paths correctly on current platform" time="1.0247" asserts="0" success="False" result="Failure" executed="True">
                    <failure>
                      <message>Expected $true, but got $false.</message>
                      <stack-trace>at $result.Success | Should -Be $true, C:\Users\alexa\OneDrive\Documents\0. wizzense\AitherZero\tests\unit\modules\CoreApp\NonInteractiveMode.Tests.ps1:346
at Invoke-Assertion, C:\Users\alexa\OneDrive\Documents\PowerShell\Modules\Pester\5.7.1\Pester.psm1:8250
at Should&lt;End&gt;, C:\Users\alexa\OneDrive\Documents\PowerShell\Modules\Pester\5.7.1\Pester.psm1:8189
at &lt;ScriptBlock&gt;, C:\Users\alexa\OneDrive\Documents\0. wizzense\AitherZero\tests\unit\modules\CoreApp\NonInteractiveMode.Tests.ps1:346
at &lt;ScriptBlock&gt;, C:\Users\alexa\OneDrive\Documents\PowerShell\Modules\Pester\5.7.1\Pester.psm1:2024
at &lt;ScriptBlock&gt;, C:\Users\alexa\OneDrive\Documents\PowerShell\Modules\Pester\5.7.1\Pester.psm1:1985
at Invoke-ScriptBlock, C:\Users\alexa\OneDrive\Documents\PowerShell\Modules\Pester\5.7.1\Pester.psm1:2157
at Invoke-TestItem, C:\Users\alexa\OneDrive\Documents\PowerShell\Modules\Pester\5.7.1\Pester.psm1:1199
at Invoke-Block, C:\Users\alexa\OneDrive\Documents\PowerShell\Modules\Pester\5.7.1\Pester.psm1:835
at &lt;ScriptBlock&gt;, C:\Users\alexa\OneDrive\Documents\PowerShell\Modules\Pester\5.7.1\Pester.psm1:893
at &lt;ScriptBlock&gt;, C:\Users\alexa\OneDrive\Documents\PowerShell\Modules\Pester\5.7.1\Pester.psm1:2024
at &lt;ScriptBlock&gt;, C:\Users\alexa\OneDrive\Documents\PowerShell\Modules\Pester\5.7.1\Pester.psm1:1985
at Invoke-ScriptBlock, C:\Users\alexa\OneDrive\Documents\PowerShell\Modules\Pester\5.7.1\Pester.psm1:2160
at Invoke-Block, C:\Users\alexa\OneDrive\Documents\PowerShell\Modules\Pester\5.7.1\Pester.psm1:940
at &lt;ScriptBlock&gt;, C:\Users\alexa\OneDrive\Documents\PowerShell\Modules\Pester\5.7.1\Pester.psm1:893
at &lt;ScriptBlock&gt;, C:\Users\alexa\OneDrive\Documents\PowerShell\Modules\Pester\5.7.1\Pester.psm1:2024
at &lt;ScriptBlock&gt;, C:\Users\alexa\OneDrive\Documents\PowerShell\Modules\Pester\5.7.1\Pester.psm1:1985
at Invoke-ScriptBlock, C:\Users\alexa\OneDrive\Documents\PowerShell\Modules\Pester\5.7.1\Pester.psm1:2160
at Invoke-Block, C:\Users\alexa\OneDrive\Documents\PowerShell\Modules\Pester\5.7.1\Pester.psm1:940
at &lt;ScriptBlock&gt;, C:\Users\alexa\OneDrive\Documents\PowerShell\Modules\Pester\5.7.1\Pester.psm1:893
at &lt;ScriptBlock&gt;, C:\Users\alexa\OneDrive\Documents\PowerShell\Modules\Pester\5.7.1\Pester.psm1:2024
at &lt;ScriptBlock&gt;, C:\Users\alexa\OneDrive\Documents\PowerShell\Modules\Pester\5.7.1\Pester.psm1:1985
at Invoke-ScriptBlock, C:\Users\alexa\OneDrive\Documents\PowerShell\Modules\Pester\5.7.1\Pester.psm1:2160
at Invoke-Block, C:\Users\alexa\OneDrive\Documents\PowerShell\Modules\Pester\5.7.1\Pester.psm1:940
at &lt;ScriptBlock&gt;, C:\Users\alexa\OneDrive\Documents\PowerShell\Modules\Pester\5.7.1\Pester.psm1:1688
at &lt;ScriptBlock&gt;, C:\Users\alexa\OneDrive\Documents\PowerShell\Modules\Pester\5.7.1\Pester.ps1:3
at &lt;ScriptBlock&gt;, C:\Users\alexa\OneDrive\Documents\PowerShell\Modules\Pester\5.7.1\Pester.psm1:3260
at Invoke-InNewScriptScope, C:\Users\alexa\OneDrive\Documents\PowerShell\Modules\Pester\5.7.1\Pester.psm1:3267
at Run-Test, C:\Users\alexa\OneDrive\Documents\PowerShell\Modules\Pester\5.7.1\Pester.psm1:1691
at Invoke-Test, C:\Users\alexa\OneDrive\Documents\PowerShell\Modules\Pester\5.7.1\Pester.psm1:2512
at Invoke-Pester&lt;End&gt;, C:\Users\alexa\OneDrive\Documents\PowerShell\Modules\Pester\5.7.1\Pester.psm1:4960
at &lt;ScriptBlock&gt;, &lt;No file&gt;:1</stack-trace>
                    </failure>
                  </test-case>
                  <test-case description="Should work with different configuration file paths" name="CoreApp Cross-Platform Compatibility.Path Handling.Should work with different configuration file paths" time="1.0264" asserts="0" success="False" result="Failure" executed="True">
                    <failure>
                      <message>Expected $true, but got $false.</message>
                      <stack-trace>at $result.Success | Should -Be $true, C:\Users\alexa\OneDrive\Documents\0. wizzense\AitherZero\tests\unit\modules\CoreApp\NonInteractiveMode.Tests.ps1:365
at Invoke-Assertion, C:\Users\alexa\OneDrive\Documents\PowerShell\Modules\Pester\5.7.1\Pester.psm1:8250
at Should&lt;End&gt;, C:\Users\alexa\OneDrive\Documents\PowerShell\Modules\Pester\5.7.1\Pester.psm1:8189
at &lt;ScriptBlock&gt;, C:\Users\alexa\OneDrive\Documents\0. wizzense\AitherZero\tests\unit\modules\CoreApp\NonInteractiveMode.Tests.ps1:365
at &lt;ScriptBlock&gt;, C:\Users\alexa\OneDrive\Documents\PowerShell\Modules\Pester\5.7.1\Pester.psm1:2024
at &lt;ScriptBlock&gt;, C:\Users\alexa\OneDrive\Documents\PowerShell\Modules\Pester\5.7.1\Pester.psm1:1985
at Invoke-ScriptBlock, C:\Users\alexa\OneDrive\Documents\PowerShell\Modules\Pester\5.7.1\Pester.psm1:2157
at Invoke-TestItem, C:\Users\alexa\OneDrive\Documents\PowerShell\Modules\Pester\5.7.1\Pester.psm1:1199
at Invoke-Block, C:\Users\alexa\OneDrive\Documents\PowerShell\Modules\Pester\5.7.1\Pester.psm1:835
at &lt;ScriptBlock&gt;, C:\Users\alexa\OneDrive\Documents\PowerShell\Modules\Pester\5.7.1\Pester.psm1:893
at &lt;ScriptBlock&gt;, C:\Users\alexa\OneDrive\Documents\PowerShell\Modules\Pester\5.7.1\Pester.psm1:2024
at &lt;ScriptBlock&gt;, C:\Users\alexa\OneDrive\Documents\PowerShell\Modules\Pester\5.7.1\Pester.psm1:1985
at Invoke-ScriptBlock, C:\Users\alexa\OneDrive\Documents\PowerShell\Modules\Pester\5.7.1\Pester.psm1:2160
at Invoke-Block, C:\Users\alexa\OneDrive\Documents\PowerShell\Modules\Pester\5.7.1\Pester.psm1:940
at &lt;ScriptBlock&gt;, C:\Users\alexa\OneDrive\Documents\PowerShell\Modules\Pester\5.7.1\Pester.psm1:893
at &lt;ScriptBlock&gt;, C:\Users\alexa\OneDrive\Documents\PowerShell\Modules\Pester\5.7.1\Pester.psm1:2024
at &lt;ScriptBlock&gt;, C:\Users\alexa\OneDrive\Documents\PowerShell\Modules\Pester\5.7.1\Pester.psm1:1985
at Invoke-ScriptBlock, C:\Users\alexa\OneDrive\Documents\PowerShell\Modules\Pester\5.7.1\Pester.psm1:2160
at Invoke-Block, C:\Users\alexa\OneDrive\Documents\PowerShell\Modules\Pester\5.7.1\Pester.psm1:940
at &lt;ScriptBlock&gt;, C:\Users\alexa\OneDrive\Documents\PowerShell\Modules\Pester\5.7.1\Pester.psm1:893
at &lt;ScriptBlock&gt;, C:\Users\alexa\OneDrive\Documents\PowerShell\Modules\Pester\5.7.1\Pester.psm1:2024
at &lt;ScriptBlock&gt;, C:\Users\alexa\OneDrive\Documents\PowerShell\Modules\Pester\5.7.1\Pester.psm1:1985
at Invoke-ScriptBlock, C:\Users\alexa\OneDrive\Documents\PowerShell\Modules\Pester\5.7.1\Pester.psm1:2160
at Invoke-Block, C:\Users\alexa\OneDrive\Documents\PowerShell\Modules\Pester\5.7.1\Pester.psm1:940
at &lt;ScriptBlock&gt;, C:\Users\alexa\OneDrive\Documents\PowerShell\Modules\Pester\5.7.1\Pester.psm1:1688
at &lt;ScriptBlock&gt;, C:\Users\alexa\OneDrive\Documents\PowerShell\Modules\Pester\5.7.1\Pester.ps1:3
at &lt;ScriptBlock&gt;, C:\Users\alexa\OneDrive\Documents\PowerShell\Modules\Pester\5.7.1\Pester.psm1:3260
at Invoke-InNewScriptScope, C:\Users\alexa\OneDrive\Documents\PowerShell\Modules\Pester\5.7.1\Pester.psm1:3267
at Run-Test, C:\Users\alexa\OneDrive\Documents\PowerShell\Modules\Pester\5.7.1\Pester.psm1:1691
at Invoke-Test, C:\Users\alexa\OneDrive\Documents\PowerShell\Modules\Pester\5.7.1\Pester.psm1:2512
at Invoke-Pester&lt;End&gt;, C:\Users\alexa\OneDrive\Documents\PowerShell\Modules\Pester\5.7.1\Pester.psm1:4960
at &lt;ScriptBlock&gt;, &lt;No file&gt;:1</stack-trace>
                    </failure>
                  </test-case>
                </results>
              </test-suite>
            </results>
          </test-suite>
        </results>
      </test-suite>
      <test-suite type="TestFixture" name="C:\Users\alexa\OneDrive\Documents\0. wizzense\AitherZero\tests\unit\modules\DevEnvironment\DevEnvironment-Comprehensive.Tests.ps1" executed="True" result="Failure" success="False" time="0.4026" asserts="0" description="C:\Users\alexa\OneDrive\Documents\0. wizzense\AitherZero\tests\unit\modules\DevEnvironment\DevEnvironment-Comprehensive.Tests.ps1">
        <results>
          <test-suite type="TestFixture" name="DevEnvironment Module - Core Functions" executed="True" result="Failure" success="False" time="0.2036" asserts="0" description="DevEnvironment Module - Core Functions">
            <results>
              <test-suite type="TestFixture" name="DevEnvironment Module - Core Functions.Module Structure and Exports" executed="True" result="Ignored" success="True" time="0.0233" asserts="0" description="DevEnvironment Module - Core Functions.Module Structure and Exports">
                <results>
                  <test-case description="Should export core development environment functions" name="DevEnvironment Module - Core Functions.Module Structure and Exports.Should export core development environment functions" time="0.0128" asserts="0" success="True" result="Success" executed="True" />
                  <test-case description="Should have valid module manifest" name="DevEnvironment Module - Core Functions.Module Structure and Exports.Should have valid module manifest" time="0.0059" asserts="0" success="False" result="Ignored" executed="False" />
                </results>
              </test-suite>
              <test-suite type="TestFixture" name="DevEnvironment Module - Core Functions.System Information Gathering" executed="True" result="Success" success="True" time="0.0537" asserts="0" description="DevEnvironment Module - Core Functions.System Information Gathering">
                <results>
                  <test-case description="Should detect the current operating system" name="DevEnvironment Module - Core Functions.System Information Gathering.Should detect the current operating system" time="0.0087" asserts="0" success="True" result="Success" executed="True" />
                  <test-case description="Should detect PowerShell version" name="DevEnvironment Module - Core Functions.System Information Gathering.Should detect PowerShell version" time="0.0078" asserts="0" success="True" result="Success" executed="True" />
                  <test-case description="Should detect available system tools" name="DevEnvironment Module - Core Functions.System Information Gathering.Should detect available system tools" time="0.0082" asserts="0" success="True" result="Success" executed="True" />
                </results>
              </test-suite>
              <test-suite type="TestFixture" name="DevEnvironment Module - Core Functions.Development Environment Validation" executed="True" result="Failure" success="False" time="0.0836" asserts="0" description="DevEnvironment Module - Core Functions.Development Environment Validation">
                <results>
                  <test-case description="Should validate workspace structure" name="DevEnvironment Module - Core Functions.Development Environment Validation.Should validate workspace structure" time="0.01" asserts="0" success="False" result="Failure" executed="True">
                    <failure>
                      <message>Expected $true, because Required directory 'aither-core' should exist, but got $false.</message>
                      <stack-trace>at Test-Path $dirPath | Should -Be $true -Because "Required directory '$dir' should exist", C:\Users\alexa\OneDrive\Documents\0. wizzense\AitherZero\tests\unit\modules\DevEnvironment\DevEnvironment-Comprehensive.Tests.ps1:130
at Invoke-Assertion, C:\Users\alexa\OneDrive\Documents\PowerShell\Modules\Pester\5.7.1\Pester.psm1:8250
at Should&lt;End&gt;, C:\Users\alexa\OneDrive\Documents\PowerShell\Modules\Pester\5.7.1\Pester.psm1:8189
at &lt;ScriptBlock&gt;, C:\Users\alexa\OneDrive\Documents\0. wizzense\AitherZero\tests\unit\modules\DevEnvironment\DevEnvironment-Comprehensive.Tests.ps1:130
at &lt;ScriptBlock&gt;, C:\Users\alexa\OneDrive\Documents\PowerShell\Modules\Pester\5.7.1\Pester.psm1:2024
at &lt;ScriptBlock&gt;, C:\Users\alexa\OneDrive\Documents\PowerShell\Modules\Pester\5.7.1\Pester.psm1:1985
at Invoke-ScriptBlock, C:\Users\alexa\OneDrive\Documents\PowerShell\Modules\Pester\5.7.1\Pester.psm1:2157
at Invoke-TestItem, C:\Users\alexa\OneDrive\Documents\PowerShell\Modules\Pester\5.7.1\Pester.psm1:1199
at Invoke-Block, C:\Users\alexa\OneDrive\Documents\PowerShell\Modules\Pester\5.7.1\Pester.psm1:835
at &lt;ScriptBlock&gt;, C:\Users\alexa\OneDrive\Documents\PowerShell\Modules\Pester\5.7.1\Pester.psm1:893
at &lt;ScriptBlock&gt;, C:\Users\alexa\OneDrive\Documents\PowerShell\Modules\Pester\5.7.1\Pester.psm1:2024
at &lt;ScriptBlock&gt;, C:\Users\alexa\OneDrive\Documents\PowerShell\Modules\Pester\5.7.1\Pester.psm1:1985
at Invoke-ScriptBlock, C:\Users\alexa\OneDrive\Documents\PowerShell\Modules\Pester\5.7.1\Pester.psm1:2160
at Invoke-Block, C:\Users\alexa\OneDrive\Documents\PowerShell\Modules\Pester\5.7.1\Pester.psm1:940
at &lt;ScriptBlock&gt;, C:\Users\alexa\OneDrive\Documents\PowerShell\Modules\Pester\5.7.1\Pester.psm1:893
at &lt;ScriptBlock&gt;, C:\Users\alexa\OneDrive\Documents\PowerShell\Modules\Pester\5.7.1\Pester.psm1:2024
at &lt;ScriptBlock&gt;, C:\Users\alexa\OneDrive\Documents\PowerShell\Modules\Pester\5.7.1\Pester.psm1:1985
at Invoke-ScriptBlock, C:\Users\alexa\OneDrive\Documents\PowerShell\Modules\Pester\5.7.1\Pester.psm1:2160
at Invoke-Block, C:\Users\alexa\OneDrive\Documents\PowerShell\Modules\Pester\5.7.1\Pester.psm1:940
at &lt;ScriptBlock&gt;, C:\Users\alexa\OneDrive\Documents\PowerShell\Modules\Pester\5.7.1\Pester.psm1:893
at &lt;ScriptBlock&gt;, C:\Users\alexa\OneDrive\Documents\PowerShell\Modules\Pester\5.7.1\Pester.psm1:2024
at &lt;ScriptBlock&gt;, C:\Users\alexa\OneDrive\Documents\PowerShell\Modules\Pester\5.7.1\Pester.psm1:1985
at Invoke-ScriptBlock, C:\Users\alexa\OneDrive\Documents\PowerShell\Modules\Pester\5.7.1\Pester.psm1:2160
at Invoke-Block, C:\Users\alexa\OneDrive\Documents\PowerShell\Modules\Pester\5.7.1\Pester.psm1:940
at &lt;ScriptBlock&gt;, C:\Users\alexa\OneDrive\Documents\PowerShell\Modules\Pester\5.7.1\Pester.psm1:1688
at &lt;ScriptBlock&gt;, C:\Users\alexa\OneDrive\Documents\PowerShell\Modules\Pester\5.7.1\Pester.ps1:3
at &lt;ScriptBlock&gt;, C:\Users\alexa\OneDrive\Documents\PowerShell\Modules\Pester\5.7.1\Pester.psm1:3260
at Invoke-InNewScriptScope, C:\Users\alexa\OneDrive\Documents\PowerShell\Modules\Pester\5.7.1\Pester.psm1:3267
at Run-Test, C:\Users\alexa\OneDrive\Documents\PowerShell\Modules\Pester\5.7.1\Pester.psm1:1691
at Invoke-Test, C:\Users\alexa\OneDrive\Documents\PowerShell\Modules\Pester\5.7.1\Pester.psm1:2512
at Invoke-Pester&lt;End&gt;, C:\Users\alexa\OneDrive\Documents\PowerShell\Modules\Pester\5.7.1\Pester.psm1:4960
at &lt;ScriptBlock&gt;, &lt;No file&gt;:1</stack-trace>
                    </failure>
                  </test-case>
                  <test-case description="Should validate core module structure" name="DevEnvironment Module - Core Functions.Development Environment Validation.Should validate core module structure" time="0.0079" asserts="0" success="False" result="Failure" executed="True">
                    <failure>
                      <message>Expected $true, because Core module 'Logging' should exist, but got $false.</message>
                      <stack-trace>at Test-Path $modulePath | Should -Be $true -Because "Core module '$module' should exist", C:\Users\alexa\OneDrive\Documents\0. wizzense\AitherZero\tests\unit\modules\DevEnvironment\DevEnvironment-Comprehensive.Tests.ps1:145
at Invoke-Assertion, C:\Users\alexa\OneDrive\Documents\PowerShell\Modules\Pester\5.7.1\Pester.psm1:8250
at Should&lt;End&gt;, C:\Users\alexa\OneDrive\Documents\PowerShell\Modules\Pester\5.7.1\Pester.psm1:8189
at &lt;ScriptBlock&gt;, C:\Users\alexa\OneDrive\Documents\0. wizzense\AitherZero\tests\unit\modules\DevEnvironment\DevEnvironment-Comprehensive.Tests.ps1:145
at &lt;ScriptBlock&gt;, C:\Users\alexa\OneDrive\Documents\PowerShell\Modules\Pester\5.7.1\Pester.psm1:2024
at &lt;ScriptBlock&gt;, C:\Users\alexa\OneDrive\Documents\PowerShell\Modules\Pester\5.7.1\Pester.psm1:1985
at Invoke-ScriptBlock, C:\Users\alexa\OneDrive\Documents\PowerShell\Modules\Pester\5.7.1\Pester.psm1:2157
at Invoke-TestItem, C:\Users\alexa\OneDrive\Documents\PowerShell\Modules\Pester\5.7.1\Pester.psm1:1199
at Invoke-Block, C:\Users\alexa\OneDrive\Documents\PowerShell\Modules\Pester\5.7.1\Pester.psm1:835
at &lt;ScriptBlock&gt;, C:\Users\alexa\OneDrive\Documents\PowerShell\Modules\Pester\5.7.1\Pester.psm1:893
at &lt;ScriptBlock&gt;, C:\Users\alexa\OneDrive\Documents\PowerShell\Modules\Pester\5.7.1\Pester.psm1:2024
at &lt;ScriptBlock&gt;, C:\Users\alexa\OneDrive\Documents\PowerShell\Modules\Pester\5.7.1\Pester.psm1:1985
at Invoke-ScriptBlock, C:\Users\alexa\OneDrive\Documents\PowerShell\Modules\Pester\5.7.1\Pester.psm1:2160
at Invoke-Block, C:\Users\alexa\OneDrive\Documents\PowerShell\Modules\Pester\5.7.1\Pester.psm1:940
at &lt;ScriptBlock&gt;, C:\Users\alexa\OneDrive\Documents\PowerShell\Modules\Pester\5.7.1\Pester.psm1:893
at &lt;ScriptBlock&gt;, C:\Users\alexa\OneDrive\Documents\PowerShell\Modules\Pester\5.7.1\Pester.psm1:2024
at &lt;ScriptBlock&gt;, C:\Users\alexa\OneDrive\Documents\PowerShell\Modules\Pester\5.7.1\Pester.psm1:1985
at Invoke-ScriptBlock, C:\Users\alexa\OneDrive\Documents\PowerShell\Modules\Pester\5.7.1\Pester.psm1:2160
at Invoke-Block, C:\Users\alexa\OneDrive\Documents\PowerShell\Modules\Pester\5.7.1\Pester.psm1:940
at &lt;ScriptBlock&gt;, C:\Users\alexa\OneDrive\Documents\PowerShell\Modules\Pester\5.7.1\Pester.psm1:893
at &lt;ScriptBlock&gt;, C:\Users\alexa\OneDrive\Documents\PowerShell\Modules\Pester\5.7.1\Pester.psm1:2024
at &lt;ScriptBlock&gt;, C:\Users\alexa\OneDrive\Documents\PowerShell\Modules\Pester\5.7.1\Pester.psm1:1985
at Invoke-ScriptBlock, C:\Users\alexa\OneDrive\Documents\PowerShell\Modules\Pester\5.7.1\Pester.psm1:2160
at Invoke-Block, C:\Users\alexa\OneDrive\Documents\PowerShell\Modules\Pester\5.7.1\Pester.psm1:940
at &lt;ScriptBlock&gt;, C:\Users\alexa\OneDrive\Documents\PowerShell\Modules\Pester\5.7.1\Pester.psm1:1688
at &lt;ScriptBlock&gt;, C:\Users\alexa\OneDrive\Documents\PowerShell\Modules\Pester\5.7.1\Pester.ps1:3
at &lt;ScriptBlock&gt;, C:\Users\alexa\OneDrive\Documents\PowerShell\Modules\Pester\5.7.1\Pester.psm1:3260
at Invoke-InNewScriptScope, C:\Users\alexa\OneDrive\Documents\PowerShell\Modules\Pester\5.7.1\Pester.psm1:3267
at Run-Test, C:\Users\alexa\OneDrive\Documents\PowerShell\Modules\Pester\5.7.1\Pester.psm1:1691
at Invoke-Test, C:\Users\alexa\OneDrive\Documents\PowerShell\Modules\Pester\5.7.1\Pester.psm1:2512
at Invoke-Pester&lt;End&gt;, C:\Users\alexa\OneDrive\Documents\PowerShell\Modules\Pester\5.7.1\Pester.psm1:4960
at &lt;ScriptBlock&gt;, &lt;No file&gt;:1</stack-trace>
                    </failure>
                  </test-case>
                </results>
              </test-suite>
              <test-suite type="TestFixture" name="DevEnvironment Module - Core Functions.Configuration and Settings" executed="True" result="Success" success="True" time="0.1072" asserts="0" description="DevEnvironment Module - Core Functions.Configuration and Settings">
                <results>
                  <test-case description="Should handle environment variables" name="DevEnvironment Module - Core Functions.Configuration and Settings.Should handle environment variables" time="0.011" asserts="0" success="True" result="Success" executed="True" />
                  <test-case description="Should validate configuration files" name="DevEnvironment Module - Core Functions.Configuration and Settings.Should validate configuration files" time="0.0059" asserts="0" success="True" result="Success" executed="True" />
                </results>
              </test-suite>
              <test-suite type="TestFixture" name="DevEnvironment Module - Core Functions.Cross-Platform Compatibility" executed="True" result="Success" success="True" time="0.1306" asserts="0" description="DevEnvironment Module - Core Functions.Cross-Platform Compatibility">
                <results>
                  <test-case description="Should handle path separators correctly" name="DevEnvironment Module - Core Functions.Cross-Platform Compatibility.Should handle path separators correctly" time="0.0088" asserts="0" success="True" result="Success" executed="True" />
                  <test-case description="Should handle line endings appropriately" name="DevEnvironment Module - Core Functions.Cross-Platform Compatibility.Should handle line endings appropriately" time="0.0069" asserts="0" success="True" result="Success" executed="True" />
                </results>
              </test-suite>
              <test-suite type="TestFixture" name="DevEnvironment Module - Core Functions.Performance and Resource Checks" executed="True" result="Success" success="True" time="0.1979" asserts="0" description="DevEnvironment Module - Core Functions.Performance and Resource Checks">
                <results>
                  <test-case description="Should complete system checks within reasonable time" name="DevEnvironment Module - Core Functions.Performance and Resource Checks.Should complete system checks within reasonable time" time="0.01" asserts="0" success="True" result="Success" executed="True" />
                  <test-case description="Should handle memory and disk space checks" name="DevEnvironment Module - Core Functions.Performance and Resource Checks.Should handle memory and disk space checks" time="0.0521" asserts="0" success="True" result="Success" executed="True" />
                </results>
              </test-suite>
            </results>
          </test-suite>
          <test-suite type="TestFixture" name="DevEnvironment Module - Integration Tests" executed="True" result="Failure" success="False" time="0.261" asserts="0" description="DevEnvironment Module - Integration Tests">
            <results>
              <test-suite type="TestFixture" name="DevEnvironment Module - Integration Tests.Module Integration" executed="True" result="Failure" success="False" time="0.0335" asserts="0" description="DevEnvironment Module - Integration Tests.Module Integration">
                <results>
                  <test-case description="Should work with other core modules" name="DevEnvironment Module - Integration Tests.Module Integration.Should work with other core modules" time="0.0097" asserts="0" success="False" result="Failure" executed="True">
                    <failure>
                      <message>Expected the actual value to be greater than 0, but got 0.</message>
                      <stack-trace>at $modules.Count | Should -BeGreaterThan 0, C:\Users\alexa\OneDrive\Documents\0. wizzense\AitherZero\tests\unit\modules\DevEnvironment\DevEnvironment-Comprehensive.Tests.ps1:257
at Invoke-Assertion, C:\Users\alexa\OneDrive\Documents\PowerShell\Modules\Pester\5.7.1\Pester.psm1:8250
at Should&lt;End&gt;, C:\Users\alexa\OneDrive\Documents\PowerShell\Modules\Pester\5.7.1\Pester.psm1:8193
at &lt;ScriptBlock&gt;, C:\Users\alexa\OneDrive\Documents\0. wizzense\AitherZero\tests\unit\modules\DevEnvironment\DevEnvironment-Comprehensive.Tests.ps1:257
at &lt;ScriptBlock&gt;, C:\Users\alexa\OneDrive\Documents\PowerShell\Modules\Pester\5.7.1\Pester.psm1:2024
at &lt;ScriptBlock&gt;, C:\Users\alexa\OneDrive\Documents\PowerShell\Modules\Pester\5.7.1\Pester.psm1:1985
at Invoke-ScriptBlock, C:\Users\alexa\OneDrive\Documents\PowerShell\Modules\Pester\5.7.1\Pester.psm1:2157
at Invoke-TestItem, C:\Users\alexa\OneDrive\Documents\PowerShell\Modules\Pester\5.7.1\Pester.psm1:1199
at Invoke-Block, C:\Users\alexa\OneDrive\Documents\PowerShell\Modules\Pester\5.7.1\Pester.psm1:835
at &lt;ScriptBlock&gt;, C:\Users\alexa\OneDrive\Documents\PowerShell\Modules\Pester\5.7.1\Pester.psm1:893
at &lt;ScriptBlock&gt;, C:\Users\alexa\OneDrive\Documents\PowerShell\Modules\Pester\5.7.1\Pester.psm1:2024
at &lt;ScriptBlock&gt;, C:\Users\alexa\OneDrive\Documents\PowerShell\Modules\Pester\5.7.1\Pester.psm1:1985
at Invoke-ScriptBlock, C:\Users\alexa\OneDrive\Documents\PowerShell\Modules\Pester\5.7.1\Pester.psm1:2160
at Invoke-Block, C:\Users\alexa\OneDrive\Documents\PowerShell\Modules\Pester\5.7.1\Pester.psm1:940
at &lt;ScriptBlock&gt;, C:\Users\alexa\OneDrive\Documents\PowerShell\Modules\Pester\5.7.1\Pester.psm1:893
at &lt;ScriptBlock&gt;, C:\Users\alexa\OneDrive\Documents\PowerShell\Modules\Pester\5.7.1\Pester.psm1:2024
at &lt;ScriptBlock&gt;, C:\Users\alexa\OneDrive\Documents\PowerShell\Modules\Pester\5.7.1\Pester.psm1:1985
at Invoke-ScriptBlock, C:\Users\alexa\OneDrive\Documents\PowerShell\Modules\Pester\5.7.1\Pester.psm1:2160
at Invoke-Block, C:\Users\alexa\OneDrive\Documents\PowerShell\Modules\Pester\5.7.1\Pester.psm1:940
at &lt;ScriptBlock&gt;, C:\Users\alexa\OneDrive\Documents\PowerShell\Modules\Pester\5.7.1\Pester.psm1:893
at &lt;ScriptBlock&gt;, C:\Users\alexa\OneDrive\Documents\PowerShell\Modules\Pester\5.7.1\Pester.psm1:2024
at &lt;ScriptBlock&gt;, C:\Users\alexa\OneDrive\Documents\PowerShell\Modules\Pester\5.7.1\Pester.psm1:1985
at Invoke-ScriptBlock, C:\Users\alexa\OneDrive\Documents\PowerShell\Modules\Pester\5.7.1\Pester.psm1:2160
at Invoke-Block, C:\Users\alexa\OneDrive\Documents\PowerShell\Modules\Pester\5.7.1\Pester.psm1:940
at &lt;ScriptBlock&gt;, C:\Users\alexa\OneDrive\Documents\PowerShell\Modules\Pester\5.7.1\Pester.psm1:1688
at &lt;ScriptBlock&gt;, C:\Users\alexa\OneDrive\Documents\PowerShell\Modules\Pester\5.7.1\Pester.ps1:3
at &lt;ScriptBlock&gt;, C:\Users\alexa\OneDrive\Documents\PowerShell\Modules\Pester\5.7.1\Pester.psm1:3260
at Invoke-InNewScriptScope, C:\Users\alexa\OneDrive\Documents\PowerShell\Modules\Pester\5.7.1\Pester.psm1:3267
at Run-Test, C:\Users\alexa\OneDrive\Documents\PowerShell\Modules\Pester\5.7.1\Pester.psm1:1691
at Invoke-Test, C:\Users\alexa\OneDrive\Documents\PowerShell\Modules\Pester\5.7.1\Pester.psm1:2512
at Invoke-Pester&lt;End&gt;, C:\Users\alexa\OneDrive\Documents\PowerShell\Modules\Pester\5.7.1\Pester.psm1:4960
at &lt;ScriptBlock&gt;, &lt;No file&gt;:1</stack-trace>
                    </failure>
                  </test-case>
                  <test-case description="Should handle logging integration" name="DevEnvironment Module - Integration Tests.Module Integration.Should handle logging integration" time="0.0169" asserts="0" success="True" result="Success" executed="True" />
                </results>
              </test-suite>
              <test-suite type="TestFixture" name="DevEnvironment Module - Integration Tests.Real-World Scenarios" executed="True" result="Failure" success="False" time="0.0503" asserts="0" description="DevEnvironment Module - Integration Tests.Real-World Scenarios">
                <results>
                  <test-case description="Should validate development environment setup" name="DevEnvironment Module - Integration Tests.Real-World Scenarios.Should validate development environment setup" time="0.0118" asserts="0" success="False" result="Failure" executed="True">
                    <failure>
                      <message>Expected the actual value to be greater than 2.8, but got 0.</message>
                      <stack-trace>at $passedChecks | Should -BeGreaterThan ($totalChecks * 0.7)  # At least 70% should pass, C:\Users\alexa\OneDrive\Documents\0. wizzense\AitherZero\tests\unit\modules\DevEnvironment\DevEnvironment-Comprehensive.Tests.ps1:286
at Invoke-Assertion, C:\Users\alexa\OneDrive\Documents\PowerShell\Modules\Pester\5.7.1\Pester.psm1:8250
at Should&lt;End&gt;, C:\Users\alexa\OneDrive\Documents\PowerShell\Modules\Pester\5.7.1\Pester.psm1:8193
at &lt;ScriptBlock&gt;, C:\Users\alexa\OneDrive\Documents\0. wizzense\AitherZero\tests\unit\modules\DevEnvironment\DevEnvironment-Comprehensive.Tests.ps1:286
at &lt;ScriptBlock&gt;, C:\Users\alexa\OneDrive\Documents\PowerShell\Modules\Pester\5.7.1\Pester.psm1:2024
at &lt;ScriptBlock&gt;, C:\Users\alexa\OneDrive\Documents\PowerShell\Modules\Pester\5.7.1\Pester.psm1:1985
at Invoke-ScriptBlock, C:\Users\alexa\OneDrive\Documents\PowerShell\Modules\Pester\5.7.1\Pester.psm1:2157
at Invoke-TestItem, C:\Users\alexa\OneDrive\Documents\PowerShell\Modules\Pester\5.7.1\Pester.psm1:1199
at Invoke-Block, C:\Users\alexa\OneDrive\Documents\PowerShell\Modules\Pester\5.7.1\Pester.psm1:835
at &lt;ScriptBlock&gt;, C:\Users\alexa\OneDrive\Documents\PowerShell\Modules\Pester\5.7.1\Pester.psm1:893
at &lt;ScriptBlock&gt;, C:\Users\alexa\OneDrive\Documents\PowerShell\Modules\Pester\5.7.1\Pester.psm1:2024
at &lt;ScriptBlock&gt;, C:\Users\alexa\OneDrive\Documents\PowerShell\Modules\Pester\5.7.1\Pester.psm1:1985
at Invoke-ScriptBlock, C:\Users\alexa\OneDrive\Documents\PowerShell\Modules\Pester\5.7.1\Pester.psm1:2160
at Invoke-Block, C:\Users\alexa\OneDrive\Documents\PowerShell\Modules\Pester\5.7.1\Pester.psm1:940
at &lt;ScriptBlock&gt;, C:\Users\alexa\OneDrive\Documents\PowerShell\Modules\Pester\5.7.1\Pester.psm1:893
at &lt;ScriptBlock&gt;, C:\Users\alexa\OneDrive\Documents\PowerShell\Modules\Pester\5.7.1\Pester.psm1:2024
at &lt;ScriptBlock&gt;, C:\Users\alexa\OneDrive\Documents\PowerShell\Modules\Pester\5.7.1\Pester.psm1:1985
at Invoke-ScriptBlock, C:\Users\alexa\OneDrive\Documents\PowerShell\Modules\Pester\5.7.1\Pester.psm1:2160
at Invoke-Block, C:\Users\alexa\OneDrive\Documents\PowerShell\Modules\Pester\5.7.1\Pester.psm1:940
at &lt;ScriptBlock&gt;, C:\Users\alexa\OneDrive\Documents\PowerShell\Modules\Pester\5.7.1\Pester.psm1:893
at &lt;ScriptBlock&gt;, C:\Users\alexa\OneDrive\Documents\PowerShell\Modules\Pester\5.7.1\Pester.psm1:2024
at &lt;ScriptBlock&gt;, C:\Users\alexa\OneDrive\Documents\PowerShell\Modules\Pester\5.7.1\Pester.psm1:1985
at Invoke-ScriptBlock, C:\Users\alexa\OneDrive\Documents\PowerShell\Modules\Pester\5.7.1\Pester.psm1:2160
at Invoke-Block, C:\Users\alexa\OneDrive\Documents\PowerShell\Modules\Pester\5.7.1\Pester.psm1:940
at &lt;ScriptBlock&gt;, C:\Users\alexa\OneDrive\Documents\PowerShell\Modules\Pester\5.7.1\Pester.psm1:1688
at &lt;ScriptBlock&gt;, C:\Users\alexa\OneDrive\Documents\PowerShell\Modules\Pester\5.7.1\Pester.ps1:3
at &lt;ScriptBlock&gt;, C:\Users\alexa\OneDrive\Documents\PowerShell\Modules\Pester\5.7.1\Pester.psm1:3260
at Invoke-InNewScriptScope, C:\Users\alexa\OneDrive\Documents\PowerShell\Modules\Pester\5.7.1\Pester.psm1:3267
at Run-Test, C:\Users\alexa\OneDrive\Documents\PowerShell\Modules\Pester\5.7.1\Pester.psm1:1691
at Invoke-Test, C:\Users\alexa\OneDrive\Documents\PowerShell\Modules\Pester\5.7.1\Pester.psm1:2512
at Invoke-Pester&lt;End&gt;, C:\Users\alexa\OneDrive\Documents\PowerShell\Modules\Pester\5.7.1\Pester.psm1:4960
at &lt;ScriptBlock&gt;, &lt;No file&gt;:1</stack-trace>
                    </failure>
                  </test-case>
                </results>
              </test-suite>
            </results>
          </test-suite>
        </results>
      </test-suite>
      <test-suite type="TestFixture" name="C:\Users\alexa\OneDrive\Documents\0. wizzense\AitherZero\tests\unit\modules\ISOCustomizer\ISOCustomizer.Tests.ps1" executed="True" result="Failure" success="False" time="2.8234" asserts="0" description="C:\Users\alexa\OneDrive\Documents\0. wizzense\AitherZero\tests\unit\modules\ISOCustomizer\ISOCustomizer.Tests.ps1">
        <results>
          <test-suite type="TestFixture" name="ISOCustomizer Module Loading" executed="True" result="Failure" success="False" time="0.1358" asserts="0" description="ISOCustomizer Module Loading">
            <results>
              <test-suite type="TestFixture" name="ISOCustomizer Module Loading.When module is imported" executed="True" result="Failure" success="False" time="0.1223" asserts="0" description="ISOCustomizer Module Loading.When module is imported">
                <results>
                  <test-case description="Should load without errors" name="ISOCustomizer Module Loading.When module is imported.Should load without errors" time="0.04" asserts="0" success="False" result="Failure" executed="True">
                    <failure>
                      <message>Expected the actual value to be greater than 0, but got 0.</message>
                      <stack-trace>at $functions.Count | Should -BeGreaterThan 0, C:\Users\alexa\OneDrive\Documents\0. wizzense\AitherZero\tests\unit\modules\ISOCustomizer\ISOCustomizer.Tests.ps1:71
at Invoke-Assertion, C:\Users\alexa\OneDrive\Documents\PowerShell\Modules\Pester\5.7.1\Pester.psm1:8250
at Should&lt;End&gt;, C:\Users\alexa\OneDrive\Documents\PowerShell\Modules\Pester\5.7.1\Pester.psm1:8193
at &lt;ScriptBlock&gt;, C:\Users\alexa\OneDrive\Documents\0. wizzense\AitherZero\tests\unit\modules\ISOCustomizer\ISOCustomizer.Tests.ps1:71
at &lt;ScriptBlock&gt;, C:\Users\alexa\OneDrive\Documents\PowerShell\Modules\Pester\5.7.1\Pester.psm1:2024
at &lt;ScriptBlock&gt;, C:\Users\alexa\OneDrive\Documents\PowerShell\Modules\Pester\5.7.1\Pester.psm1:1985
at Invoke-ScriptBlock, C:\Users\alexa\OneDrive\Documents\PowerShell\Modules\Pester\5.7.1\Pester.psm1:2157
at Invoke-TestItem, C:\Users\alexa\OneDrive\Documents\PowerShell\Modules\Pester\5.7.1\Pester.psm1:1199
at Invoke-Block, C:\Users\alexa\OneDrive\Documents\PowerShell\Modules\Pester\5.7.1\Pester.psm1:835
at &lt;ScriptBlock&gt;, C:\Users\alexa\OneDrive\Documents\PowerShell\Modules\Pester\5.7.1\Pester.psm1:893
at &lt;ScriptBlock&gt;, C:\Users\alexa\OneDrive\Documents\PowerShell\Modules\Pester\5.7.1\Pester.psm1:2024
at &lt;ScriptBlock&gt;, C:\Users\alexa\OneDrive\Documents\PowerShell\Modules\Pester\5.7.1\Pester.psm1:1985
at Invoke-ScriptBlock, C:\Users\alexa\OneDrive\Documents\PowerShell\Modules\Pester\5.7.1\Pester.psm1:2160
at Invoke-Block, C:\Users\alexa\OneDrive\Documents\PowerShell\Modules\Pester\5.7.1\Pester.psm1:940
at &lt;ScriptBlock&gt;, C:\Users\alexa\OneDrive\Documents\PowerShell\Modules\Pester\5.7.1\Pester.psm1:893
at &lt;ScriptBlock&gt;, C:\Users\alexa\OneDrive\Documents\PowerShell\Modules\Pester\5.7.1\Pester.psm1:2024
at &lt;ScriptBlock&gt;, C:\Users\alexa\OneDrive\Documents\PowerShell\Modules\Pester\5.7.1\Pester.psm1:1985
at Invoke-ScriptBlock, C:\Users\alexa\OneDrive\Documents\PowerShell\Modules\Pester\5.7.1\Pester.psm1:2160
at Invoke-Block, C:\Users\alexa\OneDrive\Documents\PowerShell\Modules\Pester\5.7.1\Pester.psm1:940
at &lt;ScriptBlock&gt;, C:\Users\alexa\OneDrive\Documents\PowerShell\Modules\Pester\5.7.1\Pester.psm1:893
at &lt;ScriptBlock&gt;, C:\Users\alexa\OneDrive\Documents\PowerShell\Modules\Pester\5.7.1\Pester.psm1:2024
at &lt;ScriptBlock&gt;, C:\Users\alexa\OneDrive\Documents\PowerShell\Modules\Pester\5.7.1\Pester.psm1:1985
at Invoke-ScriptBlock, C:\Users\alexa\OneDrive\Documents\PowerShell\Modules\Pester\5.7.1\Pester.psm1:2160
at Invoke-Block, C:\Users\alexa\OneDrive\Documents\PowerShell\Modules\Pester\5.7.1\Pester.psm1:940
at &lt;ScriptBlock&gt;, C:\Users\alexa\OneDrive\Documents\PowerShell\Modules\Pester\5.7.1\Pester.psm1:1688
at &lt;ScriptBlock&gt;, C:\Users\alexa\OneDrive\Documents\PowerShell\Modules\Pester\5.7.1\Pester.ps1:3
at &lt;ScriptBlock&gt;, C:\Users\alexa\OneDrive\Documents\PowerShell\Modules\Pester\5.7.1\Pester.psm1:3260
at Invoke-InNewScriptScope, C:\Users\alexa\OneDrive\Documents\PowerShell\Modules\Pester\5.7.1\Pester.psm1:3267
at Run-Test, C:\Users\alexa\OneDrive\Documents\PowerShell\Modules\Pester\5.7.1\Pester.psm1:1691
at Invoke-Test, C:\Users\alexa\OneDrive\Documents\PowerShell\Modules\Pester\5.7.1\Pester.psm1:2512
at Invoke-Pester&lt;End&gt;, C:\Users\alexa\OneDrive\Documents\PowerShell\Modules\Pester\5.7.1\Pester.psm1:4960
at &lt;ScriptBlock&gt;, &lt;No file&gt;:1</stack-trace>
                    </failure>
                  </test-case>
                  <test-case description="Should export expected functions" name="ISOCustomizer Module Loading.When module is imported.Should export expected functions" time="0.0411" asserts="0" success="False" result="Failure" executed="True">
                    <failure>
                      <message>Expected a value, but got $null or empty.</message>
                      <stack-trace>at Get-Command $function -ErrorAction SilentlyContinue | Should -Not -BeNullOrEmpty, C:\Users\alexa\OneDrive\Documents\0. wizzense\AitherZero\tests\unit\modules\ISOCustomizer\ISOCustomizer.Tests.ps1:83
at Invoke-Assertion, C:\Users\alexa\OneDrive\Documents\PowerShell\Modules\Pester\5.7.1\Pester.psm1:8250
at Should&lt;End&gt;, C:\Users\alexa\OneDrive\Documents\PowerShell\Modules\Pester\5.7.1\Pester.psm1:8186
at &lt;ScriptBlock&gt;, C:\Users\alexa\OneDrive\Documents\0. wizzense\AitherZero\tests\unit\modules\ISOCustomizer\ISOCustomizer.Tests.ps1:83
at &lt;ScriptBlock&gt;, C:\Users\alexa\OneDrive\Documents\PowerShell\Modules\Pester\5.7.1\Pester.psm1:2024
at &lt;ScriptBlock&gt;, C:\Users\alexa\OneDrive\Documents\PowerShell\Modules\Pester\5.7.1\Pester.psm1:1985
at Invoke-ScriptBlock, C:\Users\alexa\OneDrive\Documents\PowerShell\Modules\Pester\5.7.1\Pester.psm1:2157
at Invoke-TestItem, C:\Users\alexa\OneDrive\Documents\PowerShell\Modules\Pester\5.7.1\Pester.psm1:1199
at Invoke-Block, C:\Users\alexa\OneDrive\Documents\PowerShell\Modules\Pester\5.7.1\Pester.psm1:835
at &lt;ScriptBlock&gt;, C:\Users\alexa\OneDrive\Documents\PowerShell\Modules\Pester\5.7.1\Pester.psm1:893
at &lt;ScriptBlock&gt;, C:\Users\alexa\OneDrive\Documents\PowerShell\Modules\Pester\5.7.1\Pester.psm1:2024
at &lt;ScriptBlock&gt;, C:\Users\alexa\OneDrive\Documents\PowerShell\Modules\Pester\5.7.1\Pester.psm1:1985
at Invoke-ScriptBlock, C:\Users\alexa\OneDrive\Documents\PowerShell\Modules\Pester\5.7.1\Pester.psm1:2160
at Invoke-Block, C:\Users\alexa\OneDrive\Documents\PowerShell\Modules\Pester\5.7.1\Pester.psm1:940
at &lt;ScriptBlock&gt;, C:\Users\alexa\OneDrive\Documents\PowerShell\Modules\Pester\5.7.1\Pester.psm1:893
at &lt;ScriptBlock&gt;, C:\Users\alexa\OneDrive\Documents\PowerShell\Modules\Pester\5.7.1\Pester.psm1:2024
at &lt;ScriptBlock&gt;, C:\Users\alexa\OneDrive\Documents\PowerShell\Modules\Pester\5.7.1\Pester.psm1:1985
at Invoke-ScriptBlock, C:\Users\alexa\OneDrive\Documents\PowerShell\Modules\Pester\5.7.1\Pester.psm1:2160
at Invoke-Block, C:\Users\alexa\OneDrive\Documents\PowerShell\Modules\Pester\5.7.1\Pester.psm1:940
at &lt;ScriptBlock&gt;, C:\Users\alexa\OneDrive\Documents\PowerShell\Modules\Pester\5.7.1\Pester.psm1:893
at &lt;ScriptBlock&gt;, C:\Users\alexa\OneDrive\Documents\PowerShell\Modules\Pester\5.7.1\Pester.psm1:2024
at &lt;ScriptBlock&gt;, C:\Users\alexa\OneDrive\Documents\PowerShell\Modules\Pester\5.7.1\Pester.psm1:1985
at Invoke-ScriptBlock, C:\Users\alexa\OneDrive\Documents\PowerShell\Modules\Pester\5.7.1\Pester.psm1:2160
at Invoke-Block, C:\Users\alexa\OneDrive\Documents\PowerShell\Modules\Pester\5.7.1\Pester.psm1:940
at &lt;ScriptBlock&gt;, C:\Users\alexa\OneDrive\Documents\PowerShell\Modules\Pester\5.7.1\Pester.psm1:1688
at &lt;ScriptBlock&gt;, C:\Users\alexa\OneDrive\Documents\PowerShell\Modules\Pester\5.7.1\Pester.ps1:3
at &lt;ScriptBlock&gt;, C:\Users\alexa\OneDrive\Documents\PowerShell\Modules\Pester\5.7.1\Pester.psm1:3260
at Invoke-InNewScriptScope, C:\Users\alexa\OneDrive\Documents\PowerShell\Modules\Pester\5.7.1\Pester.psm1:3267
at Run-Test, C:\Users\alexa\OneDrive\Documents\PowerShell\Modules\Pester\5.7.1\Pester.psm1:1691
at Invoke-Test, C:\Users\alexa\OneDrive\Documents\PowerShell\Modules\Pester\5.7.1\Pester.psm1:2512
at Invoke-Pester&lt;End&gt;, C:\Users\alexa\OneDrive\Documents\PowerShell\Modules\Pester\5.7.1\Pester.psm1:4960
at &lt;ScriptBlock&gt;, &lt;No file&gt;:1</stack-trace>
                    </failure>
                  </test-case>
                  <test-case description="Should have proper module structure" name="ISOCustomizer Module Loading.When module is imported.Should have proper module structure" time="0.0364" asserts="0" success="False" result="Failure" executed="True">
                    <failure>
                      <message>Expected the actual value to be greater than 0, but got 0.</message>
                      <stack-trace>at $functions.Count | Should -BeGreaterThan 0, C:\Users\alexa\OneDrive\Documents\0. wizzense\AitherZero\tests\unit\modules\ISOCustomizer\ISOCustomizer.Tests.ps1:90
at Invoke-Assertion, C:\Users\alexa\OneDrive\Documents\PowerShell\Modules\Pester\5.7.1\Pester.psm1:8250
at Should&lt;End&gt;, C:\Users\alexa\OneDrive\Documents\PowerShell\Modules\Pester\5.7.1\Pester.psm1:8193
at &lt;ScriptBlock&gt;, C:\Users\alexa\OneDrive\Documents\0. wizzense\AitherZero\tests\unit\modules\ISOCustomizer\ISOCustomizer.Tests.ps1:90
at &lt;ScriptBlock&gt;, C:\Users\alexa\OneDrive\Documents\PowerShell\Modules\Pester\5.7.1\Pester.psm1:2024
at &lt;ScriptBlock&gt;, C:\Users\alexa\OneDrive\Documents\PowerShell\Modules\Pester\5.7.1\Pester.psm1:1985
at Invoke-ScriptBlock, C:\Users\alexa\OneDrive\Documents\PowerShell\Modules\Pester\5.7.1\Pester.psm1:2157
at Invoke-TestItem, C:\Users\alexa\OneDrive\Documents\PowerShell\Modules\Pester\5.7.1\Pester.psm1:1199
at Invoke-Block, C:\Users\alexa\OneDrive\Documents\PowerShell\Modules\Pester\5.7.1\Pester.psm1:835
at &lt;ScriptBlock&gt;, C:\Users\alexa\OneDrive\Documents\PowerShell\Modules\Pester\5.7.1\Pester.psm1:893
at &lt;ScriptBlock&gt;, C:\Users\alexa\OneDrive\Documents\PowerShell\Modules\Pester\5.7.1\Pester.psm1:2024
at &lt;ScriptBlock&gt;, C:\Users\alexa\OneDrive\Documents\PowerShell\Modules\Pester\5.7.1\Pester.psm1:1985
at Invoke-ScriptBlock, C:\Users\alexa\OneDrive\Documents\PowerShell\Modules\Pester\5.7.1\Pester.psm1:2160
at Invoke-Block, C:\Users\alexa\OneDrive\Documents\PowerShell\Modules\Pester\5.7.1\Pester.psm1:940
at &lt;ScriptBlock&gt;, C:\Users\alexa\OneDrive\Documents\PowerShell\Modules\Pester\5.7.1\Pester.psm1:893
at &lt;ScriptBlock&gt;, C:\Users\alexa\OneDrive\Documents\PowerShell\Modules\Pester\5.7.1\Pester.psm1:2024
at &lt;ScriptBlock&gt;, C:\Users\alexa\OneDrive\Documents\PowerShell\Modules\Pester\5.7.1\Pester.psm1:1985
at Invoke-ScriptBlock, C:\Users\alexa\OneDrive\Documents\PowerShell\Modules\Pester\5.7.1\Pester.psm1:2160
at Invoke-Block, C:\Users\alexa\OneDrive\Documents\PowerShell\Modules\Pester\5.7.1\Pester.psm1:940
at &lt;ScriptBlock&gt;, C:\Users\alexa\OneDrive\Documents\PowerShell\Modules\Pester\5.7.1\Pester.psm1:893
at &lt;ScriptBlock&gt;, C:\Users\alexa\OneDrive\Documents\PowerShell\Modules\Pester\5.7.1\Pester.psm1:2024
at &lt;ScriptBlock&gt;, C:\Users\alexa\OneDrive\Documents\PowerShell\Modules\Pester\5.7.1\Pester.psm1:1985
at Invoke-ScriptBlock, C:\Users\alexa\OneDrive\Documents\PowerShell\Modules\Pester\5.7.1\Pester.psm1:2160
at Invoke-Block, C:\Users\alexa\OneDrive\Documents\PowerShell\Modules\Pester\5.7.1\Pester.psm1:940
at &lt;ScriptBlock&gt;, C:\Users\alexa\OneDrive\Documents\PowerShell\Modules\Pester\5.7.1\Pester.psm1:1688
at &lt;ScriptBlock&gt;, C:\Users\alexa\OneDrive\Documents\PowerShell\Modules\Pester\5.7.1\Pester.ps1:3
at &lt;ScriptBlock&gt;, C:\Users\alexa\OneDrive\Documents\PowerShell\Modules\Pester\5.7.1\Pester.psm1:3260
at Invoke-InNewScriptScope, C:\Users\alexa\OneDrive\Documents\PowerShell\Modules\Pester\5.7.1\Pester.psm1:3267
at Run-Test, C:\Users\alexa\OneDrive\Documents\PowerShell\Modules\Pester\5.7.1\Pester.psm1:1691
at Invoke-Test, C:\Users\alexa\OneDrive\Documents\PowerShell\Modules\Pester\5.7.1\Pester.psm1:2512
at Invoke-Pester&lt;End&gt;, C:\Users\alexa\OneDrive\Documents\PowerShell\Modules\Pester\5.7.1\Pester.psm1:4960
at &lt;ScriptBlock&gt;, &lt;No file&gt;:1</stack-trace>
                    </failure>
                  </test-case>
                </results>
              </test-suite>
            </results>
          </test-suite>
          <test-suite type="TestFixture" name="ISOCustomizer Core Functions" executed="True" result="Failure" success="False" time="0.2976" asserts="0" description="ISOCustomizer Core Functions">
            <results>
              <test-suite type="TestFixture" name="ISOCustomizer Core Functions.When testing basic functionality" executed="True" result="Failure" success="False" time="0.1571" asserts="0" description="ISOCustomizer Core Functions.When testing basic functionality">
                <results>
                  <test-case description="Should have required functions available" name="ISOCustomizer Core Functions.When testing basic functionality.Should have required functions available" time="0.031" asserts="0" success="False" result="Failure" executed="True">
                    <failure>
                      <message>Expected a value, but got $null or empty.</message>
                      <stack-trace>at Get-Command $function -ErrorAction SilentlyContinue | Should -Not -BeNullOrEmpty, C:\Users\alexa\OneDrive\Documents\0. wizzense\AitherZero\tests\unit\modules\ISOCustomizer\ISOCustomizer.Tests.ps1:107
at Invoke-Assertion, C:\Users\alexa\OneDrive\Documents\PowerShell\Modules\Pester\5.7.1\Pester.psm1:8250
at Should&lt;End&gt;, C:\Users\alexa\OneDrive\Documents\PowerShell\Modules\Pester\5.7.1\Pester.psm1:8186
at &lt;ScriptBlock&gt;, C:\Users\alexa\OneDrive\Documents\0. wizzense\AitherZero\tests\unit\modules\ISOCustomizer\ISOCustomizer.Tests.ps1:107
at &lt;ScriptBlock&gt;, C:\Users\alexa\OneDrive\Documents\PowerShell\Modules\Pester\5.7.1\Pester.psm1:2024
at &lt;ScriptBlock&gt;, C:\Users\alexa\OneDrive\Documents\PowerShell\Modules\Pester\5.7.1\Pester.psm1:1985
at Invoke-ScriptBlock, C:\Users\alexa\OneDrive\Documents\PowerShell\Modules\Pester\5.7.1\Pester.psm1:2157
at Invoke-TestItem, C:\Users\alexa\OneDrive\Documents\PowerShell\Modules\Pester\5.7.1\Pester.psm1:1199
at Invoke-Block, C:\Users\alexa\OneDrive\Documents\PowerShell\Modules\Pester\5.7.1\Pester.psm1:835
at &lt;ScriptBlock&gt;, C:\Users\alexa\OneDrive\Documents\PowerShell\Modules\Pester\5.7.1\Pester.psm1:893
at &lt;ScriptBlock&gt;, C:\Users\alexa\OneDrive\Documents\PowerShell\Modules\Pester\5.7.1\Pester.psm1:2024
at &lt;ScriptBlock&gt;, C:\Users\alexa\OneDrive\Documents\PowerShell\Modules\Pester\5.7.1\Pester.psm1:1985
at Invoke-ScriptBlock, C:\Users\alexa\OneDrive\Documents\PowerShell\Modules\Pester\5.7.1\Pester.psm1:2160
at Invoke-Block, C:\Users\alexa\OneDrive\Documents\PowerShell\Modules\Pester\5.7.1\Pester.psm1:940
at &lt;ScriptBlock&gt;, C:\Users\alexa\OneDrive\Documents\PowerShell\Modules\Pester\5.7.1\Pester.psm1:893
at &lt;ScriptBlock&gt;, C:\Users\alexa\OneDrive\Documents\PowerShell\Modules\Pester\5.7.1\Pester.psm1:2024
at &lt;ScriptBlock&gt;, C:\Users\alexa\OneDrive\Documents\PowerShell\Modules\Pester\5.7.1\Pester.psm1:1985
at Invoke-ScriptBlock, C:\Users\alexa\OneDrive\Documents\PowerShell\Modules\Pester\5.7.1\Pester.psm1:2160
at Invoke-Block, C:\Users\alexa\OneDrive\Documents\PowerShell\Modules\Pester\5.7.1\Pester.psm1:940
at &lt;ScriptBlock&gt;, C:\Users\alexa\OneDrive\Documents\PowerShell\Modules\Pester\5.7.1\Pester.psm1:893
at &lt;ScriptBlock&gt;, C:\Users\alexa\OneDrive\Documents\PowerShell\Modules\Pester\5.7.1\Pester.psm1:2024
at &lt;ScriptBlock&gt;, C:\Users\alexa\OneDrive\Documents\PowerShell\Modules\Pester\5.7.1\Pester.psm1:1985
at Invoke-ScriptBlock, C:\Users\alexa\OneDrive\Documents\PowerShell\Modules\Pester\5.7.1\Pester.psm1:2160
at Invoke-Block, C:\Users\alexa\OneDrive\Documents\PowerShell\Modules\Pester\5.7.1\Pester.psm1:940
at &lt;ScriptBlock&gt;, C:\Users\alexa\OneDrive\Documents\PowerShell\Modules\Pester\5.7.1\Pester.psm1:1688
at &lt;ScriptBlock&gt;, C:\Users\alexa\OneDrive\Documents\PowerShell\Modules\Pester\5.7.1\Pester.ps1:3
at &lt;ScriptBlock&gt;, C:\Users\alexa\OneDrive\Documents\PowerShell\Modules\Pester\5.7.1\Pester.psm1:3260
at Invoke-InNewScriptScope, C:\Users\alexa\OneDrive\Documents\PowerShell\Modules\Pester\5.7.1\Pester.psm1:3267
at Run-Test, C:\Users\alexa\OneDrive\Documents\PowerShell\Modules\Pester\5.7.1\Pester.psm1:1691
at Invoke-Test, C:\Users\alexa\OneDrive\Documents\PowerShell\Modules\Pester\5.7.1\Pester.psm1:2512
at Invoke-Pester&lt;End&gt;, C:\Users\alexa\OneDrive\Documents\PowerShell\Modules\Pester\5.7.1\Pester.psm1:4960
at &lt;ScriptBlock&gt;, &lt;No file&gt;:1</stack-trace>
                    </failure>
                  </test-case>
                  <test-case description="Should validate input parameters properly" name="ISOCustomizer Core Functions.When testing basic functionality.Should validate input parameters properly" time="0.0688" asserts="0" success="True" result="Success" executed="True" />
                  <test-case description="Should handle configuration validation" name="ISOCustomizer Core Functions.When testing basic functionality.Should handle configuration validation" time="0.0439" asserts="0" success="False" result="Failure" executed="True">
                    <failure>
                      <message>Expected no exception to be thrown, but an exception "The term 'Set-ISOCustomizationConfig' is not recognized as a name of a cmdlet, function, script file, or executable program.
Check the spelling of the name, or if a path was included, verify that the path is correct and try again." was thrown from C:\Users\alexa\OneDrive\Documents\0. wizzense\AitherZero\tests\unit\modules\ISOCustomizer\ISOCustomizer.Tests.ps1:124 char:15
    +             { Set-ISOCustomizationConfig -Config $config } | Should - …
    +               ~~~~~~~~~~~~~~~~~~~~~~~~~~.</message>
                      <stack-trace>at { Set-ISOCustomizationConfig -Config $config } | Should -Not -Throw, C:\Users\alexa\OneDrive\Documents\0. wizzense\AitherZero\tests\unit\modules\ISOCustomizer\ISOCustomizer.Tests.ps1:124
at Invoke-Assertion, C:\Users\alexa\OneDrive\Documents\PowerShell\Modules\Pester\5.7.1\Pester.psm1:8250
at Should&lt;End&gt;, C:\Users\alexa\OneDrive\Documents\PowerShell\Modules\Pester\5.7.1\Pester.psm1:8193
at &lt;ScriptBlock&gt;, C:\Users\alexa\OneDrive\Documents\0. wizzense\AitherZero\tests\unit\modules\ISOCustomizer\ISOCustomizer.Tests.ps1:124
at &lt;ScriptBlock&gt;, C:\Users\alexa\OneDrive\Documents\PowerShell\Modules\Pester\5.7.1\Pester.psm1:2024
at &lt;ScriptBlock&gt;, C:\Users\alexa\OneDrive\Documents\PowerShell\Modules\Pester\5.7.1\Pester.psm1:1985
at Invoke-ScriptBlock, C:\Users\alexa\OneDrive\Documents\PowerShell\Modules\Pester\5.7.1\Pester.psm1:2157
at Invoke-TestItem, C:\Users\alexa\OneDrive\Documents\PowerShell\Modules\Pester\5.7.1\Pester.psm1:1199
at Invoke-Block, C:\Users\alexa\OneDrive\Documents\PowerShell\Modules\Pester\5.7.1\Pester.psm1:835
at &lt;ScriptBlock&gt;, C:\Users\alexa\OneDrive\Documents\PowerShell\Modules\Pester\5.7.1\Pester.psm1:893
at &lt;ScriptBlock&gt;, C:\Users\alexa\OneDrive\Documents\PowerShell\Modules\Pester\5.7.1\Pester.psm1:2024
at &lt;ScriptBlock&gt;, C:\Users\alexa\OneDrive\Documents\PowerShell\Modules\Pester\5.7.1\Pester.psm1:1985
at Invoke-ScriptBlock, C:\Users\alexa\OneDrive\Documents\PowerShell\Modules\Pester\5.7.1\Pester.psm1:2160
at Invoke-Block, C:\Users\alexa\OneDrive\Documents\PowerShell\Modules\Pester\5.7.1\Pester.psm1:940
at &lt;ScriptBlock&gt;, C:\Users\alexa\OneDrive\Documents\PowerShell\Modules\Pester\5.7.1\Pester.psm1:893
at &lt;ScriptBlock&gt;, C:\Users\alexa\OneDrive\Documents\PowerShell\Modules\Pester\5.7.1\Pester.psm1:2024
at &lt;ScriptBlock&gt;, C:\Users\alexa\OneDrive\Documents\PowerShell\Modules\Pester\5.7.1\Pester.psm1:1985
at Invoke-ScriptBlock, C:\Users\alexa\OneDrive\Documents\PowerShell\Modules\Pester\5.7.1\Pester.psm1:2160
at Invoke-Block, C:\Users\alexa\OneDrive\Documents\PowerShell\Modules\Pester\5.7.1\Pester.psm1:940
at &lt;ScriptBlock&gt;, C:\Users\alexa\OneDrive\Documents\PowerShell\Modules\Pester\5.7.1\Pester.psm1:893
at &lt;ScriptBlock&gt;, C:\Users\alexa\OneDrive\Documents\PowerShell\Modules\Pester\5.7.1\Pester.psm1:2024
at &lt;ScriptBlock&gt;, C:\Users\alexa\OneDrive\Documents\PowerShell\Modules\Pester\5.7.1\Pester.psm1:1985
at Invoke-ScriptBlock, C:\Users\alexa\OneDrive\Documents\PowerShell\Modules\Pester\5.7.1\Pester.psm1:2160
at Invoke-Block, C:\Users\alexa\OneDrive\Documents\PowerShell\Modules\Pester\5.7.1\Pester.psm1:940
at &lt;ScriptBlock&gt;, C:\Users\alexa\OneDrive\Documents\PowerShell\Modules\Pester\5.7.1\Pester.psm1:1688
at &lt;ScriptBlock&gt;, C:\Users\alexa\OneDrive\Documents\PowerShell\Modules\Pester\5.7.1\Pester.ps1:3
at &lt;ScriptBlock&gt;, C:\Users\alexa\OneDrive\Documents\PowerShell\Modules\Pester\5.7.1\Pester.psm1:3260
at Invoke-InNewScriptScope, C:\Users\alexa\OneDrive\Documents\PowerShell\Modules\Pester\5.7.1\Pester.psm1:3267
at Run-Test, C:\Users\alexa\OneDrive\Documents\PowerShell\Modules\Pester\5.7.1\Pester.psm1:1691
at Invoke-Test, C:\Users\alexa\OneDrive\Documents\PowerShell\Modules\Pester\5.7.1\Pester.psm1:2512
at Invoke-Pester&lt;End&gt;, C:\Users\alexa\OneDrive\Documents\PowerShell\Modules\Pester\5.7.1\Pester.psm1:4960
at &lt;ScriptBlock&gt;, &lt;No file&gt;:1</stack-trace>
                    </failure>
                  </test-case>
                </results>
              </test-suite>
            </results>
          </test-suite>
          <test-suite type="TestFixture" name="ISOCustomizer Environment Testing" executed="True" result="Failure" success="False" time="0.4097" asserts="0" description="ISOCustomizer Environment Testing">
            <results>
              <test-suite type="TestFixture" name="ISOCustomizer Environment Testing.When testing environment requirements" executed="True" result="Failure" success="False" time="0.1075" asserts="0" description="ISOCustomizer Environment Testing.When testing environment requirements">
                <results>
                  <test-case description="Should detect PowerShell version compatibility" name="ISOCustomizer Environment Testing.When testing environment requirements.Should detect PowerShell version compatibility" time="0.0369" asserts="0" success="False" result="Failure" executed="True">
                    <failure>
                      <message>CommandNotFoundException: The term 'Test-ISOCustomizationEnvironment' is not recognized as a name of a cmdlet, function, script file, or executable program.
Check the spelling of the name, or if a path was included, verify that the path is correct and try again.</message>
                      <stack-trace>at &lt;ScriptBlock&gt;, C:\Users\alexa\OneDrive\Documents\0. wizzense\AitherZero\tests\unit\modules\ISOCustomizer\ISOCustomizer.Tests.ps1:133
at &lt;ScriptBlock&gt;, C:\Users\alexa\OneDrive\Documents\PowerShell\Modules\Pester\5.7.1\Pester.psm1:2024
at &lt;ScriptBlock&gt;, C:\Users\alexa\OneDrive\Documents\PowerShell\Modules\Pester\5.7.1\Pester.psm1:1985
at Invoke-ScriptBlock, C:\Users\alexa\OneDrive\Documents\PowerShell\Modules\Pester\5.7.1\Pester.psm1:2157
at Invoke-TestItem, C:\Users\alexa\OneDrive\Documents\PowerShell\Modules\Pester\5.7.1\Pester.psm1:1199
at Invoke-Block, C:\Users\alexa\OneDrive\Documents\PowerShell\Modules\Pester\5.7.1\Pester.psm1:835
at &lt;ScriptBlock&gt;, C:\Users\alexa\OneDrive\Documents\PowerShell\Modules\Pester\5.7.1\Pester.psm1:893
at &lt;ScriptBlock&gt;, C:\Users\alexa\OneDrive\Documents\PowerShell\Modules\Pester\5.7.1\Pester.psm1:2024
at &lt;ScriptBlock&gt;, C:\Users\alexa\OneDrive\Documents\PowerShell\Modules\Pester\5.7.1\Pester.psm1:1985
at Invoke-ScriptBlock, C:\Users\alexa\OneDrive\Documents\PowerShell\Modules\Pester\5.7.1\Pester.psm1:2160
at Invoke-Block, C:\Users\alexa\OneDrive\Documents\PowerShell\Modules\Pester\5.7.1\Pester.psm1:940
at &lt;ScriptBlock&gt;, C:\Users\alexa\OneDrive\Documents\PowerShell\Modules\Pester\5.7.1\Pester.psm1:893
at &lt;ScriptBlock&gt;, C:\Users\alexa\OneDrive\Documents\PowerShell\Modules\Pester\5.7.1\Pester.psm1:2024
at &lt;ScriptBlock&gt;, C:\Users\alexa\OneDrive\Documents\PowerShell\Modules\Pester\5.7.1\Pester.psm1:1985
at Invoke-ScriptBlock, C:\Users\alexa\OneDrive\Documents\PowerShell\Modules\Pester\5.7.1\Pester.psm1:2160
at Invoke-Block, C:\Users\alexa\OneDrive\Documents\PowerShell\Modules\Pester\5.7.1\Pester.psm1:940
at &lt;ScriptBlock&gt;, C:\Users\alexa\OneDrive\Documents\PowerShell\Modules\Pester\5.7.1\Pester.psm1:893
at &lt;ScriptBlock&gt;, C:\Users\alexa\OneDrive\Documents\PowerShell\Modules\Pester\5.7.1\Pester.psm1:2024
at &lt;ScriptBlock&gt;, C:\Users\alexa\OneDrive\Documents\PowerShell\Modules\Pester\5.7.1\Pester.psm1:1985
at Invoke-ScriptBlock, C:\Users\alexa\OneDrive\Documents\PowerShell\Modules\Pester\5.7.1\Pester.psm1:2160
at Invoke-Block, C:\Users\alexa\OneDrive\Documents\PowerShell\Modules\Pester\5.7.1\Pester.psm1:940
at &lt;ScriptBlock&gt;, C:\Users\alexa\OneDrive\Documents\PowerShell\Modules\Pester\5.7.1\Pester.psm1:1688
at &lt;ScriptBlock&gt;, C:\Users\alexa\OneDrive\Documents\PowerShell\Modules\Pester\5.7.1\Pester.ps1:3
at &lt;ScriptBlock&gt;, C:\Users\alexa\OneDrive\Documents\PowerShell\Modules\Pester\5.7.1\Pester.psm1:3260
at Invoke-InNewScriptScope, C:\Users\alexa\OneDrive\Documents\PowerShell\Modules\Pester\5.7.1\Pester.psm1:3267
at Run-Test, C:\Users\alexa\OneDrive\Documents\PowerShell\Modules\Pester\5.7.1\Pester.psm1:1691
at Invoke-Test, C:\Users\alexa\OneDrive\Documents\PowerShell\Modules\Pester\5.7.1\Pester.psm1:2512
at Invoke-Pester&lt;End&gt;, C:\Users\alexa\OneDrive\Documents\PowerShell\Modules\Pester\5.7.1\Pester.psm1:4960
at &lt;ScriptBlock&gt;, &lt;No file&gt;:1</stack-trace>
                    </failure>
                  </test-case>
                  <test-case description="Should check for required tools" name="ISOCustomizer Environment Testing.When testing environment requirements.Should check for required tools" time="0.0315" asserts="0" success="False" result="Failure" executed="True">
                    <failure>
                      <message>CommandNotFoundException: The term 'Test-ISOCustomizationEnvironment' is not recognized as a name of a cmdlet, function, script file, or executable program.
Check the spelling of the name, or if a path was included, verify that the path is correct and try again.</message>
                      <stack-trace>at &lt;ScriptBlock&gt;, C:\Users\alexa\OneDrive\Documents\0. wizzense\AitherZero\tests\unit\modules\ISOCustomizer\ISOCustomizer.Tests.ps1:139
at &lt;ScriptBlock&gt;, C:\Users\alexa\OneDrive\Documents\PowerShell\Modules\Pester\5.7.1\Pester.psm1:2024
at &lt;ScriptBlock&gt;, C:\Users\alexa\OneDrive\Documents\PowerShell\Modules\Pester\5.7.1\Pester.psm1:1985
at Invoke-ScriptBlock, C:\Users\alexa\OneDrive\Documents\PowerShell\Modules\Pester\5.7.1\Pester.psm1:2157
at Invoke-TestItem, C:\Users\alexa\OneDrive\Documents\PowerShell\Modules\Pester\5.7.1\Pester.psm1:1199
at Invoke-Block, C:\Users\alexa\OneDrive\Documents\PowerShell\Modules\Pester\5.7.1\Pester.psm1:835
at &lt;ScriptBlock&gt;, C:\Users\alexa\OneDrive\Documents\PowerShell\Modules\Pester\5.7.1\Pester.psm1:893
at &lt;ScriptBlock&gt;, C:\Users\alexa\OneDrive\Documents\PowerShell\Modules\Pester\5.7.1\Pester.psm1:2024
at &lt;ScriptBlock&gt;, C:\Users\alexa\OneDrive\Documents\PowerShell\Modules\Pester\5.7.1\Pester.psm1:1985
at Invoke-ScriptBlock, C:\Users\alexa\OneDrive\Documents\PowerShell\Modules\Pester\5.7.1\Pester.psm1:2160
at Invoke-Block, C:\Users\alexa\OneDrive\Documents\PowerShell\Modules\Pester\5.7.1\Pester.psm1:940
at &lt;ScriptBlock&gt;, C:\Users\alexa\OneDrive\Documents\PowerShell\Modules\Pester\5.7.1\Pester.psm1:893
at &lt;ScriptBlock&gt;, C:\Users\alexa\OneDrive\Documents\PowerShell\Modules\Pester\5.7.1\Pester.psm1:2024
at &lt;ScriptBlock&gt;, C:\Users\alexa\OneDrive\Documents\PowerShell\Modules\Pester\5.7.1\Pester.psm1:1985
at Invoke-ScriptBlock, C:\Users\alexa\OneDrive\Documents\PowerShell\Modules\Pester\5.7.1\Pester.psm1:2160
at Invoke-Block, C:\Users\alexa\OneDrive\Documents\PowerShell\Modules\Pester\5.7.1\Pester.psm1:940
at &lt;ScriptBlock&gt;, C:\Users\alexa\OneDrive\Documents\PowerShell\Modules\Pester\5.7.1\Pester.psm1:893
at &lt;ScriptBlock&gt;, C:\Users\alexa\OneDrive\Documents\PowerShell\Modules\Pester\5.7.1\Pester.psm1:2024
at &lt;ScriptBlock&gt;, C:\Users\alexa\OneDrive\Documents\PowerShell\Modules\Pester\5.7.1\Pester.psm1:1985
at Invoke-ScriptBlock, C:\Users\alexa\OneDrive\Documents\PowerShell\Modules\Pester\5.7.1\Pester.psm1:2160
at Invoke-Block, C:\Users\alexa\OneDrive\Documents\PowerShell\Modules\Pester\5.7.1\Pester.psm1:940
at &lt;ScriptBlock&gt;, C:\Users\alexa\OneDrive\Documents\PowerShell\Modules\Pester\5.7.1\Pester.psm1:1688
at &lt;ScriptBlock&gt;, C:\Users\alexa\OneDrive\Documents\PowerShell\Modules\Pester\5.7.1\Pester.ps1:3
at &lt;ScriptBlock&gt;, C:\Users\alexa\OneDrive\Documents\PowerShell\Modules\Pester\5.7.1\Pester.psm1:3260
at Invoke-InNewScriptScope, C:\Users\alexa\OneDrive\Documents\PowerShell\Modules\Pester\5.7.1\Pester.psm1:3267
at Run-Test, C:\Users\alexa\OneDrive\Documents\PowerShell\Modules\Pester\5.7.1\Pester.psm1:1691
at Invoke-Test, C:\Users\alexa\OneDrive\Documents\PowerShell\Modules\Pester\5.7.1\Pester.psm1:2512
at Invoke-Pester&lt;End&gt;, C:\Users\alexa\OneDrive\Documents\PowerShell\Modules\Pester\5.7.1\Pester.psm1:4960
at &lt;ScriptBlock&gt;, &lt;No file&gt;:1</stack-trace>
                    </failure>
                  </test-case>
                  <test-case description="Should validate system capabilities" name="ISOCustomizer Environment Testing.When testing environment requirements.Should validate system capabilities" time="0.0325" asserts="0" success="False" result="Failure" executed="True">
                    <failure>
                      <message>CommandNotFoundException: The term 'Test-ISOCustomizationEnvironment' is not recognized as a name of a cmdlet, function, script file, or executable program.
Check the spelling of the name, or if a path was included, verify that the path is correct and try again.</message>
                      <stack-trace>at &lt;ScriptBlock&gt;, C:\Users\alexa\OneDrive\Documents\0. wizzense\AitherZero\tests\unit\modules\ISOCustomizer\ISOCustomizer.Tests.ps1:144
at &lt;ScriptBlock&gt;, C:\Users\alexa\OneDrive\Documents\PowerShell\Modules\Pester\5.7.1\Pester.psm1:2024
at &lt;ScriptBlock&gt;, C:\Users\alexa\OneDrive\Documents\PowerShell\Modules\Pester\5.7.1\Pester.psm1:1985
at Invoke-ScriptBlock, C:\Users\alexa\OneDrive\Documents\PowerShell\Modules\Pester\5.7.1\Pester.psm1:2157
at Invoke-TestItem, C:\Users\alexa\OneDrive\Documents\PowerShell\Modules\Pester\5.7.1\Pester.psm1:1199
at Invoke-Block, C:\Users\alexa\OneDrive\Documents\PowerShell\Modules\Pester\5.7.1\Pester.psm1:835
at &lt;ScriptBlock&gt;, C:\Users\alexa\OneDrive\Documents\PowerShell\Modules\Pester\5.7.1\Pester.psm1:893
at &lt;ScriptBlock&gt;, C:\Users\alexa\OneDrive\Documents\PowerShell\Modules\Pester\5.7.1\Pester.psm1:2024
at &lt;ScriptBlock&gt;, C:\Users\alexa\OneDrive\Documents\PowerShell\Modules\Pester\5.7.1\Pester.psm1:1985
at Invoke-ScriptBlock, C:\Users\alexa\OneDrive\Documents\PowerShell\Modules\Pester\5.7.1\Pester.psm1:2160
at Invoke-Block, C:\Users\alexa\OneDrive\Documents\PowerShell\Modules\Pester\5.7.1\Pester.psm1:940
at &lt;ScriptBlock&gt;, C:\Users\alexa\OneDrive\Documents\PowerShell\Modules\Pester\5.7.1\Pester.psm1:893
at &lt;ScriptBlock&gt;, C:\Users\alexa\OneDrive\Documents\PowerShell\Modules\Pester\5.7.1\Pester.psm1:2024
at &lt;ScriptBlock&gt;, C:\Users\alexa\OneDrive\Documents\PowerShell\Modules\Pester\5.7.1\Pester.psm1:1985
at Invoke-ScriptBlock, C:\Users\alexa\OneDrive\Documents\PowerShell\Modules\Pester\5.7.1\Pester.psm1:2160
at Invoke-Block, C:\Users\alexa\OneDrive\Documents\PowerShell\Modules\Pester\5.7.1\Pester.psm1:940
at &lt;ScriptBlock&gt;, C:\Users\alexa\OneDrive\Documents\PowerShell\Modules\Pester\5.7.1\Pester.psm1:893
at &lt;ScriptBlock&gt;, C:\Users\alexa\OneDrive\Documents\PowerShell\Modules\Pester\5.7.1\Pester.psm1:2024
at &lt;ScriptBlock&gt;, C:\Users\alexa\OneDrive\Documents\PowerShell\Modules\Pester\5.7.1\Pester.psm1:1985
at Invoke-ScriptBlock, C:\Users\alexa\OneDrive\Documents\PowerShell\Modules\Pester\5.7.1\Pester.psm1:2160
at Invoke-Block, C:\Users\alexa\OneDrive\Documents\PowerShell\Modules\Pester\5.7.1\Pester.psm1:940
at &lt;ScriptBlock&gt;, C:\Users\alexa\OneDrive\Documents\PowerShell\Modules\Pester\5.7.1\Pester.psm1:1688
at &lt;ScriptBlock&gt;, C:\Users\alexa\OneDrive\Documents\PowerShell\Modules\Pester\5.7.1\Pester.ps1:3
at &lt;ScriptBlock&gt;, C:\Users\alexa\OneDrive\Documents\PowerShell\Modules\Pester\5.7.1\Pester.psm1:3260
at Invoke-InNewScriptScope, C:\Users\alexa\OneDrive\Documents\PowerShell\Modules\Pester\5.7.1\Pester.psm1:3267
at Run-Test, C:\Users\alexa\OneDrive\Documents\PowerShell\Modules\Pester\5.7.1\Pester.psm1:1691
at Invoke-Test, C:\Users\alexa\OneDrive\Documents\PowerShell\Modules\Pester\5.7.1\Pester.psm1:2512
at Invoke-Pester&lt;End&gt;, C:\Users\alexa\OneDrive\Documents\PowerShell\Modules\Pester\5.7.1\Pester.psm1:4960
at &lt;ScriptBlock&gt;, &lt;No file&gt;:1</stack-trace>
                    </failure>
                  </test-case>
                </results>
              </test-suite>
            </results>
          </test-suite>
          <test-suite type="TestFixture" name="ISOCustomizer Error Handling" executed="True" result="Failure" success="False" time="1.6336" asserts="0" description="ISOCustomizer Error Handling">
            <results>
              <test-suite type="TestFixture" name="ISOCustomizer Error Handling.When encountering errors" executed="True" result="Failure" success="False" time="1.2192" asserts="0" description="ISOCustomizer Error Handling.When encountering errors">
                <results>
                  <test-case description="Should handle missing ISO files gracefully" name="ISOCustomizer Error Handling.When encountering errors.Should handle missing ISO files gracefully" time="0.0867" asserts="0" success="False" result="Failure" executed="True">
                    <failure>
                      <message>Expected an exception with message like '*not found*' to be thrown, but the message was 'The term 'Start-ISOCustomization' is not recognized as a name of a cmdlet, function, script file, or executable program.
Check the spelling of the name, or if a path was included, verify that the path is correct and try again.'. from C:\Users\alexa\OneDrive\Documents\0. wizzense\AitherZero\tests\unit\modules\ISOCustomizer\ISOCustomizer.Tests.ps1:156 char:15
    +             { Start-ISOCustomization -ISOPath "nonexistent.iso" } | S …
    +               ~~~~~~~~~~~~~~~~~~~~~~</message>
                      <stack-trace>at { Start-ISOCustomization -ISOPath "nonexistent.iso" } | Should -Throw "*not found*", C:\Users\alexa\OneDrive\Documents\0. wizzense\AitherZero\tests\unit\modules\ISOCustomizer\ISOCustomizer.Tests.ps1:156
at Invoke-Assertion, C:\Users\alexa\OneDrive\Documents\PowerShell\Modules\Pester\5.7.1\Pester.psm1:8250
at Should&lt;End&gt;, C:\Users\alexa\OneDrive\Documents\PowerShell\Modules\Pester\5.7.1\Pester.psm1:8193
at &lt;ScriptBlock&gt;, C:\Users\alexa\OneDrive\Documents\0. wizzense\AitherZero\tests\unit\modules\ISOCustomizer\ISOCustomizer.Tests.ps1:156
at &lt;ScriptBlock&gt;, C:\Users\alexa\OneDrive\Documents\PowerShell\Modules\Pester\5.7.1\Pester.psm1:2024
at &lt;ScriptBlock&gt;, C:\Users\alexa\OneDrive\Documents\PowerShell\Modules\Pester\5.7.1\Pester.psm1:1985
at Invoke-ScriptBlock, C:\Users\alexa\OneDrive\Documents\PowerShell\Modules\Pester\5.7.1\Pester.psm1:2157
at Invoke-TestItem, C:\Users\alexa\OneDrive\Documents\PowerShell\Modules\Pester\5.7.1\Pester.psm1:1199
at Invoke-Block, C:\Users\alexa\OneDrive\Documents\PowerShell\Modules\Pester\5.7.1\Pester.psm1:835
at &lt;ScriptBlock&gt;, C:\Users\alexa\OneDrive\Documents\PowerShell\Modules\Pester\5.7.1\Pester.psm1:893
at &lt;ScriptBlock&gt;, C:\Users\alexa\OneDrive\Documents\PowerShell\Modules\Pester\5.7.1\Pester.psm1:2024
at &lt;ScriptBlock&gt;, C:\Users\alexa\OneDrive\Documents\PowerShell\Modules\Pester\5.7.1\Pester.psm1:1985
at Invoke-ScriptBlock, C:\Users\alexa\OneDrive\Documents\PowerShell\Modules\Pester\5.7.1\Pester.psm1:2160
at Invoke-Block, C:\Users\alexa\OneDrive\Documents\PowerShell\Modules\Pester\5.7.1\Pester.psm1:940
at &lt;ScriptBlock&gt;, C:\Users\alexa\OneDrive\Documents\PowerShell\Modules\Pester\5.7.1\Pester.psm1:893
at &lt;ScriptBlock&gt;, C:\Users\alexa\OneDrive\Documents\PowerShell\Modules\Pester\5.7.1\Pester.psm1:2024
at &lt;ScriptBlock&gt;, C:\Users\alexa\OneDrive\Documents\PowerShell\Modules\Pester\5.7.1\Pester.psm1:1985
at Invoke-ScriptBlock, C:\Users\alexa\OneDrive\Documents\PowerShell\Modules\Pester\5.7.1\Pester.psm1:2160
at Invoke-Block, C:\Users\alexa\OneDrive\Documents\PowerShell\Modules\Pester\5.7.1\Pester.psm1:940
at &lt;ScriptBlock&gt;, C:\Users\alexa\OneDrive\Documents\PowerShell\Modules\Pester\5.7.1\Pester.psm1:893
at &lt;ScriptBlock&gt;, C:\Users\alexa\OneDrive\Documents\PowerShell\Modules\Pester\5.7.1\Pester.psm1:2024
at &lt;ScriptBlock&gt;, C:\Users\alexa\OneDrive\Documents\PowerShell\Modules\Pester\5.7.1\Pester.psm1:1985
at Invoke-ScriptBlock, C:\Users\alexa\OneDrive\Documents\PowerShell\Modules\Pester\5.7.1\Pester.psm1:2160
at Invoke-Block, C:\Users\alexa\OneDrive\Documents\PowerShell\Modules\Pester\5.7.1\Pester.psm1:940
at &lt;ScriptBlock&gt;, C:\Users\alexa\OneDrive\Documents\PowerShell\Modules\Pester\5.7.1\Pester.psm1:1688
at &lt;ScriptBlock&gt;, C:\Users\alexa\OneDrive\Documents\PowerShell\Modules\Pester\5.7.1\Pester.ps1:3
at &lt;ScriptBlock&gt;, C:\Users\alexa\OneDrive\Documents\PowerShell\Modules\Pester\5.7.1\Pester.psm1:3260
at Invoke-InNewScriptScope, C:\Users\alexa\OneDrive\Documents\PowerShell\Modules\Pester\5.7.1\Pester.psm1:3267
at Run-Test, C:\Users\alexa\OneDrive\Documents\PowerShell\Modules\Pester\5.7.1\Pester.psm1:1691
at Invoke-Test, C:\Users\alexa\OneDrive\Documents\PowerShell\Modules\Pester\5.7.1\Pester.psm1:2512
at Invoke-Pester&lt;End&gt;, C:\Users\alexa\OneDrive\Documents\PowerShell\Modules\Pester\5.7.1\Pester.psm1:4960
at &lt;ScriptBlock&gt;, &lt;No file&gt;:1</stack-trace>
                    </failure>
                  </test-case>
                  <test-case description="Should validate output directory permissions" name="ISOCustomizer Error Handling.When encountering errors.Should validate output directory permissions" time="0.0526" asserts="0" success="False" result="Failure" executed="True">
                    <failure>
                      <message>Expected an exception with message like '*Access*' to be thrown, but the message was 'The term 'Start-ISOCustomization' is not recognized as a name of a cmdlet, function, script file, or executable program.
Check the spelling of the name, or if a path was included, verify that the path is correct and try again.'. from C:\Users\alexa\OneDrive\Documents\0. wizzense\AitherZero\tests\unit\modules\ISOCustomizer\ISOCustomizer.Tests.ps1:163 char:15
    +             { Start-ISOCustomization -ISOPath "test.iso" -OutputPath  …
    +               ~~~~~~~~~~~~~~~~~~~~~~</message>
                      <stack-trace>at { Start-ISOCustomization -ISOPath "test.iso" -OutputPath "restricted" } | Should -Throw "*Access*", C:\Users\alexa\OneDrive\Documents\0. wizzense\AitherZero\tests\unit\modules\ISOCustomizer\ISOCustomizer.Tests.ps1:163
at Invoke-Assertion, C:\Users\alexa\OneDrive\Documents\PowerShell\Modules\Pester\5.7.1\Pester.psm1:8250
at Should&lt;End&gt;, C:\Users\alexa\OneDrive\Documents\PowerShell\Modules\Pester\5.7.1\Pester.psm1:8193
at &lt;ScriptBlock&gt;, C:\Users\alexa\OneDrive\Documents\0. wizzense\AitherZero\tests\unit\modules\ISOCustomizer\ISOCustomizer.Tests.ps1:163
at &lt;ScriptBlock&gt;, C:\Users\alexa\OneDrive\Documents\PowerShell\Modules\Pester\5.7.1\Pester.psm1:2024
at &lt;ScriptBlock&gt;, C:\Users\alexa\OneDrive\Documents\PowerShell\Modules\Pester\5.7.1\Pester.psm1:1985
at Invoke-ScriptBlock, C:\Users\alexa\OneDrive\Documents\PowerShell\Modules\Pester\5.7.1\Pester.psm1:2157
at Invoke-TestItem, C:\Users\alexa\OneDrive\Documents\PowerShell\Modules\Pester\5.7.1\Pester.psm1:1199
at Invoke-Block, C:\Users\alexa\OneDrive\Documents\PowerShell\Modules\Pester\5.7.1\Pester.psm1:835
at &lt;ScriptBlock&gt;, C:\Users\alexa\OneDrive\Documents\PowerShell\Modules\Pester\5.7.1\Pester.psm1:893
at &lt;ScriptBlock&gt;, C:\Users\alexa\OneDrive\Documents\PowerShell\Modules\Pester\5.7.1\Pester.psm1:2024
at &lt;ScriptBlock&gt;, C:\Users\alexa\OneDrive\Documents\PowerShell\Modules\Pester\5.7.1\Pester.psm1:1985
at Invoke-ScriptBlock, C:\Users\alexa\OneDrive\Documents\PowerShell\Modules\Pester\5.7.1\Pester.psm1:2160
at Invoke-Block, C:\Users\alexa\OneDrive\Documents\PowerShell\Modules\Pester\5.7.1\Pester.psm1:940
at &lt;ScriptBlock&gt;, C:\Users\alexa\OneDrive\Documents\PowerShell\Modules\Pester\5.7.1\Pester.psm1:893
at &lt;ScriptBlock&gt;, C:\Users\alexa\OneDrive\Documents\PowerShell\Modules\Pester\5.7.1\Pester.psm1:2024
at &lt;ScriptBlock&gt;, C:\Users\alexa\OneDrive\Documents\PowerShell\Modules\Pester\5.7.1\Pester.psm1:1985
at Invoke-ScriptBlock, C:\Users\alexa\OneDrive\Documents\PowerShell\Modules\Pester\5.7.1\Pester.psm1:2160
at Invoke-Block, C:\Users\alexa\OneDrive\Documents\PowerShell\Modules\Pester\5.7.1\Pester.psm1:940
at &lt;ScriptBlock&gt;, C:\Users\alexa\OneDrive\Documents\PowerShell\Modules\Pester\5.7.1\Pester.psm1:893
at &lt;ScriptBlock&gt;, C:\Users\alexa\OneDrive\Documents\PowerShell\Modules\Pester\5.7.1\Pester.psm1:2024
at &lt;ScriptBlock&gt;, C:\Users\alexa\OneDrive\Documents\PowerShell\Modules\Pester\5.7.1\Pester.psm1:1985
at Invoke-ScriptBlock, C:\Users\alexa\OneDrive\Documents\PowerShell\Modules\Pester\5.7.1\Pester.psm1:2160
at Invoke-Block, C:\Users\alexa\OneDrive\Documents\PowerShell\Modules\Pester\5.7.1\Pester.psm1:940
at &lt;ScriptBlock&gt;, C:\Users\alexa\OneDrive\Documents\PowerShell\Modules\Pester\5.7.1\Pester.psm1:1688
at &lt;ScriptBlock&gt;, C:\Users\alexa\OneDrive\Documents\PowerShell\Modules\Pester\5.7.1\Pester.ps1:3
at &lt;ScriptBlock&gt;, C:\Users\alexa\OneDrive\Documents\PowerShell\Modules\Pester\5.7.1\Pester.psm1:3260
at Invoke-InNewScriptScope, C:\Users\alexa\OneDrive\Documents\PowerShell\Modules\Pester\5.7.1\Pester.psm1:3267
at Run-Test, C:\Users\alexa\OneDrive\Documents\PowerShell\Modules\Pester\5.7.1\Pester.psm1:1691
at Invoke-Test, C:\Users\alexa\OneDrive\Documents\PowerShell\Modules\Pester\5.7.1\Pester.psm1:2512
at Invoke-Pester&lt;End&gt;, C:\Users\alexa\OneDrive\Documents\PowerShell\Modules\Pester\5.7.1\Pester.psm1:4960
at &lt;ScriptBlock&gt;, &lt;No file&gt;:1</stack-trace>
                    </failure>
                  </test-case>
                  <test-case description="Should handle insufficient disk space" name="ISOCustomizer Error Handling.When encountering errors.Should handle insufficient disk space" time="1.0703" asserts="0" success="False" result="Failure" executed="True">
                    <failure>
                      <message>CommandNotFoundException: The term 'Test-ISOCustomizationEnvironment' is not recognized as a name of a cmdlet, function, script file, or executable program.
Check the spelling of the name, or if a path was included, verify that the path is correct and try again.</message>
                      <stack-trace>at &lt;ScriptBlock&gt;, C:\Users\alexa\OneDrive\Documents\0. wizzense\AitherZero\tests\unit\modules\ISOCustomizer\ISOCustomizer.Tests.ps1:171
at &lt;ScriptBlock&gt;, C:\Users\alexa\OneDrive\Documents\PowerShell\Modules\Pester\5.7.1\Pester.psm1:2024
at &lt;ScriptBlock&gt;, C:\Users\alexa\OneDrive\Documents\PowerShell\Modules\Pester\5.7.1\Pester.psm1:1985
at Invoke-ScriptBlock, C:\Users\alexa\OneDrive\Documents\PowerShell\Modules\Pester\5.7.1\Pester.psm1:2157
at Invoke-TestItem, C:\Users\alexa\OneDrive\Documents\PowerShell\Modules\Pester\5.7.1\Pester.psm1:1199
at Invoke-Block, C:\Users\alexa\OneDrive\Documents\PowerShell\Modules\Pester\5.7.1\Pester.psm1:835
at &lt;ScriptBlock&gt;, C:\Users\alexa\OneDrive\Documents\PowerShell\Modules\Pester\5.7.1\Pester.psm1:893
at &lt;ScriptBlock&gt;, C:\Users\alexa\OneDrive\Documents\PowerShell\Modules\Pester\5.7.1\Pester.psm1:2024
at &lt;ScriptBlock&gt;, C:\Users\alexa\OneDrive\Documents\PowerShell\Modules\Pester\5.7.1\Pester.psm1:1985
at Invoke-ScriptBlock, C:\Users\alexa\OneDrive\Documents\PowerShell\Modules\Pester\5.7.1\Pester.psm1:2160
at Invoke-Block, C:\Users\alexa\OneDrive\Documents\PowerShell\Modules\Pester\5.7.1\Pester.psm1:940
at &lt;ScriptBlock&gt;, C:\Users\alexa\OneDrive\Documents\PowerShell\Modules\Pester\5.7.1\Pester.psm1:893
at &lt;ScriptBlock&gt;, C:\Users\alexa\OneDrive\Documents\PowerShell\Modules\Pester\5.7.1\Pester.psm1:2024
at &lt;ScriptBlock&gt;, C:\Users\alexa\OneDrive\Documents\PowerShell\Modules\Pester\5.7.1\Pester.psm1:1985
at Invoke-ScriptBlock, C:\Users\alexa\OneDrive\Documents\PowerShell\Modules\Pester\5.7.1\Pester.psm1:2160
at Invoke-Block, C:\Users\alexa\OneDrive\Documents\PowerShell\Modules\Pester\5.7.1\Pester.psm1:940
at &lt;ScriptBlock&gt;, C:\Users\alexa\OneDrive\Documents\PowerShell\Modules\Pester\5.7.1\Pester.psm1:893
at &lt;ScriptBlock&gt;, C:\Users\alexa\OneDrive\Documents\PowerShell\Modules\Pester\5.7.1\Pester.psm1:2024
at &lt;ScriptBlock&gt;, C:\Users\alexa\OneDrive\Documents\PowerShell\Modules\Pester\5.7.1\Pester.psm1:1985
at Invoke-ScriptBlock, C:\Users\alexa\OneDrive\Documents\PowerShell\Modules\Pester\5.7.1\Pester.psm1:2160
at Invoke-Block, C:\Users\alexa\OneDrive\Documents\PowerShell\Modules\Pester\5.7.1\Pester.psm1:940
at &lt;ScriptBlock&gt;, C:\Users\alexa\OneDrive\Documents\PowerShell\Modules\Pester\5.7.1\Pester.psm1:1688
at &lt;ScriptBlock&gt;, C:\Users\alexa\OneDrive\Documents\PowerShell\Modules\Pester\5.7.1\Pester.ps1:3
at &lt;ScriptBlock&gt;, C:\Users\alexa\OneDrive\Documents\PowerShell\Modules\Pester\5.7.1\Pester.psm1:3260
at Invoke-InNewScriptScope, C:\Users\alexa\OneDrive\Documents\PowerShell\Modules\Pester\5.7.1\Pester.psm1:3267
at Run-Test, C:\Users\alexa\OneDrive\Documents\PowerShell\Modules\Pester\5.7.1\Pester.psm1:1691
at Invoke-Test, C:\Users\alexa\OneDrive\Documents\PowerShell\Modules\Pester\5.7.1\Pester.psm1:2512
at Invoke-Pester&lt;End&gt;, C:\Users\alexa\OneDrive\Documents\PowerShell\Modules\Pester\5.7.1\Pester.psm1:4960
at &lt;ScriptBlock&gt;, &lt;No file&gt;:1</stack-trace>
                    </failure>
                  </test-case>
                </results>
              </test-suite>
            </results>
          </test-suite>
          <test-suite type="TestFixture" name="ISOCustomizer Integration" executed="True" result="Failure" success="False" time="2.5034" asserts="0" description="ISOCustomizer Integration">
            <results>
              <test-suite type="TestFixture" name="ISOCustomizer Integration.When integrating with other modules" executed="True" result="Failure" success="False" time="0.8646" asserts="0" description="ISOCustomizer Integration.When integrating with other modules">
                <results>
                  <test-case description="Should work with Logging module" name="ISOCustomizer Integration.When integrating with other modules.Should work with Logging module" time="0.0375" asserts="0" success="False" result="Failure" executed="True">
                    <failure>
                      <message>CommandNotFoundException: The term 'Test-ISOCustomizationEnvironment' is not recognized as a name of a cmdlet, function, script file, or executable program.
Check the spelling of the name, or if a path was included, verify that the path is correct and try again.</message>
                      <stack-trace>at &lt;ScriptBlock&gt;, C:\Users\alexa\OneDrive\Documents\0. wizzense\AitherZero\tests\unit\modules\ISOCustomizer\ISOCustomizer.Tests.ps1:183
at &lt;ScriptBlock&gt;, C:\Users\alexa\OneDrive\Documents\PowerShell\Modules\Pester\5.7.1\Pester.psm1:2024
at &lt;ScriptBlock&gt;, C:\Users\alexa\OneDrive\Documents\PowerShell\Modules\Pester\5.7.1\Pester.psm1:1985
at Invoke-ScriptBlock, C:\Users\alexa\OneDrive\Documents\PowerShell\Modules\Pester\5.7.1\Pester.psm1:2157
at Invoke-TestItem, C:\Users\alexa\OneDrive\Documents\PowerShell\Modules\Pester\5.7.1\Pester.psm1:1199
at Invoke-Block, C:\Users\alexa\OneDrive\Documents\PowerShell\Modules\Pester\5.7.1\Pester.psm1:835
at &lt;ScriptBlock&gt;, C:\Users\alexa\OneDrive\Documents\PowerShell\Modules\Pester\5.7.1\Pester.psm1:893
at &lt;ScriptBlock&gt;, C:\Users\alexa\OneDrive\Documents\PowerShell\Modules\Pester\5.7.1\Pester.psm1:2024
at &lt;ScriptBlock&gt;, C:\Users\alexa\OneDrive\Documents\PowerShell\Modules\Pester\5.7.1\Pester.psm1:1985
at Invoke-ScriptBlock, C:\Users\alexa\OneDrive\Documents\PowerShell\Modules\Pester\5.7.1\Pester.psm1:2160
at Invoke-Block, C:\Users\alexa\OneDrive\Documents\PowerShell\Modules\Pester\5.7.1\Pester.psm1:940
at &lt;ScriptBlock&gt;, C:\Users\alexa\OneDrive\Documents\PowerShell\Modules\Pester\5.7.1\Pester.psm1:893
at &lt;ScriptBlock&gt;, C:\Users\alexa\OneDrive\Documents\PowerShell\Modules\Pester\5.7.1\Pester.psm1:2024
at &lt;ScriptBlock&gt;, C:\Users\alexa\OneDrive\Documents\PowerShell\Modules\Pester\5.7.1\Pester.psm1:1985
at Invoke-ScriptBlock, C:\Users\alexa\OneDrive\Documents\PowerShell\Modules\Pester\5.7.1\Pester.psm1:2160
at Invoke-Block, C:\Users\alexa\OneDrive\Documents\PowerShell\Modules\Pester\5.7.1\Pester.psm1:940
at &lt;ScriptBlock&gt;, C:\Users\alexa\OneDrive\Documents\PowerShell\Modules\Pester\5.7.1\Pester.psm1:893
at &lt;ScriptBlock&gt;, C:\Users\alexa\OneDrive\Documents\PowerShell\Modules\Pester\5.7.1\Pester.psm1:2024
at &lt;ScriptBlock&gt;, C:\Users\alexa\OneDrive\Documents\PowerShell\Modules\Pester\5.7.1\Pester.psm1:1985
at Invoke-ScriptBlock, C:\Users\alexa\OneDrive\Documents\PowerShell\Modules\Pester\5.7.1\Pester.psm1:2160
at Invoke-Block, C:\Users\alexa\OneDrive\Documents\PowerShell\Modules\Pester\5.7.1\Pester.psm1:940
at &lt;ScriptBlock&gt;, C:\Users\alexa\OneDrive\Documents\PowerShell\Modules\Pester\5.7.1\Pester.psm1:1688
at &lt;ScriptBlock&gt;, C:\Users\alexa\OneDrive\Documents\PowerShell\Modules\Pester\5.7.1\Pester.ps1:3
at &lt;ScriptBlock&gt;, C:\Users\alexa\OneDrive\Documents\PowerShell\Modules\Pester\5.7.1\Pester.psm1:3260
at Invoke-InNewScriptScope, C:\Users\alexa\OneDrive\Documents\PowerShell\Modules\Pester\5.7.1\Pester.psm1:3267
at Run-Test, C:\Users\alexa\OneDrive\Documents\PowerShell\Modules\Pester\5.7.1\Pester.psm1:1691
at Invoke-Test, C:\Users\alexa\OneDrive\Documents\PowerShell\Modules\Pester\5.7.1\Pester.psm1:2512
at Invoke-Pester&lt;End&gt;, C:\Users\alexa\OneDrive\Documents\PowerShell\Modules\Pester\5.7.1\Pester.psm1:4960
at &lt;ScriptBlock&gt;, &lt;No file&gt;:1</stack-trace>
                    </failure>
                  </test-case>
                  <test-case description="Should integrate with configuration system" name="ISOCustomizer Integration.When integrating with other modules.Should integrate with configuration system" time="0.0384" asserts="0" success="True" result="Success" executed="True" />
                  <test-case description="Should support parallel operations" name="ISOCustomizer Integration.When integrating with other modules.Should support parallel operations" time="0.7702" asserts="0" success="False" result="Failure" executed="True">
                    <failure>
                      <message>Expected 3, but got 0.</message>
                      <stack-trace>at $results.Count | Should -Be 3, C:\Users\alexa\OneDrive\Documents\0. wizzense\AitherZero\tests\unit\modules\ISOCustomizer\ISOCustomizer.Tests.ps1:208
at Invoke-Assertion, C:\Users\alexa\OneDrive\Documents\PowerShell\Modules\Pester\5.7.1\Pester.psm1:8250
at Should&lt;End&gt;, C:\Users\alexa\OneDrive\Documents\PowerShell\Modules\Pester\5.7.1\Pester.psm1:8189
at &lt;ScriptBlock&gt;, C:\Users\alexa\OneDrive\Documents\0. wizzense\AitherZero\tests\unit\modules\ISOCustomizer\ISOCustomizer.Tests.ps1:208
at &lt;ScriptBlock&gt;, C:\Users\alexa\OneDrive\Documents\PowerShell\Modules\Pester\5.7.1\Pester.psm1:2024
at &lt;ScriptBlock&gt;, C:\Users\alexa\OneDrive\Documents\PowerShell\Modules\Pester\5.7.1\Pester.psm1:1985
at Invoke-ScriptBlock, C:\Users\alexa\OneDrive\Documents\PowerShell\Modules\Pester\5.7.1\Pester.psm1:2157
at Invoke-TestItem, C:\Users\alexa\OneDrive\Documents\PowerShell\Modules\Pester\5.7.1\Pester.psm1:1199
at Invoke-Block, C:\Users\alexa\OneDrive\Documents\PowerShell\Modules\Pester\5.7.1\Pester.psm1:835
at &lt;ScriptBlock&gt;, C:\Users\alexa\OneDrive\Documents\PowerShell\Modules\Pester\5.7.1\Pester.psm1:893
at &lt;ScriptBlock&gt;, C:\Users\alexa\OneDrive\Documents\PowerShell\Modules\Pester\5.7.1\Pester.psm1:2024
at &lt;ScriptBlock&gt;, C:\Users\alexa\OneDrive\Documents\PowerShell\Modules\Pester\5.7.1\Pester.psm1:1985
at Invoke-ScriptBlock, C:\Users\alexa\OneDrive\Documents\PowerShell\Modules\Pester\5.7.1\Pester.psm1:2160
at Invoke-Block, C:\Users\alexa\OneDrive\Documents\PowerShell\Modules\Pester\5.7.1\Pester.psm1:940
at &lt;ScriptBlock&gt;, C:\Users\alexa\OneDrive\Documents\PowerShell\Modules\Pester\5.7.1\Pester.psm1:893
at &lt;ScriptBlock&gt;, C:\Users\alexa\OneDrive\Documents\PowerShell\Modules\Pester\5.7.1\Pester.psm1:2024
at &lt;ScriptBlock&gt;, C:\Users\alexa\OneDrive\Documents\PowerShell\Modules\Pester\5.7.1\Pester.psm1:1985
at Invoke-ScriptBlock, C:\Users\alexa\OneDrive\Documents\PowerShell\Modules\Pester\5.7.1\Pester.psm1:2160
at Invoke-Block, C:\Users\alexa\OneDrive\Documents\PowerShell\Modules\Pester\5.7.1\Pester.psm1:940
at &lt;ScriptBlock&gt;, C:\Users\alexa\OneDrive\Documents\PowerShell\Modules\Pester\5.7.1\Pester.psm1:893
at &lt;ScriptBlock&gt;, C:\Users\alexa\OneDrive\Documents\PowerShell\Modules\Pester\5.7.1\Pester.psm1:2024
at &lt;ScriptBlock&gt;, C:\Users\alexa\OneDrive\Documents\PowerShell\Modules\Pester\5.7.1\Pester.psm1:1985
at Invoke-ScriptBlock, C:\Users\alexa\OneDrive\Documents\PowerShell\Modules\Pester\5.7.1\Pester.psm1:2160
at Invoke-Block, C:\Users\alexa\OneDrive\Documents\PowerShell\Modules\Pester\5.7.1\Pester.psm1:940
at &lt;ScriptBlock&gt;, C:\Users\alexa\OneDrive\Documents\PowerShell\Modules\Pester\5.7.1\Pester.psm1:1688
at &lt;ScriptBlock&gt;, C:\Users\alexa\OneDrive\Documents\PowerShell\Modules\Pester\5.7.1\Pester.ps1:3
at &lt;ScriptBlock&gt;, C:\Users\alexa\OneDrive\Documents\PowerShell\Modules\Pester\5.7.1\Pester.psm1:3260
at Invoke-InNewScriptScope, C:\Users\alexa\OneDrive\Documents\PowerShell\Modules\Pester\5.7.1\Pester.psm1:3267
at Run-Test, C:\Users\alexa\OneDrive\Documents\PowerShell\Modules\Pester\5.7.1\Pester.psm1:1691
at Invoke-Test, C:\Users\alexa\OneDrive\Documents\PowerShell\Modules\Pester\5.7.1\Pester.psm1:2512
at Invoke-Pester&lt;End&gt;, C:\Users\alexa\OneDrive\Documents\PowerShell\Modules\Pester\5.7.1\Pester.psm1:4960
at &lt;ScriptBlock&gt;, &lt;No file&gt;:1</stack-trace>
                    </failure>
                  </test-case>
                </results>
              </test-suite>
            </results>
          </test-suite>
        </results>
      </test-suite>
      <test-suite type="TestFixture" name="C:\Users\alexa\OneDrive\Documents\0. wizzense\AitherZero\tests\unit\modules\PatchManager\PatchManager-CrossFork-Enhanced.Tests.ps1" executed="True" result="Failure" success="False" time="0.5551" asserts="0" description="C:\Users\alexa\OneDrive\Documents\0. wizzense\AitherZero\tests\unit\modules\PatchManager\PatchManager-CrossFork-Enhanced.Tests.ps1">
        <results>
          <test-suite type="TestFixture" name="PatchManager Cross-Fork Integration Tests" executed="True" result="Failure" success="False" time="0" asserts="0" description="PatchManager Cross-Fork Integration Tests">
            <results>
              <test-suite type="TestFixture" name="PatchManager Cross-Fork Integration Tests.Repository Detection and Fork Chain Analysis" executed="True" result="Failure" success="False" time="0" asserts="0" description="PatchManager Cross-Fork Integration Tests.Repository Detection and Fork Chain Analysis">
                <results>
                  <test-case description="Should detect current repository correctly" name="PatchManager Cross-Fork Integration Tests.Repository Detection and Fork Chain Analysis.Should detect current repository correctly" time="0" asserts="0" success="False" result="Failure" executed="True">
                    <failure>
                      <message>This test should run but it did not. Most likely a setup in some parent block failed.</message>
                      <stack-trace />
                    </failure>
                  </test-case>
                  <test-case description="Should identify fork chain when available" name="PatchManager Cross-Fork Integration Tests.Repository Detection and Fork Chain Analysis.Should identify fork chain when available" time="0" asserts="0" success="False" result="Failure" executed="True">
                    <failure>
                      <message>This test should run but it did not. Most likely a setup in some parent block failed.</message>
                      <stack-trace />
                    </failure>
                  </test-case>
                  <test-case description="Should map remotes correctly" name="PatchManager Cross-Fork Integration Tests.Repository Detection and Fork Chain Analysis.Should map remotes correctly" time="0" asserts="0" success="False" result="Failure" executed="True">
                    <failure>
                      <message>This test should run but it did not. Most likely a setup in some parent block failed.</message>
                      <stack-trace />
                    </failure>
                  </test-case>
                </results>
              </test-suite>
              <test-suite type="TestFixture" name="PatchManager Cross-Fork Integration Tests.Cross-Fork Issue Creation" executed="True" result="Failure" success="False" time="0" asserts="0" description="PatchManager Cross-Fork Integration Tests.Cross-Fork Issue Creation">
                <results>
                  <test-case description="Should create issue in current repo when TargetRepository is 'current'" name="PatchManager Cross-Fork Integration Tests.Cross-Fork Issue Creation.Should create issue in current repo when TargetRepository is 'current'" time="0" asserts="0" success="False" result="Failure" executed="True">
                    <failure>
                      <message>This test should run but it did not. Most likely a setup in some parent block failed.</message>
                      <stack-trace />
                    </failure>
                  </test-case>
                  <test-case description="Should create issue in upstream repo when TargetRepository is 'upstream'" name="PatchManager Cross-Fork Integration Tests.Cross-Fork Issue Creation.Should create issue in upstream repo when TargetRepository is 'upstream'" time="0" asserts="0" success="False" result="Failure" executed="True">
                    <failure>
                      <message>This test should run but it did not. Most likely a setup in some parent block failed.</message>
                      <stack-trace />
                    </failure>
                  </test-case>
                  <test-case description="Should create issue in root repo when TargetRepository is 'root'" name="PatchManager Cross-Fork Integration Tests.Cross-Fork Issue Creation.Should create issue in root repo when TargetRepository is 'root'" time="0" asserts="0" success="False" result="Failure" executed="True">
                    <failure>
                      <message>This test should run but it did not. Most likely a setup in some parent block failed.</message>
                      <stack-trace />
                    </failure>
                  </test-case>
                </results>
              </test-suite>
              <test-suite type="TestFixture" name="PatchManager Cross-Fork Integration Tests.Cross-Fork Pull Request Creation" executed="True" result="Failure" success="False" time="0" asserts="0" description="PatchManager Cross-Fork Integration Tests.Cross-Fork Pull Request Creation">
                <results>
                  <test-case description="Should create PR in current repo when TargetFork is 'current'" name="PatchManager Cross-Fork Integration Tests.Cross-Fork Pull Request Creation.Should create PR in current repo when TargetFork is 'current'" time="0" asserts="0" success="False" result="Failure" executed="True">
                    <failure>
                      <message>This test should run but it did not. Most likely a setup in some parent block failed.</message>
                      <stack-trace />
                    </failure>
                  </test-case>
                  <test-case description="Should create cross-fork PR when targeting upstream" name="PatchManager Cross-Fork Integration Tests.Cross-Fork Pull Request Creation.Should create cross-fork PR when targeting upstream" time="0" asserts="0" success="False" result="Failure" executed="True">
                    <failure>
                      <message>This test should run but it did not. Most likely a setup in some parent block failed.</message>
                      <stack-trace />
                    </failure>
                  </test-case>
                  <test-case description="Should create cross-fork PR when targeting root" name="PatchManager Cross-Fork Integration Tests.Cross-Fork Pull Request Creation.Should create cross-fork PR when targeting root" time="0" asserts="0" success="False" result="Failure" executed="True">
                    <failure>
                      <message>This test should run but it did not. Most likely a setup in some parent block failed.</message>
                      <stack-trace />
                    </failure>
                  </test-case>
                </results>
              </test-suite>
              <test-suite type="TestFixture" name="PatchManager Cross-Fork Integration Tests.Integrated Workflow with Cross-Fork Support" executed="True" result="Failure" success="False" time="0" asserts="0" description="PatchManager Cross-Fork Integration Tests.Integrated Workflow with Cross-Fork Support">
                <results>
                  <test-case description="Should execute complete workflow with issue and PR creation" name="PatchManager Cross-Fork Integration Tests.Integrated Workflow with Cross-Fork Support.Should execute complete workflow with issue and PR creation" time="0" asserts="0" success="False" result="Failure" executed="True">
                    <failure>
                      <message>This test should run but it did not. Most likely a setup in some parent block failed.</message>
                      <stack-trace />
                    </failure>
                  </test-case>
                  <test-case description="Should handle workflow without CreatePR but with issue creation" name="PatchManager Cross-Fork Integration Tests.Integrated Workflow with Cross-Fork Support.Should handle workflow without CreatePR but with issue creation" time="0" asserts="0" success="False" result="Failure" executed="True">
                    <failure>
                      <message>This test should run but it did not. Most likely a setup in some parent block failed.</message>
                      <stack-trace />
                    </failure>
                  </test-case>
                  <test-case description="Should handle local-only workflow when CreateIssue is disabled" name="PatchManager Cross-Fork Integration Tests.Integrated Workflow with Cross-Fork Support.Should handle local-only workflow when CreateIssue is disabled" time="0" asserts="0" success="False" result="Failure" executed="True">
                    <failure>
                      <message>This test should run but it did not. Most likely a setup in some parent block failed.</message>
                      <stack-trace />
                    </failure>
                  </test-case>
                </results>
              </test-suite>
              <test-suite type="TestFixture" name="PatchManager Cross-Fork Integration Tests.Error Handling and Validation" executed="True" result="Failure" success="False" time="0" asserts="0" description="PatchManager Cross-Fork Integration Tests.Error Handling and Validation">
                <results>
                  <test-case description="Should validate TargetRepository parameter against available remotes" name="PatchManager Cross-Fork Integration Tests.Error Handling and Validation.Should validate TargetRepository parameter against available remotes" time="0" asserts="0" success="False" result="Failure" executed="True">
                    <failure>
                      <message>This test should run but it did not. Most likely a setup in some parent block failed.</message>
                      <stack-trace />
                    </failure>
                  </test-case>
                  <test-case description="Should handle missing GitHub CLI gracefully in dry run mode" name="PatchManager Cross-Fork Integration Tests.Error Handling and Validation.Should handle missing GitHub CLI gracefully in dry run mode" time="0" asserts="0" success="False" result="Failure" executed="True">
                    <failure>
                      <message>This test should run but it did not. Most likely a setup in some parent block failed.</message>
                      <stack-trace />
                    </failure>
                  </test-case>
                  <test-case description="Should preserve existing branch when no changes are made" name="PatchManager Cross-Fork Integration Tests.Error Handling and Validation.Should preserve existing branch when no changes are made" time="0" asserts="0" success="False" result="Failure" executed="True">
                    <failure>
                      <message>This test should run but it did not. Most likely a setup in some parent block failed.</message>
                      <stack-trace />
                    </failure>
                  </test-case>
                </results>
              </test-suite>
            </results>
          </test-suite>
          <test-suite type="TestFixture" name="Cross-Fork Repository Perspective Tests" executed="True" result="Failure" success="False" time="0" asserts="0" description="Cross-Fork Repository Perspective Tests">
            <results>
              <test-suite type="TestFixture" name="Cross-Fork Repository Perspective Tests.AitherZero Repository Perspective" executed="True" result="Failure" success="False" time="0" asserts="0" description="Cross-Fork Repository Perspective Tests.AitherZero Repository Perspective">
                <results>
                  <test-case description="Should identify repository information" name="Cross-Fork Repository Perspective Tests.AitherZero Repository Perspective.Should identify repository information" time="0" asserts="0" success="False" result="Failure" executed="True">
                    <failure>
                      <message>This test should run but it did not. Most likely a setup in some parent block failed.</message>
                      <stack-trace />
                    </failure>
                  </test-case>
                  <test-case description="Should handle cross-fork operations gracefully" name="Cross-Fork Repository Perspective Tests.AitherZero Repository Perspective.Should handle cross-fork operations gracefully" time="0" asserts="0" success="False" result="Failure" executed="True">
                    <failure>
                      <message>This test should run but it did not. Most likely a setup in some parent block failed.</message>
                      <stack-trace />
                    </failure>
                  </test-case>
                </results>
              </test-suite>
              <test-suite type="TestFixture" name="Cross-Fork Repository Perspective Tests.Multi-Repository Workflow Validation" executed="True" result="Failure" success="False" time="0" asserts="0" description="Cross-Fork Repository Perspective Tests.Multi-Repository Workflow Validation">
                <results>
                  <test-case description="Should handle different target repositories consistently" name="Cross-Fork Repository Perspective Tests.Multi-Repository Workflow Validation.Should handle different target repositories consistently" time="0" asserts="0" success="False" result="Failure" executed="True">
                    <failure>
                      <message>This test should run but it did not. Most likely a setup in some parent block failed.</message>
                      <stack-trace />
                    </failure>
                  </test-case>
                </results>
              </test-suite>
            </results>
          </test-suite>
        </results>
      </test-suite>
      <test-suite type="TestFixture" name="C:\Users\alexa\OneDrive\Documents\0. wizzense\AitherZero\tests\unit\modules\PatchManager\PatchManager-NewAPI.Tests.ps1" executed="True" result="Success" success="True" time="3.0384" asserts="0" description="C:\Users\alexa\OneDrive\Documents\0. wizzense\AitherZero\tests\unit\modules\PatchManager\PatchManager-NewAPI.Tests.ps1">
        <results>
          <test-suite type="TestFixture" name="PatchManager v2.1 - Core Functions" executed="True" result="Success" success="True" time="1.9026" asserts="0" description="PatchManager v2.1 - Core Functions">
            <results>
              <test-suite type="TestFixture" name="PatchManager v2.1 - Core Functions.Module Structure and Exports" executed="True" result="Success" success="True" time="0.0263" asserts="0" description="PatchManager v2.1 - Core Functions.Module Structure and Exports">
                <results>
                  <test-case description="Should export all four core functions" name="PatchManager v2.1 - Core Functions.Module Structure and Exports.Should export all four core functions" time="0.0109" asserts="0" success="True" result="Success" executed="True" />
                  <test-case description="Should have proper function definitions with CmdletBinding" name="PatchManager v2.1 - Core Functions.Module Structure and Exports.Should have proper function definitions with CmdletBinding" time="0.0096" asserts="0" success="True" result="Success" executed="True" />
                </results>
              </test-suite>
              <test-suite type="TestFixture" name="PatchManager v2.1 - Core Functions.Invoke-PatchWorkflow - Main Entry Point" executed="True" result="Success" success="True" time="0.5153" asserts="0" description="PatchManager v2.1 - Core Functions.Invoke-PatchWorkflow - Main Entry Point">
                <results>
                  <test-case description="Should accept required parameters correctly" name="PatchManager v2.1 - Core Functions.Invoke-PatchWorkflow - Main Entry Point.Should accept required parameters correctly" time="0.0182" asserts="0" success="True" result="Success" executed="True" />
                  <test-case description="Should run in DryRun mode without making changes" name="PatchManager v2.1 - Core Functions.Invoke-PatchWorkflow - Main Entry Point.Should run in DryRun mode without making changes" time="0.2409" asserts="0" success="True" result="Success" executed="True" />
                  <test-case description="Should handle empty git status gracefully" name="PatchManager v2.1 - Core Functions.Invoke-PatchWorkflow - Main Entry Point.Should handle empty git status gracefully" time="0.2239" asserts="0" success="True" result="Success" executed="True" />
                </results>
              </test-suite>
              <test-suite type="TestFixture" name="PatchManager v2.1 - Core Functions.New-PatchIssue - Issue Creation" executed="True" result="Success" success="True" time="1.2667" asserts="0" description="PatchManager v2.1 - Core Functions.New-PatchIssue - Issue Creation">
                <results>
                  <test-case description="Should accept issue parameters correctly" name="PatchManager v2.1 - Core Functions.New-PatchIssue - Issue Creation.Should accept issue parameters correctly" time="0.0084" asserts="0" success="True" result="Success" executed="True" />
                  <test-case description="Should run in DryRun mode" name="PatchManager v2.1 - Core Functions.New-PatchIssue - Issue Creation.Should run in DryRun mode" time="0.1974" asserts="0" success="True" result="Success" executed="True" />
                  <test-case description="Should validate priority levels" name="PatchManager v2.1 - Core Functions.New-PatchIssue - Issue Creation.Should validate priority levels" time="0.5395" asserts="0" success="True" result="Success" executed="True" />
                </results>
              </test-suite>
              <test-suite type="TestFixture" name="PatchManager v2.1 - Core Functions.New-PatchPR - PR Creation" executed="True" result="Success" success="True" time="1.4865" asserts="0" description="PatchManager v2.1 - Core Functions.New-PatchPR - PR Creation">
                <results>
                  <test-case description="Should accept PR parameters correctly" name="PatchManager v2.1 - Core Functions.New-PatchPR - PR Creation.Should accept PR parameters correctly" time="0.0085" asserts="0" success="True" result="Success" executed="True" />
                  <test-case description="Should run in DryRun mode" name="PatchManager v2.1 - Core Functions.New-PatchPR - PR Creation.Should run in DryRun mode" time="0.2032" asserts="0" success="True" result="Success" executed="True" />
                </results>
              </test-suite>
              <test-suite type="TestFixture" name="PatchManager v2.1 - Core Functions.Invoke-PatchRollback - Rollback Operations" executed="True" result="Success" success="True" time="1.8962" asserts="0" description="PatchManager v2.1 - Core Functions.Invoke-PatchRollback - Rollback Operations">
                <results>
                  <test-case description="Should accept rollback parameters correctly" name="PatchManager v2.1 - Core Functions.Invoke-PatchRollback - Rollback Operations.Should accept rollback parameters correctly" time="0.0129" asserts="0" success="True" result="Success" executed="True" />
                  <test-case description="Should support different rollback types" name="PatchManager v2.1 - Core Functions.Invoke-PatchRollback - Rollback Operations.Should support different rollback types" time="0.2836" asserts="0" success="True" result="Success" executed="True" />
                  <test-case description="Should run in DryRun mode without making changes" name="PatchManager v2.1 - Core Functions.Invoke-PatchRollback - Rollback Operations.Should run in DryRun mode without making changes" time="0.1063" asserts="0" success="True" result="Success" executed="True" />
                </results>
              </test-suite>
            </results>
          </test-suite>
          <test-suite type="TestFixture" name="PatchManager v2.1 - Integration Tests" executed="True" result="Success" success="True" time="2.6473" asserts="0" description="PatchManager v2.1 - Integration Tests">
            <results>
              <test-suite type="TestFixture" name="PatchManager v2.1 - Integration Tests.End-to-End Workflow" executed="True" result="Success" success="True" time="0.4643" asserts="0" description="PatchManager v2.1 - Integration Tests.End-to-End Workflow">
                <results>
                  <test-case description="Should complete a full patch workflow in dry run mode" name="PatchManager v2.1 - Integration Tests.End-to-End Workflow.Should complete a full patch workflow in dry run mode" time="0.1512" asserts="0" success="True" result="Success" executed="True" />
                  <test-case description="Should handle multiple test commands" name="PatchManager v2.1 - Integration Tests.End-to-End Workflow.Should handle multiple test commands" time="0.3069" asserts="0" success="True" result="Success" executed="True" />
                </results>
              </test-suite>
              <test-suite type="TestFixture" name="PatchManager v2.1 - Integration Tests.Error Handling" executed="True" result="Success" success="True" time="0.7385" asserts="0" description="PatchManager v2.1 - Integration Tests.Error Handling">
                <results>
                  <test-case description="Should handle invalid patch operations gracefully" name="PatchManager v2.1 - Integration Tests.Error Handling.Should handle invalid patch operations gracefully" time="0.2513" asserts="0" success="True" result="Success" executed="True" />
                  <test-case description="Should validate required parameters" name="PatchManager v2.1 - Integration Tests.Error Handling.Should validate required parameters" time="0.0171" asserts="0" success="True" result="Success" executed="True" />
                </results>
              </test-suite>
            </results>
          </test-suite>
        </results>
      </test-suite>
      <test-suite type="TestFixture" name="C:\Users\alexa\OneDrive\Documents\0. wizzense\AitherZero\tests\integration\Config-TrustedHosts.Tests.ps1" executed="True" result="Failure" success="False" time="0.0606" asserts="0" description="C:\Users\alexa\OneDrive\Documents\0. wizzense\AitherZero\tests\integration\Config-TrustedHosts.Tests.ps1">
        <results>
          <test-suite type="TestFixture" name="Config-TrustedHosts Tests" executed="True" result="Failure" success="False" time="0.0138" asserts="0" description="Config-TrustedHosts Tests">
            <results>
              <test-suite type="TestFixture" name="Config-TrustedHosts Tests.Module Loading" executed="True" result="Failure" success="False" time="0" asserts="0" description="Config-TrustedHosts Tests.Module Loading">
                <results>
                  <test-case description="should load required modules" name="Config-TrustedHosts Tests.Module Loading.should load required modules" time="0" asserts="0" success="False" result="Failure" executed="True">
                    <failure>
                      <message>This test should run but it did not. Most likely a setup in some parent block failed.</message>
                      <stack-trace />
                    </failure>
                  </test-case>
                </results>
              </test-suite>
              <test-suite type="TestFixture" name="Config-TrustedHosts Tests.Functionality Tests" executed="True" result="Failure" success="False" time="0" asserts="0" description="Config-TrustedHosts Tests.Functionality Tests">
                <results>
                  <test-case description="should execute without errors" name="Config-TrustedHosts Tests.Functionality Tests.should execute without errors" time="0" asserts="0" success="False" result="Failure" executed="True">
                    <failure>
                      <message>This test should run but it did not. Most likely a setup in some parent block failed.</message>
                      <stack-trace />
                    </failure>
                  </test-case>
                </results>
              </test-suite>
            </results>
          </test-suite>
        </results>
      </test-suite>
      <test-suite type="TestFixture" name="C:\Users\alexa\OneDrive\Documents\0. wizzense\AitherZero\tests\integration\CoreApp.Tests.ps1" executed="True" result="Failure" success="False" time="1.0285" asserts="0" description="C:\Users\alexa\OneDrive\Documents\0. wizzense\AitherZero\tests\integration\CoreApp.Tests.ps1">
        <results>
          <test-suite type="TestFixture" name="CoreApp Module Tests" executed="True" result="Failure" success="False" time="0.1112" asserts="0" description="CoreApp Module Tests">
            <results>
              <test-suite type="TestFixture" name="CoreApp Module Tests.Module Structure Validation" executed="True" result="Failure" success="False" time="0.0505" asserts="0" description="CoreApp Module Tests.Module Structure Validation">
                <results>
                  <test-case description="should have valid module manifest" name="CoreApp Module Tests.Module Structure Validation.should have valid module manifest" time="0.0149" asserts="0" success="False" result="Failure" executed="True">
                    <failure>
                      <message>Expected path 'C:\Users\alexa\OneDrive\Documents\0. wizzense\AitherZero\aither-core\CoreApp.psd1' to exist, but it did not exist.</message>
                      <stack-trace>at $manifestPath | Should -Exist, C:\Users\alexa\OneDrive\Documents\0. wizzense\AitherZero\tests\integration\CoreApp.Tests.ps1:62
at Invoke-Assertion, C:\Users\alexa\OneDrive\Documents\PowerShell\Modules\Pester\5.7.1\Pester.psm1:8250
at Should&lt;End&gt;, C:\Users\alexa\OneDrive\Documents\PowerShell\Modules\Pester\5.7.1\Pester.psm1:8193
at &lt;ScriptBlock&gt;, C:\Users\alexa\OneDrive\Documents\0. wizzense\AitherZero\tests\integration\CoreApp.Tests.ps1:62
at &lt;ScriptBlock&gt;, C:\Users\alexa\OneDrive\Documents\PowerShell\Modules\Pester\5.7.1\Pester.psm1:2024
at &lt;ScriptBlock&gt;, C:\Users\alexa\OneDrive\Documents\PowerShell\Modules\Pester\5.7.1\Pester.psm1:1985
at Invoke-ScriptBlock, C:\Users\alexa\OneDrive\Documents\PowerShell\Modules\Pester\5.7.1\Pester.psm1:2157
at Invoke-TestItem, C:\Users\alexa\OneDrive\Documents\PowerShell\Modules\Pester\5.7.1\Pester.psm1:1199
at Invoke-Block, C:\Users\alexa\OneDrive\Documents\PowerShell\Modules\Pester\5.7.1\Pester.psm1:835
at &lt;ScriptBlock&gt;, C:\Users\alexa\OneDrive\Documents\PowerShell\Modules\Pester\5.7.1\Pester.psm1:893
at &lt;ScriptBlock&gt;, C:\Users\alexa\OneDrive\Documents\PowerShell\Modules\Pester\5.7.1\Pester.psm1:2024
at &lt;ScriptBlock&gt;, C:\Users\alexa\OneDrive\Documents\PowerShell\Modules\Pester\5.7.1\Pester.psm1:1985
at Invoke-ScriptBlock, C:\Users\alexa\OneDrive\Documents\PowerShell\Modules\Pester\5.7.1\Pester.psm1:2160
at Invoke-Block, C:\Users\alexa\OneDrive\Documents\PowerShell\Modules\Pester\5.7.1\Pester.psm1:940
at &lt;ScriptBlock&gt;, C:\Users\alexa\OneDrive\Documents\PowerShell\Modules\Pester\5.7.1\Pester.psm1:893
at &lt;ScriptBlock&gt;, C:\Users\alexa\OneDrive\Documents\PowerShell\Modules\Pester\5.7.1\Pester.psm1:2024
at &lt;ScriptBlock&gt;, C:\Users\alexa\OneDrive\Documents\PowerShell\Modules\Pester\5.7.1\Pester.psm1:1985
at Invoke-ScriptBlock, C:\Users\alexa\OneDrive\Documents\PowerShell\Modules\Pester\5.7.1\Pester.psm1:2160
at Invoke-Block, C:\Users\alexa\OneDrive\Documents\PowerShell\Modules\Pester\5.7.1\Pester.psm1:940
at &lt;ScriptBlock&gt;, C:\Users\alexa\OneDrive\Documents\PowerShell\Modules\Pester\5.7.1\Pester.psm1:893
at &lt;ScriptBlock&gt;, C:\Users\alexa\OneDrive\Documents\PowerShell\Modules\Pester\5.7.1\Pester.psm1:2024
at &lt;ScriptBlock&gt;, C:\Users\alexa\OneDrive\Documents\PowerShell\Modules\Pester\5.7.1\Pester.psm1:1985
at Invoke-ScriptBlock, C:\Users\alexa\OneDrive\Documents\PowerShell\Modules\Pester\5.7.1\Pester.psm1:2160
at Invoke-Block, C:\Users\alexa\OneDrive\Documents\PowerShell\Modules\Pester\5.7.1\Pester.psm1:940
at &lt;ScriptBlock&gt;, C:\Users\alexa\OneDrive\Documents\PowerShell\Modules\Pester\5.7.1\Pester.psm1:1688
at &lt;ScriptBlock&gt;, C:\Users\alexa\OneDrive\Documents\PowerShell\Modules\Pester\5.7.1\Pester.ps1:3
at &lt;ScriptBlock&gt;, C:\Users\alexa\OneDrive\Documents\PowerShell\Modules\Pester\5.7.1\Pester.psm1:3260
at Invoke-InNewScriptScope, C:\Users\alexa\OneDrive\Documents\PowerShell\Modules\Pester\5.7.1\Pester.psm1:3267
at Run-Test, C:\Users\alexa\OneDrive\Documents\PowerShell\Modules\Pester\5.7.1\Pester.psm1:1691
at Invoke-Test, C:\Users\alexa\OneDrive\Documents\PowerShell\Modules\Pester\5.7.1\Pester.psm1:2512
at Invoke-Pester&lt;End&gt;, C:\Users\alexa\OneDrive\Documents\PowerShell\Modules\Pester\5.7.1\Pester.psm1:4960
at &lt;ScriptBlock&gt;, &lt;No file&gt;:1</stack-trace>
                    </failure>
                  </test-case>
                  <test-case description="should have module implementation file" name="CoreApp Module Tests.Module Structure Validation.should have module implementation file" time="0.0094" asserts="0" success="False" result="Failure" executed="True">
                    <failure>
                      <message>Expected path 'C:\Users\alexa\OneDrive\Documents\0. wizzense\AitherZero\aither-core\CoreApp.psm1' to exist, but it did not exist.</message>
                      <stack-trace>at $modulePath | Should -Exist, C:\Users\alexa\OneDrive\Documents\0. wizzense\AitherZero\tests\integration\CoreApp.Tests.ps1:69
at Invoke-Assertion, C:\Users\alexa\OneDrive\Documents\PowerShell\Modules\Pester\5.7.1\Pester.psm1:8250
at Should&lt;End&gt;, C:\Users\alexa\OneDrive\Documents\PowerShell\Modules\Pester\5.7.1\Pester.psm1:8193
at &lt;ScriptBlock&gt;, C:\Users\alexa\OneDrive\Documents\0. wizzense\AitherZero\tests\integration\CoreApp.Tests.ps1:69
at &lt;ScriptBlock&gt;, C:\Users\alexa\OneDrive\Documents\PowerShell\Modules\Pester\5.7.1\Pester.psm1:2024
at &lt;ScriptBlock&gt;, C:\Users\alexa\OneDrive\Documents\PowerShell\Modules\Pester\5.7.1\Pester.psm1:1985
at Invoke-ScriptBlock, C:\Users\alexa\OneDrive\Documents\PowerShell\Modules\Pester\5.7.1\Pester.psm1:2157
at Invoke-TestItem, C:\Users\alexa\OneDrive\Documents\PowerShell\Modules\Pester\5.7.1\Pester.psm1:1199
at Invoke-Block, C:\Users\alexa\OneDrive\Documents\PowerShell\Modules\Pester\5.7.1\Pester.psm1:835
at &lt;ScriptBlock&gt;, C:\Users\alexa\OneDrive\Documents\PowerShell\Modules\Pester\5.7.1\Pester.psm1:893
at &lt;ScriptBlock&gt;, C:\Users\alexa\OneDrive\Documents\PowerShell\Modules\Pester\5.7.1\Pester.psm1:2024
at &lt;ScriptBlock&gt;, C:\Users\alexa\OneDrive\Documents\PowerShell\Modules\Pester\5.7.1\Pester.psm1:1985
at Invoke-ScriptBlock, C:\Users\alexa\OneDrive\Documents\PowerShell\Modules\Pester\5.7.1\Pester.psm1:2160
at Invoke-Block, C:\Users\alexa\OneDrive\Documents\PowerShell\Modules\Pester\5.7.1\Pester.psm1:940
at &lt;ScriptBlock&gt;, C:\Users\alexa\OneDrive\Documents\PowerShell\Modules\Pester\5.7.1\Pester.psm1:893
at &lt;ScriptBlock&gt;, C:\Users\alexa\OneDrive\Documents\PowerShell\Modules\Pester\5.7.1\Pester.psm1:2024
at &lt;ScriptBlock&gt;, C:\Users\alexa\OneDrive\Documents\PowerShell\Modules\Pester\5.7.1\Pester.psm1:1985
at Invoke-ScriptBlock, C:\Users\alexa\OneDrive\Documents\PowerShell\Modules\Pester\5.7.1\Pester.psm1:2160
at Invoke-Block, C:\Users\alexa\OneDrive\Documents\PowerShell\Modules\Pester\5.7.1\Pester.psm1:940
at &lt;ScriptBlock&gt;, C:\Users\alexa\OneDrive\Documents\PowerShell\Modules\Pester\5.7.1\Pester.psm1:893
at &lt;ScriptBlock&gt;, C:\Users\alexa\OneDrive\Documents\PowerShell\Modules\Pester\5.7.1\Pester.psm1:2024
at &lt;ScriptBlock&gt;, C:\Users\alexa\OneDrive\Documents\PowerShell\Modules\Pester\5.7.1\Pester.psm1:1985
at Invoke-ScriptBlock, C:\Users\alexa\OneDrive\Documents\PowerShell\Modules\Pester\5.7.1\Pester.psm1:2160
at Invoke-Block, C:\Users\alexa\OneDrive\Documents\PowerShell\Modules\Pester\5.7.1\Pester.psm1:940
at &lt;ScriptBlock&gt;, C:\Users\alexa\OneDrive\Documents\PowerShell\Modules\Pester\5.7.1\Pester.psm1:1688
at &lt;ScriptBlock&gt;, C:\Users\alexa\OneDrive\Documents\PowerShell\Modules\Pester\5.7.1\Pester.ps1:3
at &lt;ScriptBlock&gt;, C:\Users\alexa\OneDrive\Documents\PowerShell\Modules\Pester\5.7.1\Pester.psm1:3260
at Invoke-InNewScriptScope, C:\Users\alexa\OneDrive\Documents\PowerShell\Modules\Pester\5.7.1\Pester.psm1:3267
at Run-Test, C:\Users\alexa\OneDrive\Documents\PowerShell\Modules\Pester\5.7.1\Pester.psm1:1691
at Invoke-Test, C:\Users\alexa\OneDrive\Documents\PowerShell\Modules\Pester\5.7.1\Pester.psm1:2512
at Invoke-Pester&lt;End&gt;, C:\Users\alexa\OneDrive\Documents\PowerShell\Modules\Pester\5.7.1\Pester.psm1:4960
at &lt;ScriptBlock&gt;, &lt;No file&gt;:1</stack-trace>
                    </failure>
                  </test-case>
                  <test-case description="should have default configuration file" name="CoreApp Module Tests.Module Structure Validation.should have default configuration file" time="0.0101" asserts="0" success="True" result="Success" executed="True" />
                  <test-case description="should have scripts directory with core scripts" name="CoreApp Module Tests.Module Structure Validation.should have scripts directory with core scripts" time="0.0107" asserts="0" success="True" result="Success" executed="True" />
                </results>
              </test-suite>
              <test-suite type="TestFixture" name="CoreApp Module Tests.Module Import and Loading" executed="True" result="Failure" success="False" time="0.1038" asserts="0" description="CoreApp Module Tests.Module Import and Loading">
                <results>
                  <test-case description="should import CoreApp module successfully" name="CoreApp Module Tests.Module Import and Loading.should import CoreApp module successfully" time="0.0134" asserts="0" success="True" result="Success" executed="True" />
                  <test-case description="should export Invoke-CoreApplication function" name="CoreApp Module Tests.Module Import and Loading.should export Invoke-CoreApplication function" time="0.0284" asserts="0" success="False" result="Failure" executed="True">
                    <failure>
                      <message>Expected a value, but got $null or empty.</message>
                      <stack-trace>at Get-Command -Module CoreApp -Name "Invoke-CoreApplication" | Should -Not -BeNullOrEmpty, C:\Users\alexa\OneDrive\Documents\0. wizzense\AitherZero\tests\integration\CoreApp.Tests.ps1:101
at Invoke-Assertion, C:\Users\alexa\OneDrive\Documents\PowerShell\Modules\Pester\5.7.1\Pester.psm1:8250
at Should&lt;End&gt;, C:\Users\alexa\OneDrive\Documents\PowerShell\Modules\Pester\5.7.1\Pester.psm1:8186
at &lt;ScriptBlock&gt;, C:\Users\alexa\OneDrive\Documents\0. wizzense\AitherZero\tests\integration\CoreApp.Tests.ps1:101
at &lt;ScriptBlock&gt;, C:\Users\alexa\OneDrive\Documents\PowerShell\Modules\Pester\5.7.1\Pester.psm1:2024
at &lt;ScriptBlock&gt;, C:\Users\alexa\OneDrive\Documents\PowerShell\Modules\Pester\5.7.1\Pester.psm1:1985
at Invoke-ScriptBlock, C:\Users\alexa\OneDrive\Documents\PowerShell\Modules\Pester\5.7.1\Pester.psm1:2157
at Invoke-TestItem, C:\Users\alexa\OneDrive\Documents\PowerShell\Modules\Pester\5.7.1\Pester.psm1:1199
at Invoke-Block, C:\Users\alexa\OneDrive\Documents\PowerShell\Modules\Pester\5.7.1\Pester.psm1:835
at &lt;ScriptBlock&gt;, C:\Users\alexa\OneDrive\Documents\PowerShell\Modules\Pester\5.7.1\Pester.psm1:893
at &lt;ScriptBlock&gt;, C:\Users\alexa\OneDrive\Documents\PowerShell\Modules\Pester\5.7.1\Pester.psm1:2024
at &lt;ScriptBlock&gt;, C:\Users\alexa\OneDrive\Documents\PowerShell\Modules\Pester\5.7.1\Pester.psm1:1985
at Invoke-ScriptBlock, C:\Users\alexa\OneDrive\Documents\PowerShell\Modules\Pester\5.7.1\Pester.psm1:2160
at Invoke-Block, C:\Users\alexa\OneDrive\Documents\PowerShell\Modules\Pester\5.7.1\Pester.psm1:940
at &lt;ScriptBlock&gt;, C:\Users\alexa\OneDrive\Documents\PowerShell\Modules\Pester\5.7.1\Pester.psm1:893
at &lt;ScriptBlock&gt;, C:\Users\alexa\OneDrive\Documents\PowerShell\Modules\Pester\5.7.1\Pester.psm1:2024
at &lt;ScriptBlock&gt;, C:\Users\alexa\OneDrive\Documents\PowerShell\Modules\Pester\5.7.1\Pester.psm1:1985
at Invoke-ScriptBlock, C:\Users\alexa\OneDrive\Documents\PowerShell\Modules\Pester\5.7.1\Pester.psm1:2160
at Invoke-Block, C:\Users\alexa\OneDrive\Documents\PowerShell\Modules\Pester\5.7.1\Pester.psm1:940
at &lt;ScriptBlock&gt;, C:\Users\alexa\OneDrive\Documents\PowerShell\Modules\Pester\5.7.1\Pester.psm1:893
at &lt;ScriptBlock&gt;, C:\Users\alexa\OneDrive\Documents\PowerShell\Modules\Pester\5.7.1\Pester.psm1:2024
at &lt;ScriptBlock&gt;, C:\Users\alexa\OneDrive\Documents\PowerShell\Modules\Pester\5.7.1\Pester.psm1:1985
at Invoke-ScriptBlock, C:\Users\alexa\OneDrive\Documents\PowerShell\Modules\Pester\5.7.1\Pester.psm1:2160
at Invoke-Block, C:\Users\alexa\OneDrive\Documents\PowerShell\Modules\Pester\5.7.1\Pester.psm1:940
at &lt;ScriptBlock&gt;, C:\Users\alexa\OneDrive\Documents\PowerShell\Modules\Pester\5.7.1\Pester.psm1:1688
at &lt;ScriptBlock&gt;, C:\Users\alexa\OneDrive\Documents\PowerShell\Modules\Pester\5.7.1\Pester.ps1:3
at &lt;ScriptBlock&gt;, C:\Users\alexa\OneDrive\Documents\PowerShell\Modules\Pester\5.7.1\Pester.psm1:3260
at Invoke-InNewScriptScope, C:\Users\alexa\OneDrive\Documents\PowerShell\Modules\Pester\5.7.1\Pester.psm1:3267
at Run-Test, C:\Users\alexa\OneDrive\Documents\PowerShell\Modules\Pester\5.7.1\Pester.psm1:1691
at Invoke-Test, C:\Users\alexa\OneDrive\Documents\PowerShell\Modules\Pester\5.7.1\Pester.psm1:2512
at Invoke-Pester&lt;End&gt;, C:\Users\alexa\OneDrive\Documents\PowerShell\Modules\Pester\5.7.1\Pester.psm1:4960
at &lt;ScriptBlock&gt;, &lt;No file&gt;:1</stack-trace>
                    </failure>
                  </test-case>
                  <test-case description="should have proper environment variable support" name="CoreApp Module Tests.Module Import and Loading.should have proper environment variable support" time="0.0063" asserts="0" success="True" result="Success" executed="True" />
                </results>
              </test-suite>
            </results>
          </test-suite>
          <test-suite type="TestFixture" name="Core Application Scripts Tests" executed="True" result="Failure" success="False" time="0.2968" asserts="0" description="Core Application Scripts Tests">
            <results>
              <test-suite type="TestFixture" name="Core Application Scripts Tests.Script Syntax and Structure Validation" executed="True" result="Failure" success="False" time="0.0893" asserts="0" description="Core Application Scripts Tests.Script Syntax and Structure Validation">
                <results>
                  <test-case description="should have valid PowerShell syntax for all core scripts" name="Core Application Scripts Tests.Script Syntax and Structure Validation.should have valid PowerShell syntax for all core scripts" time="0.0331" asserts="0" success="False" result="Failure" executed="True">
                    <failure>
                      <message>Expected 0, because Script 0202_Install-NodeGlobalPackages.ps1 should have valid syntax, but got 1.</message>
                      <stack-trace>at $errorCount | Should -Be 0 -Because "Script $($script.Name) should have valid syntax", C:\Users\alexa\OneDrive\Documents\0. wizzense\AitherZero\tests\integration\CoreApp.Tests.ps1:123
at Invoke-Assertion, C:\Users\alexa\OneDrive\Documents\PowerShell\Modules\Pester\5.7.1\Pester.psm1:8250
at Should&lt;End&gt;, C:\Users\alexa\OneDrive\Documents\PowerShell\Modules\Pester\5.7.1\Pester.psm1:8189
at &lt;ScriptBlock&gt;, C:\Users\alexa\OneDrive\Documents\0. wizzense\AitherZero\tests\integration\CoreApp.Tests.ps1:123
at &lt;ScriptBlock&gt;, C:\Users\alexa\OneDrive\Documents\PowerShell\Modules\Pester\5.7.1\Pester.psm1:2024
at &lt;ScriptBlock&gt;, C:\Users\alexa\OneDrive\Documents\PowerShell\Modules\Pester\5.7.1\Pester.psm1:1985
at Invoke-ScriptBlock, C:\Users\alexa\OneDrive\Documents\PowerShell\Modules\Pester\5.7.1\Pester.psm1:2157
at Invoke-TestItem, C:\Users\alexa\OneDrive\Documents\PowerShell\Modules\Pester\5.7.1\Pester.psm1:1199
at Invoke-Block, C:\Users\alexa\OneDrive\Documents\PowerShell\Modules\Pester\5.7.1\Pester.psm1:835
at &lt;ScriptBlock&gt;, C:\Users\alexa\OneDrive\Documents\PowerShell\Modules\Pester\5.7.1\Pester.psm1:893
at &lt;ScriptBlock&gt;, C:\Users\alexa\OneDrive\Documents\PowerShell\Modules\Pester\5.7.1\Pester.psm1:2024
at &lt;ScriptBlock&gt;, C:\Users\alexa\OneDrive\Documents\PowerShell\Modules\Pester\5.7.1\Pester.psm1:1985
at Invoke-ScriptBlock, C:\Users\alexa\OneDrive\Documents\PowerShell\Modules\Pester\5.7.1\Pester.psm1:2160
at Invoke-Block, C:\Users\alexa\OneDrive\Documents\PowerShell\Modules\Pester\5.7.1\Pester.psm1:940
at &lt;ScriptBlock&gt;, C:\Users\alexa\OneDrive\Documents\PowerShell\Modules\Pester\5.7.1\Pester.psm1:893
at &lt;ScriptBlock&gt;, C:\Users\alexa\OneDrive\Documents\PowerShell\Modules\Pester\5.7.1\Pester.psm1:2024
at &lt;ScriptBlock&gt;, C:\Users\alexa\OneDrive\Documents\PowerShell\Modules\Pester\5.7.1\Pester.psm1:1985
at Invoke-ScriptBlock, C:\Users\alexa\OneDrive\Documents\PowerShell\Modules\Pester\5.7.1\Pester.psm1:2160
at Invoke-Block, C:\Users\alexa\OneDrive\Documents\PowerShell\Modules\Pester\5.7.1\Pester.psm1:940
at &lt;ScriptBlock&gt;, C:\Users\alexa\OneDrive\Documents\PowerShell\Modules\Pester\5.7.1\Pester.psm1:893
at &lt;ScriptBlock&gt;, C:\Users\alexa\OneDrive\Documents\PowerShell\Modules\Pester\5.7.1\Pester.psm1:2024
at &lt;ScriptBlock&gt;, C:\Users\alexa\OneDrive\Documents\PowerShell\Modules\Pester\5.7.1\Pester.psm1:1985
at Invoke-ScriptBlock, C:\Users\alexa\OneDrive\Documents\PowerShell\Modules\Pester\5.7.1\Pester.psm1:2160
at Invoke-Block, C:\Users\alexa\OneDrive\Documents\PowerShell\Modules\Pester\5.7.1\Pester.psm1:940
at &lt;ScriptBlock&gt;, C:\Users\alexa\OneDrive\Documents\PowerShell\Modules\Pester\5.7.1\Pester.psm1:1688
at &lt;ScriptBlock&gt;, C:\Users\alexa\OneDrive\Documents\PowerShell\Modules\Pester\5.7.1\Pester.ps1:3
at &lt;ScriptBlock&gt;, C:\Users\alexa\OneDrive\Documents\PowerShell\Modules\Pester\5.7.1\Pester.psm1:3260
at Invoke-InNewScriptScope, C:\Users\alexa\OneDrive\Documents\PowerShell\Modules\Pester\5.7.1\Pester.psm1:3267
at Run-Test, C:\Users\alexa\OneDrive\Documents\PowerShell\Modules\Pester\5.7.1\Pester.psm1:1691
at Invoke-Test, C:\Users\alexa\OneDrive\Documents\PowerShell\Modules\Pester\5.7.1\Pester.psm1:2512
at Invoke-Pester&lt;End&gt;, C:\Users\alexa\OneDrive\Documents\PowerShell\Modules\Pester\5.7.1\Pester.psm1:4960
at &lt;ScriptBlock&gt;, &lt;No file&gt;:1</stack-trace>
                    </failure>
                  </test-case>
                  <test-case description="should follow PowerShell 7.0+ requirements" name="Core Application Scripts Tests.Script Syntax and Structure Validation.should follow PowerShell 7.0+ requirements" time="0.0357" asserts="0" success="True" result="Success" executed="True" />
                  <test-case description="should use proper error handling patterns" name="Core Application Scripts Tests.Script Syntax and Structure Validation.should use proper error handling patterns" time="0.0153" asserts="0" success="False" result="Failure" executed="True">
                    <failure>
                      <message>Expected regular expression 'try\s*\{[\s\S]*?\}\s*catch' to match '#Requires -Version 7.0
[CmdletBinding(SupportsShouldProcess)]
param(
    [Parameter(Mandatory, ValueFromPipeline)]
    [object]$Config
)
Import-Module "$env:PROJECT_ROOT/aither-core/modules/LabRunner" -Force
Import-Module "$env:PROJECT_ROOT/aither-core/modules/Logging" -Force
Write-CustomLog "Starting $($MyInvocation.MyCommand.Name)"
Invoke-LabStep -Config $Config -Body {
    Write-CustomLog "Running $($MyInvocation.MyCommand.Name)"
    Write-CustomLog "Configuring Firewall rules..."
    if ($null -ne $Config.FirewallPorts) {
        foreach ($port in $Config.FirewallPorts) {
            Write-CustomLog " - Opening TCP port $port"
            New-NetFirewallRule -DisplayName "Open Port $port" `
                                -Direction Inbound `
                                -Protocol TCP `
                                -LocalPort $port `
                                -Action Allow | Out-Null
        }
    } else {
        Write-CustomLog 'No FirewallPorts specified. Skipping.'
    }
}
Write-CustomLog "Completed $($MyInvocation.MyCommand.Name)"', because 0102_Configure-Firewall.ps1 should use try-catch error handling, but it did not match.</message>
                      <stack-trace>at $content | Should -Match 'try\s*\{[\s\S]*?\}\s*catch' -Because "$($script.Name) should use try-catch error handling", C:\Users\alexa\OneDrive\Documents\0. wizzense\AitherZero\tests\integration\CoreApp.Tests.ps1:141
at Invoke-Assertion, C:\Users\alexa\OneDrive\Documents\PowerShell\Modules\Pester\5.7.1\Pester.psm1:8250
at Should&lt;End&gt;, C:\Users\alexa\OneDrive\Documents\PowerShell\Modules\Pester\5.7.1\Pester.psm1:8193
at &lt;ScriptBlock&gt;, C:\Users\alexa\OneDrive\Documents\0. wizzense\AitherZero\tests\integration\CoreApp.Tests.ps1:141
at &lt;ScriptBlock&gt;, C:\Users\alexa\OneDrive\Documents\PowerShell\Modules\Pester\5.7.1\Pester.psm1:2024
at &lt;ScriptBlock&gt;, C:\Users\alexa\OneDrive\Documents\PowerShell\Modules\Pester\5.7.1\Pester.psm1:1985
at Invoke-ScriptBlock, C:\Users\alexa\OneDrive\Documents\PowerShell\Modules\Pester\5.7.1\Pester.psm1:2157
at Invoke-TestItem, C:\Users\alexa\OneDrive\Documents\PowerShell\Modules\Pester\5.7.1\Pester.psm1:1199
at Invoke-Block, C:\Users\alexa\OneDrive\Documents\PowerShell\Modules\Pester\5.7.1\Pester.psm1:835
at &lt;ScriptBlock&gt;, C:\Users\alexa\OneDrive\Documents\PowerShell\Modules\Pester\5.7.1\Pester.psm1:893
at &lt;ScriptBlock&gt;, C:\Users\alexa\OneDrive\Documents\PowerShell\Modules\Pester\5.7.1\Pester.psm1:2024
at &lt;ScriptBlock&gt;, C:\Users\alexa\OneDrive\Documents\PowerShell\Modules\Pester\5.7.1\Pester.psm1:1985
at Invoke-ScriptBlock, C:\Users\alexa\OneDrive\Documents\PowerShell\Modules\Pester\5.7.1\Pester.psm1:2160
at Invoke-Block, C:\Users\alexa\OneDrive\Documents\PowerShell\Modules\Pester\5.7.1\Pester.psm1:940
at &lt;ScriptBlock&gt;, C:\Users\alexa\OneDrive\Documents\PowerShell\Modules\Pester\5.7.1\Pester.psm1:893
at &lt;ScriptBlock&gt;, C:\Users\alexa\OneDrive\Documents\PowerShell\Modules\Pester\5.7.1\Pester.psm1:2024
at &lt;ScriptBlock&gt;, C:\Users\alexa\OneDrive\Documents\PowerShell\Modules\Pester\5.7.1\Pester.psm1:1985
at Invoke-ScriptBlock, C:\Users\alexa\OneDrive\Documents\PowerShell\Modules\Pester\5.7.1\Pester.psm1:2160
at Invoke-Block, C:\Users\alexa\OneDrive\Documents\PowerShell\Modules\Pester\5.7.1\Pester.psm1:940
at &lt;ScriptBlock&gt;, C:\Users\alexa\OneDrive\Documents\PowerShell\Modules\Pester\5.7.1\Pester.psm1:893
at &lt;ScriptBlock&gt;, C:\Users\alexa\OneDrive\Documents\PowerShell\Modules\Pester\5.7.1\Pester.psm1:2024
at &lt;ScriptBlock&gt;, C:\Users\alexa\OneDrive\Documents\PowerShell\Modules\Pester\5.7.1\Pester.psm1:1985
at Invoke-ScriptBlock, C:\Users\alexa\OneDrive\Documents\PowerShell\Modules\Pester\5.7.1\Pester.psm1:2160
at Invoke-Block, C:\Users\alexa\OneDrive\Documents\PowerShell\Modules\Pester\5.7.1\Pester.psm1:940
at &lt;ScriptBlock&gt;, C:\Users\alexa\OneDrive\Documents\PowerShell\Modules\Pester\5.7.1\Pester.psm1:1688
at &lt;ScriptBlock&gt;, C:\Users\alexa\OneDrive\Documents\PowerShell\Modules\Pester\5.7.1\Pester.ps1:3
at &lt;ScriptBlock&gt;, C:\Users\alexa\OneDrive\Documents\PowerShell\Modules\Pester\5.7.1\Pester.psm1:3260
at Invoke-InNewScriptScope, C:\Users\alexa\OneDrive\Documents\PowerShell\Modules\Pester\5.7.1\Pester.psm1:3267
at Run-Test, C:\Users\alexa\OneDrive\Documents\PowerShell\Modules\Pester\5.7.1\Pester.psm1:1691
at Invoke-Test, C:\Users\alexa\OneDrive\Documents\PowerShell\Modules\Pester\5.7.1\Pester.psm1:2512
at Invoke-Pester&lt;End&gt;, C:\Users\alexa\OneDrive\Documents\PowerShell\Modules\Pester\5.7.1\Pester.psm1:4960
at &lt;ScriptBlock&gt;, &lt;No file&gt;:1</stack-trace>
                    </failure>
                  </test-case>
                </results>
              </test-suite>
              <test-suite type="TestFixture" name="Core Application Scripts Tests.Script Content Analysis" executed="True" result="Failure" success="False" time="0.1783" asserts="0" description="Core Application Scripts Tests.Script Content Analysis">
                <results>
                  <test-case description="should define expected functions in numbered scripts" name="Core Application Scripts Tests.Script Content Analysis.should define expected functions in numbered scripts" time="0.0164" asserts="0" success="False" result="Failure" executed="True">
                    <failure>
                      <message>Expected regular expression 'function\s+Install-ValidationTools' to match '#Requires -Version 7.0
[CmdletBinding()]
param(
    [Parameter()]
    [object]$Config
)
Import-Module "$env:PROJECT_ROOT/aither-core/modules/LabRunner" -Force
Import-Module "$env:PROJECT_ROOT/aither-core/modules/Logging" -Force
Write-CustomLog "Starting $($MyInvocation.MyCommand.Name)"
Invoke-LabStep -Config $Config -Body {
    Write-CustomLog "Running $($MyInvocation.MyCommand.Name)"
    # Install validation tools needed for the lab environment
    $tools = @(
        'PSScriptAnalyzer',
        'Pester'
    )
    foreach ($tool in $tools) {
        try {
            if (-not (Get-Module -ListAvailable -Name $tool)) {
                Write-CustomLog "Installing $tool..."
                Install-Module -Name $tool -Force -AllowClobber -Scope CurrentUser
                Write-CustomLog "Successfully installed $tool"
            } else {
                Write-CustomLog "$tool is already installed"
            }
        } catch {
            Write-CustomLog -Level 'ERROR' -Message "Failed to install $tool : $($_.Exception.Message)"
        }
    }
    Write-CustomLog "Completed $($MyInvocation.MyCommand.Name)"
}
Write-CustomLog "Completed $($MyInvocation.MyCommand.Name)"', because 0006_Install-ValidationTools.ps1 should define Install-ValidationTools function, but it did not match.</message>
                      <stack-trace>at $content | Should -Match "function\s+$expectedFunctionName" -Because "$($script.Name) should define $expectedFunctionName function", C:\Users\alexa\OneDrive\Documents\0. wizzense\AitherZero\tests\integration\CoreApp.Tests.ps1:155
at Invoke-Assertion, C:\Users\alexa\OneDrive\Documents\PowerShell\Modules\Pester\5.7.1\Pester.psm1:8250
at Should&lt;End&gt;, C:\Users\alexa\OneDrive\Documents\PowerShell\Modules\Pester\5.7.1\Pester.psm1:8193
at &lt;ScriptBlock&gt;, C:\Users\alexa\OneDrive\Documents\0. wizzense\AitherZero\tests\integration\CoreApp.Tests.ps1:155
at &lt;ScriptBlock&gt;, C:\Users\alexa\OneDrive\Documents\PowerShell\Modules\Pester\5.7.1\Pester.psm1:2024
at &lt;ScriptBlock&gt;, C:\Users\alexa\OneDrive\Documents\PowerShell\Modules\Pester\5.7.1\Pester.psm1:1985
at Invoke-ScriptBlock, C:\Users\alexa\OneDrive\Documents\PowerShell\Modules\Pester\5.7.1\Pester.psm1:2157
at Invoke-TestItem, C:\Users\alexa\OneDrive\Documents\PowerShell\Modules\Pester\5.7.1\Pester.psm1:1199
at Invoke-Block, C:\Users\alexa\OneDrive\Documents\PowerShell\Modules\Pester\5.7.1\Pester.psm1:835
at &lt;ScriptBlock&gt;, C:\Users\alexa\OneDrive\Documents\PowerShell\Modules\Pester\5.7.1\Pester.psm1:893
at &lt;ScriptBlock&gt;, C:\Users\alexa\OneDrive\Documents\PowerShell\Modules\Pester\5.7.1\Pester.psm1:2024
at &lt;ScriptBlock&gt;, C:\Users\alexa\OneDrive\Documents\PowerShell\Modules\Pester\5.7.1\Pester.psm1:1985
at Invoke-ScriptBlock, C:\Users\alexa\OneDrive\Documents\PowerShell\Modules\Pester\5.7.1\Pester.psm1:2160
at Invoke-Block, C:\Users\alexa\OneDrive\Documents\PowerShell\Modules\Pester\5.7.1\Pester.psm1:940
at &lt;ScriptBlock&gt;, C:\Users\alexa\OneDrive\Documents\PowerShell\Modules\Pester\5.7.1\Pester.psm1:893
at &lt;ScriptBlock&gt;, C:\Users\alexa\OneDrive\Documents\PowerShell\Modules\Pester\5.7.1\Pester.psm1:2024
at &lt;ScriptBlock&gt;, C:\Users\alexa\OneDrive\Documents\PowerShell\Modules\Pester\5.7.1\Pester.psm1:1985
at Invoke-ScriptBlock, C:\Users\alexa\OneDrive\Documents\PowerShell\Modules\Pester\5.7.1\Pester.psm1:2160
at Invoke-Block, C:\Users\alexa\OneDrive\Documents\PowerShell\Modules\Pester\5.7.1\Pester.psm1:940
at &lt;ScriptBlock&gt;, C:\Users\alexa\OneDrive\Documents\PowerShell\Modules\Pester\5.7.1\Pester.psm1:893
at &lt;ScriptBlock&gt;, C:\Users\alexa\OneDrive\Documents\PowerShell\Modules\Pester\5.7.1\Pester.psm1:2024
at &lt;ScriptBlock&gt;, C:\Users\alexa\OneDrive\Documents\PowerShell\Modules\Pester\5.7.1\Pester.psm1:1985
at Invoke-ScriptBlock, C:\Users\alexa\OneDrive\Documents\PowerShell\Modules\Pester\5.7.1\Pester.psm1:2160
at Invoke-Block, C:\Users\alexa\OneDrive\Documents\PowerShell\Modules\Pester\5.7.1\Pester.psm1:940
at &lt;ScriptBlock&gt;, C:\Users\alexa\OneDrive\Documents\PowerShell\Modules\Pester\5.7.1\Pester.psm1:1688
at &lt;ScriptBlock&gt;, C:\Users\alexa\OneDrive\Documents\PowerShell\Modules\Pester\5.7.1\Pester.ps1:3
at &lt;ScriptBlock&gt;, C:\Users\alexa\OneDrive\Documents\PowerShell\Modules\Pester\5.7.1\Pester.psm1:3260
at Invoke-InNewScriptScope, C:\Users\alexa\OneDrive\Documents\PowerShell\Modules\Pester\5.7.1\Pester.psm1:3267
at Run-Test, C:\Users\alexa\OneDrive\Documents\PowerShell\Modules\Pester\5.7.1\Pester.psm1:1691
at Invoke-Test, C:\Users\alexa\OneDrive\Documents\PowerShell\Modules\Pester\5.7.1\Pester.psm1:2512
at Invoke-Pester&lt;End&gt;, C:\Users\alexa\OneDrive\Documents\PowerShell\Modules\Pester\5.7.1\Pester.psm1:4960
at &lt;ScriptBlock&gt;, &lt;No file&gt;:1</stack-trace>
                    </failure>
                  </test-case>
                  <test-case description="should have main execution logic" name="Core Application Scripts Tests.Script Content Analysis.should have main execution logic" time="0.0321" asserts="0" success="True" result="Success" executed="True" />
                  <test-case description="should use standardized logging" name="Core Application Scripts Tests.Script Content Analysis.should use standardized logging" time="0.034" asserts="0" success="True" result="Success" executed="True" />
                </results>
              </test-suite>
            </results>
          </test-suite>
          <test-suite type="TestFixture" name="Core Application Integration Tests" executed="True" result="Failure" success="False" time="0.5646" asserts="0" description="Core Application Integration Tests">
            <results>
              <test-suite type="TestFixture" name="Core Application Integration Tests.Invoke-CoreApplication Function Tests" executed="True" result="Failure" success="False" time="0.0766" asserts="0" description="Core Application Integration Tests.Invoke-CoreApplication Function Tests">
                <results>
                  <test-case description="should accept ConfigPath parameter" name="Core Application Integration Tests.Invoke-CoreApplication Function Tests.should accept ConfigPath parameter" time="0.0103" asserts="0" success="True" result="Success" executed="True" />
                  <test-case description="should validate configuration file exists" name="Core Application Integration Tests.Invoke-CoreApplication Function Tests.should validate configuration file exists" time="0.0322" asserts="0" success="False" result="Failure" executed="True">
                    <failure>
                      <message>Expected no exception to be thrown, but an exception "The term 'Write-CustomLog' is not recognized as a name of a cmdlet, function, script file, or executable program.
Check the spelling of the name, or if a path was included, verify that the path is correct and try again." was thrown from C:\Users\alexa\OneDrive\Documents\0. wizzense\AitherZero\tests\integration\CoreApp.Tests.ps1:197 char:19
    + …              { Invoke-CoreApplication -ConfigPath $tempConfig } | Sho …
    +                  ~~~~~~~~~~~~~~~~~~~~~~~~~~~~~~~~~~~~~~~~~~~~~~.</message>
                      <stack-trace>at { Invoke-CoreApplication -ConfigPath $tempConfig } | Should -Not -Throw, C:\Users\alexa\OneDrive\Documents\0. wizzense\AitherZero\tests\integration\CoreApp.Tests.ps1:197
at Invoke-Assertion, C:\Users\alexa\OneDrive\Documents\PowerShell\Modules\Pester\5.7.1\Pester.psm1:8250
at Should&lt;End&gt;, C:\Users\alexa\OneDrive\Documents\PowerShell\Modules\Pester\5.7.1\Pester.psm1:8193
at &lt;ScriptBlock&gt;, C:\Users\alexa\OneDrive\Documents\0. wizzense\AitherZero\tests\integration\CoreApp.Tests.ps1:197
at &lt;ScriptBlock&gt;, C:\Users\alexa\OneDrive\Documents\PowerShell\Modules\Pester\5.7.1\Pester.psm1:2024
at &lt;ScriptBlock&gt;, C:\Users\alexa\OneDrive\Documents\PowerShell\Modules\Pester\5.7.1\Pester.psm1:1985
at Invoke-ScriptBlock, C:\Users\alexa\OneDrive\Documents\PowerShell\Modules\Pester\5.7.1\Pester.psm1:2157
at Invoke-TestItem, C:\Users\alexa\OneDrive\Documents\PowerShell\Modules\Pester\5.7.1\Pester.psm1:1199
at Invoke-Block, C:\Users\alexa\OneDrive\Documents\PowerShell\Modules\Pester\5.7.1\Pester.psm1:835
at &lt;ScriptBlock&gt;, C:\Users\alexa\OneDrive\Documents\PowerShell\Modules\Pester\5.7.1\Pester.psm1:893
at &lt;ScriptBlock&gt;, C:\Users\alexa\OneDrive\Documents\PowerShell\Modules\Pester\5.7.1\Pester.psm1:2024
at &lt;ScriptBlock&gt;, C:\Users\alexa\OneDrive\Documents\PowerShell\Modules\Pester\5.7.1\Pester.psm1:1985
at Invoke-ScriptBlock, C:\Users\alexa\OneDrive\Documents\PowerShell\Modules\Pester\5.7.1\Pester.psm1:2160
at Invoke-Block, C:\Users\alexa\OneDrive\Documents\PowerShell\Modules\Pester\5.7.1\Pester.psm1:940
at &lt;ScriptBlock&gt;, C:\Users\alexa\OneDrive\Documents\PowerShell\Modules\Pester\5.7.1\Pester.psm1:893
at &lt;ScriptBlock&gt;, C:\Users\alexa\OneDrive\Documents\PowerShell\Modules\Pester\5.7.1\Pester.psm1:2024
at &lt;ScriptBlock&gt;, C:\Users\alexa\OneDrive\Documents\PowerShell\Modules\Pester\5.7.1\Pester.psm1:1985
at Invoke-ScriptBlock, C:\Users\alexa\OneDrive\Documents\PowerShell\Modules\Pester\5.7.1\Pester.psm1:2160
at Invoke-Block, C:\Users\alexa\OneDrive\Documents\PowerShell\Modules\Pester\5.7.1\Pester.psm1:940
at &lt;ScriptBlock&gt;, C:\Users\alexa\OneDrive\Documents\PowerShell\Modules\Pester\5.7.1\Pester.psm1:893
at &lt;ScriptBlock&gt;, C:\Users\alexa\OneDrive\Documents\PowerShell\Modules\Pester\5.7.1\Pester.psm1:2024
at &lt;ScriptBlock&gt;, C:\Users\alexa\OneDrive\Documents\PowerShell\Modules\Pester\5.7.1\Pester.psm1:1985
at Invoke-ScriptBlock, C:\Users\alexa\OneDrive\Documents\PowerShell\Modules\Pester\5.7.1\Pester.psm1:2160
at Invoke-Block, C:\Users\alexa\OneDrive\Documents\PowerShell\Modules\Pester\5.7.1\Pester.psm1:940
at &lt;ScriptBlock&gt;, C:\Users\alexa\OneDrive\Documents\PowerShell\Modules\Pester\5.7.1\Pester.psm1:1688
at &lt;ScriptBlock&gt;, C:\Users\alexa\OneDrive\Documents\PowerShell\Modules\Pester\5.7.1\Pester.ps1:3
at &lt;ScriptBlock&gt;, C:\Users\alexa\OneDrive\Documents\PowerShell\Modules\Pester\5.7.1\Pester.psm1:3260
at Invoke-InNewScriptScope, C:\Users\alexa\OneDrive\Documents\PowerShell\Modules\Pester\5.7.1\Pester.psm1:3267
at Run-Test, C:\Users\alexa\OneDrive\Documents\PowerShell\Modules\Pester\5.7.1\Pester.psm1:1691
at Invoke-Test, C:\Users\alexa\OneDrive\Documents\PowerShell\Modules\Pester\5.7.1\Pester.psm1:2512
at Invoke-Pester&lt;End&gt;, C:\Users\alexa\OneDrive\Documents\PowerShell\Modules\Pester\5.7.1\Pester.psm1:4960
at &lt;ScriptBlock&gt;, &lt;No file&gt;:1</stack-trace>
                    </failure>
                  </test-case>
                  <test-case description="should handle missing configuration gracefully" name="Core Application Integration Tests.Invoke-CoreApplication Function Tests.should handle missing configuration gracefully" time="0.0249" asserts="0" success="True" result="Success" executed="True" />
                </results>
              </test-suite>
              <test-suite type="TestFixture" name="Core Application Integration Tests.PatchManager Integration" executed="True" result="Failure" success="False" time="0.2631" asserts="0" description="Core Application Integration Tests.PatchManager Integration">
                <results>
                  <test-case description="should be compatible with PatchManager workflow" name="Core Application Integration Tests.PatchManager Integration.should be compatible with PatchManager workflow" time="0.1463" asserts="0" success="True" result="Success" executed="True" />
                  <test-case description="should support PatchManager change tracking" name="Core Application Integration Tests.PatchManager Integration.should support PatchManager change tracking" time="0.0327" asserts="0" success="False" result="Failure" executed="True">
                    <failure>
                      <message>Expected a value, but got $null or empty.</message>
                      <stack-trace>at $patchManager | Should -Not -BeNullOrEmpty, C:\Users\alexa\OneDrive\Documents\0. wizzense\AitherZero\tests\integration\CoreApp.Tests.ps1:220
at Invoke-Assertion, C:\Users\alexa\OneDrive\Documents\PowerShell\Modules\Pester\5.7.1\Pester.psm1:8250
at Should&lt;End&gt;, C:\Users\alexa\OneDrive\Documents\PowerShell\Modules\Pester\5.7.1\Pester.psm1:8186
at &lt;ScriptBlock&gt;, C:\Users\alexa\OneDrive\Documents\0. wizzense\AitherZero\tests\integration\CoreApp.Tests.ps1:220
at &lt;ScriptBlock&gt;, C:\Users\alexa\OneDrive\Documents\PowerShell\Modules\Pester\5.7.1\Pester.psm1:2024
at &lt;ScriptBlock&gt;, C:\Users\alexa\OneDrive\Documents\PowerShell\Modules\Pester\5.7.1\Pester.psm1:1985
at Invoke-ScriptBlock, C:\Users\alexa\OneDrive\Documents\PowerShell\Modules\Pester\5.7.1\Pester.psm1:2157
at Invoke-TestItem, C:\Users\alexa\OneDrive\Documents\PowerShell\Modules\Pester\5.7.1\Pester.psm1:1199
at Invoke-Block, C:\Users\alexa\OneDrive\Documents\PowerShell\Modules\Pester\5.7.1\Pester.psm1:835
at &lt;ScriptBlock&gt;, C:\Users\alexa\OneDrive\Documents\PowerShell\Modules\Pester\5.7.1\Pester.psm1:893
at &lt;ScriptBlock&gt;, C:\Users\alexa\OneDrive\Documents\PowerShell\Modules\Pester\5.7.1\Pester.psm1:2024
at &lt;ScriptBlock&gt;, C:\Users\alexa\OneDrive\Documents\PowerShell\Modules\Pester\5.7.1\Pester.psm1:1985
at Invoke-ScriptBlock, C:\Users\alexa\OneDrive\Documents\PowerShell\Modules\Pester\5.7.1\Pester.psm1:2160
at Invoke-Block, C:\Users\alexa\OneDrive\Documents\PowerShell\Modules\Pester\5.7.1\Pester.psm1:940
at &lt;ScriptBlock&gt;, C:\Users\alexa\OneDrive\Documents\PowerShell\Modules\Pester\5.7.1\Pester.psm1:893
at &lt;ScriptBlock&gt;, C:\Users\alexa\OneDrive\Documents\PowerShell\Modules\Pester\5.7.1\Pester.psm1:2024
at &lt;ScriptBlock&gt;, C:\Users\alexa\OneDrive\Documents\PowerShell\Modules\Pester\5.7.1\Pester.psm1:1985
at Invoke-ScriptBlock, C:\Users\alexa\OneDrive\Documents\PowerShell\Modules\Pester\5.7.1\Pester.psm1:2160
at Invoke-Block, C:\Users\alexa\OneDrive\Documents\PowerShell\Modules\Pester\5.7.1\Pester.psm1:940
at &lt;ScriptBlock&gt;, C:\Users\alexa\OneDrive\Documents\PowerShell\Modules\Pester\5.7.1\Pester.psm1:893
at &lt;ScriptBlock&gt;, C:\Users\alexa\OneDrive\Documents\PowerShell\Modules\Pester\5.7.1\Pester.psm1:2024
at &lt;ScriptBlock&gt;, C:\Users\alexa\OneDrive\Documents\PowerShell\Modules\Pester\5.7.1\Pester.psm1:1985
at Invoke-ScriptBlock, C:\Users\alexa\OneDrive\Documents\PowerShell\Modules\Pester\5.7.1\Pester.psm1:2160
at Invoke-Block, C:\Users\alexa\OneDrive\Documents\PowerShell\Modules\Pester\5.7.1\Pester.psm1:940
at &lt;ScriptBlock&gt;, C:\Users\alexa\OneDrive\Documents\PowerShell\Modules\Pester\5.7.1\Pester.psm1:1688
at &lt;ScriptBlock&gt;, C:\Users\alexa\OneDrive\Documents\PowerShell\Modules\Pester\5.7.1\Pester.ps1:3
at &lt;ScriptBlock&gt;, C:\Users\alexa\OneDrive\Documents\PowerShell\Modules\Pester\5.7.1\Pester.psm1:3260
at Invoke-InNewScriptScope, C:\Users\alexa\OneDrive\Documents\PowerShell\Modules\Pester\5.7.1\Pester.psm1:3267
at Run-Test, C:\Users\alexa\OneDrive\Documents\PowerShell\Modules\Pester\5.7.1\Pester.psm1:1691
at Invoke-Test, C:\Users\alexa\OneDrive\Documents\PowerShell\Modules\Pester\5.7.1\Pester.psm1:2512
at Invoke-Pester&lt;End&gt;, C:\Users\alexa\OneDrive\Documents\PowerShell\Modules\Pester\5.7.1\Pester.psm1:4960
at &lt;ScriptBlock&gt;, &lt;No file&gt;:1</stack-trace>
                    </failure>
                  </test-case>
                </results>
              </test-suite>
            </results>
          </test-suite>
          <test-suite type="TestFixture" name="Core Application Cross-Platform Tests" executed="True" result="Success" success="True" time="0.6315" asserts="0" description="Core Application Cross-Platform Tests">
            <results>
              <test-suite type="TestFixture" name="Core Application Cross-Platform Tests.Platform Compatibility" executed="True" result="Success" success="True" time="0.0626" asserts="0" description="Core Application Cross-Platform Tests.Platform Compatibility">
                <results>
                  <test-case description="should work on current platform" name="Core Application Cross-Platform Tests.Platform Compatibility.should work on current platform" time="0.0119" asserts="0" success="True" result="Success" executed="True" />
                  <test-case description="should handle platform-specific scripts appropriately" name="Core Application Cross-Platform Tests.Platform Compatibility.should handle platform-specific scripts appropriately" time="0.0091" asserts="0" success="True" result="Success" executed="True" />
                  <test-case description="should use cross-platform paths" name="Core Application Cross-Platform Tests.Platform Compatibility.should use cross-platform paths" time="0.0352" asserts="0" success="True" result="Success" executed="True" />
                </results>
              </test-suite>
            </results>
          </test-suite>
          <test-suite type="TestFixture" name="Automated Test Generation and Validation" executed="True" result="Failure" success="False" time="0.7276" asserts="0" description="Automated Test Generation and Validation">
            <results>
              <test-suite type="TestFixture" name="Automated Test Generation and Validation.Continuous Test Coverage" executed="True" result="Failure" success="False" time="0.0672" asserts="0" description="Automated Test Generation and Validation.Continuous Test Coverage">
                <results>
                  <test-case description="should have tests for all core scripts" name="Automated Test Generation and Validation.Continuous Test Coverage.should have tests for all core scripts" time="0.0171" asserts="0" success="False" result="Failure" executed="True">
                    <failure>
                      <message>Expected regular expression '0000_Cleanup-Files' to match '#Requires -Version 7.0
#Requires -Module Pester
&lt;#
.SYNOPSIS
    Comprehensive Pester tests for the CoreApp module and its scripts
    
.DESCRIPTION
    Tests the core application functionality including:
    - Module loading and configuration
    - Individual script execution
    - Cross-platform compatibility
    - Error handling and validation
    - Integration with PatchManager workflow
#&gt;
BeforeAll {
    # Set up environment variables if not already set
    if (-not $env:PROJECT_ROOT) {
        $env:PROJECT_ROOT = Split-Path (Split-Path $PSScriptRoot -Parent) -Parent
    }
    if (-not $env:PWSH_MODULES_PATH) {
        $env:PWSH_MODULES_PATH = Join-Path $env:PROJECT_ROOT "aither-core/modules"
    }
    
    # Import required modules and helpers  
    try {
        Import-Module "$env:PWSH_MODULES_PATH/Logging/" -Force -ErrorAction SilentlyContinue
        Import-Module "$env:PWSH_MODULES_PATH/PatchManager/" -Force -ErrorAction SilentlyContinue
    } catch {
        Write-Warning "Some modules could not be loaded: $_"
    }
    
    # Import test helpers if they exist
    $testHelpersPath = "$env:PROJECT_ROOT/tests/helpers/TestHelpers.ps1"
    if (Test-Path $testHelpersPath) {
        . $testHelpersPath
    }
    
    $scriptAstPath = "$env:PROJECT_ROOT/tests/helpers/Get-ScriptAst.ps1"
    if (Test-Path $scriptAstPath) {
        . $scriptAstPath
    }
    
    # Set up test environment
    $script:CoreAppPath = "$env:PROJECT_ROOT/aither-core"
    $script:DefaultConfigPath = "$script:CoreAppPath/default-config.json"
    $script:TestResults = @{}
    
    # Ensure test coverage directory exists
    if (-not (Test-Path "$env:PROJECT_ROOT/coverage")) {
        New-Item -ItemType Directory -Path "$env:PROJECT_ROOT/coverage" -Force | Out-Null
    }
}
Describe "CoreApp Module Tests" -Tag @('Critical', 'CoreApp', 'Module') {
    
    Context "Module Structure Validation" {
        
        It "should have valid module manifest" {
            $manifestPath = Join-Path $script:CoreAppPath "CoreApp.psd1"
            $manifestPath | Should -Exist
            
            { Test-ModuleManifest -Path $manifestPath } | Should -Not -Throw
        }
        
        It "should have module implementation file" {
            $modulePath = Join-Path $script:CoreAppPath "CoreApp.psm1"
            $modulePath | Should -Exist
              # Validate PowerShell syntax
            $errors = $null
            [System.Management.Automation.Language.Parser]::ParseFile($modulePath, [ref]$null, [ref]$errors) | Out-Null
            $errorCount = if ($errors) { $errors.Count } else { 0 }
            $errorCount | Should -Be 0
        }
        
        It "should have default configuration file" {
            $script:DefaultConfigPath | Should -Exist
            
            # Validate JSON structure
            { Get-Content $script:DefaultConfigPath | ConvertFrom-Json } | Should -Not -Throw
        }
        
        It "should have scripts directory with core scripts" {
            $scriptsPath = Join-Path $script:CoreAppPath "scripts"
            $scriptsPath | Should -Exist
            
            $coreScripts = Get-ChildItem -Path $scriptsPath -Filter "*.ps1"
            $coreScripts.Count | Should -BeGreaterThan 10
        }
    }
    
    Context "Module Import and Loading" {
        
        It "should import CoreApp module successfully" {
            { Import-Module "$script:CoreAppPath/" -Force } | Should -Not -Throw
        }
        
        It "should export Invoke-CoreApplication function" {
            Import-Module "$script:CoreAppPath/" -Force
            Get-Command -Module CoreApp -Name "Invoke-CoreApplication" | Should -Not -BeNullOrEmpty
        }
        
        It "should have proper environment variable support" {
            $env:PROJECT_ROOT | Should -Not -BeNullOrEmpty
            $env:PWSH_MODULES_PATH | Should -Not -BeNullOrEmpty
        }
    }
}
Describe "Core Application Scripts Tests" -Tag @('Important', 'CoreApp', 'Scripts') {
    
    BeforeAll {
        $script:CoreScripts = Get-ChildItem -Path "$script:CoreAppPath/scripts" -Filter "*.ps1"
    }
    
    Context "Script Syntax and Structure Validation" {
        
        It "should have valid PowerShell syntax for all core scripts" {            foreach ($script in $script:CoreScripts) {
                $errors = $null
                [System.Management.Automation.Language.Parser]::ParseFile($script.FullName, [ref]$null, [ref]$errors) | Out-Null
                $errorCount = if ($errors) { $errors.Count } else { 0 }
                $errorCount | Should -Be 0 -Because "Script $($script.Name) should have valid syntax"
            }
        }
        
        It "should follow PowerShell 7.0+ requirements" {
            foreach ($script in $script:CoreScripts) {
                $content = Get-Content $script.FullName -Raw
                if ($content -match '#Requires') {
                    $content | Should -Match '#Requires -Version 7\.0' -Because "$($script.Name) should require PowerShell 7.0+"
                }
            }
        }
        
        It "should use proper error handling patterns" {
            foreach ($script in $script:CoreScripts) {
                $content = Get-Content $script.FullName -Raw
                # Check for try-catch blocks in scripts that are likely to have them
                if ($script.Name -match '^(0[12]|Install-)') {
                    $content | Should -Match 'try\s*\{[\s\S]*?\}\s*catch' -Because "$($script.Name) should use try-catch error handling"
                }
            }
        }
    }
    
    Context "Script Content Analysis" {
        
        It "should define expected functions in numbered scripts" {
            $installerScripts = $script:CoreScripts | Where-Object { $_.Name -match '^0\d+_Install-' }
            
            foreach ($script in $installerScripts) {
                $content = Get-Content $script.FullName -Raw
                $expectedFunctionName = ($script.BaseName -replace '^\d+_', '')
                $content | Should -Match "function\s+$expectedFunctionName" -Because "$($script.Name) should define $expectedFunctionName function"
            }
        }
        
        It "should have main execution logic" {
            foreach ($script in $script:CoreScripts) {
                $content = Get-Content $script.FullName -Raw
                # Check for main execution patterns
                ($content -match 'param\s*\(' -or $content -match '\$Config' -or $content -match 'Write-CustomLog') | 
                    Should -BeTrue -Because "$($script.Name) should have main execution logic"
            }
        }
        
        It "should use standardized logging" {
            foreach ($script in $script:CoreScripts) {
                $content = Get-Content $script.FullName -Raw
                if ($content -match 'Write-') {
                    $content | Should -Match 'Write-CustomLog' -Because "$($script.Name) should use Write-CustomLog for standardized logging"
                }
            }
        }
    }
}
Describe "Core Application Integration Tests" -Tag @('Important', 'CoreApp', 'Integration') {
    
    Context "Invoke-CoreApplication Function Tests" {
        
        BeforeAll {
            Import-Module "$script:CoreAppPath/" -Force
        }
        
        It "should accept ConfigPath parameter" {
            $function = Get-Command Invoke-CoreApplication
            $function.Parameters.ContainsKey('ConfigPath') | Should -BeTrue
        }
        
        It "should validate configuration file exists" {
            $tempConfig = Join-Path ([System.IO.Path]::GetTempPath()) "test-config.json"
            '{"test": true}' | Set-Content -Path $tempConfig
            
            try {
                { Invoke-CoreApplication -ConfigPath $tempConfig } | Should -Not -Throw
            } finally {
                Remove-Item $tempConfig -Force -ErrorAction SilentlyContinue
            }
        }
        
        It "should handle missing configuration gracefully" {
            $nonExistentConfig = Join-Path ([System.IO.Path]::GetTempPath()) "nonexistent-config.json"
            { Invoke-CoreApplication -ConfigPath $nonExistentConfig } | Should -Throw
        }
    }
    
    Context "PatchManager Integration" {
        
        It "should be compatible with PatchManager workflow" {
            # Test that CoreApp can be used within PatchManager
            { Import-Module "$env:PROJECT_ROOT/aither-core/modules/PatchManager/" -Force } | Should -Not -Throw
            { Import-Module "$script:CoreAppPath/" -Force } | Should -Not -Throw
        }
        
        It "should support PatchManager change tracking" {
            # Verify that changes to CoreApp can be tracked by PatchManager
            $patchManager = Get-Command New-PatchOperation -ErrorAction SilentlyContinue
            $patchManager | Should -Not -BeNullOrEmpty
        }
    }
}
Describe "Core Application Cross-Platform Tests" -Tag @('Maintenance', 'CoreApp', 'CrossPlatform') {
    
    Context "Platform Compatibility" {
        
        It "should work on current platform" {
            $env:PLATFORM | Should -BeIn @('Windows', 'Linux', 'macOS')
        }
        
        It "should handle platform-specific scripts appropriately" {
            $windowsScripts = $script:CoreScripts | Where-Object { $_.Name -match '^01\d+_' }
            
            foreach ($script in $windowsScripts) {
                $content = Get-Content $script.FullName -Raw
                if ($env:PLATFORM -ne 'Windows') {
                    # On non-Windows, these scripts should either skip or handle gracefully
                    $content | Should -Match '(IsWindows|Skip|platform)' -Because "$($script.Name) should handle non-Windows platforms"
                }
            }
        }
        
        It "should use cross-platform paths" {
            foreach ($script in $script:CoreScripts) {
                $content = Get-Content $script.FullName -Raw
                # Check for Windows-specific paths
                $content | Should -Not -Match '\\\\|C:\\' -Because "$($script.Name) should use cross-platform paths"
            }
        }
    }
}
Describe "Automated Test Generation and Validation" -Tag @('Critical', 'CoreApp', 'Automation') {
    
    Context "Continuous Test Coverage" {
        
        It "should have tests for all core scripts" {
            $coreScriptNames = $script:CoreScripts.BaseName
            $testFile = Get-Content $PSCommandPath -Raw
            
            foreach ($scriptName in $coreScriptNames) {
                if ($scriptName -match '^0\d+_') {
                    $testFile | Should -Match $scriptName -Because "Should have test coverage for $scriptName"
                }
            }
        }
        
        It "should validate test completeness" {
            $testCounts = @{
                'Syntax' = 0
                'Function' = 0
                'Integration' = 0
                'Platform' = 0
            }
            
            $testFile = Get-Content $PSCommandPath -Raw
            $testCounts.Syntax = ($testFile | Select-String -Pattern 'syntax|parse' -AllMatches).Matches.Count
            $testCounts.Function = ($testFile | Select-String -Pattern 'function|define' -AllMatches).Matches.Count
            $testCounts.Integration = ($testFile | Select-String -Pattern 'integration|invoke' -AllMatches).Matches.Count
            $testCounts.Platform = ($testFile | Select-String -Pattern 'platform|cross' -AllMatches).Matches.Count
            
            $testCounts.Syntax | Should -BeGreaterThan 0
            $testCounts.Function | Should -BeGreaterThan 0
            $testCounts.Integration | Should -BeGreaterThan 0
            $testCounts.Platform | Should -BeGreaterThan 0
        }
        
        It "should enforce PatchManager usage for changes" {
            # Verify that any changes to CoreApp go through PatchManager
            $patchManagerCommands = @(
                'New-PatchOperation'
                'Invoke-PatchValidation' 
                'Submit-PatchForReview'
            )
            
            foreach ($cmd in $patchManagerCommands) {
                Get-Command $cmd -ErrorAction SilentlyContinue | Should -Not -BeNullOrEmpty -Because "$cmd should be available for PatchManager workflow"
            }
        }
    }
    
    Context "Test Result Analysis" {
        
        It "should generate comprehensive test reports" {
            $script:TestResults['CoreApp'] = @{
                TotalTests = (Get-ChildItem $PSCommandPath | Measure-Object).Count
                Timestamp = Get-Date
                Platform = $env:PLATFORM
                PowerShellVersion = $PSVersionTable.PSVersion
            }
            
            $script:TestResults.Count | Should -BeGreaterThan 0
        }
        
        It "should validate against test quality metrics" {
            # Ensure we have adequate test coverage
            $totalTests = 25  # Minimum expected tests
            $actualTests = (Select-String -Path $PSCommandPath -Pattern '\s+It\s+"' | Measure-Object).Count
            
            $actualTests | Should -BeGreaterOrEqual $totalTests -Because "Should have at least $totalTests tests for comprehensive coverage"
        }
    }
}
AfterAll {
    # Clean up test environment
    Write-CustomLog "CoreApp tests completed. Results: $($script:TestResults | ConvertTo-Json -Depth 2)" -Level INFO
    
    # Generate test coverage report if running in CI
    if ($env:CI -or $env:GITHUB_ACTIONS) {
        $coverageReport = @{
            TestFile = $PSCommandPath
            Results = $script:TestResults
            Timestamp = Get-Date
            Environment = @{
                Platform = $env:PLATFORM
                PowerShell = $PSVersionTable.PSVersion
                ProjectRoot = $env:PROJECT_ROOT
            }
        }
        
        $reportPath = "$env:PROJECT_ROOT/coverage/CoreApp-TestReport.json"
        $coverageReport | ConvertTo-Json -Depth 3 | Set-Content -Path $reportPath
        Write-CustomLog "Test coverage report saved to: $reportPath" -Level SUCCESS
    }
}', because Should have test coverage for 0000_Cleanup-Files, but it did not match.</message>
                      <stack-trace>at $testFile | Should -Match $scriptName -Because "Should have test coverage for $scriptName", C:\Users\alexa\OneDrive\Documents\0. wizzense\AitherZero\tests\integration\CoreApp.Tests.ps1:265
at Invoke-Assertion, C:\Users\alexa\OneDrive\Documents\PowerShell\Modules\Pester\5.7.1\Pester.psm1:8250
at Should&lt;End&gt;, C:\Users\alexa\OneDrive\Documents\PowerShell\Modules\Pester\5.7.1\Pester.psm1:8193
at &lt;ScriptBlock&gt;, C:\Users\alexa\OneDrive\Documents\0. wizzense\AitherZero\tests\integration\CoreApp.Tests.ps1:265
at &lt;ScriptBlock&gt;, C:\Users\alexa\OneDrive\Documents\PowerShell\Modules\Pester\5.7.1\Pester.psm1:2024
at &lt;ScriptBlock&gt;, C:\Users\alexa\OneDrive\Documents\PowerShell\Modules\Pester\5.7.1\Pester.psm1:1985
at Invoke-ScriptBlock, C:\Users\alexa\OneDrive\Documents\PowerShell\Modules\Pester\5.7.1\Pester.psm1:2157
at Invoke-TestItem, C:\Users\alexa\OneDrive\Documents\PowerShell\Modules\Pester\5.7.1\Pester.psm1:1199
at Invoke-Block, C:\Users\alexa\OneDrive\Documents\PowerShell\Modules\Pester\5.7.1\Pester.psm1:835
at &lt;ScriptBlock&gt;, C:\Users\alexa\OneDrive\Documents\PowerShell\Modules\Pester\5.7.1\Pester.psm1:893
at &lt;ScriptBlock&gt;, C:\Users\alexa\OneDrive\Documents\PowerShell\Modules\Pester\5.7.1\Pester.psm1:2024
at &lt;ScriptBlock&gt;, C:\Users\alexa\OneDrive\Documents\PowerShell\Modules\Pester\5.7.1\Pester.psm1:1985
at Invoke-ScriptBlock, C:\Users\alexa\OneDrive\Documents\PowerShell\Modules\Pester\5.7.1\Pester.psm1:2160
at Invoke-Block, C:\Users\alexa\OneDrive\Documents\PowerShell\Modules\Pester\5.7.1\Pester.psm1:940
at &lt;ScriptBlock&gt;, C:\Users\alexa\OneDrive\Documents\PowerShell\Modules\Pester\5.7.1\Pester.psm1:893
at &lt;ScriptBlock&gt;, C:\Users\alexa\OneDrive\Documents\PowerShell\Modules\Pester\5.7.1\Pester.psm1:2024
at &lt;ScriptBlock&gt;, C:\Users\alexa\OneDrive\Documents\PowerShell\Modules\Pester\5.7.1\Pester.psm1:1985
at Invoke-ScriptBlock, C:\Users\alexa\OneDrive\Documents\PowerShell\Modules\Pester\5.7.1\Pester.psm1:2160
at Invoke-Block, C:\Users\alexa\OneDrive\Documents\PowerShell\Modules\Pester\5.7.1\Pester.psm1:940
at &lt;ScriptBlock&gt;, C:\Users\alexa\OneDrive\Documents\PowerShell\Modules\Pester\5.7.1\Pester.psm1:893
at &lt;ScriptBlock&gt;, C:\Users\alexa\OneDrive\Documents\PowerShell\Modules\Pester\5.7.1\Pester.psm1:2024
at &lt;ScriptBlock&gt;, C:\Users\alexa\OneDrive\Documents\PowerShell\Modules\Pester\5.7.1\Pester.psm1:1985
at Invoke-ScriptBlock, C:\Users\alexa\OneDrive\Documents\PowerShell\Modules\Pester\5.7.1\Pester.psm1:2160
at Invoke-Block, C:\Users\alexa\OneDrive\Documents\PowerShell\Modules\Pester\5.7.1\Pester.psm1:940
at &lt;ScriptBlock&gt;, C:\Users\alexa\OneDrive\Documents\PowerShell\Modules\Pester\5.7.1\Pester.psm1:1688
at &lt;ScriptBlock&gt;, C:\Users\alexa\OneDrive\Documents\PowerShell\Modules\Pester\5.7.1\Pester.ps1:3
at &lt;ScriptBlock&gt;, C:\Users\alexa\OneDrive\Documents\PowerShell\Modules\Pester\5.7.1\Pester.psm1:3260
at Invoke-InNewScriptScope, C:\Users\alexa\OneDrive\Documents\PowerShell\Modules\Pester\5.7.1\Pester.psm1:3267
at Run-Test, C:\Users\alexa\OneDrive\Documents\PowerShell\Modules\Pester\5.7.1\Pester.psm1:1691
at Invoke-Test, C:\Users\alexa\OneDrive\Documents\PowerShell\Modules\Pester\5.7.1\Pester.psm1:2512
at Invoke-Pester&lt;End&gt;, C:\Users\alexa\OneDrive\Documents\PowerShell\Modules\Pester\5.7.1\Pester.psm1:4960
at &lt;ScriptBlock&gt;, &lt;No file&gt;:1</stack-trace>
                    </failure>
                  </test-case>
                  <test-case description="should validate test completeness" name="Automated Test Generation and Validation.Continuous Test Coverage.should validate test completeness" time="0.0139" asserts="0" success="True" result="Success" executed="True" />
                  <test-case description="should enforce PatchManager usage for changes" name="Automated Test Generation and Validation.Continuous Test Coverage.should enforce PatchManager usage for changes" time="0.0313" asserts="0" success="False" result="Failure" executed="True">
                    <failure>
                      <message>Expected a value, because New-PatchOperation should be available for PatchManager workflow, but got $null or empty.</message>
                      <stack-trace>at Get-Command $cmd -ErrorAction SilentlyContinue | Should -Not -BeNullOrEmpty -Because "$cmd should be available for PatchManager workflow", C:\Users\alexa\OneDrive\Documents\0. wizzense\AitherZero\tests\integration\CoreApp.Tests.ps1:299
at Invoke-Assertion, C:\Users\alexa\OneDrive\Documents\PowerShell\Modules\Pester\5.7.1\Pester.psm1:8250
at Should&lt;End&gt;, C:\Users\alexa\OneDrive\Documents\PowerShell\Modules\Pester\5.7.1\Pester.psm1:8186
at &lt;ScriptBlock&gt;, C:\Users\alexa\OneDrive\Documents\0. wizzense\AitherZero\tests\integration\CoreApp.Tests.ps1:299
at &lt;ScriptBlock&gt;, C:\Users\alexa\OneDrive\Documents\PowerShell\Modules\Pester\5.7.1\Pester.psm1:2024
at &lt;ScriptBlock&gt;, C:\Users\alexa\OneDrive\Documents\PowerShell\Modules\Pester\5.7.1\Pester.psm1:1985
at Invoke-ScriptBlock, C:\Users\alexa\OneDrive\Documents\PowerShell\Modules\Pester\5.7.1\Pester.psm1:2157
at Invoke-TestItem, C:\Users\alexa\OneDrive\Documents\PowerShell\Modules\Pester\5.7.1\Pester.psm1:1199
at Invoke-Block, C:\Users\alexa\OneDrive\Documents\PowerShell\Modules\Pester\5.7.1\Pester.psm1:835
at &lt;ScriptBlock&gt;, C:\Users\alexa\OneDrive\Documents\PowerShell\Modules\Pester\5.7.1\Pester.psm1:893
at &lt;ScriptBlock&gt;, C:\Users\alexa\OneDrive\Documents\PowerShell\Modules\Pester\5.7.1\Pester.psm1:2024
at &lt;ScriptBlock&gt;, C:\Users\alexa\OneDrive\Documents\PowerShell\Modules\Pester\5.7.1\Pester.psm1:1985
at Invoke-ScriptBlock, C:\Users\alexa\OneDrive\Documents\PowerShell\Modules\Pester\5.7.1\Pester.psm1:2160
at Invoke-Block, C:\Users\alexa\OneDrive\Documents\PowerShell\Modules\Pester\5.7.1\Pester.psm1:940
at &lt;ScriptBlock&gt;, C:\Users\alexa\OneDrive\Documents\PowerShell\Modules\Pester\5.7.1\Pester.psm1:893
at &lt;ScriptBlock&gt;, C:\Users\alexa\OneDrive\Documents\PowerShell\Modules\Pester\5.7.1\Pester.psm1:2024
at &lt;ScriptBlock&gt;, C:\Users\alexa\OneDrive\Documents\PowerShell\Modules\Pester\5.7.1\Pester.psm1:1985
at Invoke-ScriptBlock, C:\Users\alexa\OneDrive\Documents\PowerShell\Modules\Pester\5.7.1\Pester.psm1:2160
at Invoke-Block, C:\Users\alexa\OneDrive\Documents\PowerShell\Modules\Pester\5.7.1\Pester.psm1:940
at &lt;ScriptBlock&gt;, C:\Users\alexa\OneDrive\Documents\PowerShell\Modules\Pester\5.7.1\Pester.psm1:893
at &lt;ScriptBlock&gt;, C:\Users\alexa\OneDrive\Documents\PowerShell\Modules\Pester\5.7.1\Pester.psm1:2024
at &lt;ScriptBlock&gt;, C:\Users\alexa\OneDrive\Documents\PowerShell\Modules\Pester\5.7.1\Pester.psm1:1985
at Invoke-ScriptBlock, C:\Users\alexa\OneDrive\Documents\PowerShell\Modules\Pester\5.7.1\Pester.psm1:2160
at Invoke-Block, C:\Users\alexa\OneDrive\Documents\PowerShell\Modules\Pester\5.7.1\Pester.psm1:940
at &lt;ScriptBlock&gt;, C:\Users\alexa\OneDrive\Documents\PowerShell\Modules\Pester\5.7.1\Pester.psm1:1688
at &lt;ScriptBlock&gt;, C:\Users\alexa\OneDrive\Documents\PowerShell\Modules\Pester\5.7.1\Pester.ps1:3
at &lt;ScriptBlock&gt;, C:\Users\alexa\OneDrive\Documents\PowerShell\Modules\Pester\5.7.1\Pester.psm1:3260
at Invoke-InNewScriptScope, C:\Users\alexa\OneDrive\Documents\PowerShell\Modules\Pester\5.7.1\Pester.psm1:3267
at Run-Test, C:\Users\alexa\OneDrive\Documents\PowerShell\Modules\Pester\5.7.1\Pester.psm1:1691
at Invoke-Test, C:\Users\alexa\OneDrive\Documents\PowerShell\Modules\Pester\5.7.1\Pester.psm1:2512
at Invoke-Pester&lt;End&gt;, C:\Users\alexa\OneDrive\Documents\PowerShell\Modules\Pester\5.7.1\Pester.psm1:4960
at &lt;ScriptBlock&gt;, &lt;No file&gt;:1</stack-trace>
                    </failure>
                  </test-case>
                </results>
              </test-suite>
              <test-suite type="TestFixture" name="Automated Test Generation and Validation.Test Result Analysis" executed="True" result="Success" success="True" time="0.0896" asserts="0" description="Automated Test Generation and Validation.Test Result Analysis">
                <results>
                  <test-case description="should generate comprehensive test reports" name="Automated Test Generation and Validation.Test Result Analysis.should generate comprehensive test reports" time="0.0082" asserts="0" success="True" result="Success" executed="True" />
                  <test-case description="should validate against test quality metrics" name="Automated Test Generation and Validation.Test Result Analysis.should validate against test quality metrics" time="0.0065" asserts="0" success="True" result="Success" executed="True" />
                </results>
              </test-suite>
            </results>
          </test-suite>
        </results>
      </test-suite>
      <test-suite type="TestFixture" name="C:\Users\alexa\OneDrive\Documents\0. wizzense\AitherZero\tests\integration\Customize-ISO.Tests.ps1" executed="True" result="Failure" success="False" time="0.0605" asserts="0" description="C:\Users\alexa\OneDrive\Documents\0. wizzense\AitherZero\tests\integration\Customize-ISO.Tests.ps1">
        <results>
          <test-suite type="TestFixture" name="Customize-ISO Tests" executed="True" result="Failure" success="False" time="0.0113" asserts="0" description="Customize-ISO Tests">
            <results>
              <test-suite type="TestFixture" name="Customize-ISO Tests.Module Loading" executed="True" result="Failure" success="False" time="0" asserts="0" description="Customize-ISO Tests.Module Loading">
                <results>
                  <test-case description="should load ISOCustomizer module" name="Customize-ISO Tests.Module Loading.should load ISOCustomizer module" time="0" asserts="0" success="False" result="Failure" executed="True">
                    <failure>
                      <message>This test should run but it did not. Most likely a setup in some parent block failed.</message>
                      <stack-trace />
                    </failure>
                  </test-case>
                </results>
              </test-suite>
              <test-suite type="TestFixture" name="Customize-ISO Tests.Functionality Tests" executed="True" result="Failure" success="False" time="0" asserts="0" description="Customize-ISO Tests.Functionality Tests">
                <results>
                  <test-case description="should execute without errors" name="Customize-ISO Tests.Functionality Tests.should execute without errors" time="0" asserts="0" success="False" result="Failure" executed="True">
                    <failure>
                      <message>This test should run but it did not. Most likely a setup in some parent block failed.</message>
                      <stack-trace />
                    </failure>
                  </test-case>
                </results>
              </test-suite>
            </results>
          </test-suite>
        </results>
      </test-suite>
      <test-suite type="TestFixture" name="C:\Users\alexa\OneDrive\Documents\0. wizzense\AitherZero\tests\integration\CustomLint.Tests.ps1" executed="True" result="Failure" success="False" time="0.0892" asserts="0" description="C:\Users\alexa\OneDrive\Documents\0. wizzense\AitherZero\tests\integration\CustomLint.Tests.ps1">
        <results>
          <test-suite type="TestFixture" name="CustomLint Tests" executed="True" result="Failure" success="False" time="0.0388" asserts="0" description="CustomLint Tests">
            <results>
              <test-suite type="TestFixture" name="CustomLint Tests.Module Loading" executed="True" result="Failure" success="False" time="0.0168" asserts="0" description="CustomLint Tests.Module Loading">
                <results>
                  <test-case description="should load required modules" name="CustomLint Tests.Module Loading.should load required modules" time="0.0101" asserts="0" success="False" result="Failure" executed="True">
                    <failure>
                      <message>Expected a value, but got $null or empty.</message>
                      <stack-trace>at Get-Module LabRunner | Should -Not -BeNullOrEmpty, C:\Users\alexa\OneDrive\Documents\0. wizzense\AitherZero\tests\integration\CustomLint.Tests.ps1:14
at Invoke-Assertion, C:\Users\alexa\OneDrive\Documents\PowerShell\Modules\Pester\5.7.1\Pester.psm1:8250
at Should&lt;End&gt;, C:\Users\alexa\OneDrive\Documents\PowerShell\Modules\Pester\5.7.1\Pester.psm1:8186
at &lt;ScriptBlock&gt;, C:\Users\alexa\OneDrive\Documents\0. wizzense\AitherZero\tests\integration\CustomLint.Tests.ps1:14
at &lt;ScriptBlock&gt;, C:\Users\alexa\OneDrive\Documents\PowerShell\Modules\Pester\5.7.1\Pester.psm1:2024
at &lt;ScriptBlock&gt;, C:\Users\alexa\OneDrive\Documents\PowerShell\Modules\Pester\5.7.1\Pester.psm1:1985
at Invoke-ScriptBlock, C:\Users\alexa\OneDrive\Documents\PowerShell\Modules\Pester\5.7.1\Pester.psm1:2157
at Invoke-TestItem, C:\Users\alexa\OneDrive\Documents\PowerShell\Modules\Pester\5.7.1\Pester.psm1:1199
at Invoke-Block, C:\Users\alexa\OneDrive\Documents\PowerShell\Modules\Pester\5.7.1\Pester.psm1:835
at &lt;ScriptBlock&gt;, C:\Users\alexa\OneDrive\Documents\PowerShell\Modules\Pester\5.7.1\Pester.psm1:893
at &lt;ScriptBlock&gt;, C:\Users\alexa\OneDrive\Documents\PowerShell\Modules\Pester\5.7.1\Pester.psm1:2024
at &lt;ScriptBlock&gt;, C:\Users\alexa\OneDrive\Documents\PowerShell\Modules\Pester\5.7.1\Pester.psm1:1985
at Invoke-ScriptBlock, C:\Users\alexa\OneDrive\Documents\PowerShell\Modules\Pester\5.7.1\Pester.psm1:2160
at Invoke-Block, C:\Users\alexa\OneDrive\Documents\PowerShell\Modules\Pester\5.7.1\Pester.psm1:940
at &lt;ScriptBlock&gt;, C:\Users\alexa\OneDrive\Documents\PowerShell\Modules\Pester\5.7.1\Pester.psm1:893
at &lt;ScriptBlock&gt;, C:\Users\alexa\OneDrive\Documents\PowerShell\Modules\Pester\5.7.1\Pester.psm1:2024
at &lt;ScriptBlock&gt;, C:\Users\alexa\OneDrive\Documents\PowerShell\Modules\Pester\5.7.1\Pester.psm1:1985
at Invoke-ScriptBlock, C:\Users\alexa\OneDrive\Documents\PowerShell\Modules\Pester\5.7.1\Pester.psm1:2160
at Invoke-Block, C:\Users\alexa\OneDrive\Documents\PowerShell\Modules\Pester\5.7.1\Pester.psm1:940
at &lt;ScriptBlock&gt;, C:\Users\alexa\OneDrive\Documents\PowerShell\Modules\Pester\5.7.1\Pester.psm1:893
at &lt;ScriptBlock&gt;, C:\Users\alexa\OneDrive\Documents\PowerShell\Modules\Pester\5.7.1\Pester.psm1:2024
at &lt;ScriptBlock&gt;, C:\Users\alexa\OneDrive\Documents\PowerShell\Modules\Pester\5.7.1\Pester.psm1:1985
at Invoke-ScriptBlock, C:\Users\alexa\OneDrive\Documents\PowerShell\Modules\Pester\5.7.1\Pester.psm1:2160
at Invoke-Block, C:\Users\alexa\OneDrive\Documents\PowerShell\Modules\Pester\5.7.1\Pester.psm1:940
at &lt;ScriptBlock&gt;, C:\Users\alexa\OneDrive\Documents\PowerShell\Modules\Pester\5.7.1\Pester.psm1:1688
at &lt;ScriptBlock&gt;, C:\Users\alexa\OneDrive\Documents\PowerShell\Modules\Pester\5.7.1\Pester.ps1:3
at &lt;ScriptBlock&gt;, C:\Users\alexa\OneDrive\Documents\PowerShell\Modules\Pester\5.7.1\Pester.psm1:3260
at Invoke-InNewScriptScope, C:\Users\alexa\OneDrive\Documents\PowerShell\Modules\Pester\5.7.1\Pester.psm1:3267
at Run-Test, C:\Users\alexa\OneDrive\Documents\PowerShell\Modules\Pester\5.7.1\Pester.psm1:1691
at Invoke-Test, C:\Users\alexa\OneDrive\Documents\PowerShell\Modules\Pester\5.7.1\Pester.psm1:2512
at Invoke-Pester&lt;End&gt;, C:\Users\alexa\OneDrive\Documents\PowerShell\Modules\Pester\5.7.1\Pester.psm1:4960
at &lt;ScriptBlock&gt;, &lt;No file&gt;:1</stack-trace>
                    </failure>
                  </test-case>
                </results>
              </test-suite>
              <test-suite type="TestFixture" name="CustomLint Tests.Functionality Tests" executed="True" result="Success" success="True" time="0.0323" asserts="0" description="CustomLint Tests.Functionality Tests">
                <results>
                  <test-case description="should execute without errors" name="CustomLint Tests.Functionality Tests.should execute without errors" time="0.0103" asserts="0" success="True" result="Success" executed="True" />
                </results>
              </test-suite>
            </results>
          </test-suite>
        </results>
      </test-suite>
      <test-suite type="TestFixture" name="C:\Users\alexa\OneDrive\Documents\0. wizzense\AitherZero\tests\integration\ModuleIntegration.Tests.ps1" executed="True" result="Failure" success="False" time="1.7937" asserts="0" description="C:\Users\alexa\OneDrive\Documents\0. wizzense\AitherZero\tests\integration\ModuleIntegration.Tests.ps1">
        <results>
          <test-suite type="TestFixture" name="Module Integration Tests" executed="True" result="Failure" success="False" time="0.5959" asserts="0" description="Module Integration Tests">
            <results>
              <test-suite type="TestFixture" name="Module Integration Tests.Module Import and Dependency Resolution" executed="True" result="Failure" success="False" time="0.0748" asserts="0" description="Module Integration Tests.Module Import and Dependency Resolution">
                <results>
                  <test-case description="Should import all core modules successfully" name="Module Integration Tests.Module Import and Dependency Resolution.Should import all core modules successfully" time="0.0111" asserts="0" success="False" result="Failure" executed="True">
                    <failure>
                      <message>Expected $true, but got $false.</message>
                      <stack-trace>at $script:importedModules['Logging'] | Should -Be $true, C:\Users\alexa\OneDrive\Documents\0. wizzense\AitherZero\tests\integration\ModuleIntegration.Tests.ps1:55
at Invoke-Assertion, C:\Users\alexa\OneDrive\Documents\PowerShell\Modules\Pester\5.7.1\Pester.psm1:8250
at Should&lt;End&gt;, C:\Users\alexa\OneDrive\Documents\PowerShell\Modules\Pester\5.7.1\Pester.psm1:8189
at &lt;ScriptBlock&gt;, C:\Users\alexa\OneDrive\Documents\0. wizzense\AitherZero\tests\integration\ModuleIntegration.Tests.ps1:55
at &lt;ScriptBlock&gt;, C:\Users\alexa\OneDrive\Documents\PowerShell\Modules\Pester\5.7.1\Pester.psm1:2024
at &lt;ScriptBlock&gt;, C:\Users\alexa\OneDrive\Documents\PowerShell\Modules\Pester\5.7.1\Pester.psm1:1985
at Invoke-ScriptBlock, C:\Users\alexa\OneDrive\Documents\PowerShell\Modules\Pester\5.7.1\Pester.psm1:2157
at Invoke-TestItem, C:\Users\alexa\OneDrive\Documents\PowerShell\Modules\Pester\5.7.1\Pester.psm1:1199
at Invoke-Block, C:\Users\alexa\OneDrive\Documents\PowerShell\Modules\Pester\5.7.1\Pester.psm1:835
at &lt;ScriptBlock&gt;, C:\Users\alexa\OneDrive\Documents\PowerShell\Modules\Pester\5.7.1\Pester.psm1:893
at &lt;ScriptBlock&gt;, C:\Users\alexa\OneDrive\Documents\PowerShell\Modules\Pester\5.7.1\Pester.psm1:2024
at &lt;ScriptBlock&gt;, C:\Users\alexa\OneDrive\Documents\PowerShell\Modules\Pester\5.7.1\Pester.psm1:1985
at Invoke-ScriptBlock, C:\Users\alexa\OneDrive\Documents\PowerShell\Modules\Pester\5.7.1\Pester.psm1:2160
at Invoke-Block, C:\Users\alexa\OneDrive\Documents\PowerShell\Modules\Pester\5.7.1\Pester.psm1:940
at &lt;ScriptBlock&gt;, C:\Users\alexa\OneDrive\Documents\PowerShell\Modules\Pester\5.7.1\Pester.psm1:893
at &lt;ScriptBlock&gt;, C:\Users\alexa\OneDrive\Documents\PowerShell\Modules\Pester\5.7.1\Pester.psm1:2024
at &lt;ScriptBlock&gt;, C:\Users\alexa\OneDrive\Documents\PowerShell\Modules\Pester\5.7.1\Pester.psm1:1985
at Invoke-ScriptBlock, C:\Users\alexa\OneDrive\Documents\PowerShell\Modules\Pester\5.7.1\Pester.psm1:2160
at Invoke-Block, C:\Users\alexa\OneDrive\Documents\PowerShell\Modules\Pester\5.7.1\Pester.psm1:940
at &lt;ScriptBlock&gt;, C:\Users\alexa\OneDrive\Documents\PowerShell\Modules\Pester\5.7.1\Pester.psm1:893
at &lt;ScriptBlock&gt;, C:\Users\alexa\OneDrive\Documents\PowerShell\Modules\Pester\5.7.1\Pester.psm1:2024
at &lt;ScriptBlock&gt;, C:\Users\alexa\OneDrive\Documents\PowerShell\Modules\Pester\5.7.1\Pester.psm1:1985
at Invoke-ScriptBlock, C:\Users\alexa\OneDrive\Documents\PowerShell\Modules\Pester\5.7.1\Pester.psm1:2160
at Invoke-Block, C:\Users\alexa\OneDrive\Documents\PowerShell\Modules\Pester\5.7.1\Pester.psm1:940
at &lt;ScriptBlock&gt;, C:\Users\alexa\OneDrive\Documents\PowerShell\Modules\Pester\5.7.1\Pester.psm1:1688
at &lt;ScriptBlock&gt;, C:\Users\alexa\OneDrive\Documents\PowerShell\Modules\Pester\5.7.1\Pester.ps1:3
at &lt;ScriptBlock&gt;, C:\Users\alexa\OneDrive\Documents\PowerShell\Modules\Pester\5.7.1\Pester.psm1:3260
at Invoke-InNewScriptScope, C:\Users\alexa\OneDrive\Documents\PowerShell\Modules\Pester\5.7.1\Pester.psm1:3267
at Run-Test, C:\Users\alexa\OneDrive\Documents\PowerShell\Modules\Pester\5.7.1\Pester.psm1:1691
at Invoke-Test, C:\Users\alexa\OneDrive\Documents\PowerShell\Modules\Pester\5.7.1\Pester.psm1:2512
at Invoke-Pester&lt;End&gt;, C:\Users\alexa\OneDrive\Documents\PowerShell\Modules\Pester\5.7.1\Pester.psm1:4960
at &lt;ScriptBlock&gt;, &lt;No file&gt;:1</stack-trace>
                    </failure>
                  </test-case>
                  <test-case description="Should have all expected functions available" name="Module Integration Tests.Module Import and Dependency Resolution.Should have all expected functions available" time="0.0331" asserts="0" success="False" result="Failure" executed="True">
                    <failure>
                      <message>Expected a value, but got $null or empty.</message>
                      <stack-trace>at Get-Command Invoke-BackupConsolidation -ErrorAction SilentlyContinue | Should -Not -BeNullOrEmpty, C:\Users\alexa\OneDrive\Documents\0. wizzense\AitherZero\tests\integration\ModuleIntegration.Tests.ps1:73
at Invoke-Assertion, C:\Users\alexa\OneDrive\Documents\PowerShell\Modules\Pester\5.7.1\Pester.psm1:8250
at Should&lt;End&gt;, C:\Users\alexa\OneDrive\Documents\PowerShell\Modules\Pester\5.7.1\Pester.psm1:8186
at &lt;ScriptBlock&gt;, C:\Users\alexa\OneDrive\Documents\0. wizzense\AitherZero\tests\integration\ModuleIntegration.Tests.ps1:73
at &lt;ScriptBlock&gt;, C:\Users\alexa\OneDrive\Documents\PowerShell\Modules\Pester\5.7.1\Pester.psm1:2024
at &lt;ScriptBlock&gt;, C:\Users\alexa\OneDrive\Documents\PowerShell\Modules\Pester\5.7.1\Pester.psm1:1985
at Invoke-ScriptBlock, C:\Users\alexa\OneDrive\Documents\PowerShell\Modules\Pester\5.7.1\Pester.psm1:2157
at Invoke-TestItem, C:\Users\alexa\OneDrive\Documents\PowerShell\Modules\Pester\5.7.1\Pester.psm1:1199
at Invoke-Block, C:\Users\alexa\OneDrive\Documents\PowerShell\Modules\Pester\5.7.1\Pester.psm1:835
at &lt;ScriptBlock&gt;, C:\Users\alexa\OneDrive\Documents\PowerShell\Modules\Pester\5.7.1\Pester.psm1:893
at &lt;ScriptBlock&gt;, C:\Users\alexa\OneDrive\Documents\PowerShell\Modules\Pester\5.7.1\Pester.psm1:2024
at &lt;ScriptBlock&gt;, C:\Users\alexa\OneDrive\Documents\PowerShell\Modules\Pester\5.7.1\Pester.psm1:1985
at Invoke-ScriptBlock, C:\Users\alexa\OneDrive\Documents\PowerShell\Modules\Pester\5.7.1\Pester.psm1:2160
at Invoke-Block, C:\Users\alexa\OneDrive\Documents\PowerShell\Modules\Pester\5.7.1\Pester.psm1:940
at &lt;ScriptBlock&gt;, C:\Users\alexa\OneDrive\Documents\PowerShell\Modules\Pester\5.7.1\Pester.psm1:893
at &lt;ScriptBlock&gt;, C:\Users\alexa\OneDrive\Documents\PowerShell\Modules\Pester\5.7.1\Pester.psm1:2024
at &lt;ScriptBlock&gt;, C:\Users\alexa\OneDrive\Documents\PowerShell\Modules\Pester\5.7.1\Pester.psm1:1985
at Invoke-ScriptBlock, C:\Users\alexa\OneDrive\Documents\PowerShell\Modules\Pester\5.7.1\Pester.psm1:2160
at Invoke-Block, C:\Users\alexa\OneDrive\Documents\PowerShell\Modules\Pester\5.7.1\Pester.psm1:940
at &lt;ScriptBlock&gt;, C:\Users\alexa\OneDrive\Documents\PowerShell\Modules\Pester\5.7.1\Pester.psm1:893
at &lt;ScriptBlock&gt;, C:\Users\alexa\OneDrive\Documents\PowerShell\Modules\Pester\5.7.1\Pester.psm1:2024
at &lt;ScriptBlock&gt;, C:\Users\alexa\OneDrive\Documents\PowerShell\Modules\Pester\5.7.1\Pester.psm1:1985
at Invoke-ScriptBlock, C:\Users\alexa\OneDrive\Documents\PowerShell\Modules\Pester\5.7.1\Pester.psm1:2160
at Invoke-Block, C:\Users\alexa\OneDrive\Documents\PowerShell\Modules\Pester\5.7.1\Pester.psm1:940
at &lt;ScriptBlock&gt;, C:\Users\alexa\OneDrive\Documents\PowerShell\Modules\Pester\5.7.1\Pester.psm1:1688
at &lt;ScriptBlock&gt;, C:\Users\alexa\OneDrive\Documents\PowerShell\Modules\Pester\5.7.1\Pester.ps1:3
at &lt;ScriptBlock&gt;, C:\Users\alexa\OneDrive\Documents\PowerShell\Modules\Pester\5.7.1\Pester.psm1:3260
at Invoke-InNewScriptScope, C:\Users\alexa\OneDrive\Documents\PowerShell\Modules\Pester\5.7.1\Pester.psm1:3267
at Run-Test, C:\Users\alexa\OneDrive\Documents\PowerShell\Modules\Pester\5.7.1\Pester.psm1:1691
at Invoke-Test, C:\Users\alexa\OneDrive\Documents\PowerShell\Modules\Pester\5.7.1\Pester.psm1:2512
at Invoke-Pester&lt;End&gt;, C:\Users\alexa\OneDrive\Documents\PowerShell\Modules\Pester\5.7.1\Pester.psm1:4960
at &lt;ScriptBlock&gt;, &lt;No file&gt;:1</stack-trace>
                    </failure>
                  </test-case>
                  <test-case description="Should not have function name conflicts" name="Module Integration Tests.Module Import and Dependency Resolution.Should not have function name conflicts" time="0.0239" asserts="0" success="True" result="Success" executed="True" />
                </results>
              </test-suite>
              <test-suite type="TestFixture" name="Module Integration Tests.Logging Integration with Other Modules" executed="True" result="Success" success="True" time="0.1212" asserts="0" description="Module Integration Tests.Logging Integration with Other Modules">
                <results>
                  <test-case description="Should use Write-CustomLog across all modules" name="Module Integration Tests.Logging Integration with Other Modules.Should use Write-CustomLog across all modules" time="0.0117" asserts="0" success="True" result="Success" executed="True" />
                  <test-case description="Should handle logging configuration consistently" name="Module Integration Tests.Logging Integration with Other Modules.Should handle logging configuration consistently" time="0.0272" asserts="0" success="True" result="Success" executed="True" />
                </results>
              </test-suite>
              <test-suite type="TestFixture" name="Module Integration Tests.PatchManager with Other Module Dependencies" executed="True" result="Success" success="True" time="0.5662" asserts="0" description="Module Integration Tests.PatchManager with Other Module Dependencies">
                <results>
                  <test-case description="Should work with logging for patch operations" name="Module Integration Tests.PatchManager with Other Module Dependencies.Should work with logging for patch operations" time="0.27" asserts="0" success="True" result="Success" executed="True" />
                  <test-case description="Should create issues in dry run mode" name="Module Integration Tests.PatchManager with Other Module Dependencies.Should create issues in dry run mode" time="0.169" asserts="0" success="True" result="Success" executed="True" />
                </results>
              </test-suite>
              <test-suite type="TestFixture" name="Module Integration Tests.Cross-Module Configuration Consistency" executed="True" result="Failure" success="False" time="0.5912" asserts="0" description="Module Integration Tests.Cross-Module Configuration Consistency">
                <results>
                  <test-case description="Should use consistent path handling" name="Module Integration Tests.Cross-Module Configuration Consistency.Should use consistent path handling" time="0.0098" asserts="0" success="True" result="Success" executed="True" />
                  <test-case description="Should handle cross-platform operations" name="Module Integration Tests.Cross-Module Configuration Consistency.Should handle cross-platform operations" time="0.0101" asserts="0" success="False" result="Failure" executed="True">
                    <failure>
                      <message>SessionStateUnauthorizedAccessException: Cannot overwrite variable IsWindows because it is read-only or constant.</message>
                      <stack-trace>at &lt;ScriptBlock&gt;, C:\Users\alexa\OneDrive\Documents\0. wizzense\AitherZero\tests\integration\ModuleIntegration.Tests.ps1:135
at &lt;ScriptBlock&gt;, C:\Users\alexa\OneDrive\Documents\PowerShell\Modules\Pester\5.7.1\Pester.psm1:2024
at &lt;ScriptBlock&gt;, C:\Users\alexa\OneDrive\Documents\PowerShell\Modules\Pester\5.7.1\Pester.psm1:1985
at Invoke-ScriptBlock, C:\Users\alexa\OneDrive\Documents\PowerShell\Modules\Pester\5.7.1\Pester.psm1:2157
at Invoke-TestItem, C:\Users\alexa\OneDrive\Documents\PowerShell\Modules\Pester\5.7.1\Pester.psm1:1199
at Invoke-Block, C:\Users\alexa\OneDrive\Documents\PowerShell\Modules\Pester\5.7.1\Pester.psm1:835
at &lt;ScriptBlock&gt;, C:\Users\alexa\OneDrive\Documents\PowerShell\Modules\Pester\5.7.1\Pester.psm1:893
at &lt;ScriptBlock&gt;, C:\Users\alexa\OneDrive\Documents\PowerShell\Modules\Pester\5.7.1\Pester.psm1:2024
at &lt;ScriptBlock&gt;, C:\Users\alexa\OneDrive\Documents\PowerShell\Modules\Pester\5.7.1\Pester.psm1:1985
at Invoke-ScriptBlock, C:\Users\alexa\OneDrive\Documents\PowerShell\Modules\Pester\5.7.1\Pester.psm1:2160
at Invoke-Block, C:\Users\alexa\OneDrive\Documents\PowerShell\Modules\Pester\5.7.1\Pester.psm1:940
at &lt;ScriptBlock&gt;, C:\Users\alexa\OneDrive\Documents\PowerShell\Modules\Pester\5.7.1\Pester.psm1:893
at &lt;ScriptBlock&gt;, C:\Users\alexa\OneDrive\Documents\PowerShell\Modules\Pester\5.7.1\Pester.psm1:2024
at &lt;ScriptBlock&gt;, C:\Users\alexa\OneDrive\Documents\PowerShell\Modules\Pester\5.7.1\Pester.psm1:1985
at Invoke-ScriptBlock, C:\Users\alexa\OneDrive\Documents\PowerShell\Modules\Pester\5.7.1\Pester.psm1:2160
at Invoke-Block, C:\Users\alexa\OneDrive\Documents\PowerShell\Modules\Pester\5.7.1\Pester.psm1:940
at &lt;ScriptBlock&gt;, C:\Users\alexa\OneDrive\Documents\PowerShell\Modules\Pester\5.7.1\Pester.psm1:893
at &lt;ScriptBlock&gt;, C:\Users\alexa\OneDrive\Documents\PowerShell\Modules\Pester\5.7.1\Pester.psm1:2024
at &lt;ScriptBlock&gt;, C:\Users\alexa\OneDrive\Documents\PowerShell\Modules\Pester\5.7.1\Pester.psm1:1985
at Invoke-ScriptBlock, C:\Users\alexa\OneDrive\Documents\PowerShell\Modules\Pester\5.7.1\Pester.psm1:2160
at Invoke-Block, C:\Users\alexa\OneDrive\Documents\PowerShell\Modules\Pester\5.7.1\Pester.psm1:940
at &lt;ScriptBlock&gt;, C:\Users\alexa\OneDrive\Documents\PowerShell\Modules\Pester\5.7.1\Pester.psm1:1688
at &lt;ScriptBlock&gt;, C:\Users\alexa\OneDrive\Documents\PowerShell\Modules\Pester\5.7.1\Pester.ps1:3
at &lt;ScriptBlock&gt;, C:\Users\alexa\OneDrive\Documents\PowerShell\Modules\Pester\5.7.1\Pester.psm1:3260
at Invoke-InNewScriptScope, C:\Users\alexa\OneDrive\Documents\PowerShell\Modules\Pester\5.7.1\Pester.psm1:3267
at Run-Test, C:\Users\alexa\OneDrive\Documents\PowerShell\Modules\Pester\5.7.1\Pester.psm1:1691
at Invoke-Test, C:\Users\alexa\OneDrive\Documents\PowerShell\Modules\Pester\5.7.1\Pester.psm1:2512
at Invoke-Pester&lt;End&gt;, C:\Users\alexa\OneDrive\Documents\PowerShell\Modules\Pester\5.7.1\Pester.psm1:4960
at &lt;ScriptBlock&gt;, &lt;No file&gt;:1</stack-trace>
                    </failure>
                  </test-case>
                </results>
              </test-suite>
            </results>
          </test-suite>
          <test-suite type="TestFixture" name="Workflow Integration Tests" executed="True" result="Failure" success="False" time="1.6813" asserts="0" description="Workflow Integration Tests">
            <results>
              <test-suite type="TestFixture" name="Workflow Integration Tests.Development Workflow Simulation" executed="True" result="Failure" success="False" time="0.3168" asserts="0" description="Workflow Integration Tests.Development Workflow Simulation">
                <results>
                  <test-case description="Should simulate a complete development workflow" name="Workflow Integration Tests.Development Workflow Simulation.Should simulate a complete development workflow" time="0.0282" asserts="0" success="False" result="Failure" executed="True">
                    <failure>
                      <message>Expected no exception to be thrown, but an exception "A parameter with the name 'WhatIf' was defined multiple times for the command." was thrown from C:\Users\alexa\OneDrive\Documents\0. wizzense\AitherZero\aither-core\modules\DevEnvironment\Public\Initialize-DevelopmentEnvironment.ps1:88 char:17
    +                 Resolve-ModuleImportIssues -Force:$Force
    +                 ~~~~~~~~~~~~~~~~~~~~~~~~~~.</message>
                      <stack-trace>at { Initialize-DevelopmentEnvironment -WhatIf } | Should -Not -Throw, C:\Users\alexa\OneDrive\Documents\0. wizzense\AitherZero\tests\integration\ModuleIntegration.Tests.ps1:151
at Invoke-Assertion, C:\Users\alexa\OneDrive\Documents\PowerShell\Modules\Pester\5.7.1\Pester.psm1:8250
at Should&lt;End&gt;, C:\Users\alexa\OneDrive\Documents\PowerShell\Modules\Pester\5.7.1\Pester.psm1:8193
at &lt;ScriptBlock&gt;, C:\Users\alexa\OneDrive\Documents\0. wizzense\AitherZero\tests\integration\ModuleIntegration.Tests.ps1:151
at &lt;ScriptBlock&gt;, C:\Users\alexa\OneDrive\Documents\PowerShell\Modules\Pester\5.7.1\Pester.psm1:2024
at &lt;ScriptBlock&gt;, C:\Users\alexa\OneDrive\Documents\PowerShell\Modules\Pester\5.7.1\Pester.psm1:1985
at Invoke-ScriptBlock, C:\Users\alexa\OneDrive\Documents\PowerShell\Modules\Pester\5.7.1\Pester.psm1:2157
at Invoke-TestItem, C:\Users\alexa\OneDrive\Documents\PowerShell\Modules\Pester\5.7.1\Pester.psm1:1199
at Invoke-Block, C:\Users\alexa\OneDrive\Documents\PowerShell\Modules\Pester\5.7.1\Pester.psm1:835
at &lt;ScriptBlock&gt;, C:\Users\alexa\OneDrive\Documents\PowerShell\Modules\Pester\5.7.1\Pester.psm1:893
at &lt;ScriptBlock&gt;, C:\Users\alexa\OneDrive\Documents\PowerShell\Modules\Pester\5.7.1\Pester.psm1:2024
at &lt;ScriptBlock&gt;, C:\Users\alexa\OneDrive\Documents\PowerShell\Modules\Pester\5.7.1\Pester.psm1:1985
at Invoke-ScriptBlock, C:\Users\alexa\OneDrive\Documents\PowerShell\Modules\Pester\5.7.1\Pester.psm1:2160
at Invoke-Block, C:\Users\alexa\OneDrive\Documents\PowerShell\Modules\Pester\5.7.1\Pester.psm1:940
at &lt;ScriptBlock&gt;, C:\Users\alexa\OneDrive\Documents\PowerShell\Modules\Pester\5.7.1\Pester.psm1:893
at &lt;ScriptBlock&gt;, C:\Users\alexa\OneDrive\Documents\PowerShell\Modules\Pester\5.7.1\Pester.psm1:2024
at &lt;ScriptBlock&gt;, C:\Users\alexa\OneDrive\Documents\PowerShell\Modules\Pester\5.7.1\Pester.psm1:1985
at Invoke-ScriptBlock, C:\Users\alexa\OneDrive\Documents\PowerShell\Modules\Pester\5.7.1\Pester.psm1:2160
at Invoke-Block, C:\Users\alexa\OneDrive\Documents\PowerShell\Modules\Pester\5.7.1\Pester.psm1:940
at &lt;ScriptBlock&gt;, C:\Users\alexa\OneDrive\Documents\PowerShell\Modules\Pester\5.7.1\Pester.psm1:893
at &lt;ScriptBlock&gt;, C:\Users\alexa\OneDrive\Documents\PowerShell\Modules\Pester\5.7.1\Pester.psm1:2024
at &lt;ScriptBlock&gt;, C:\Users\alexa\OneDrive\Documents\PowerShell\Modules\Pester\5.7.1\Pester.psm1:1985
at Invoke-ScriptBlock, C:\Users\alexa\OneDrive\Documents\PowerShell\Modules\Pester\5.7.1\Pester.psm1:2160
at Invoke-Block, C:\Users\alexa\OneDrive\Documents\PowerShell\Modules\Pester\5.7.1\Pester.psm1:940
at &lt;ScriptBlock&gt;, C:\Users\alexa\OneDrive\Documents\PowerShell\Modules\Pester\5.7.1\Pester.psm1:1688
at &lt;ScriptBlock&gt;, C:\Users\alexa\OneDrive\Documents\PowerShell\Modules\Pester\5.7.1\Pester.ps1:3
at &lt;ScriptBlock&gt;, C:\Users\alexa\OneDrive\Documents\PowerShell\Modules\Pester\5.7.1\Pester.psm1:3260
at Invoke-InNewScriptScope, C:\Users\alexa\OneDrive\Documents\PowerShell\Modules\Pester\5.7.1\Pester.psm1:3267
at Run-Test, C:\Users\alexa\OneDrive\Documents\PowerShell\Modules\Pester\5.7.1\Pester.psm1:1691
at Invoke-Test, C:\Users\alexa\OneDrive\Documents\PowerShell\Modules\Pester\5.7.1\Pester.psm1:2512
at Invoke-Pester&lt;End&gt;, C:\Users\alexa\OneDrive\Documents\PowerShell\Modules\Pester\5.7.1\Pester.psm1:4960
at &lt;ScriptBlock&gt;, &lt;No file&gt;:1</stack-trace>
                    </failure>
                  </test-case>
                  <test-case description="Should handle error scenarios gracefully" name="Workflow Integration Tests.Development Workflow Simulation.Should handle error scenarios gracefully" time="0.2818" asserts="0" success="True" result="Success" executed="True" />
                </results>
              </test-suite>
              <test-suite type="TestFixture" name="Workflow Integration Tests.Module Performance Integration" executed="True" result="Failure" success="False" time="1.0788" asserts="0" description="Workflow Integration Tests.Module Performance Integration">
                <results>
                  <test-case description="Should complete integrated operations within reasonable time" name="Workflow Integration Tests.Module Performance Integration.Should complete integrated operations within reasonable time" time="0.2757" asserts="0" success="True" result="Success" executed="True" />
                  <test-case description="Should handle concurrent module operations" name="Workflow Integration Tests.Module Performance Integration.Should handle concurrent module operations" time="0.4814" asserts="0" success="False" result="Failure" executed="True">
                    <failure>
                      <message>Expected a collection with size 3, but got an empty collection.</message>
                      <stack-trace>at $results | Should -HaveCount 3, C:\Users\alexa\OneDrive\Documents\0. wizzense\AitherZero\tests\integration\ModuleIntegration.Tests.ps1:236
at Invoke-Assertion, C:\Users\alexa\OneDrive\Documents\PowerShell\Modules\Pester\5.7.1\Pester.psm1:8250
at Should&lt;End&gt;, C:\Users\alexa\OneDrive\Documents\PowerShell\Modules\Pester\5.7.1\Pester.psm1:8186
at &lt;ScriptBlock&gt;, C:\Users\alexa\OneDrive\Documents\0. wizzense\AitherZero\tests\integration\ModuleIntegration.Tests.ps1:236
at &lt;ScriptBlock&gt;, C:\Users\alexa\OneDrive\Documents\PowerShell\Modules\Pester\5.7.1\Pester.psm1:2024
at &lt;ScriptBlock&gt;, C:\Users\alexa\OneDrive\Documents\PowerShell\Modules\Pester\5.7.1\Pester.psm1:1985
at Invoke-ScriptBlock, C:\Users\alexa\OneDrive\Documents\PowerShell\Modules\Pester\5.7.1\Pester.psm1:2157
at Invoke-TestItem, C:\Users\alexa\OneDrive\Documents\PowerShell\Modules\Pester\5.7.1\Pester.psm1:1199
at Invoke-Block, C:\Users\alexa\OneDrive\Documents\PowerShell\Modules\Pester\5.7.1\Pester.psm1:835
at &lt;ScriptBlock&gt;, C:\Users\alexa\OneDrive\Documents\PowerShell\Modules\Pester\5.7.1\Pester.psm1:893
at &lt;ScriptBlock&gt;, C:\Users\alexa\OneDrive\Documents\PowerShell\Modules\Pester\5.7.1\Pester.psm1:2024
at &lt;ScriptBlock&gt;, C:\Users\alexa\OneDrive\Documents\PowerShell\Modules\Pester\5.7.1\Pester.psm1:1985
at Invoke-ScriptBlock, C:\Users\alexa\OneDrive\Documents\PowerShell\Modules\Pester\5.7.1\Pester.psm1:2160
at Invoke-Block, C:\Users\alexa\OneDrive\Documents\PowerShell\Modules\Pester\5.7.1\Pester.psm1:940
at &lt;ScriptBlock&gt;, C:\Users\alexa\OneDrive\Documents\PowerShell\Modules\Pester\5.7.1\Pester.psm1:893
at &lt;ScriptBlock&gt;, C:\Users\alexa\OneDrive\Documents\PowerShell\Modules\Pester\5.7.1\Pester.psm1:2024
at &lt;ScriptBlock&gt;, C:\Users\alexa\OneDrive\Documents\PowerShell\Modules\Pester\5.7.1\Pester.psm1:1985
at Invoke-ScriptBlock, C:\Users\alexa\OneDrive\Documents\PowerShell\Modules\Pester\5.7.1\Pester.psm1:2160
at Invoke-Block, C:\Users\alexa\OneDrive\Documents\PowerShell\Modules\Pester\5.7.1\Pester.psm1:940
at &lt;ScriptBlock&gt;, C:\Users\alexa\OneDrive\Documents\PowerShell\Modules\Pester\5.7.1\Pester.psm1:893
at &lt;ScriptBlock&gt;, C:\Users\alexa\OneDrive\Documents\PowerShell\Modules\Pester\5.7.1\Pester.psm1:2024
at &lt;ScriptBlock&gt;, C:\Users\alexa\OneDrive\Documents\PowerShell\Modules\Pester\5.7.1\Pester.psm1:1985
at Invoke-ScriptBlock, C:\Users\alexa\OneDrive\Documents\PowerShell\Modules\Pester\5.7.1\Pester.psm1:2160
at Invoke-Block, C:\Users\alexa\OneDrive\Documents\PowerShell\Modules\Pester\5.7.1\Pester.psm1:940
at &lt;ScriptBlock&gt;, C:\Users\alexa\OneDrive\Documents\PowerShell\Modules\Pester\5.7.1\Pester.psm1:1688
at &lt;ScriptBlock&gt;, C:\Users\alexa\OneDrive\Documents\PowerShell\Modules\Pester\5.7.1\Pester.ps1:3
at &lt;ScriptBlock&gt;, C:\Users\alexa\OneDrive\Documents\PowerShell\Modules\Pester\5.7.1\Pester.psm1:3260
at Invoke-InNewScriptScope, C:\Users\alexa\OneDrive\Documents\PowerShell\Modules\Pester\5.7.1\Pester.psm1:3267
at Run-Test, C:\Users\alexa\OneDrive\Documents\PowerShell\Modules\Pester\5.7.1\Pester.psm1:1691
at Invoke-Test, C:\Users\alexa\OneDrive\Documents\PowerShell\Modules\Pester\5.7.1\Pester.psm1:2512
at Invoke-Pester&lt;End&gt;, C:\Users\alexa\OneDrive\Documents\PowerShell\Modules\Pester\5.7.1\Pester.psm1:4960
at &lt;ScriptBlock&gt;, &lt;No file&gt;:1</stack-trace>
                    </failure>
                  </test-case>
                </results>
              </test-suite>
            </results>
          </test-suite>
          <test-suite type="TestFixture" name="Configuration and Environment Integration" executed="True" result="Failure" success="False" time="1.7288" asserts="0" description="Configuration and Environment Integration">
            <results>
              <test-suite type="TestFixture" name="Configuration and Environment Integration.Configuration File Validation" executed="True" result="Success" success="True" time="0.0219" asserts="0" description="Configuration and Environment Integration.Configuration File Validation">
                <results>
                  <test-case description="Should validate core configuration files" name="Configuration and Environment Integration.Configuration File Validation.Should validate core configuration files" time="0.0078" asserts="0" success="True" result="Success" executed="True" />
                  <test-case description="Should validate module manifest files" name="Configuration and Environment Integration.Configuration File Validation.Should validate module manifest files" time="0.0071" asserts="0" success="True" result="Success" executed="True" />
                </results>
              </test-suite>
              <test-suite type="TestFixture" name="Configuration and Environment Integration.Environment Consistency" executed="True" result="Failure" success="False" time="0.0431" asserts="0" description="Configuration and Environment Integration.Environment Consistency">
                <results>
                  <test-case description="Should maintain consistent environment variables" name="Configuration and Environment Integration.Environment Consistency.Should maintain consistent environment variables" time="0.0064" asserts="0" success="True" result="Success" executed="True" />
                  <test-case description="Should handle workspace paths consistently" name="Configuration and Environment Integration.Environment Consistency.Should handle workspace paths consistently" time="0.0083" asserts="0" success="False" result="Failure" executed="True">
                    <failure>
                      <message>Expected $true, because Workspace should exist, but got $false.</message>
                      <stack-trace>at Test-Path $workspacePath | Should -Be $true -Because "Workspace should exist", C:\Users\alexa\OneDrive\Documents\0. wizzense\AitherZero\tests\integration\ModuleIntegration.Tests.ps1:280
at Invoke-Assertion, C:\Users\alexa\OneDrive\Documents\PowerShell\Modules\Pester\5.7.1\Pester.psm1:8250
at Should&lt;End&gt;, C:\Users\alexa\OneDrive\Documents\PowerShell\Modules\Pester\5.7.1\Pester.psm1:8189
at &lt;ScriptBlock&gt;, C:\Users\alexa\OneDrive\Documents\0. wizzense\AitherZero\tests\integration\ModuleIntegration.Tests.ps1:280
at &lt;ScriptBlock&gt;, C:\Users\alexa\OneDrive\Documents\PowerShell\Modules\Pester\5.7.1\Pester.psm1:2024
at &lt;ScriptBlock&gt;, C:\Users\alexa\OneDrive\Documents\PowerShell\Modules\Pester\5.7.1\Pester.psm1:1985
at Invoke-ScriptBlock, C:\Users\alexa\OneDrive\Documents\PowerShell\Modules\Pester\5.7.1\Pester.psm1:2157
at Invoke-TestItem, C:\Users\alexa\OneDrive\Documents\PowerShell\Modules\Pester\5.7.1\Pester.psm1:1199
at Invoke-Block, C:\Users\alexa\OneDrive\Documents\PowerShell\Modules\Pester\5.7.1\Pester.psm1:835
at &lt;ScriptBlock&gt;, C:\Users\alexa\OneDrive\Documents\PowerShell\Modules\Pester\5.7.1\Pester.psm1:893
at &lt;ScriptBlock&gt;, C:\Users\alexa\OneDrive\Documents\PowerShell\Modules\Pester\5.7.1\Pester.psm1:2024
at &lt;ScriptBlock&gt;, C:\Users\alexa\OneDrive\Documents\PowerShell\Modules\Pester\5.7.1\Pester.psm1:1985
at Invoke-ScriptBlock, C:\Users\alexa\OneDrive\Documents\PowerShell\Modules\Pester\5.7.1\Pester.psm1:2160
at Invoke-Block, C:\Users\alexa\OneDrive\Documents\PowerShell\Modules\Pester\5.7.1\Pester.psm1:940
at &lt;ScriptBlock&gt;, C:\Users\alexa\OneDrive\Documents\PowerShell\Modules\Pester\5.7.1\Pester.psm1:893
at &lt;ScriptBlock&gt;, C:\Users\alexa\OneDrive\Documents\PowerShell\Modules\Pester\5.7.1\Pester.psm1:2024
at &lt;ScriptBlock&gt;, C:\Users\alexa\OneDrive\Documents\PowerShell\Modules\Pester\5.7.1\Pester.psm1:1985
at Invoke-ScriptBlock, C:\Users\alexa\OneDrive\Documents\PowerShell\Modules\Pester\5.7.1\Pester.psm1:2160
at Invoke-Block, C:\Users\alexa\OneDrive\Documents\PowerShell\Modules\Pester\5.7.1\Pester.psm1:940
at &lt;ScriptBlock&gt;, C:\Users\alexa\OneDrive\Documents\PowerShell\Modules\Pester\5.7.1\Pester.psm1:893
at &lt;ScriptBlock&gt;, C:\Users\alexa\OneDrive\Documents\PowerShell\Modules\Pester\5.7.1\Pester.psm1:2024
at &lt;ScriptBlock&gt;, C:\Users\alexa\OneDrive\Documents\PowerShell\Modules\Pester\5.7.1\Pester.psm1:1985
at Invoke-ScriptBlock, C:\Users\alexa\OneDrive\Documents\PowerShell\Modules\Pester\5.7.1\Pester.psm1:2160
at Invoke-Block, C:\Users\alexa\OneDrive\Documents\PowerShell\Modules\Pester\5.7.1\Pester.psm1:940
at &lt;ScriptBlock&gt;, C:\Users\alexa\OneDrive\Documents\PowerShell\Modules\Pester\5.7.1\Pester.psm1:1688
at &lt;ScriptBlock&gt;, C:\Users\alexa\OneDrive\Documents\PowerShell\Modules\Pester\5.7.1\Pester.ps1:3
at &lt;ScriptBlock&gt;, C:\Users\alexa\OneDrive\Documents\PowerShell\Modules\Pester\5.7.1\Pester.psm1:3260
at Invoke-InNewScriptScope, C:\Users\alexa\OneDrive\Documents\PowerShell\Modules\Pester\5.7.1\Pester.psm1:3267
at Run-Test, C:\Users\alexa\OneDrive\Documents\PowerShell\Modules\Pester\5.7.1\Pester.psm1:1691
at Invoke-Test, C:\Users\alexa\OneDrive\Documents\PowerShell\Modules\Pester\5.7.1\Pester.psm1:2512
at Invoke-Pester&lt;End&gt;, C:\Users\alexa\OneDrive\Documents\PowerShell\Modules\Pester\5.7.1\Pester.psm1:4960
at &lt;ScriptBlock&gt;, &lt;No file&gt;:1</stack-trace>
                    </failure>
                  </test-case>
                </results>
              </test-suite>
            </results>
          </test-suite>
        </results>
      </test-suite>
      <test-suite type="TestFixture" name="C:\Users\alexa\OneDrive\Documents\0. wizzense\AitherZero\tests\integration\cross-module\CrossModuleIntegration.Tests.ps1" executed="True" result="Failure" success="False" time="3.1326" asserts="0" description="C:\Users\alexa\OneDrive\Documents\0. wizzense\AitherZero\tests\integration\cross-module\CrossModuleIntegration.Tests.ps1">
        <results>
          <test-suite type="TestFixture" name="Cross-Module Communication" executed="True" result="Failure" success="False" time="0.1851" asserts="0" description="Cross-Module Communication">
            <results>
              <test-suite type="TestFixture" name="Cross-Module Communication.When modules communicate with each other" executed="True" result="Failure" success="False" time="0.179" asserts="0" description="Cross-Module Communication.When modules communicate with each other">
                <results>
                  <test-case description="Should allow Logging integration across all modules" name="Cross-Module Communication.When modules communicate with each other.Should allow Logging integration across all modules" time="0.0212" asserts="0" success="True" result="Success" executed="True" />
                  <test-case description="Should support parallel execution of module functions" name="Cross-Module Communication.When modules communicate with each other.Should support parallel execution of module functions" time="0.0338" asserts="0" success="False" result="Failure" executed="True">
                    <failure>
                      <message>RuntimeException: The value of the using variable '$using:ParallelLogFunction' cannot be retrieved because it has not been set in the local session.</message>
                      <stack-trace>at Invoke-ParallelForEach&lt;End&gt;, C:\Users\alexa\OneDrive\Documents\0. wizzense\AitherZero\aither-core\modules\ParallelExecution\ParallelExecution.psm1:149
at &lt;ScriptBlock&gt;, C:\Users\alexa\OneDrive\Documents\0. wizzense\AitherZero\tests\integration\cross-module\CrossModuleIntegration.Tests.ps1:90
at &lt;ScriptBlock&gt;, C:\Users\alexa\OneDrive\Documents\PowerShell\Modules\Pester\5.7.1\Pester.psm1:2024
at &lt;ScriptBlock&gt;, C:\Users\alexa\OneDrive\Documents\PowerShell\Modules\Pester\5.7.1\Pester.psm1:1985
at Invoke-ScriptBlock, C:\Users\alexa\OneDrive\Documents\PowerShell\Modules\Pester\5.7.1\Pester.psm1:2157
at Invoke-TestItem, C:\Users\alexa\OneDrive\Documents\PowerShell\Modules\Pester\5.7.1\Pester.psm1:1199
at Invoke-Block, C:\Users\alexa\OneDrive\Documents\PowerShell\Modules\Pester\5.7.1\Pester.psm1:835
at &lt;ScriptBlock&gt;, C:\Users\alexa\OneDrive\Documents\PowerShell\Modules\Pester\5.7.1\Pester.psm1:893
at &lt;ScriptBlock&gt;, C:\Users\alexa\OneDrive\Documents\PowerShell\Modules\Pester\5.7.1\Pester.psm1:2024
at &lt;ScriptBlock&gt;, C:\Users\alexa\OneDrive\Documents\PowerShell\Modules\Pester\5.7.1\Pester.psm1:1985
at Invoke-ScriptBlock, C:\Users\alexa\OneDrive\Documents\PowerShell\Modules\Pester\5.7.1\Pester.psm1:2160
at Invoke-Block, C:\Users\alexa\OneDrive\Documents\PowerShell\Modules\Pester\5.7.1\Pester.psm1:940
at &lt;ScriptBlock&gt;, C:\Users\alexa\OneDrive\Documents\PowerShell\Modules\Pester\5.7.1\Pester.psm1:893
at &lt;ScriptBlock&gt;, C:\Users\alexa\OneDrive\Documents\PowerShell\Modules\Pester\5.7.1\Pester.psm1:2024
at &lt;ScriptBlock&gt;, C:\Users\alexa\OneDrive\Documents\PowerShell\Modules\Pester\5.7.1\Pester.psm1:1985
at Invoke-ScriptBlock, C:\Users\alexa\OneDrive\Documents\PowerShell\Modules\Pester\5.7.1\Pester.psm1:2160
at Invoke-Block, C:\Users\alexa\OneDrive\Documents\PowerShell\Modules\Pester\5.7.1\Pester.psm1:940
at &lt;ScriptBlock&gt;, C:\Users\alexa\OneDrive\Documents\PowerShell\Modules\Pester\5.7.1\Pester.psm1:893
at &lt;ScriptBlock&gt;, C:\Users\alexa\OneDrive\Documents\PowerShell\Modules\Pester\5.7.1\Pester.psm1:2024
at &lt;ScriptBlock&gt;, C:\Users\alexa\OneDrive\Documents\PowerShell\Modules\Pester\5.7.1\Pester.psm1:1985
at Invoke-ScriptBlock, C:\Users\alexa\OneDrive\Documents\PowerShell\Modules\Pester\5.7.1\Pester.psm1:2160
at Invoke-Block, C:\Users\alexa\OneDrive\Documents\PowerShell\Modules\Pester\5.7.1\Pester.psm1:940
at &lt;ScriptBlock&gt;, C:\Users\alexa\OneDrive\Documents\PowerShell\Modules\Pester\5.7.1\Pester.psm1:1688
at &lt;ScriptBlock&gt;, C:\Users\alexa\OneDrive\Documents\PowerShell\Modules\Pester\5.7.1\Pester.ps1:3
at &lt;ScriptBlock&gt;, C:\Users\alexa\OneDrive\Documents\PowerShell\Modules\Pester\5.7.1\Pester.psm1:3260
at Invoke-InNewScriptScope, C:\Users\alexa\OneDrive\Documents\PowerShell\Modules\Pester\5.7.1\Pester.psm1:3267
at Run-Test, C:\Users\alexa\OneDrive\Documents\PowerShell\Modules\Pester\5.7.1\Pester.psm1:1691
at Invoke-Test, C:\Users\alexa\OneDrive\Documents\PowerShell\Modules\Pester\5.7.1\Pester.psm1:2512
at Invoke-Pester&lt;End&gt;, C:\Users\alexa\OneDrive\Documents\PowerShell\Modules\Pester\5.7.1\Pester.psm1:4960
at &lt;ScriptBlock&gt;, &lt;No file&gt;:1</stack-trace>
                    </failure>
                  </test-case>
                  <test-case description="Should handle error propagation across modules" name="Cross-Module Communication.When modules communicate with each other.Should handle error propagation across modules" time="0.1193" asserts="0" success="True" result="Success" executed="True" />
                </results>
              </test-suite>
            </results>
          </test-suite>
          <test-suite type="TestFixture" name="Configuration System Integration" executed="True" result="Success" success="True" time="0.2195" asserts="0" description="Configuration System Integration">
            <results>
              <test-suite type="TestFixture" name="Configuration System Integration.When modules access configuration" executed="True" result="Success" success="True" time="0.0282" asserts="0" description="Configuration System Integration.When modules access configuration">
                <results>
                  <test-case description="Should load shared configuration successfully" name="Configuration System Integration.When modules access configuration.Should load shared configuration successfully" time="0.0112" asserts="0" success="True" result="Success" executed="True" />
                  <test-case description="Should handle configuration validation across modules" name="Configuration System Integration.When modules access configuration.Should handle configuration validation across modules" time="0.0055" asserts="0" success="True" result="Success" executed="True" />
                </results>
              </test-suite>
            </results>
          </test-suite>
          <test-suite type="TestFixture" name="Workflow Integration Testing" executed="True" result="Success" success="True" time="0.7485" asserts="0" description="Workflow Integration Testing">
            <results>
              <test-suite type="TestFixture" name="Workflow Integration Testing.When executing complete workflows" executed="True" result="Success" success="True" time="0.5245" asserts="0" description="Workflow Integration Testing.When executing complete workflows">
                <results>
                  <test-case description="Should execute a basic development workflow" name="Workflow Integration Testing.When executing complete workflows.Should execute a basic development workflow" time="0.3669" asserts="0" success="True" result="Success" executed="True" />
                  <test-case description="Should handle backup and restoration workflow" name="Workflow Integration Testing.When executing complete workflows.Should handle backup and restoration workflow" time="0.0091" asserts="0" success="True" result="Success" executed="True" />
                  <test-case description="Should support script management workflow" name="Workflow Integration Testing.When executing complete workflows.Should support script management workflow" time="0.1439" asserts="0" success="True" result="Success" executed="True" />
                </results>
              </test-suite>
            </results>
          </test-suite>
          <test-suite type="TestFixture" name="Error Handling Integration" executed="True" result="Success" success="True" time="0.9534" asserts="0" description="Error Handling Integration">
            <results>
              <test-suite type="TestFixture" name="Error Handling Integration.When errors occur across module boundaries" executed="True" result="Success" success="True" time="0.1942" asserts="0" description="Error Handling Integration.When errors occur across module boundaries">
                <results>
                  <test-case description="Should propagate errors consistently" name="Error Handling Integration.When errors occur across module boundaries.Should propagate errors consistently" time="0.1821" asserts="0" success="True" result="Success" executed="True" />
                  <test-case description="Should maintain system stability during errors" name="Error Handling Integration.When errors occur across module boundaries.Should maintain system stability during errors" time="0.0074" asserts="0" success="True" result="Success" executed="True" />
                </results>
              </test-suite>
            </results>
          </test-suite>
          <test-suite type="TestFixture" name="Performance Integration" executed="True" result="Success" success="True" time="2.4941" asserts="0" description="Performance Integration">
            <results>
              <test-suite type="TestFixture" name="Performance Integration.When testing integrated performance" executed="True" result="Success" success="True" time="1.5355" asserts="0" description="Performance Integration.When testing integrated performance">
                <results>
                  <test-case description="Should maintain acceptable performance under load" name="Performance Integration.When testing integrated performance.Should maintain acceptable performance under load" time="0.4278" asserts="0" success="True" result="Success" executed="True" />
                  <test-case description="Should use memory efficiently in integrated scenarios" name="Performance Integration.When testing integrated performance.Should use memory efficiently in integrated scenarios" time="1.1032" asserts="0" success="True" result="Success" executed="True" />
                </results>
              </test-suite>
            </results>
          </test-suite>
        </results>
      </test-suite>
    </results>
  </test-suite>
</test-results>